2017-12-10 16:10:26,923 [1] ServiceStack.OrmLite.OrmLiteReadCommandExtensions - SQL: select * from INFORMATION_SCHEMA.columns where table_name = 'adcddisasterinfo' 
2017-12-10 16:10:26,971 [1] ServiceStack.OrmLite.OrmLiteReadCommandExtensions - SQL: select * from INFORMATION_SCHEMA.columns where table_name = 'adcddisasterinfo' 
2017-12-10 16:10:26,985 [1] ServiceStack.OrmLite.OrmLiteReadCommandExtensions - SQL: select * from INFORMATION_SCHEMA.columns where table_name = 'adcddisasterinfo' 
2017-12-10 16:10:27,000 [1] ServiceStack.OrmLite.OrmLiteReadCommandExtensions - SQL: select * from INFORMATION_SCHEMA.columns where table_name = 'adcdinfo' 
2017-12-10 16:10:27,014 [1] ServiceStack.OrmLite.OrmLiteReadCommandExtensions - SQL: select * from INFORMATION_SCHEMA.columns where table_name = 'adcdinfo' 
2017-12-10 16:10:27,028 [1] ServiceStack.OrmLite.OrmLiteReadCommandExtensions - SQL: select * from INFORMATION_SCHEMA.columns where table_name = 'villageworkinggroup' 
2017-12-10 16:10:27,045 [1] ServiceStack.OrmLite.OrmLiteReadCommandExtensions - SQL: select * from INFORMATION_SCHEMA.columns where table_name = 'villagetransferperson' 
2017-12-10 16:10:27,066 [1] ServiceStack.OrmLite.OrmLiteReadCommandExtensions - SQL: select * from INFORMATION_SCHEMA.columns where table_name = 'villagegridpersonliable' 
2017-12-10 16:10:27,082 [1] ServiceStack.OrmLite.OrmLiteReadCommandExtensions - SQL: select * from INFORMATION_SCHEMA.columns where table_name = 'villagegridpersonliable' 
2017-12-10 16:10:27,096 [1] ServiceStack.OrmLite.OrmLiteReadCommandExtensions - SQL: select * from INFORMATION_SCHEMA.columns where table_name = 'villagegridpersonliable' 
2017-12-10 16:10:27,114 [1] ServiceStack.OrmLite.OrmLiteReadCommandExtensions - SQL: select * from INFORMATION_SCHEMA.columns where table_name = 'userinfo' 
2017-12-10 16:10:27,136 [1] ServiceStack.OrmLite.OrmLiteReadCommandExtensions - SQL: select * from INFORMATION_SCHEMA.columns where table_name = 'userinfo' 
2017-12-10 16:10:27,150 [1] ServiceStack.OrmLite.OrmLiteReadCommandExtensions - SQL: select * from INFORMATION_SCHEMA.columns where table_name = 'userinfo' 
2017-12-10 16:10:27,166 [1] ServiceStack.OrmLite.OrmLiteReadCommandExtensions - SQL: select * from INFORMATION_SCHEMA.columns where table_name = 'userinfo' 
2017-12-10 16:10:27,182 [1] ServiceStack.OrmLite.OrmLiteReadCommandExtensions - SQL: select * from INFORMATION_SCHEMA.columns where table_name = 'audit' 
2017-12-10 16:10:27,197 [1] ServiceStack.OrmLite.OrmLiteReadCommandExtensions - SQL: select * from INFORMATION_SCHEMA.columns where table_name = 'auditdetails' 
2017-12-10 16:10:27,241 [1] ServiceStack.OrmLite.OrmLiteReadCommandExtensions - SQL: select * from INFORMATION_SCHEMA.columns where table_name = 'villagegridpersonliable' 
2017-12-10 16:10:27,267 [1] ServiceStack.OrmLite.OrmLiteReadCommandExtensions - SQL: select * from INFORMATION_SCHEMA.columns where table_name = 'villagegridpersonliable' 
2017-12-10 16:10:27,283 [1] ServiceStack.OrmLite.OrmLiteReadCommandExtensions - SQL: select * from INFORMATION_SCHEMA.columns where table_name = 'villagegridpersonliable' 
2017-12-10 16:10:27,317 [1] ServiceStack.OrmLite.OrmLiteReadCommandExtensions - SQL: select * from INFORMATION_SCHEMA.columns where table_name = 'villagepic' 
2017-12-10 16:10:27,336 [1] ServiceStack.OrmLite.OrmLiteReadCommandExtensions - SQL: select * from INFORMATION_SCHEMA.columns where table_name = 'villagepic' 
2017-12-10 16:10:27,354 [1] ServiceStack.OrmLite.OrmLiteReadCommandExtensions - SQL: select * from INFORMATION_SCHEMA.columns where table_name = 'villagepic' 
2017-12-10 16:10:27,376 [1] ServiceStack.OrmLite.OrmLiteReadCommandExtensions - SQL: select * from INFORMATION_SCHEMA.columns where table_name = 'villagetransferperson' 
2017-12-10 16:10:27,394 [1] ServiceStack.OrmLite.OrmLiteReadCommandExtensions - SQL: select * from INFORMATION_SCHEMA.columns where table_name = 'villagetransferperson' 
2017-12-10 16:10:27,409 [1] ServiceStack.OrmLite.OrmLiteReadCommandExtensions - SQL: select * from INFORMATION_SCHEMA.columns where table_name = 'villagetransferperson' 
2017-12-10 16:10:27,424 [1] ServiceStack.OrmLite.OrmLiteReadCommandExtensions - SQL: select * from INFORMATION_SCHEMA.columns where table_name = 'villagetransferperson' 
2017-12-10 16:10:27,441 [1] ServiceStack.OrmLite.OrmLiteReadCommandExtensions - SQL: select * from INFORMATION_SCHEMA.columns where table_name = 'villageworkinggroup' 
2017-12-10 16:10:27,456 [1] ServiceStack.OrmLite.OrmLiteReadCommandExtensions - SQL: select * from INFORMATION_SCHEMA.columns where table_name = 'villageworkinggroup' 
2017-12-10 16:10:27,471 [1] ServiceStack.OrmLite.OrmLiteReadCommandExtensions - SQL: select * from INFORMATION_SCHEMA.columns where table_name = 'villageworkinggroup' 
2017-12-10 16:10:27,486 [1] ServiceStack.OrmLite.OrmLiteReadCommandExtensions - SQL: select * from INFORMATION_SCHEMA.columns where table_name = 'adcddisasterinfo' 
2017-12-10 16:10:27,501 [1] ServiceStack.OrmLite.OrmLiteReadCommandExtensions - SQL: select * from INFORMATION_SCHEMA.columns where table_name = 'countryperson' 
2017-12-10 16:10:27,529 [1] ServiceStack.OrmLite.OrmLiteReadCommandExtensions - SQL: select * from INFORMATION_SCHEMA.columns where table_name = 'countryperson' 
2017-12-10 16:10:27,549 [1] ServiceStack.OrmLite.OrmLiteReadCommandExtensions - SQL: select * from INFORMATION_SCHEMA.columns where table_name = 'countryperson' 
2017-12-10 16:10:27,564 [1] ServiceStack.OrmLite.OrmLiteReadCommandExtensions - SQL: select * from INFORMATION_SCHEMA.columns where table_name = 'countryperson' 
2017-12-10 16:10:27,585 [1] ServiceStack.OrmLite.OrmLiteReadCommandExtensions - SQL: select * from INFORMATION_SCHEMA.columns where table_name = 'townpersonliable' 
2017-12-10 16:10:27,602 [1] ServiceStack.OrmLite.OrmLiteReadCommandExtensions - SQL: select * from INFORMATION_SCHEMA.columns where table_name = 'townpersonliable' 
2017-12-10 16:10:27,615 [1] ServiceStack.OrmLite.OrmLiteReadCommandExtensions - SQL: select * from INFORMATION_SCHEMA.columns where table_name = 'townpersonliable' 
2017-12-10 16:10:27,630 [1] ServiceStack.OrmLite.OrmLiteReadCommandExtensions - SQL: select * from INFORMATION_SCHEMA.columns where table_name = 'auditcounty' 
2017-12-10 16:10:27,646 [1] ServiceStack.OrmLite.OrmLiteReadCommandExtensions - SQL: select * from INFORMATION_SCHEMA.columns where table_name = 'apprecord' 
2017-12-10 16:10:27,661 [1] ServiceStack.OrmLite.OrmLiteReadCommandExtensions - SQL: select * from INFORMATION_SCHEMA.columns where table_name = 'apprecord' 
2017-12-10 16:10:27,676 [1] ServiceStack.OrmLite.OrmLiteReadCommandExtensions - SQL: select * from INFORMATION_SCHEMA.columns where table_name = 'apprecord' 
2017-12-10 16:10:27,690 [1] ServiceStack.OrmLite.OrmLiteReadCommandExtensions - SQL: select * from INFORMATION_SCHEMA.columns where table_name = 'apprecord' 
2017-12-10 16:10:27,705 [1] ServiceStack.OrmLite.OrmLiteReadCommandExtensions - SQL: select * from INFORMATION_SCHEMA.columns where table_name = 'apprecord' 
2017-12-10 16:10:27,755 [1] ServiceStack.OrmLite.OrmLiteReadCommandExtensions - SQL: SELECT TOP 1 "Id", "RoleName", "LastOeration" 
FROM "Role"
WHERE ("RoleName" = @0)
PARAMS: @0=系统管理员
2017-12-10 16:10:27,773 [1] ServiceStack.OrmLite.OrmLiteReadCommandExtensions - SQL: SELECT TOP 1 "Id", "UserName", "PassWord", "RealName", "UserRealName", "Unit", "Position", "adcd", "Mobile", "isEnable", "loginNum" 
FROM "UserInfo"
WHERE ("UserName" = @0)
PARAMS: @0=admin
2017-12-10 16:10:27,968 [1] ServiceStack.Support.Markdown.MarkdownPage - Compiled Content/ComprehensiveApp/leaflet/leaflet-locationfilter-master/README.md in 51ms
2017-12-10 16:10:27,989 [1] ServiceStack.Support.Markdown.MarkdownPage - Compiled Content/ComprehensiveApp/leaflet/Leaflet.draw-master/BREAKINGCHANGES.md in 9ms
2017-12-10 16:10:28,003 [1] ServiceStack.Support.Markdown.MarkdownPage - Compiled Content/ComprehensiveApp/leaflet/Leaflet.draw-master/CHANGELOG.md in 10ms
2017-12-10 16:10:28,005 [1] ServiceStack.Support.Markdown.MarkdownPage - Compiled Content/ComprehensiveApp/leaflet/Leaflet.draw-master/ISSUE_TEMPLATE.md in 1ms
2017-12-10 16:10:28,006 [1] ServiceStack.Support.Markdown.MarkdownPage - Compiled Content/ComprehensiveApp/leaflet/Leaflet.draw-master/MIT-LICENSE.md in 0ms
2017-12-10 16:10:28,027 [1] ServiceStack.Support.Markdown.MarkdownPage - Compiled Content/ComprehensiveApp/leaflet/Leaflet.draw-master/README.md in 18ms
2017-12-10 16:10:28,030 [1] ServiceStack.Support.Markdown.MarkdownPage - Compiled Content/ComprehensiveApp/leaflet/Leaflet.draw-master/TODO.md in 1ms
2017-12-10 16:10:28,047 [1] ServiceStack.Support.Markdown.MarkdownPage - Compiled Content/grumble/README.md in 0ms
2017-12-10 16:10:28,070 [1] ServiceStack.Support.Markdown.MarkdownPage - Compiled Content/layer-master/CHANGELOG.md in 1ms
2017-12-10 16:10:28,074 [1] ServiceStack.Support.Markdown.MarkdownPage - Compiled Content/layer-master/README.md in 0ms
2017-12-10 16:10:28,077 [1] ServiceStack.Support.Markdown.MarkdownPage - Compiled Content/layer-master/src/README.md in 0ms
2017-12-10 16:10:28,078 [1] ServiceStack.Support.Markdown.MarkdownPage - Compiled Content/layer-master/src/mobile/README.md in 0ms
2017-12-10 16:10:28,150 [1] ServiceStack.Support.Markdown.MarkdownPage - Compiled Content/PhotoSwipe-master/README.md in 1ms
2017-12-10 16:10:28,193 [1] ServiceStack.Support.Markdown.MarkdownPage - Compiled Content/ueditor/net/README.md in 1ms
2017-12-10 16:10:28,284 [1] ServiceStack.Support.Markdown.MarkdownPage - Compiled js/plugins/webuploader/README.md in 0ms
2017-12-10 16:10:47,256 [5] ServiceStack.OrmLite.OrmLiteReadCommandExtensions - SQL: SELECT TOP 1 "Id", "UserName", "PassWord", "RealName", "UserRealName", "Unit", "Position", "adcd", "Mobile", "isEnable", "loginNum" 
FROM "UserInfo"
WHERE ("UserName" = @0)
PARAMS: @0=13456949003
2017-12-10 16:10:50,824 [5] ServiceStack.OrmLite.OrmLiteReadCommandExtensions - SQL: SELECT "Id", "UserName", "PassWord", "RealName", "UserRealName", "Unit", "Position", "adcd", "Mobile", "isEnable", "loginNum" 
FROM "UserInfo"
WHERE ((("UserName" = @0) AND ("PassWord" = @1)) AND "isEnable"=1)
PARAMS: @0=13456949003, @1=pcPiHrIeFBo1
2017-12-10 16:10:50,862 [5] ServiceStack.OrmLite.OrmLiteResultsFilterExtensions - SQL: UPDATE "UserInfo" SET "loginNum"=@1 WHERE ("Id" = @0)
PARAMS: @0=1114, @1=198
2017-12-10 16:10:50,894 [5] ServiceStack.OrmLite.OrmLiteReadCommandExtensions - SQL: SELECT UserInfo.*,UserRoleInfo.RoleID 
FROM "UserInfo" LEFT JOIN "UserRoleInfo" ON ("UserInfo"."Id" = "UserRoleInfo"."UserID")
WHERE ("UserInfo"."UserName" = @0)
PARAMS: @0=13456949003
2017-12-10 16:10:50,932 [5] ServiceStack.OrmLite.OrmLiteReadCommandExtensions - SQL: SELECT TOP 1 "Id", "parentId", "grade", "adcd", "adnm", "lng", "lat", "CreateTime", "operateLog" 
FROM "ADCDInfo"
WHERE ("adcd" = @0)
PARAMS: @0=331000000000000
2017-12-10 16:10:50,960 [5] ServiceStack.OrmLite.OrmLiteReadCommandExtensions - SQL: SELECT TOP 1 "Id", "parentId", "grade", "adcd", "adnm", "lng", "lat", "CreateTime", "operateLog" 
FROM "ADCDInfo"
WHERE ("adcd" = @0)
PARAMS: @0=331081000000000
2017-12-10 16:10:51,002 [5] ServiceStack.OrmLite.OrmLiteResultsFilterExtensions - SQL: INSERT INTO "LogInfo" ("OperationType","tm","adcd","UserName","RealName","Operation") VALUES (@OperationType,@tm,@adcd,@UserName,@RealName,@Operation)
PARAMS: @OperationType=登陆, @tm=2017/12/10 16:10:50, @adcd=331081101000000, @UserName=13456949003, @RealName=大溪镇, @Operation={"operateMsg":"登录系统，登录IP地址为：::1","operateTime":"\/Date(1512893450879+0800)\/","userName":"13456949003"}
2017-12-10 16:10:51,021 [5] ServiceStack.OrmLite.OrmLiteReadCommandExtensions - SQL: SELECT TOP 1 "Id", "UserName", "PassWord", "RealName", "UserRealName", "Unit", "Position", "adcd", "Mobile", "isEnable", "loginNum" 
FROM "UserInfo"
WHERE ("UserName" = @0)
PARAMS: @0=13456949003
2017-12-10 16:10:51,044 [5] ServiceStack.OrmLite.OrmLiteReadCommandExtensions - SQL: SELECT UserInfo.*,UserRoleInfo.RoleID 
FROM "UserInfo" LEFT JOIN "UserRoleInfo" ON ("UserInfo"."Id" = "UserRoleInfo"."UserID")
WHERE ("UserInfo"."UserName" = @0)
PARAMS: @0=13456949003
2017-12-10 16:10:51,068 [5] ServiceStack.OrmLite.OrmLiteReadCommandExtensions - SQL: SELECT TOP 1 "Id", "parentId", "grade", "adcd", "adnm", "lng", "lat", "CreateTime", "operateLog" 
FROM "ADCDInfo"
WHERE ("adcd" = @0)
PARAMS: @0=331000000000000
2017-12-10 16:10:51,093 [5] ServiceStack.OrmLite.OrmLiteReadCommandExtensions - SQL: SELECT TOP 1 "Id", "parentId", "grade", "adcd", "adnm", "lng", "lat", "CreateTime", "operateLog" 
FROM "ADCDInfo"
WHERE ("adcd" = @0)
PARAMS: @0=331081000000000
2017-12-10 16:10:51,128 [5] ServiceStack.OrmLite.OrmLiteReadCommandExtensions - SQL: SELECT TOP 1 "Id", "parentId", "grade", "adcd", "adnm", "lng", "lat", "CreateTime", "operateLog" 
FROM "ADCDInfo"
WHERE ("adcd" is null)
2017-12-10 16:10:51,153 [5] ServiceStack.OrmLite.OrmLiteReadCommandExtensions - SQL: SELECT TOP 1 "Id", "parentId", "grade", "adcd", "adnm", "lng", "lat", "CreateTime", "operateLog" 
FROM "ADCDInfo"
WHERE ("adcd" is null)
2017-12-10 16:10:51,178 [5] ServiceStack.OrmLite.OrmLiteReadCommandExtensions - SQL: SELECT TOP 1 "Id", "parentId", "grade", "adcd", "adnm", "lng", "lat", "CreateTime", "operateLog" 
FROM "ADCDInfo"
WHERE ("adcd" is null)
2017-12-10 16:10:51,211 [5] ServiceStack.OrmLite.OrmLiteReadCommandExtensions - SQL: SELECT UserInfo.*,UserRoleInfo.RoleID 
FROM "UserInfo" LEFT JOIN "UserRoleInfo" ON ("UserInfo"."Id" = "UserRoleInfo"."UserID")
WHERE ("UserInfo"."UserName" = @0)
PARAMS: @0=13456949003
2017-12-10 16:10:51,228 [5] ServiceStack.OrmLite.OrmLiteReadCommandExtensions - SQL: SELECT TOP 1 "Id", "parentId", "grade", "adcd", "adnm", "lng", "lat", "CreateTime", "operateLog" 
FROM "ADCDInfo"
WHERE ("adcd" = @0)
PARAMS: @0=331000000000000
2017-12-10 16:10:51,254 [5] ServiceStack.OrmLite.OrmLiteReadCommandExtensions - SQL: SELECT TOP 1 "Id", "parentId", "grade", "adcd", "adnm", "lng", "lat", "CreateTime", "operateLog" 
FROM "ADCDInfo"
WHERE ("adcd" = @0)
PARAMS: @0=331081000000000
2017-12-10 16:10:51,303 [6] Controller - UserSession失效，自动登录。
2017-12-10 16:10:51,306 [6] ServiceStack.OrmLite.OrmLiteReadCommandExtensions - SQL: SELECT TOP 1 "Id", "UserName", "PassWord", "RealName", "UserRealName", "Unit", "Position", "adcd", "Mobile", "isEnable", "loginNum" 
FROM "UserInfo"
WHERE ("UserName" = @0)
PARAMS: @0=13456949003
2017-12-10 16:10:51,332 [6] ServiceStack.OrmLite.OrmLiteReadCommandExtensions - SQL: SELECT UserInfo.*,UserRoleInfo.RoleID 
FROM "UserInfo" LEFT JOIN "UserRoleInfo" ON ("UserInfo"."Id" = "UserRoleInfo"."UserID")
WHERE ("UserInfo"."UserName" = @0)
PARAMS: @0=13456949003
2017-12-10 16:10:51,351 [6] ServiceStack.OrmLite.OrmLiteReadCommandExtensions - SQL: SELECT TOP 1 "Id", "parentId", "grade", "adcd", "adnm", "lng", "lat", "CreateTime", "operateLog" 
FROM "ADCDInfo"
WHERE ("adcd" = @0)
PARAMS: @0=331000000000000
2017-12-10 16:10:51,375 [6] ServiceStack.OrmLite.OrmLiteReadCommandExtensions - SQL: SELECT TOP 1 "Id", "parentId", "grade", "adcd", "adnm", "lng", "lat", "CreateTime", "operateLog" 
FROM "ADCDInfo"
WHERE ("adcd" = @0)
PARAMS: @0=331081000000000
2017-12-10 16:10:51,408 [6] ServiceStack.OrmLite.OrmLiteReadCommandExtensions - SQL: SELECT "Audit"."AuditNums", "Audit"."Status" 
FROM "Audit"
WHERE ("TownADCD" = @0)
ORDER BY "TownAddTime" DESC
PARAMS: @0=331081101000000
2017-12-10 16:10:51,429 [6] ServiceStack.OrmLite.OrmLiteReadCommandExtensions - SQL: SELECT TOP 1 "Id", "parentId", "grade", "adcd", "adnm", "lng", "lat", "CreateTime", "operateLog" 
FROM "ADCDInfo"
WHERE ("adcd" = @0)
PARAMS: @0=331081101000000
2017-12-10 16:11:00,807 [8] ServiceStack.OrmLite.OrmLiteReadCommandExtensions - SQL: SELECT COUNT(*) 
FROM "ADCDDisasterInfo" LEFT JOIN "ADCDInfo" ON ("ADCDDisasterInfo"."adcd" = "ADCDInfo"."adcd") LEFT JOIN "VillageTransferPerson" ON ("ADCDDisasterInfo"."adcd" = "VillageTransferPerson"."adcd")
WHERE upper("ADCDInfo"."adcd") like @0 AND ("ADCDDisasterInfo"."Year" = @1)
GROUP BY ADCDDisasterInfo.Id,ADCDDisasterInfo.adcd,ADCDInfo.adnm,ADCDInfo.lng,ADCDInfo.lat,ADCDDisasterInfo.TotalNum,ADCDDisasterInfo.PointNum,ADCDDisasterInfo.PopulationNum,ADCDDisasterInfo.FXFTRW,ADCDDisasterInfo.Year
PARAMS: @0=331081101%, @1=2017
2017-12-10 16:11:00,819 [5] ServiceStack.OrmLite.OrmLiteReadCommandExtensions - SQL: SELECT "Id", "parentId", "grade", "adcd", "adnm", "lng", "lat", "CreateTime", "operateLog" 
FROM "ADCDInfo"
WHERE (upper("adcd") like @0 AND ("adcd" <> @1))
PARAMS: @0=331081101%, @1=331081101000000
2017-12-10 16:11:00,925 [5] ServiceStack.OrmLite.OrmLiteReadCommandExtensions - SQL: SELECT DISTINCT "adcd" 
FROM "ADCDDisasterInfo"
WHERE (("Year" = @0) AND upper("adcd") like @1)
PARAMS: @0=2017, @1=331081101%
2017-12-10 16:11:00,966 [8] ServiceStack.OrmLite.OrmLiteReadCommandExtensions - SQL: SELECT TOP 9999999 ADCDDisasterInfo.Id,ADCDDisasterInfo.adcd,ADCDInfo.adnm,ADCDInfo.lng,ADCDInfo.lat,ADCDDisasterInfo.TotalNum,ADCDDisasterInfo.FXFTRW,ADCDDisasterInfo.Year ,SUM(VillageTransferPerson.HouseholderNum) PopulationNum,COUNT(VillageTransferPerson.HouseholderNum) PointNum 
FROM "ADCDDisasterInfo" LEFT JOIN "ADCDInfo" ON ("ADCDDisasterInfo"."adcd" = "ADCDInfo"."adcd") LEFT JOIN "VillageTransferPerson" ON ("ADCDDisasterInfo"."adcd" = "VillageTransferPerson"."adcd")
WHERE upper("ADCDInfo"."adcd") like @0 AND ("ADCDDisasterInfo"."Year" = @1)
GROUP BY ADCDDisasterInfo.Id,ADCDDisasterInfo.adcd,ADCDInfo.adnm,ADCDInfo.lng,ADCDInfo.lat,ADCDDisasterInfo.TotalNum,ADCDDisasterInfo.PointNum,ADCDDisasterInfo.PopulationNum,ADCDDisasterInfo.FXFTRW,ADCDDisasterInfo.Year
ORDER BY "ADCDInfo"."lng"
PARAMS: @0=331081101%, @1=2017
2017-12-10 16:11:00,987 [5] ServiceStack.OrmLite.OrmLiteReadCommandExtensions - SQL: SELECT DISTINCT "VillageADCD" 
FROM "VillageWorkingGroup"
WHERE (("Year" = @0) AND upper("VillageADCD") like @1)
PARAMS: @0=2017, @1=331081101%
2017-12-10 16:11:01,099 [5] ServiceStack.OrmLite.OrmLiteReadCommandExtensions - SQL: SELECT DISTINCT "VillageADCD" 
FROM "VillageGridPersonLiable"
WHERE (("Year" = @0) AND upper("VillageADCD") like @1)
PARAMS: @0=2017, @1=331081101%
2017-12-10 16:11:01,183 [5] ServiceStack.OrmLite.OrmLiteReadCommandExtensions - SQL: SELECT DISTINCT "adcd" 
FROM "VillageTransferPerson"
WHERE (("Year" = @0) AND upper("adcd") like @1)
PARAMS: @0=2017, @1=331081101%
2017-12-10 16:11:01,275 [5] ServiceStack.OrmLite.OrmLiteReadCommandExtensions - SQL: SELECT COUNT(*) 
FROM "TownPersonLiable"
WHERE (("Year" = @0) AND ("adcd" = @1))
PARAMS: @0=2017, @1=331081101000000
2017-12-10 16:11:01,291 [5] ServiceStack.OrmLite.OrmLiteReadCommandExtensions - SQL: SELECT DISTINCT "adcd" 
FROM "VillagePic"
WHERE (("Year" = @0) AND upper("adcd") like @1)
PARAMS: @0=2017, @1=331081101%
2017-12-10 16:11:01,371 [5] ServiceStack.OrmLite.OrmLiteReadCommandExtensions - SQL: select adcd from ADCDInfo where adcd like '%331081101%' and adcd != 331081101000000 and lng > 0 and lat > 0
2017-12-10 16:11:01,568 [5] ServiceStack.OrmLite.OrmLiteReadCommandExtensions - SQL: select adcd from ADCDInfo where adcd like '%331081101%' and adcd != 331081101000000 and ((lng is null and lat is null) or (lng = 0 and lat =0))
2017-12-10 16:11:04,079 [6] ServiceStack.OrmLite.OrmLiteReadCommandExtensions - SQL: SELECT UserInfo.*,UserRoleInfo.RoleID 
FROM "UserInfo" LEFT JOIN "UserRoleInfo" ON ("UserInfo"."Id" = "UserRoleInfo"."UserID")
WHERE ("UserInfo"."UserName" = @0)
PARAMS: @0=13456949003
2017-12-10 16:11:04,103 [6] ServiceStack.OrmLite.OrmLiteReadCommandExtensions - SQL: SELECT TOP 1 "Id", "parentId", "grade", "adcd", "adnm", "lng", "lat", "CreateTime", "operateLog" 
FROM "ADCDInfo"
WHERE ("adcd" = @0)
PARAMS: @0=331000000000000
2017-12-10 16:11:04,128 [6] ServiceStack.OrmLite.OrmLiteReadCommandExtensions - SQL: SELECT TOP 1 "Id", "parentId", "grade", "adcd", "adnm", "lng", "lat", "CreateTime", "operateLog" 
FROM "ADCDInfo"
WHERE ("adcd" = @0)
PARAMS: @0=331081000000000
2017-12-10 16:11:04,156 [6] ServiceStack.OrmLite.OrmLiteResultsFilterExtensions - SQL: INSERT INTO "LogInfo" ("OperationType","tm","adcd","UserName","RealName","Operation") VALUES (@OperationType,@tm,@adcd,@UserName,@RealName,@Operation)
PARAMS: @OperationType=退出, @tm=2017/12/10 16:11:04, @adcd=331081101000000, @UserName=13456949003, @RealName=大溪镇, @Operation={"operateMsg":"退出系统，IP地址为：::1","operateTime":"\/Date(1512893464077+0800)\/","userName":"13456949003"}
2017-12-10 16:15:57,537 [1] ServiceStack.OrmLite.OrmLiteReadCommandExtensions - SQL: select * from INFORMATION_SCHEMA.columns where table_name = 'adcddisasterinfo' 
2017-12-10 16:15:57,577 [1] ServiceStack.OrmLite.OrmLiteReadCommandExtensions - SQL: select * from INFORMATION_SCHEMA.columns where table_name = 'adcddisasterinfo' 
2017-12-10 16:15:57,591 [1] ServiceStack.OrmLite.OrmLiteReadCommandExtensions - SQL: select * from INFORMATION_SCHEMA.columns where table_name = 'adcddisasterinfo' 
2017-12-10 16:15:57,604 [1] ServiceStack.OrmLite.OrmLiteReadCommandExtensions - SQL: select * from INFORMATION_SCHEMA.columns where table_name = 'adcdinfo' 
2017-12-10 16:15:57,619 [1] ServiceStack.OrmLite.OrmLiteReadCommandExtensions - SQL: select * from INFORMATION_SCHEMA.columns where table_name = 'adcdinfo' 
2017-12-10 16:15:57,635 [1] ServiceStack.OrmLite.OrmLiteReadCommandExtensions - SQL: select * from INFORMATION_SCHEMA.columns where table_name = 'villageworkinggroup' 
2017-12-10 16:15:57,650 [1] ServiceStack.OrmLite.OrmLiteReadCommandExtensions - SQL: select * from INFORMATION_SCHEMA.columns where table_name = 'villagetransferperson' 
2017-12-10 16:15:57,666 [1] ServiceStack.OrmLite.OrmLiteReadCommandExtensions - SQL: select * from INFORMATION_SCHEMA.columns where table_name = 'villagegridpersonliable' 
2017-12-10 16:15:57,680 [1] ServiceStack.OrmLite.OrmLiteReadCommandExtensions - SQL: select * from INFORMATION_SCHEMA.columns where table_name = 'villagegridpersonliable' 
2017-12-10 16:15:57,692 [1] ServiceStack.OrmLite.OrmLiteReadCommandExtensions - SQL: select * from INFORMATION_SCHEMA.columns where table_name = 'villagegridpersonliable' 
2017-12-10 16:15:57,705 [1] ServiceStack.OrmLite.OrmLiteReadCommandExtensions - SQL: select * from INFORMATION_SCHEMA.columns where table_name = 'userinfo' 
2017-12-10 16:15:57,719 [1] ServiceStack.OrmLite.OrmLiteReadCommandExtensions - SQL: select * from INFORMATION_SCHEMA.columns where table_name = 'userinfo' 
2017-12-10 16:15:57,734 [1] ServiceStack.OrmLite.OrmLiteReadCommandExtensions - SQL: select * from INFORMATION_SCHEMA.columns where table_name = 'userinfo' 
2017-12-10 16:15:57,748 [1] ServiceStack.OrmLite.OrmLiteReadCommandExtensions - SQL: select * from INFORMATION_SCHEMA.columns where table_name = 'userinfo' 
2017-12-10 16:15:57,762 [1] ServiceStack.OrmLite.OrmLiteReadCommandExtensions - SQL: select * from INFORMATION_SCHEMA.columns where table_name = 'audit' 
2017-12-10 16:15:57,775 [1] ServiceStack.OrmLite.OrmLiteReadCommandExtensions - SQL: select * from INFORMATION_SCHEMA.columns where table_name = 'auditdetails' 
2017-12-10 16:15:57,789 [1] ServiceStack.OrmLite.OrmLiteReadCommandExtensions - SQL: select * from INFORMATION_SCHEMA.columns where table_name = 'villagegridpersonliable' 
2017-12-10 16:15:57,803 [1] ServiceStack.OrmLite.OrmLiteReadCommandExtensions - SQL: select * from INFORMATION_SCHEMA.columns where table_name = 'villagegridpersonliable' 
2017-12-10 16:15:57,817 [1] ServiceStack.OrmLite.OrmLiteReadCommandExtensions - SQL: select * from INFORMATION_SCHEMA.columns where table_name = 'villagegridpersonliable' 
2017-12-10 16:15:57,831 [1] ServiceStack.OrmLite.OrmLiteReadCommandExtensions - SQL: select * from INFORMATION_SCHEMA.columns where table_name = 'villagepic' 
2017-12-10 16:15:57,846 [1] ServiceStack.OrmLite.OrmLiteReadCommandExtensions - SQL: select * from INFORMATION_SCHEMA.columns where table_name = 'villagepic' 
2017-12-10 16:15:57,860 [1] ServiceStack.OrmLite.OrmLiteReadCommandExtensions - SQL: select * from INFORMATION_SCHEMA.columns where table_name = 'villagepic' 
2017-12-10 16:15:57,873 [1] ServiceStack.OrmLite.OrmLiteReadCommandExtensions - SQL: select * from INFORMATION_SCHEMA.columns where table_name = 'villagetransferperson' 
2017-12-10 16:15:57,890 [1] ServiceStack.OrmLite.OrmLiteReadCommandExtensions - SQL: select * from INFORMATION_SCHEMA.columns where table_name = 'villagetransferperson' 
2017-12-10 16:15:57,904 [1] ServiceStack.OrmLite.OrmLiteReadCommandExtensions - SQL: select * from INFORMATION_SCHEMA.columns where table_name = 'villagetransferperson' 
2017-12-10 16:15:57,922 [1] ServiceStack.OrmLite.OrmLiteReadCommandExtensions - SQL: select * from INFORMATION_SCHEMA.columns where table_name = 'villagetransferperson' 
2017-12-10 16:15:57,938 [1] ServiceStack.OrmLite.OrmLiteReadCommandExtensions - SQL: select * from INFORMATION_SCHEMA.columns where table_name = 'villageworkinggroup' 
2017-12-10 16:15:57,952 [1] ServiceStack.OrmLite.OrmLiteReadCommandExtensions - SQL: select * from INFORMATION_SCHEMA.columns where table_name = 'villageworkinggroup' 
2017-12-10 16:15:57,965 [1] ServiceStack.OrmLite.OrmLiteReadCommandExtensions - SQL: select * from INFORMATION_SCHEMA.columns where table_name = 'villageworkinggroup' 
2017-12-10 16:15:57,978 [1] ServiceStack.OrmLite.OrmLiteReadCommandExtensions - SQL: select * from INFORMATION_SCHEMA.columns where table_name = 'adcddisasterinfo' 
2017-12-10 16:15:57,990 [1] ServiceStack.OrmLite.OrmLiteReadCommandExtensions - SQL: select * from INFORMATION_SCHEMA.columns where table_name = 'countryperson' 
2017-12-10 16:15:58,004 [1] ServiceStack.OrmLite.OrmLiteReadCommandExtensions - SQL: select * from INFORMATION_SCHEMA.columns where table_name = 'countryperson' 
2017-12-10 16:15:58,019 [1] ServiceStack.OrmLite.OrmLiteReadCommandExtensions - SQL: select * from INFORMATION_SCHEMA.columns where table_name = 'countryperson' 
2017-12-10 16:15:58,032 [1] ServiceStack.OrmLite.OrmLiteReadCommandExtensions - SQL: select * from INFORMATION_SCHEMA.columns where table_name = 'countryperson' 
2017-12-10 16:15:58,048 [1] ServiceStack.OrmLite.OrmLiteReadCommandExtensions - SQL: select * from INFORMATION_SCHEMA.columns where table_name = 'townpersonliable' 
2017-12-10 16:15:58,064 [1] ServiceStack.OrmLite.OrmLiteReadCommandExtensions - SQL: select * from INFORMATION_SCHEMA.columns where table_name = 'townpersonliable' 
2017-12-10 16:15:58,077 [1] ServiceStack.OrmLite.OrmLiteReadCommandExtensions - SQL: select * from INFORMATION_SCHEMA.columns where table_name = 'townpersonliable' 
2017-12-10 16:15:58,090 [1] ServiceStack.OrmLite.OrmLiteReadCommandExtensions - SQL: select * from INFORMATION_SCHEMA.columns where table_name = 'auditcounty' 
2017-12-10 16:15:58,102 [1] ServiceStack.OrmLite.OrmLiteReadCommandExtensions - SQL: select * from INFORMATION_SCHEMA.columns where table_name = 'apprecord' 
2017-12-10 16:15:58,117 [1] ServiceStack.OrmLite.OrmLiteReadCommandExtensions - SQL: select * from INFORMATION_SCHEMA.columns where table_name = 'apprecord' 
2017-12-10 16:15:58,130 [1] ServiceStack.OrmLite.OrmLiteReadCommandExtensions - SQL: select * from INFORMATION_SCHEMA.columns where table_name = 'apprecord' 
2017-12-10 16:15:58,144 [1] ServiceStack.OrmLite.OrmLiteReadCommandExtensions - SQL: select * from INFORMATION_SCHEMA.columns where table_name = 'apprecord' 
2017-12-10 16:15:58,160 [1] ServiceStack.OrmLite.OrmLiteReadCommandExtensions - SQL: select * from INFORMATION_SCHEMA.columns where table_name = 'apprecord' 
2017-12-10 16:15:58,201 [1] ServiceStack.OrmLite.OrmLiteReadCommandExtensions - SQL: SELECT TOP 1 "Id", "RoleName", "LastOeration" 
FROM "Role"
WHERE ("RoleName" = @0)
PARAMS: @0=系统管理员
2017-12-10 16:15:58,216 [1] ServiceStack.OrmLite.OrmLiteReadCommandExtensions - SQL: SELECT TOP 1 "Id", "UserName", "PassWord", "RealName", "UserRealName", "Unit", "Position", "adcd", "Mobile", "isEnable", "loginNum" 
FROM "UserInfo"
WHERE ("UserName" = @0)
PARAMS: @0=admin
2017-12-10 16:15:58,358 [1] ServiceStack.Support.Markdown.MarkdownPage - Compiled Content/ComprehensiveApp/leaflet/leaflet-locationfilter-master/README.md in 42ms
2017-12-10 16:15:58,377 [1] ServiceStack.Support.Markdown.MarkdownPage - Compiled Content/ComprehensiveApp/leaflet/Leaflet.draw-master/BREAKINGCHANGES.md in 9ms
2017-12-10 16:15:58,388 [1] ServiceStack.Support.Markdown.MarkdownPage - Compiled Content/ComprehensiveApp/leaflet/Leaflet.draw-master/CHANGELOG.md in 10ms
2017-12-10 16:15:58,390 [1] ServiceStack.Support.Markdown.MarkdownPage - Compiled Content/ComprehensiveApp/leaflet/Leaflet.draw-master/ISSUE_TEMPLATE.md in 0ms
2017-12-10 16:15:58,391 [1] ServiceStack.Support.Markdown.MarkdownPage - Compiled Content/ComprehensiveApp/leaflet/Leaflet.draw-master/MIT-LICENSE.md in 0ms
2017-12-10 16:15:58,407 [1] ServiceStack.Support.Markdown.MarkdownPage - Compiled Content/ComprehensiveApp/leaflet/Leaflet.draw-master/README.md in 15ms
2017-12-10 16:15:58,409 [1] ServiceStack.Support.Markdown.MarkdownPage - Compiled Content/ComprehensiveApp/leaflet/Leaflet.draw-master/TODO.md in 1ms
2017-12-10 16:15:58,424 [1] ServiceStack.Support.Markdown.MarkdownPage - Compiled Content/grumble/README.md in 0ms
2017-12-10 16:15:58,435 [1] ServiceStack.Support.Markdown.MarkdownPage - Compiled Content/layer-master/CHANGELOG.md in 0ms
2017-12-10 16:15:58,436 [1] ServiceStack.Support.Markdown.MarkdownPage - Compiled Content/layer-master/README.md in 0ms
2017-12-10 16:15:58,439 [1] ServiceStack.Support.Markdown.MarkdownPage - Compiled Content/layer-master/src/README.md in 0ms
2017-12-10 16:15:58,440 [1] ServiceStack.Support.Markdown.MarkdownPage - Compiled Content/layer-master/src/mobile/README.md in 0ms
2017-12-10 16:15:58,490 [1] ServiceStack.Support.Markdown.MarkdownPage - Compiled Content/PhotoSwipe-master/README.md in 1ms
2017-12-10 16:15:58,515 [1] ServiceStack.Support.Markdown.MarkdownPage - Compiled Content/ueditor/net/README.md in 1ms
2017-12-10 16:15:58,579 [1] ServiceStack.Support.Markdown.MarkdownPage - Compiled js/plugins/webuploader/README.md in 0ms
2017-12-10 16:15:59,252 [5] Controller - UserSession失效，自动登录。
2017-12-10 16:15:59,277 [5] ServiceStack.OrmLite.OrmLiteReadCommandExtensions - SQL: SELECT TOP 1 "Id", "UserName", "PassWord", "RealName", "UserRealName", "Unit", "Position", "adcd", "Mobile", "isEnable", "loginNum" 
FROM "UserInfo"
WHERE ("UserName" = @0)
PARAMS: @0=13456949003
2017-12-10 16:15:59,315 [5] ServiceStack.OrmLite.OrmLiteReadCommandExtensions - SQL: SELECT UserInfo.*,UserRoleInfo.RoleID 
FROM "UserInfo" LEFT JOIN "UserRoleInfo" ON ("UserInfo"."Id" = "UserRoleInfo"."UserID")
WHERE ("UserInfo"."UserName" = @0)
PARAMS: @0=13456949003
2017-12-10 16:15:59,348 [5] ServiceStack.OrmLite.OrmLiteReadCommandExtensions - SQL: SELECT TOP 1 "Id", "parentId", "grade", "adcd", "adnm", "lng", "lat", "CreateTime", "operateLog" 
FROM "ADCDInfo"
WHERE ("adcd" = @0)
PARAMS: @0=331000000000000
2017-12-10 16:15:59,374 [5] ServiceStack.OrmLite.OrmLiteReadCommandExtensions - SQL: SELECT TOP 1 "Id", "parentId", "grade", "adcd", "adnm", "lng", "lat", "CreateTime", "operateLog" 
FROM "ADCDInfo"
WHERE ("adcd" = @0)
PARAMS: @0=331081000000000
2017-12-10 16:15:59,409 [5] ServiceStack.OrmLite.OrmLiteReadCommandExtensions - SQL: SELECT TOP 1 "Id", "parentId", "grade", "adcd", "adnm", "lng", "lat", "CreateTime", "operateLog" 
FROM "ADCDInfo"
WHERE ("adcd" is null)
2017-12-10 16:15:59,432 [5] ServiceStack.OrmLite.OrmLiteReadCommandExtensions - SQL: SELECT TOP 1 "Id", "parentId", "grade", "adcd", "adnm", "lng", "lat", "CreateTime", "operateLog" 
FROM "ADCDInfo"
WHERE ("adcd" is null)
2017-12-10 16:15:59,454 [5] ServiceStack.OrmLite.OrmLiteReadCommandExtensions - SQL: SELECT TOP 1 "Id", "parentId", "grade", "adcd", "adnm", "lng", "lat", "CreateTime", "operateLog" 
FROM "ADCDInfo"
WHERE ("adcd" is null)
2017-12-10 16:16:04,276 [7] ServiceStack.OrmLite.OrmLiteReadCommandExtensions - SQL: SELECT COUNT(*) 
FROM "ADCDDisasterInfo" LEFT JOIN "ADCDInfo" ON ("ADCDDisasterInfo"."adcd" = "ADCDInfo"."adcd") LEFT JOIN "VillageTransferPerson" ON ("ADCDDisasterInfo"."adcd" = "VillageTransferPerson"."adcd")
WHERE upper("ADCDInfo"."adcd") like @0 AND ("ADCDDisasterInfo"."Year" = @1)
GROUP BY ADCDDisasterInfo.Id,ADCDDisasterInfo.adcd,ADCDInfo.adnm,ADCDInfo.lng,ADCDInfo.lat,ADCDDisasterInfo.TotalNum,ADCDDisasterInfo.PointNum,ADCDDisasterInfo.PopulationNum,ADCDDisasterInfo.FXFTRW,ADCDDisasterInfo.Year
PARAMS: @0=331081101%, @1=2017
2017-12-10 16:16:04,300 [5] ServiceStack.OrmLite.OrmLiteReadCommandExtensions - SQL: SELECT "Id", "parentId", "grade", "adcd", "adnm", "lng", "lat", "CreateTime", "operateLog" 
FROM "ADCDInfo"
WHERE (upper("adcd") like @0 AND ("adcd" <> @1))
PARAMS: @0=331081101%, @1=331081101000000
2017-12-10 16:16:04,427 [5] ServiceStack.OrmLite.OrmLiteReadCommandExtensions - SQL: SELECT DISTINCT "adcd" 
FROM "ADCDDisasterInfo"
WHERE (("Year" = @0) AND upper("adcd") like @1)
PARAMS: @0=2017, @1=331081101%
2017-12-10 16:16:04,444 [7] ServiceStack.OrmLite.OrmLiteReadCommandExtensions - SQL: SELECT TOP 9999999 ADCDDisasterInfo.Id,ADCDDisasterInfo.adcd,ADCDInfo.adnm,ADCDInfo.lng,ADCDInfo.lat,ADCDDisasterInfo.TotalNum,ADCDDisasterInfo.FXFTRW,ADCDDisasterInfo.Year ,SUM(VillageTransferPerson.HouseholderNum) PopulationNum,COUNT(VillageTransferPerson.HouseholderNum) PointNum 
FROM "ADCDDisasterInfo" LEFT JOIN "ADCDInfo" ON ("ADCDDisasterInfo"."adcd" = "ADCDInfo"."adcd") LEFT JOIN "VillageTransferPerson" ON ("ADCDDisasterInfo"."adcd" = "VillageTransferPerson"."adcd")
WHERE upper("ADCDInfo"."adcd") like @0 AND ("ADCDDisasterInfo"."Year" = @1)
GROUP BY ADCDDisasterInfo.Id,ADCDDisasterInfo.adcd,ADCDInfo.adnm,ADCDInfo.lng,ADCDInfo.lat,ADCDDisasterInfo.TotalNum,ADCDDisasterInfo.PointNum,ADCDDisasterInfo.PopulationNum,ADCDDisasterInfo.FXFTRW,ADCDDisasterInfo.Year
ORDER BY "ADCDInfo"."lng"
PARAMS: @0=331081101%, @1=2017
2017-12-10 16:16:04,503 [5] ServiceStack.OrmLite.OrmLiteReadCommandExtensions - SQL: SELECT DISTINCT "VillageADCD" 
FROM "VillageWorkingGroup"
WHERE (("Year" = @0) AND upper("VillageADCD") like @1)
PARAMS: @0=2017, @1=331081101%
2017-12-10 16:16:04,645 [5] ServiceStack.OrmLite.OrmLiteReadCommandExtensions - SQL: SELECT DISTINCT "VillageADCD" 
FROM "VillageGridPersonLiable"
WHERE (("Year" = @0) AND upper("VillageADCD") like @1)
PARAMS: @0=2017, @1=331081101%
2017-12-10 16:16:04,737 [5] ServiceStack.OrmLite.OrmLiteReadCommandExtensions - SQL: SELECT DISTINCT "adcd" 
FROM "VillageTransferPerson"
WHERE (("Year" = @0) AND upper("adcd") like @1)
PARAMS: @0=2017, @1=331081101%
2017-12-10 16:16:04,847 [5] ServiceStack.OrmLite.OrmLiteReadCommandExtensions - SQL: SELECT COUNT(*) 
FROM "TownPersonLiable"
WHERE (("Year" = @0) AND ("adcd" = @1))
PARAMS: @0=2017, @1=331081101000000
2017-12-10 16:16:04,863 [5] ServiceStack.OrmLite.OrmLiteReadCommandExtensions - SQL: SELECT DISTINCT "adcd" 
FROM "VillagePic"
WHERE (("Year" = @0) AND upper("adcd") like @1)
PARAMS: @0=2017, @1=331081101%
2017-12-10 16:16:04,936 [5] ServiceStack.OrmLite.OrmLiteReadCommandExtensions - SQL: select adcd from ADCDInfo where adcd like '%331081101%' and adcd != 331081101000000 and lng > 0 and lat > 0
2017-12-10 16:16:05,152 [5] ServiceStack.OrmLite.OrmLiteReadCommandExtensions - SQL: select adcd from ADCDInfo where adcd like '%331081101%' and adcd != 331081101000000 and ((lng is null and lat is null) or (lng = 0 and lat =0))
2017-12-10 16:23:35,116 [1] ServiceStack.OrmLite.OrmLiteReadCommandExtensions - SQL: select * from INFORMATION_SCHEMA.columns where table_name = 'adcddisasterinfo' 
2017-12-10 16:23:35,161 [1] ServiceStack.OrmLite.OrmLiteReadCommandExtensions - SQL: select * from INFORMATION_SCHEMA.columns where table_name = 'adcddisasterinfo' 
2017-12-10 16:23:35,173 [1] ServiceStack.OrmLite.OrmLiteReadCommandExtensions - SQL: select * from INFORMATION_SCHEMA.columns where table_name = 'adcddisasterinfo' 
2017-12-10 16:23:35,188 [1] ServiceStack.OrmLite.OrmLiteReadCommandExtensions - SQL: select * from INFORMATION_SCHEMA.columns where table_name = 'adcdinfo' 
2017-12-10 16:23:35,202 [1] ServiceStack.OrmLite.OrmLiteReadCommandExtensions - SQL: select * from INFORMATION_SCHEMA.columns where table_name = 'adcdinfo' 
2017-12-10 16:23:35,215 [1] ServiceStack.OrmLite.OrmLiteReadCommandExtensions - SQL: select * from INFORMATION_SCHEMA.columns where table_name = 'villageworkinggroup' 
2017-12-10 16:23:35,229 [1] ServiceStack.OrmLite.OrmLiteReadCommandExtensions - SQL: select * from INFORMATION_SCHEMA.columns where table_name = 'villagetransferperson' 
2017-12-10 16:23:35,245 [1] ServiceStack.OrmLite.OrmLiteReadCommandExtensions - SQL: select * from INFORMATION_SCHEMA.columns where table_name = 'villagegridpersonliable' 
2017-12-10 16:23:35,257 [1] ServiceStack.OrmLite.OrmLiteReadCommandExtensions - SQL: select * from INFORMATION_SCHEMA.columns where table_name = 'villagegridpersonliable' 
2017-12-10 16:23:35,272 [1] ServiceStack.OrmLite.OrmLiteReadCommandExtensions - SQL: select * from INFORMATION_SCHEMA.columns where table_name = 'villagegridpersonliable' 
2017-12-10 16:23:35,288 [1] ServiceStack.OrmLite.OrmLiteReadCommandExtensions - SQL: select * from INFORMATION_SCHEMA.columns where table_name = 'userinfo' 
2017-12-10 16:23:35,301 [1] ServiceStack.OrmLite.OrmLiteReadCommandExtensions - SQL: select * from INFORMATION_SCHEMA.columns where table_name = 'userinfo' 
2017-12-10 16:23:35,316 [1] ServiceStack.OrmLite.OrmLiteReadCommandExtensions - SQL: select * from INFORMATION_SCHEMA.columns where table_name = 'userinfo' 
2017-12-10 16:23:35,330 [1] ServiceStack.OrmLite.OrmLiteReadCommandExtensions - SQL: select * from INFORMATION_SCHEMA.columns where table_name = 'userinfo' 
2017-12-10 16:23:35,345 [1] ServiceStack.OrmLite.OrmLiteReadCommandExtensions - SQL: select * from INFORMATION_SCHEMA.columns where table_name = 'audit' 
2017-12-10 16:23:35,361 [1] ServiceStack.OrmLite.OrmLiteReadCommandExtensions - SQL: select * from INFORMATION_SCHEMA.columns where table_name = 'auditdetails' 
2017-12-10 16:23:35,374 [1] ServiceStack.OrmLite.OrmLiteReadCommandExtensions - SQL: select * from INFORMATION_SCHEMA.columns where table_name = 'villagegridpersonliable' 
2017-12-10 16:23:35,389 [1] ServiceStack.OrmLite.OrmLiteReadCommandExtensions - SQL: select * from INFORMATION_SCHEMA.columns where table_name = 'villagegridpersonliable' 
2017-12-10 16:23:35,403 [1] ServiceStack.OrmLite.OrmLiteReadCommandExtensions - SQL: select * from INFORMATION_SCHEMA.columns where table_name = 'villagegridpersonliable' 
2017-12-10 16:23:35,418 [1] ServiceStack.OrmLite.OrmLiteReadCommandExtensions - SQL: select * from INFORMATION_SCHEMA.columns where table_name = 'villagepic' 
2017-12-10 16:23:35,431 [1] ServiceStack.OrmLite.OrmLiteReadCommandExtensions - SQL: select * from INFORMATION_SCHEMA.columns where table_name = 'villagepic' 
2017-12-10 16:23:35,444 [1] ServiceStack.OrmLite.OrmLiteReadCommandExtensions - SQL: select * from INFORMATION_SCHEMA.columns where table_name = 'villagepic' 
2017-12-10 16:23:35,458 [1] ServiceStack.OrmLite.OrmLiteReadCommandExtensions - SQL: select * from INFORMATION_SCHEMA.columns where table_name = 'villagetransferperson' 
2017-12-10 16:23:35,477 [1] ServiceStack.OrmLite.OrmLiteReadCommandExtensions - SQL: select * from INFORMATION_SCHEMA.columns where table_name = 'villagetransferperson' 
2017-12-10 16:23:35,497 [1] ServiceStack.OrmLite.OrmLiteReadCommandExtensions - SQL: select * from INFORMATION_SCHEMA.columns where table_name = 'villagetransferperson' 
2017-12-10 16:23:35,514 [1] ServiceStack.OrmLite.OrmLiteReadCommandExtensions - SQL: select * from INFORMATION_SCHEMA.columns where table_name = 'villagetransferperson' 
2017-12-10 16:23:35,530 [1] ServiceStack.OrmLite.OrmLiteReadCommandExtensions - SQL: select * from INFORMATION_SCHEMA.columns where table_name = 'villageworkinggroup' 
2017-12-10 16:23:35,544 [1] ServiceStack.OrmLite.OrmLiteReadCommandExtensions - SQL: select * from INFORMATION_SCHEMA.columns where table_name = 'villageworkinggroup' 
2017-12-10 16:23:35,558 [1] ServiceStack.OrmLite.OrmLiteReadCommandExtensions - SQL: select * from INFORMATION_SCHEMA.columns where table_name = 'villageworkinggroup' 
2017-12-10 16:23:35,573 [1] ServiceStack.OrmLite.OrmLiteReadCommandExtensions - SQL: select * from INFORMATION_SCHEMA.columns where table_name = 'adcddisasterinfo' 
2017-12-10 16:23:35,587 [1] ServiceStack.OrmLite.OrmLiteReadCommandExtensions - SQL: select * from INFORMATION_SCHEMA.columns where table_name = 'countryperson' 
2017-12-10 16:23:35,601 [1] ServiceStack.OrmLite.OrmLiteReadCommandExtensions - SQL: select * from INFORMATION_SCHEMA.columns where table_name = 'countryperson' 
2017-12-10 16:23:35,612 [1] ServiceStack.OrmLite.OrmLiteReadCommandExtensions - SQL: select * from INFORMATION_SCHEMA.columns where table_name = 'countryperson' 
2017-12-10 16:23:35,631 [1] ServiceStack.OrmLite.OrmLiteReadCommandExtensions - SQL: select * from INFORMATION_SCHEMA.columns where table_name = 'countryperson' 
2017-12-10 16:23:35,645 [1] ServiceStack.OrmLite.OrmLiteReadCommandExtensions - SQL: select * from INFORMATION_SCHEMA.columns where table_name = 'townpersonliable' 
2017-12-10 16:23:35,658 [1] ServiceStack.OrmLite.OrmLiteReadCommandExtensions - SQL: select * from INFORMATION_SCHEMA.columns where table_name = 'townpersonliable' 
2017-12-10 16:23:35,672 [1] ServiceStack.OrmLite.OrmLiteReadCommandExtensions - SQL: select * from INFORMATION_SCHEMA.columns where table_name = 'townpersonliable' 
2017-12-10 16:23:35,688 [1] ServiceStack.OrmLite.OrmLiteReadCommandExtensions - SQL: select * from INFORMATION_SCHEMA.columns where table_name = 'auditcounty' 
2017-12-10 16:23:35,703 [1] ServiceStack.OrmLite.OrmLiteReadCommandExtensions - SQL: select * from INFORMATION_SCHEMA.columns where table_name = 'apprecord' 
2017-12-10 16:23:35,718 [1] ServiceStack.OrmLite.OrmLiteReadCommandExtensions - SQL: select * from INFORMATION_SCHEMA.columns where table_name = 'apprecord' 
2017-12-10 16:23:35,732 [1] ServiceStack.OrmLite.OrmLiteReadCommandExtensions - SQL: select * from INFORMATION_SCHEMA.columns where table_name = 'apprecord' 
2017-12-10 16:23:35,747 [1] ServiceStack.OrmLite.OrmLiteReadCommandExtensions - SQL: select * from INFORMATION_SCHEMA.columns where table_name = 'apprecord' 
2017-12-10 16:23:35,761 [1] ServiceStack.OrmLite.OrmLiteReadCommandExtensions - SQL: select * from INFORMATION_SCHEMA.columns where table_name = 'apprecord' 
2017-12-10 16:23:35,804 [1] ServiceStack.OrmLite.OrmLiteReadCommandExtensions - SQL: SELECT TOP 1 "Id", "RoleName", "LastOeration" 
FROM "Role"
WHERE ("RoleName" = @0)
PARAMS: @0=系统管理员
2017-12-10 16:23:35,818 [1] ServiceStack.OrmLite.OrmLiteReadCommandExtensions - SQL: SELECT TOP 1 "Id", "UserName", "PassWord", "RealName", "UserRealName", "Unit", "Position", "adcd", "Mobile", "isEnable", "loginNum" 
FROM "UserInfo"
WHERE ("UserName" = @0)
PARAMS: @0=admin
2017-12-10 16:23:35,936 [1] ServiceStack.Support.Markdown.MarkdownPage - Compiled Content/ComprehensiveApp/leaflet/leaflet-locationfilter-master/README.md in 40ms
2017-12-10 16:23:35,951 [1] ServiceStack.Support.Markdown.MarkdownPage - Compiled Content/ComprehensiveApp/leaflet/Leaflet.draw-master/BREAKINGCHANGES.md in 7ms
2017-12-10 16:23:35,959 [1] ServiceStack.Support.Markdown.MarkdownPage - Compiled Content/ComprehensiveApp/leaflet/Leaflet.draw-master/CHANGELOG.md in 7ms
2017-12-10 16:23:35,960 [1] ServiceStack.Support.Markdown.MarkdownPage - Compiled Content/ComprehensiveApp/leaflet/Leaflet.draw-master/ISSUE_TEMPLATE.md in 1ms
2017-12-10 16:23:35,961 [1] ServiceStack.Support.Markdown.MarkdownPage - Compiled Content/ComprehensiveApp/leaflet/Leaflet.draw-master/MIT-LICENSE.md in 0ms
2017-12-10 16:23:35,973 [1] ServiceStack.Support.Markdown.MarkdownPage - Compiled Content/ComprehensiveApp/leaflet/Leaflet.draw-master/README.md in 11ms
2017-12-10 16:23:35,975 [1] ServiceStack.Support.Markdown.MarkdownPage - Compiled Content/ComprehensiveApp/leaflet/Leaflet.draw-master/TODO.md in 0ms
2017-12-10 16:23:35,991 [1] ServiceStack.Support.Markdown.MarkdownPage - Compiled Content/grumble/README.md in 0ms
2017-12-10 16:23:36,002 [1] ServiceStack.Support.Markdown.MarkdownPage - Compiled Content/layer-master/CHANGELOG.md in 0ms
2017-12-10 16:23:36,003 [1] ServiceStack.Support.Markdown.MarkdownPage - Compiled Content/layer-master/README.md in 0ms
2017-12-10 16:23:36,006 [1] ServiceStack.Support.Markdown.MarkdownPage - Compiled Content/layer-master/src/README.md in 0ms
2017-12-10 16:23:36,007 [1] ServiceStack.Support.Markdown.MarkdownPage - Compiled Content/layer-master/src/mobile/README.md in 0ms
2017-12-10 16:23:36,051 [1] ServiceStack.Support.Markdown.MarkdownPage - Compiled Content/PhotoSwipe-master/README.md in 1ms
2017-12-10 16:23:36,072 [1] ServiceStack.Support.Markdown.MarkdownPage - Compiled Content/ueditor/net/README.md in 1ms
2017-12-10 16:23:36,146 [1] ServiceStack.Support.Markdown.MarkdownPage - Compiled js/plugins/webuploader/README.md in 0ms
2017-12-10 16:23:36,781 [5] Controller - UserSession失效，自动登录。
2017-12-10 16:23:36,808 [5] ServiceStack.OrmLite.OrmLiteReadCommandExtensions - SQL: SELECT TOP 1 "Id", "UserName", "PassWord", "RealName", "UserRealName", "Unit", "Position", "adcd", "Mobile", "isEnable", "loginNum" 
FROM "UserInfo"
WHERE ("UserName" = @0)
PARAMS: @0=13456949003
2017-12-10 16:23:36,843 [5] ServiceStack.OrmLite.OrmLiteReadCommandExtensions - SQL: SELECT UserInfo.*,UserRoleInfo.RoleID 
FROM "UserInfo" LEFT JOIN "UserRoleInfo" ON ("UserInfo"."Id" = "UserRoleInfo"."UserID")
WHERE ("UserInfo"."UserName" = @0)
PARAMS: @0=13456949003
2017-12-10 16:23:36,875 [5] ServiceStack.OrmLite.OrmLiteReadCommandExtensions - SQL: SELECT TOP 1 "Id", "parentId", "grade", "adcd", "adnm", "lng", "lat", "CreateTime", "operateLog" 
FROM "ADCDInfo"
WHERE ("adcd" = @0)
PARAMS: @0=331000000000000
2017-12-10 16:23:36,900 [5] ServiceStack.OrmLite.OrmLiteReadCommandExtensions - SQL: SELECT TOP 1 "Id", "parentId", "grade", "adcd", "adnm", "lng", "lat", "CreateTime", "operateLog" 
FROM "ADCDInfo"
WHERE ("adcd" = @0)
PARAMS: @0=331081000000000
2017-12-10 16:23:36,932 [5] ServiceStack.OrmLite.OrmLiteReadCommandExtensions - SQL: SELECT TOP 1 "Id", "parentId", "grade", "adcd", "adnm", "lng", "lat", "CreateTime", "operateLog" 
FROM "ADCDInfo"
WHERE ("adcd" is null)
2017-12-10 16:23:36,956 [5] ServiceStack.OrmLite.OrmLiteReadCommandExtensions - SQL: SELECT TOP 1 "Id", "parentId", "grade", "adcd", "adnm", "lng", "lat", "CreateTime", "operateLog" 
FROM "ADCDInfo"
WHERE ("adcd" is null)
2017-12-10 16:23:36,984 [5] ServiceStack.OrmLite.OrmLiteReadCommandExtensions - SQL: SELECT TOP 1 "Id", "parentId", "grade", "adcd", "adnm", "lng", "lat", "CreateTime", "operateLog" 
FROM "ADCDInfo"
WHERE ("adcd" is null)
2017-12-10 16:23:42,378 [7] ServiceStack.OrmLite.OrmLiteReadCommandExtensions - SQL: SELECT COUNT(*) 
FROM "ADCDDisasterInfo" LEFT JOIN "ADCDInfo" ON ("ADCDDisasterInfo"."adcd" = "ADCDInfo"."adcd") LEFT JOIN "VillageTransferPerson" ON ("ADCDDisasterInfo"."adcd" = "VillageTransferPerson"."adcd")
WHERE upper("ADCDInfo"."adcd") like @0 AND ("ADCDDisasterInfo"."Year" = @1)
GROUP BY ADCDDisasterInfo.Id,ADCDDisasterInfo.adcd,ADCDInfo.adnm,ADCDInfo.lng,ADCDInfo.lat,ADCDDisasterInfo.TotalNum,ADCDDisasterInfo.PointNum,ADCDDisasterInfo.PopulationNum,ADCDDisasterInfo.FXFTRW,ADCDDisasterInfo.Year
PARAMS: @0=331081101%, @1=2017
2017-12-10 16:23:42,410 [5] ServiceStack.OrmLite.OrmLiteReadCommandExtensions - SQL: SELECT "Id", "parentId", "grade", "adcd", "adnm", "lng", "lat", "CreateTime", "operateLog" 
FROM "ADCDInfo"
WHERE (upper("adcd") like @0 AND ("adcd" <> @1))
PARAMS: @0=331081101%, @1=331081101000000
2017-12-10 16:23:42,513 [5] ServiceStack.OrmLite.OrmLiteReadCommandExtensions - SQL: SELECT DISTINCT "adcd" 
FROM "ADCDDisasterInfo"
WHERE (("Year" = @0) AND upper("adcd") like @1)
PARAMS: @0=2017, @1=331081101%
2017-12-10 16:23:42,575 [7] ServiceStack.OrmLite.OrmLiteReadCommandExtensions - SQL: SELECT TOP 9999999 ADCDDisasterInfo.Id,ADCDDisasterInfo.adcd,ADCDInfo.adnm,ADCDInfo.lng,ADCDInfo.lat,ADCDDisasterInfo.TotalNum,ADCDDisasterInfo.FXFTRW,ADCDDisasterInfo.Year ,SUM(VillageTransferPerson.HouseholderNum) PopulationNum,COUNT(VillageTransferPerson.HouseholderNum) PointNum 
FROM "ADCDDisasterInfo" LEFT JOIN "ADCDInfo" ON ("ADCDDisasterInfo"."adcd" = "ADCDInfo"."adcd") LEFT JOIN "VillageTransferPerson" ON ("ADCDDisasterInfo"."adcd" = "VillageTransferPerson"."adcd")
WHERE upper("ADCDInfo"."adcd") like @0 AND ("ADCDDisasterInfo"."Year" = @1)
GROUP BY ADCDDisasterInfo.Id,ADCDDisasterInfo.adcd,ADCDInfo.adnm,ADCDInfo.lng,ADCDInfo.lat,ADCDDisasterInfo.TotalNum,ADCDDisasterInfo.PointNum,ADCDDisasterInfo.PopulationNum,ADCDDisasterInfo.FXFTRW,ADCDDisasterInfo.Year
ORDER BY "ADCDInfo"."lng"
PARAMS: @0=331081101%, @1=2017
2017-12-10 16:23:42,598 [5] ServiceStack.OrmLite.OrmLiteReadCommandExtensions - SQL: SELECT DISTINCT "VillageADCD" 
FROM "VillageWorkingGroup"
WHERE (("Year" = @0) AND upper("VillageADCD") like @1)
PARAMS: @0=2017, @1=331081101%
2017-12-10 16:23:42,713 [5] ServiceStack.OrmLite.OrmLiteReadCommandExtensions - SQL: SELECT DISTINCT "VillageADCD" 
FROM "VillageGridPersonLiable"
WHERE (("Year" = @0) AND upper("VillageADCD") like @1)
PARAMS: @0=2017, @1=331081101%
2017-12-10 16:23:42,803 [5] ServiceStack.OrmLite.OrmLiteReadCommandExtensions - SQL: SELECT DISTINCT "adcd" 
FROM "VillageTransferPerson"
WHERE (("Year" = @0) AND upper("adcd") like @1)
PARAMS: @0=2017, @1=331081101%
2017-12-10 16:23:42,891 [5] ServiceStack.OrmLite.OrmLiteReadCommandExtensions - SQL: SELECT COUNT(*) 
FROM "TownPersonLiable"
WHERE (("Year" = @0) AND ("adcd" = @1))
PARAMS: @0=2017, @1=331081101000000
2017-12-10 16:23:42,908 [5] ServiceStack.OrmLite.OrmLiteReadCommandExtensions - SQL: SELECT DISTINCT "adcd" 
FROM "VillagePic"
WHERE (("Year" = @0) AND upper("adcd") like @1)
PARAMS: @0=2017, @1=331081101%
2017-12-10 16:23:42,979 [5] ServiceStack.OrmLite.OrmLiteReadCommandExtensions - SQL: select adcd from ADCDInfo where adcd like '%331081101%' and adcd != 331081101000000 and lng > 0 and lat > 0
2017-12-10 16:23:43,162 [5] ServiceStack.OrmLite.OrmLiteReadCommandExtensions - SQL: select adcd from ADCDInfo where adcd like '%331081101%' and adcd != 331081101000000 and ((lng is null and lat is null) or (lng = 0 and lat =0))
2017-12-10 16:23:45,382 [5] ServiceStack.OrmLite.OrmLiteReadCommandExtensions - SQL: SELECT UserInfo.*,UserRoleInfo.RoleID 
FROM "UserInfo" LEFT JOIN "UserRoleInfo" ON ("UserInfo"."Id" = "UserRoleInfo"."UserID")
WHERE ("UserInfo"."UserName" = @0)
PARAMS: @0=13456949003
2017-12-10 16:23:45,409 [5] ServiceStack.OrmLite.OrmLiteReadCommandExtensions - SQL: SELECT TOP 1 "Id", "parentId", "grade", "adcd", "adnm", "lng", "lat", "CreateTime", "operateLog" 
FROM "ADCDInfo"
WHERE ("adcd" = @0)
PARAMS: @0=331000000000000
2017-12-10 16:23:45,434 [5] ServiceStack.OrmLite.OrmLiteReadCommandExtensions - SQL: SELECT TOP 1 "Id", "parentId", "grade", "adcd", "adnm", "lng", "lat", "CreateTime", "operateLog" 
FROM "ADCDInfo"
WHERE ("adcd" = @0)
PARAMS: @0=331081000000000
2017-12-10 16:23:45,477 [5] ServiceStack.OrmLite.OrmLiteResultsFilterExtensions - SQL: INSERT INTO "LogInfo" ("OperationType","tm","adcd","UserName","RealName","Operation") VALUES (@OperationType,@tm,@adcd,@UserName,@RealName,@Operation)
PARAMS: @OperationType=退出, @tm=2017/12/10 16:23:45, @adcd=331081101000000, @UserName=13456949003, @RealName=大溪镇, @Operation={"operateMsg":"退出系统，IP地址为：::1","operateTime":"\/Date(1512894225375+0800)\/","userName":"13456949003"}
2017-12-10 16:23:50,729 [5] ServiceStack.OrmLite.OrmLiteReadCommandExtensions - SQL: SELECT TOP 1 "Id", "UserName", "PassWord", "RealName", "UserRealName", "Unit", "Position", "adcd", "Mobile", "isEnable", "loginNum" 
FROM "UserInfo"
WHERE ("UserName" = @0)
PARAMS: @0=13456949003
2017-12-10 16:23:55,416 [5] ServiceStack.OrmLite.OrmLiteReadCommandExtensions - SQL: SELECT TOP 1 "Id", "UserName", "PassWord", "RealName", "UserRealName", "Unit", "Position", "adcd", "Mobile", "isEnable", "loginNum" 
FROM "UserInfo"
WHERE ("UserName" = @0)
PARAMS: @0=13456949003
2017-12-10 16:23:55,440 [5] ServiceStack.OrmLite.OrmLiteReadCommandExtensions - SQL: SELECT UserInfo.*,UserRoleInfo.RoleID 
FROM "UserInfo" LEFT JOIN "UserRoleInfo" ON ("UserInfo"."Id" = "UserRoleInfo"."UserID")
WHERE ("UserInfo"."UserName" = @0)
PARAMS: @0=13456949003
2017-12-10 16:23:55,461 [5] ServiceStack.OrmLite.OrmLiteReadCommandExtensions - SQL: SELECT TOP 1 "Id", "parentId", "grade", "adcd", "adnm", "lng", "lat", "CreateTime", "operateLog" 
FROM "ADCDInfo"
WHERE ("adcd" = @0)
PARAMS: @0=331000000000000
2017-12-10 16:23:55,484 [5] ServiceStack.OrmLite.OrmLiteReadCommandExtensions - SQL: SELECT TOP 1 "Id", "parentId", "grade", "adcd", "adnm", "lng", "lat", "CreateTime", "operateLog" 
FROM "ADCDInfo"
WHERE ("adcd" = @0)
PARAMS: @0=331081000000000
2017-12-10 16:23:55,511 [5] ServiceStack.OrmLite.OrmLiteReadCommandExtensions - SQL: SELECT TOP 1 "Id", "parentId", "grade", "adcd", "adnm", "lng", "lat", "CreateTime", "operateLog" 
FROM "ADCDInfo"
WHERE ("adcd" is null)
2017-12-10 16:23:55,533 [5] ServiceStack.OrmLite.OrmLiteReadCommandExtensions - SQL: SELECT TOP 1 "Id", "parentId", "grade", "adcd", "adnm", "lng", "lat", "CreateTime", "operateLog" 
FROM "ADCDInfo"
WHERE ("adcd" is null)
2017-12-10 16:23:55,556 [5] ServiceStack.OrmLite.OrmLiteReadCommandExtensions - SQL: SELECT TOP 1 "Id", "parentId", "grade", "adcd", "adnm", "lng", "lat", "CreateTime", "operateLog" 
FROM "ADCDInfo"
WHERE ("adcd" is null)
2017-12-10 16:23:55,582 [5] ServiceStack.OrmLite.OrmLiteReadCommandExtensions - SQL: SELECT UserInfo.*,UserRoleInfo.RoleID 
FROM "UserInfo" LEFT JOIN "UserRoleInfo" ON ("UserInfo"."Id" = "UserRoleInfo"."UserID")
WHERE ("UserInfo"."UserName" = @0)
PARAMS: @0=13456949003
2017-12-10 16:23:55,600 [5] ServiceStack.OrmLite.OrmLiteReadCommandExtensions - SQL: SELECT TOP 1 "Id", "parentId", "grade", "adcd", "adnm", "lng", "lat", "CreateTime", "operateLog" 
FROM "ADCDInfo"
WHERE ("adcd" = @0)
PARAMS: @0=331000000000000
2017-12-10 16:23:55,626 [5] ServiceStack.OrmLite.OrmLiteReadCommandExtensions - SQL: SELECT TOP 1 "Id", "parentId", "grade", "adcd", "adnm", "lng", "lat", "CreateTime", "operateLog" 
FROM "ADCDInfo"
WHERE ("adcd" = @0)
PARAMS: @0=331081000000000
2017-12-10 16:23:55,681 [6] Controller - UserSession失效，自动登录。
2017-12-10 16:23:55,682 [6] ServiceStack.OrmLite.OrmLiteReadCommandExtensions - SQL: SELECT TOP 1 "Id", "UserName", "PassWord", "RealName", "UserRealName", "Unit", "Position", "adcd", "Mobile", "isEnable", "loginNum" 
FROM "UserInfo"
WHERE ("UserName" = @0)
PARAMS: @0=13456949003
2017-12-10 16:23:55,699 [6] ServiceStack.OrmLite.OrmLiteReadCommandExtensions - SQL: SELECT UserInfo.*,UserRoleInfo.RoleID 
FROM "UserInfo" LEFT JOIN "UserRoleInfo" ON ("UserInfo"."Id" = "UserRoleInfo"."UserID")
WHERE ("UserInfo"."UserName" = @0)
PARAMS: @0=13456949003
2017-12-10 16:23:55,718 [6] ServiceStack.OrmLite.OrmLiteReadCommandExtensions - SQL: SELECT TOP 1 "Id", "parentId", "grade", "adcd", "adnm", "lng", "lat", "CreateTime", "operateLog" 
FROM "ADCDInfo"
WHERE ("adcd" = @0)
PARAMS: @0=331000000000000
2017-12-10 16:23:55,743 [6] ServiceStack.OrmLite.OrmLiteReadCommandExtensions - SQL: SELECT TOP 1 "Id", "parentId", "grade", "adcd", "adnm", "lng", "lat", "CreateTime", "operateLog" 
FROM "ADCDInfo"
WHERE ("adcd" = @0)
PARAMS: @0=331081000000000
2017-12-10 16:23:55,775 [6] ServiceStack.OrmLite.OrmLiteReadCommandExtensions - SQL: SELECT "Audit"."AuditNums", "Audit"."Status" 
FROM "Audit"
WHERE ("TownADCD" = @0)
ORDER BY "TownAddTime" DESC
PARAMS: @0=331081101000000
2017-12-10 16:23:55,798 [6] ServiceStack.OrmLite.OrmLiteReadCommandExtensions - SQL: SELECT TOP 1 "Id", "parentId", "grade", "adcd", "adnm", "lng", "lat", "CreateTime", "operateLog" 
FROM "ADCDInfo"
WHERE ("adcd" = @0)
PARAMS: @0=331081101000000
2017-12-10 16:23:56,532 [7] ServiceStack.OrmLite.OrmLiteReadCommandExtensions - SQL: SELECT COUNT(*) 
FROM "ADCDDisasterInfo" LEFT JOIN "ADCDInfo" ON ("ADCDDisasterInfo"."adcd" = "ADCDInfo"."adcd") LEFT JOIN "VillageTransferPerson" ON ("ADCDDisasterInfo"."adcd" = "VillageTransferPerson"."adcd")
WHERE upper("ADCDInfo"."adcd") like @0 AND ("ADCDDisasterInfo"."Year" = @1)
GROUP BY ADCDDisasterInfo.Id,ADCDDisasterInfo.adcd,ADCDInfo.adnm,ADCDInfo.lng,ADCDInfo.lat,ADCDDisasterInfo.TotalNum,ADCDDisasterInfo.PointNum,ADCDDisasterInfo.PopulationNum,ADCDDisasterInfo.FXFTRW,ADCDDisasterInfo.Year
PARAMS: @0=331081101%, @1=2017
2017-12-10 16:23:56,552 [5] ServiceStack.OrmLite.OrmLiteReadCommandExtensions - SQL: SELECT "Id", "parentId", "grade", "adcd", "adnm", "lng", "lat", "CreateTime", "operateLog" 
FROM "ADCDInfo"
WHERE (upper("adcd") like @0 AND ("adcd" <> @1))
PARAMS: @0=331081101%, @1=331081101000000
2017-12-10 16:23:56,639 [5] ServiceStack.OrmLite.OrmLiteReadCommandExtensions - SQL: SELECT DISTINCT "adcd" 
FROM "ADCDDisasterInfo"
WHERE (("Year" = @0) AND upper("adcd") like @1)
PARAMS: @0=2017, @1=331081101%
2017-12-10 16:23:56,676 [7] ServiceStack.OrmLite.OrmLiteReadCommandExtensions - SQL: SELECT TOP 9999999 ADCDDisasterInfo.Id,ADCDDisasterInfo.adcd,ADCDInfo.adnm,ADCDInfo.lng,ADCDInfo.lat,ADCDDisasterInfo.TotalNum,ADCDDisasterInfo.FXFTRW,ADCDDisasterInfo.Year ,SUM(VillageTransferPerson.HouseholderNum) PopulationNum,COUNT(VillageTransferPerson.HouseholderNum) PointNum 
FROM "ADCDDisasterInfo" LEFT JOIN "ADCDInfo" ON ("ADCDDisasterInfo"."adcd" = "ADCDInfo"."adcd") LEFT JOIN "VillageTransferPerson" ON ("ADCDDisasterInfo"."adcd" = "VillageTransferPerson"."adcd")
WHERE upper("ADCDInfo"."adcd") like @0 AND ("ADCDDisasterInfo"."Year" = @1)
GROUP BY ADCDDisasterInfo.Id,ADCDDisasterInfo.adcd,ADCDInfo.adnm,ADCDInfo.lng,ADCDInfo.lat,ADCDDisasterInfo.TotalNum,ADCDDisasterInfo.PointNum,ADCDDisasterInfo.PopulationNum,ADCDDisasterInfo.FXFTRW,ADCDDisasterInfo.Year
ORDER BY "ADCDInfo"."lng"
PARAMS: @0=331081101%, @1=2017
2017-12-10 16:23:56,710 [5] ServiceStack.OrmLite.OrmLiteReadCommandExtensions - SQL: SELECT DISTINCT "VillageADCD" 
FROM "VillageWorkingGroup"
WHERE (("Year" = @0) AND upper("VillageADCD") like @1)
PARAMS: @0=2017, @1=331081101%
2017-12-10 16:23:56,825 [5] ServiceStack.OrmLite.OrmLiteReadCommandExtensions - SQL: SELECT DISTINCT "VillageADCD" 
FROM "VillageGridPersonLiable"
WHERE (("Year" = @0) AND upper("VillageADCD") like @1)
PARAMS: @0=2017, @1=331081101%
2017-12-10 16:23:56,919 [5] ServiceStack.OrmLite.OrmLiteReadCommandExtensions - SQL: SELECT DISTINCT "adcd" 
FROM "VillageTransferPerson"
WHERE (("Year" = @0) AND upper("adcd") like @1)
PARAMS: @0=2017, @1=331081101%
2017-12-10 16:23:57,010 [5] ServiceStack.OrmLite.OrmLiteReadCommandExtensions - SQL: SELECT COUNT(*) 
FROM "TownPersonLiable"
WHERE (("Year" = @0) AND ("adcd" = @1))
PARAMS: @0=2017, @1=331081101000000
2017-12-10 16:23:57,026 [5] ServiceStack.OrmLite.OrmLiteReadCommandExtensions - SQL: SELECT DISTINCT "adcd" 
FROM "VillagePic"
WHERE (("Year" = @0) AND upper("adcd") like @1)
PARAMS: @0=2017, @1=331081101%
2017-12-10 16:23:57,097 [5] ServiceStack.OrmLite.OrmLiteReadCommandExtensions - SQL: select adcd from ADCDInfo where adcd like '%331081101%' and adcd != 331081101000000 and lng > 0 and lat > 0
2017-12-10 16:23:57,302 [5] ServiceStack.OrmLite.OrmLiteReadCommandExtensions - SQL: select adcd from ADCDInfo where adcd like '%331081101%' and adcd != 331081101000000 and ((lng is null and lat is null) or (lng = 0 and lat =0))
2017-12-10 16:23:59,725 [5] ServiceStack.OrmLite.OrmLiteReadCommandExtensions - SQL: SELECT UserInfo.*,UserRoleInfo.RoleID 
FROM "UserInfo" LEFT JOIN "UserRoleInfo" ON ("UserInfo"."Id" = "UserRoleInfo"."UserID")
WHERE ("UserInfo"."UserName" = @0)
PARAMS: @0=13456949003
2017-12-10 16:23:59,741 [5] ServiceStack.OrmLite.OrmLiteReadCommandExtensions - SQL: SELECT TOP 1 "Id", "parentId", "grade", "adcd", "adnm", "lng", "lat", "CreateTime", "operateLog" 
FROM "ADCDInfo"
WHERE ("adcd" = @0)
PARAMS: @0=331000000000000
2017-12-10 16:23:59,766 [5] ServiceStack.OrmLite.OrmLiteReadCommandExtensions - SQL: SELECT TOP 1 "Id", "parentId", "grade", "adcd", "adnm", "lng", "lat", "CreateTime", "operateLog" 
FROM "ADCDInfo"
WHERE ("adcd" = @0)
PARAMS: @0=331081000000000
2017-12-10 16:23:59,792 [5] ServiceStack.OrmLite.OrmLiteResultsFilterExtensions - SQL: INSERT INTO "LogInfo" ("OperationType","tm","adcd","UserName","RealName","Operation") VALUES (@OperationType,@tm,@adcd,@UserName,@RealName,@Operation)
PARAMS: @OperationType=退出, @tm=2017/12/10 16:23:59, @adcd=331081101000000, @UserName=13456949003, @RealName=大溪镇, @Operation={"operateMsg":"退出系统，IP地址为：::1","operateTime":"\/Date(1512894239724+0800)\/","userName":"13456949003"}
2017-12-10 16:24:05,274 [5] ServiceStack.OrmLite.OrmLiteReadCommandExtensions - SQL: SELECT TOP 1 "Id", "UserName", "PassWord", "RealName", "UserRealName", "Unit", "Position", "adcd", "Mobile", "isEnable", "loginNum" 
FROM "UserInfo"
WHERE ("UserName" = @0)
PARAMS: @0=13456949000
2017-12-10 16:24:10,258 [5] ServiceStack.OrmLite.OrmLiteReadCommandExtensions - SQL: SELECT "Id", "UserName", "PassWord", "RealName", "UserRealName", "Unit", "Position", "adcd", "Mobile", "isEnable", "loginNum" 
FROM "UserInfo"
WHERE ((("UserName" = @0) AND ("PassWord" = @1)) AND "isEnable"=1)
PARAMS: @0=13456949000, @1=anuaLf5Oup4NWeLv--K-uA2
2017-12-10 16:24:10,295 [5] ServiceStack.OrmLite.OrmLiteResultsFilterExtensions - SQL: UPDATE "UserInfo" SET "loginNum"=@1 WHERE ("Id" = @0)
PARAMS: @0=1515, @1=632
2017-12-10 16:24:10,335 [5] ServiceStack.OrmLite.OrmLiteReadCommandExtensions - SQL: SELECT UserInfo.*,UserRoleInfo.RoleID 
FROM "UserInfo" LEFT JOIN "UserRoleInfo" ON ("UserInfo"."Id" = "UserRoleInfo"."UserID")
WHERE ("UserInfo"."UserName" = @0)
PARAMS: @0=13456949000
2017-12-10 16:24:10,358 [5] ServiceStack.OrmLite.OrmLiteReadCommandExtensions - SQL: SELECT TOP 1 "Id", "parentId", "grade", "adcd", "adnm", "lng", "lat", "CreateTime", "operateLog" 
FROM "ADCDInfo"
WHERE ("adcd" = @0)
PARAMS: @0=330000000000000
2017-12-10 16:24:10,399 [5] ServiceStack.OrmLite.OrmLiteReadCommandExtensions - SQL: SELECT TOP 1 "Id", "parentId", "grade", "adcd", "adnm", "lng", "lat", "CreateTime", "operateLog" 
FROM "ADCDInfo"
WHERE ("adcd" = @0)
PARAMS: @0=330000000000000
2017-12-10 16:24:10,438 [5] ServiceStack.OrmLite.OrmLiteResultsFilterExtensions - SQL: INSERT INTO "LogInfo" ("OperationType","tm","adcd","UserName","RealName","Operation") VALUES (@OperationType,@tm,@adcd,@UserName,@RealName,@Operation)
PARAMS: @OperationType=登陆, @tm=2017/12/10 16:24:10, @adcd=330000000000000, @UserName=13456949000, @RealName=省, @Operation={"operateMsg":"登录系统，登录IP地址为：::1","operateTime":"\/Date(1512894250335+0800)\/","userName":"13456949000"}
2017-12-10 16:24:10,454 [5] ServiceStack.OrmLite.OrmLiteReadCommandExtensions - SQL: SELECT TOP 1 "Id", "UserName", "PassWord", "RealName", "UserRealName", "Unit", "Position", "adcd", "Mobile", "isEnable", "loginNum" 
FROM "UserInfo"
WHERE ("UserName" = @0)
PARAMS: @0=13456949000
2017-12-10 16:24:10,477 [5] ServiceStack.OrmLite.OrmLiteReadCommandExtensions - SQL: SELECT UserInfo.*,UserRoleInfo.RoleID 
FROM "UserInfo" LEFT JOIN "UserRoleInfo" ON ("UserInfo"."Id" = "UserRoleInfo"."UserID")
WHERE ("UserInfo"."UserName" = @0)
PARAMS: @0=13456949000
2017-12-10 16:24:10,500 [5] ServiceStack.OrmLite.OrmLiteReadCommandExtensions - SQL: SELECT TOP 1 "Id", "parentId", "grade", "adcd", "adnm", "lng", "lat", "CreateTime", "operateLog" 
FROM "ADCDInfo"
WHERE ("adcd" = @0)
PARAMS: @0=330000000000000
2017-12-10 16:24:10,539 [5] ServiceStack.OrmLite.OrmLiteReadCommandExtensions - SQL: SELECT TOP 1 "Id", "parentId", "grade", "adcd", "adnm", "lng", "lat", "CreateTime", "operateLog" 
FROM "ADCDInfo"
WHERE ("adcd" = @0)
PARAMS: @0=330000000000000
2017-12-10 16:24:10,578 [5] ServiceStack.OrmLite.OrmLiteReadCommandExtensions - SQL: SELECT TOP 1 "Id", "parentId", "grade", "adcd", "adnm", "lng", "lat", "CreateTime", "operateLog" 
FROM "ADCDInfo"
WHERE ("adcd" is null)
2017-12-10 16:24:10,602 [5] ServiceStack.OrmLite.OrmLiteReadCommandExtensions - SQL: SELECT TOP 1 "Id", "parentId", "grade", "adcd", "adnm", "lng", "lat", "CreateTime", "operateLog" 
FROM "ADCDInfo"
WHERE ("adcd" is null)
2017-12-10 16:24:10,626 [5] ServiceStack.OrmLite.OrmLiteReadCommandExtensions - SQL: SELECT TOP 1 "Id", "parentId", "grade", "adcd", "adnm", "lng", "lat", "CreateTime", "operateLog" 
FROM "ADCDInfo"
WHERE ("adcd" is null)
2017-12-10 16:24:10,650 [5] ServiceStack.OrmLite.OrmLiteReadCommandExtensions - SQL: SELECT UserInfo.*,UserRoleInfo.RoleID 
FROM "UserInfo" LEFT JOIN "UserRoleInfo" ON ("UserInfo"."Id" = "UserRoleInfo"."UserID")
WHERE ("UserInfo"."UserName" = @0)
PARAMS: @0=13456949000
2017-12-10 16:24:10,669 [5] ServiceStack.OrmLite.OrmLiteReadCommandExtensions - SQL: SELECT TOP 1 "Id", "parentId", "grade", "adcd", "adnm", "lng", "lat", "CreateTime", "operateLog" 
FROM "ADCDInfo"
WHERE ("adcd" = @0)
PARAMS: @0=330000000000000
2017-12-10 16:24:10,711 [5] ServiceStack.OrmLite.OrmLiteReadCommandExtensions - SQL: SELECT TOP 1 "Id", "parentId", "grade", "adcd", "adnm", "lng", "lat", "CreateTime", "operateLog" 
FROM "ADCDInfo"
WHERE ("adcd" = @0)
PARAMS: @0=330000000000000
2017-12-10 16:24:10,766 [6] Controller - UserSession失效，自动登录。
2017-12-10 16:24:10,766 [6] ServiceStack.OrmLite.OrmLiteReadCommandExtensions - SQL: SELECT TOP 1 "Id", "UserName", "PassWord", "RealName", "UserRealName", "Unit", "Position", "adcd", "Mobile", "isEnable", "loginNum" 
FROM "UserInfo"
WHERE ("UserName" = @0)
PARAMS: @0=13456949000
2017-12-10 16:24:10,782 [6] ServiceStack.OrmLite.OrmLiteReadCommandExtensions - SQL: SELECT UserInfo.*,UserRoleInfo.RoleID 
FROM "UserInfo" LEFT JOIN "UserRoleInfo" ON ("UserInfo"."Id" = "UserRoleInfo"."UserID")
WHERE ("UserInfo"."UserName" = @0)
PARAMS: @0=13456949000
2017-12-10 16:24:10,802 [6] ServiceStack.OrmLite.OrmLiteReadCommandExtensions - SQL: SELECT TOP 1 "Id", "parentId", "grade", "adcd", "adnm", "lng", "lat", "CreateTime", "operateLog" 
FROM "ADCDInfo"
WHERE ("adcd" = @0)
PARAMS: @0=330000000000000
2017-12-10 16:24:10,842 [6] ServiceStack.OrmLite.OrmLiteReadCommandExtensions - SQL: SELECT TOP 1 "Id", "parentId", "grade", "adcd", "adnm", "lng", "lat", "CreateTime", "operateLog" 
FROM "ADCDInfo"
WHERE ("adcd" = @0)
PARAMS: @0=330000000000000
2017-12-10 16:24:10,883 [6] ServiceStack.OrmLite.OrmLiteReadCommandExtensions - SQL: SELECT TOP 1 "Id", "parentId", "grade", "adcd", "adnm", "lng", "lat", "CreateTime", "operateLog" 
FROM "ADCDInfo"
WHERE ("adcd" = @0)
PARAMS: @0=330000000000000
2017-12-10 16:24:10,927 [6] ServiceStack.OrmLite.OrmLiteReadCommandExtensions - SQL: SELECT "Id", "parentId", "grade", "adcd", "adnm", "lng", "lat", "CreateTime", "operateLog" 
FROM "ADCDInfo"
WHERE ("adcd" = @0)
ORDER BY "adcd"
PARAMS: @0=330000000000000
2017-12-10 16:24:12,252 [7] ServiceStack.OrmLite.OrmLiteReadCommandExtensions - SQL: SELECT COUNT(*) 
FROM "ADCDInfo"
WHERE adcd like '33__00000000000' and adcd !='330000000000000'
2017-12-10 16:24:12,365 [7] ServiceStack.OrmLite.OrmLiteReadCommandExtensions - SQL: SELECT TOP 999 "Id", "parentId", "grade", "adcd", "adnm", "lng", "lat", "CreateTime", "operateLog" 
FROM "ADCDInfo"
WHERE adcd like '33__00000000000' and adcd !='330000000000000'
ORDER BY "adcd"
2017-12-10 16:24:15,667 [6] ServiceStack.OrmLite.OrmLiteReadCommandExtensions - SQL: SELECT UserInfo.*,UserRoleInfo.RoleID 
FROM "UserInfo" LEFT JOIN "UserRoleInfo" ON ("UserInfo"."Id" = "UserRoleInfo"."UserID")
WHERE ("UserInfo"."UserName" = @0)
PARAMS: @0=13456949000
2017-12-10 16:24:15,693 [6] ServiceStack.OrmLite.OrmLiteReadCommandExtensions - SQL: SELECT TOP 1 "Id", "parentId", "grade", "adcd", "adnm", "lng", "lat", "CreateTime", "operateLog" 
FROM "ADCDInfo"
WHERE ("adcd" = @0)
PARAMS: @0=330000000000000
2017-12-10 16:24:15,734 [6] ServiceStack.OrmLite.OrmLiteReadCommandExtensions - SQL: SELECT TOP 1 "Id", "parentId", "grade", "adcd", "adnm", "lng", "lat", "CreateTime", "operateLog" 
FROM "ADCDInfo"
WHERE ("adcd" = @0)
PARAMS: @0=330000000000000
2017-12-10 16:24:15,781 [6] ServiceStack.OrmLite.OrmLiteResultsFilterExtensions - SQL: INSERT INTO "LogInfo" ("OperationType","tm","adcd","UserName","RealName","Operation") VALUES (@OperationType,@tm,@adcd,@UserName,@RealName,@Operation)
PARAMS: @OperationType=退出, @tm=2017/12/10 16:24:15, @adcd=330000000000000, @UserName=13456949000, @RealName=省, @Operation={"operateMsg":"退出系统，IP地址为：::1","operateTime":"\/Date(1512894255666+0800)\/","userName":"13456949000"}
2017-12-10 17:01:35,635 [1] ServiceStack.OrmLite.OrmLiteReadCommandExtensions - SQL: select * from INFORMATION_SCHEMA.columns where table_name = 'adcddisasterinfo' 
2017-12-10 17:01:35,679 [1] ServiceStack.OrmLite.OrmLiteReadCommandExtensions - SQL: select * from INFORMATION_SCHEMA.columns where table_name = 'adcddisasterinfo' 
2017-12-10 17:01:35,691 [1] ServiceStack.OrmLite.OrmLiteReadCommandExtensions - SQL: select * from INFORMATION_SCHEMA.columns where table_name = 'adcddisasterinfo' 
2017-12-10 17:01:35,704 [1] ServiceStack.OrmLite.OrmLiteReadCommandExtensions - SQL: select * from INFORMATION_SCHEMA.columns where table_name = 'adcdinfo' 
2017-12-10 17:01:35,717 [1] ServiceStack.OrmLite.OrmLiteReadCommandExtensions - SQL: select * from INFORMATION_SCHEMA.columns where table_name = 'adcdinfo' 
2017-12-10 17:01:35,731 [1] ServiceStack.OrmLite.OrmLiteReadCommandExtensions - SQL: select * from INFORMATION_SCHEMA.columns where table_name = 'villageworkinggroup' 
2017-12-10 17:01:35,742 [1] ServiceStack.OrmLite.OrmLiteReadCommandExtensions - SQL: select * from INFORMATION_SCHEMA.columns where table_name = 'villagetransferperson' 
2017-12-10 17:01:35,758 [1] ServiceStack.OrmLite.OrmLiteReadCommandExtensions - SQL: select * from INFORMATION_SCHEMA.columns where table_name = 'villagegridpersonliable' 
2017-12-10 17:01:35,771 [1] ServiceStack.OrmLite.OrmLiteReadCommandExtensions - SQL: select * from INFORMATION_SCHEMA.columns where table_name = 'villagegridpersonliable' 
2017-12-10 17:01:35,784 [1] ServiceStack.OrmLite.OrmLiteReadCommandExtensions - SQL: select * from INFORMATION_SCHEMA.columns where table_name = 'villagegridpersonliable' 
2017-12-10 17:01:35,798 [1] ServiceStack.OrmLite.OrmLiteReadCommandExtensions - SQL: select * from INFORMATION_SCHEMA.columns where table_name = 'userinfo' 
2017-12-10 17:01:35,812 [1] ServiceStack.OrmLite.OrmLiteReadCommandExtensions - SQL: select * from INFORMATION_SCHEMA.columns where table_name = 'userinfo' 
2017-12-10 17:01:35,844 [1] ServiceStack.OrmLite.OrmLiteReadCommandExtensions - SQL: select * from INFORMATION_SCHEMA.columns where table_name = 'userinfo' 
2017-12-10 17:01:35,861 [1] ServiceStack.OrmLite.OrmLiteReadCommandExtensions - SQL: select * from INFORMATION_SCHEMA.columns where table_name = 'userinfo' 
2017-12-10 17:01:35,876 [1] ServiceStack.OrmLite.OrmLiteReadCommandExtensions - SQL: select * from INFORMATION_SCHEMA.columns where table_name = 'audit' 
2017-12-10 17:01:35,889 [1] ServiceStack.OrmLite.OrmLiteReadCommandExtensions - SQL: select * from INFORMATION_SCHEMA.columns where table_name = 'auditdetails' 
2017-12-10 17:01:35,902 [1] ServiceStack.OrmLite.OrmLiteReadCommandExtensions - SQL: select * from INFORMATION_SCHEMA.columns where table_name = 'villagegridpersonliable' 
2017-12-10 17:01:35,917 [1] ServiceStack.OrmLite.OrmLiteReadCommandExtensions - SQL: select * from INFORMATION_SCHEMA.columns where table_name = 'villagegridpersonliable' 
2017-12-10 17:01:35,931 [1] ServiceStack.OrmLite.OrmLiteReadCommandExtensions - SQL: select * from INFORMATION_SCHEMA.columns where table_name = 'villagegridpersonliable' 
2017-12-10 17:01:35,945 [1] ServiceStack.OrmLite.OrmLiteReadCommandExtensions - SQL: select * from INFORMATION_SCHEMA.columns where table_name = 'villagepic' 
2017-12-10 17:01:35,959 [1] ServiceStack.OrmLite.OrmLiteReadCommandExtensions - SQL: select * from INFORMATION_SCHEMA.columns where table_name = 'villagepic' 
2017-12-10 17:01:35,972 [1] ServiceStack.OrmLite.OrmLiteReadCommandExtensions - SQL: select * from INFORMATION_SCHEMA.columns where table_name = 'villagepic' 
2017-12-10 17:01:35,984 [1] ServiceStack.OrmLite.OrmLiteReadCommandExtensions - SQL: select * from INFORMATION_SCHEMA.columns where table_name = 'villagetransferperson' 
2017-12-10 17:01:35,997 [1] ServiceStack.OrmLite.OrmLiteReadCommandExtensions - SQL: select * from INFORMATION_SCHEMA.columns where table_name = 'villagetransferperson' 
2017-12-10 17:01:36,014 [1] ServiceStack.OrmLite.OrmLiteReadCommandExtensions - SQL: select * from INFORMATION_SCHEMA.columns where table_name = 'villagetransferperson' 
2017-12-10 17:01:36,028 [1] ServiceStack.OrmLite.OrmLiteReadCommandExtensions - SQL: select * from INFORMATION_SCHEMA.columns where table_name = 'villagetransferperson' 
2017-12-10 17:01:36,045 [1] ServiceStack.OrmLite.OrmLiteReadCommandExtensions - SQL: select * from INFORMATION_SCHEMA.columns where table_name = 'villageworkinggroup' 
2017-12-10 17:01:36,057 [1] ServiceStack.OrmLite.OrmLiteReadCommandExtensions - SQL: select * from INFORMATION_SCHEMA.columns where table_name = 'villageworkinggroup' 
2017-12-10 17:01:36,071 [1] ServiceStack.OrmLite.OrmLiteReadCommandExtensions - SQL: select * from INFORMATION_SCHEMA.columns where table_name = 'villageworkinggroup' 
2017-12-10 17:01:36,085 [1] ServiceStack.OrmLite.OrmLiteReadCommandExtensions - SQL: select * from INFORMATION_SCHEMA.columns where table_name = 'adcddisasterinfo' 
2017-12-10 17:01:36,098 [1] ServiceStack.OrmLite.OrmLiteReadCommandExtensions - SQL: select * from INFORMATION_SCHEMA.columns where table_name = 'countryperson' 
2017-12-10 17:01:36,111 [1] ServiceStack.OrmLite.OrmLiteReadCommandExtensions - SQL: select * from INFORMATION_SCHEMA.columns where table_name = 'countryperson' 
2017-12-10 17:01:36,124 [1] ServiceStack.OrmLite.OrmLiteReadCommandExtensions - SQL: select * from INFORMATION_SCHEMA.columns where table_name = 'countryperson' 
2017-12-10 17:01:36,139 [1] ServiceStack.OrmLite.OrmLiteReadCommandExtensions - SQL: select * from INFORMATION_SCHEMA.columns where table_name = 'countryperson' 
2017-12-10 17:01:36,153 [1] ServiceStack.OrmLite.OrmLiteReadCommandExtensions - SQL: select * from INFORMATION_SCHEMA.columns where table_name = 'townpersonliable' 
2017-12-10 17:01:36,167 [1] ServiceStack.OrmLite.OrmLiteReadCommandExtensions - SQL: select * from INFORMATION_SCHEMA.columns where table_name = 'townpersonliable' 
2017-12-10 17:01:36,179 [1] ServiceStack.OrmLite.OrmLiteReadCommandExtensions - SQL: select * from INFORMATION_SCHEMA.columns where table_name = 'townpersonliable' 
2017-12-10 17:01:36,194 [1] ServiceStack.OrmLite.OrmLiteReadCommandExtensions - SQL: select * from INFORMATION_SCHEMA.columns where table_name = 'auditcounty' 
2017-12-10 17:01:36,206 [1] ServiceStack.OrmLite.OrmLiteReadCommandExtensions - SQL: select * from INFORMATION_SCHEMA.columns where table_name = 'apprecord' 
2017-12-10 17:01:36,221 [1] ServiceStack.OrmLite.OrmLiteReadCommandExtensions - SQL: select * from INFORMATION_SCHEMA.columns where table_name = 'apprecord' 
2017-12-10 17:01:36,234 [1] ServiceStack.OrmLite.OrmLiteReadCommandExtensions - SQL: select * from INFORMATION_SCHEMA.columns where table_name = 'apprecord' 
2017-12-10 17:01:36,249 [1] ServiceStack.OrmLite.OrmLiteReadCommandExtensions - SQL: select * from INFORMATION_SCHEMA.columns where table_name = 'apprecord' 
2017-12-10 17:01:36,263 [1] ServiceStack.OrmLite.OrmLiteReadCommandExtensions - SQL: select * from INFORMATION_SCHEMA.columns where table_name = 'apprecord' 
2017-12-10 17:01:36,302 [1] ServiceStack.OrmLite.OrmLiteReadCommandExtensions - SQL: SELECT TOP 1 "Id", "RoleName", "LastOeration" 
FROM "Role"
WHERE ("RoleName" = @0)
PARAMS: @0=系统管理员
2017-12-10 17:01:36,327 [1] ServiceStack.OrmLite.OrmLiteReadCommandExtensions - SQL: SELECT TOP 1 "Id", "UserName", "PassWord", "RealName", "UserRealName", "Unit", "Position", "adcd", "Mobile", "isEnable", "loginNum" 
FROM "UserInfo"
WHERE ("UserName" = @0)
PARAMS: @0=admin
2017-12-10 17:01:36,446 [1] ServiceStack.Support.Markdown.MarkdownPage - Compiled Content/ComprehensiveApp/leaflet/leaflet-locationfilter-master/README.md in 40ms
2017-12-10 17:01:36,463 [1] ServiceStack.Support.Markdown.MarkdownPage - Compiled Content/ComprehensiveApp/leaflet/Leaflet.draw-master/BREAKINGCHANGES.md in 8ms
2017-12-10 17:01:36,472 [1] ServiceStack.Support.Markdown.MarkdownPage - Compiled Content/ComprehensiveApp/leaflet/Leaflet.draw-master/CHANGELOG.md in 8ms
2017-12-10 17:01:36,473 [1] ServiceStack.Support.Markdown.MarkdownPage - Compiled Content/ComprehensiveApp/leaflet/Leaflet.draw-master/ISSUE_TEMPLATE.md in 1ms
2017-12-10 17:01:36,474 [1] ServiceStack.Support.Markdown.MarkdownPage - Compiled Content/ComprehensiveApp/leaflet/Leaflet.draw-master/MIT-LICENSE.md in 0ms
2017-12-10 17:01:36,489 [1] ServiceStack.Support.Markdown.MarkdownPage - Compiled Content/ComprehensiveApp/leaflet/Leaflet.draw-master/README.md in 14ms
2017-12-10 17:01:36,491 [1] ServiceStack.Support.Markdown.MarkdownPage - Compiled Content/ComprehensiveApp/leaflet/Leaflet.draw-master/TODO.md in 0ms
2017-12-10 17:01:36,511 [1] ServiceStack.Support.Markdown.MarkdownPage - Compiled Content/grumble/README.md in 0ms
2017-12-10 17:01:36,527 [1] ServiceStack.Support.Markdown.MarkdownPage - Compiled Content/layer-master/CHANGELOG.md in 1ms
2017-12-10 17:01:36,528 [1] ServiceStack.Support.Markdown.MarkdownPage - Compiled Content/layer-master/README.md in 0ms
2017-12-10 17:01:36,530 [1] ServiceStack.Support.Markdown.MarkdownPage - Compiled Content/layer-master/src/README.md in 0ms
2017-12-10 17:01:36,531 [1] ServiceStack.Support.Markdown.MarkdownPage - Compiled Content/layer-master/src/mobile/README.md in 0ms
2017-12-10 17:01:36,571 [1] ServiceStack.Support.Markdown.MarkdownPage - Compiled Content/PhotoSwipe-master/README.md in 1ms
2017-12-10 17:01:36,599 [1] ServiceStack.Support.Markdown.MarkdownPage - Compiled Content/ueditor/net/README.md in 2ms
2017-12-10 17:01:36,665 [1] ServiceStack.Support.Markdown.MarkdownPage - Compiled js/plugins/webuploader/README.md in 0ms
2017-12-10 17:01:50,521 [5] ServiceStack.OrmLite.OrmLiteReadCommandExtensions - SQL: SELECT TOP 1 "Id", "UserName", "PassWord", "RealName", "UserRealName", "Unit", "Position", "adcd", "Mobile", "isEnable", "loginNum" 
FROM "UserInfo"
WHERE ("UserName" = @0)
PARAMS: @0=13456949003
2017-12-10 17:01:53,460 [5] ServiceStack.OrmLite.OrmLiteReadCommandExtensions - SQL: SELECT "Id", "UserName", "PassWord", "RealName", "UserRealName", "Unit", "Position", "adcd", "Mobile", "isEnable", "loginNum" 
FROM "UserInfo"
WHERE ((("UserName" = @0) AND ("PassWord" = @1)) AND "isEnable"=1)
PARAMS: @0=13456949003, @1=pcPiHrIeFBo1
2017-12-10 17:01:53,498 [5] ServiceStack.OrmLite.OrmLiteResultsFilterExtensions - SQL: UPDATE "UserInfo" SET "loginNum"=@1 WHERE ("Id" = @0)
PARAMS: @0=1114, @1=206
2017-12-10 17:01:53,530 [5] ServiceStack.OrmLite.OrmLiteReadCommandExtensions - SQL: SELECT UserInfo.*,UserRoleInfo.RoleID 
FROM "UserInfo" LEFT JOIN "UserRoleInfo" ON ("UserInfo"."Id" = "UserRoleInfo"."UserID")
WHERE ("UserInfo"."UserName" = @0)
PARAMS: @0=13456949003
2017-12-10 17:01:53,572 [5] ServiceStack.OrmLite.OrmLiteReadCommandExtensions - SQL: SELECT TOP 1 "Id", "parentId", "grade", "adcd", "adnm", "lng", "lat", "CreateTime", "operateLog" 
FROM "ADCDInfo"
WHERE ("adcd" = @0)
PARAMS: @0=331000000000000
2017-12-10 17:01:53,600 [5] ServiceStack.OrmLite.OrmLiteReadCommandExtensions - SQL: SELECT TOP 1 "Id", "parentId", "grade", "adcd", "adnm", "lng", "lat", "CreateTime", "operateLog" 
FROM "ADCDInfo"
WHERE ("adcd" = @0)
PARAMS: @0=331081000000000
2017-12-10 17:01:53,651 [5] ServiceStack.OrmLite.OrmLiteResultsFilterExtensions - SQL: INSERT INTO "LogInfo" ("OperationType","tm","adcd","UserName","RealName","Operation") VALUES (@OperationType,@tm,@adcd,@UserName,@RealName,@Operation)
PARAMS: @OperationType=登陆, @tm=2017/12/10 17:01:53, @adcd=331081101000000, @UserName=13456949003, @RealName=大溪镇, @Operation={"operateMsg":"登录系统，登录IP地址为：::1","operateTime":"\/Date(1512896513515+0800)\/","userName":"13456949003"}
2017-12-10 17:01:53,671 [5] ServiceStack.OrmLite.OrmLiteReadCommandExtensions - SQL: SELECT TOP 1 "Id", "UserName", "PassWord", "RealName", "UserRealName", "Unit", "Position", "adcd", "Mobile", "isEnable", "loginNum" 
FROM "UserInfo"
WHERE ("UserName" = @0)
PARAMS: @0=13456949003
2017-12-10 17:01:53,696 [5] ServiceStack.OrmLite.OrmLiteReadCommandExtensions - SQL: SELECT UserInfo.*,UserRoleInfo.RoleID 
FROM "UserInfo" LEFT JOIN "UserRoleInfo" ON ("UserInfo"."Id" = "UserRoleInfo"."UserID")
WHERE ("UserInfo"."UserName" = @0)
PARAMS: @0=13456949003
2017-12-10 17:01:53,720 [5] ServiceStack.OrmLite.OrmLiteReadCommandExtensions - SQL: SELECT TOP 1 "Id", "parentId", "grade", "adcd", "adnm", "lng", "lat", "CreateTime", "operateLog" 
FROM "ADCDInfo"
WHERE ("adcd" = @0)
PARAMS: @0=331000000000000
2017-12-10 17:01:53,744 [5] ServiceStack.OrmLite.OrmLiteReadCommandExtensions - SQL: SELECT TOP 1 "Id", "parentId", "grade", "adcd", "adnm", "lng", "lat", "CreateTime", "operateLog" 
FROM "ADCDInfo"
WHERE ("adcd" = @0)
PARAMS: @0=331081000000000
2017-12-10 17:01:53,777 [5] ServiceStack.OrmLite.OrmLiteReadCommandExtensions - SQL: SELECT TOP 1 "Id", "parentId", "grade", "adcd", "adnm", "lng", "lat", "CreateTime", "operateLog" 
FROM "ADCDInfo"
WHERE ("adcd" is null)
2017-12-10 17:01:53,799 [5] ServiceStack.OrmLite.OrmLiteReadCommandExtensions - SQL: SELECT TOP 1 "Id", "parentId", "grade", "adcd", "adnm", "lng", "lat", "CreateTime", "operateLog" 
FROM "ADCDInfo"
WHERE ("adcd" is null)
2017-12-10 17:01:53,824 [5] ServiceStack.OrmLite.OrmLiteReadCommandExtensions - SQL: SELECT TOP 1 "Id", "parentId", "grade", "adcd", "adnm", "lng", "lat", "CreateTime", "operateLog" 
FROM "ADCDInfo"
WHERE ("adcd" is null)
2017-12-10 17:01:53,860 [5] ServiceStack.OrmLite.OrmLiteReadCommandExtensions - SQL: SELECT UserInfo.*,UserRoleInfo.RoleID 
FROM "UserInfo" LEFT JOIN "UserRoleInfo" ON ("UserInfo"."Id" = "UserRoleInfo"."UserID")
WHERE ("UserInfo"."UserName" = @0)
PARAMS: @0=13456949003
2017-12-10 17:01:53,880 [5] ServiceStack.OrmLite.OrmLiteReadCommandExtensions - SQL: SELECT TOP 1 "Id", "parentId", "grade", "adcd", "adnm", "lng", "lat", "CreateTime", "operateLog" 
FROM "ADCDInfo"
WHERE ("adcd" = @0)
PARAMS: @0=331000000000000
2017-12-10 17:01:53,903 [5] ServiceStack.OrmLite.OrmLiteReadCommandExtensions - SQL: SELECT TOP 1 "Id", "parentId", "grade", "adcd", "adnm", "lng", "lat", "CreateTime", "operateLog" 
FROM "ADCDInfo"
WHERE ("adcd" = @0)
PARAMS: @0=331081000000000
2017-12-10 17:01:53,955 [6] Controller - UserSession失效，自动登录。
2017-12-10 17:01:53,958 [6] ServiceStack.OrmLite.OrmLiteReadCommandExtensions - SQL: SELECT TOP 1 "Id", "UserName", "PassWord", "RealName", "UserRealName", "Unit", "Position", "adcd", "Mobile", "isEnable", "loginNum" 
FROM "UserInfo"
WHERE ("UserName" = @0)
PARAMS: @0=13456949003
2017-12-10 17:01:53,983 [6] ServiceStack.OrmLite.OrmLiteReadCommandExtensions - SQL: SELECT UserInfo.*,UserRoleInfo.RoleID 
FROM "UserInfo" LEFT JOIN "UserRoleInfo" ON ("UserInfo"."Id" = "UserRoleInfo"."UserID")
WHERE ("UserInfo"."UserName" = @0)
PARAMS: @0=13456949003
2017-12-10 17:01:54,000 [6] ServiceStack.OrmLite.OrmLiteReadCommandExtensions - SQL: SELECT TOP 1 "Id", "parentId", "grade", "adcd", "adnm", "lng", "lat", "CreateTime", "operateLog" 
FROM "ADCDInfo"
WHERE ("adcd" = @0)
PARAMS: @0=331000000000000
2017-12-10 17:01:54,024 [6] ServiceStack.OrmLite.OrmLiteReadCommandExtensions - SQL: SELECT TOP 1 "Id", "parentId", "grade", "adcd", "adnm", "lng", "lat", "CreateTime", "operateLog" 
FROM "ADCDInfo"
WHERE ("adcd" = @0)
PARAMS: @0=331081000000000
2017-12-10 17:01:54,070 [6] ServiceStack.OrmLite.OrmLiteReadCommandExtensions - SQL: SELECT "Audit"."AuditNums", "Audit"."Status" 
FROM "Audit"
WHERE ("TownADCD" = @0)
ORDER BY "TownAddTime" DESC
PARAMS: @0=331081101000000
2017-12-10 17:01:54,095 [6] ServiceStack.OrmLite.OrmLiteReadCommandExtensions - SQL: SELECT TOP 1 "Id", "parentId", "grade", "adcd", "adnm", "lng", "lat", "CreateTime", "operateLog" 
FROM "ADCDInfo"
WHERE ("adcd" = @0)
PARAMS: @0=331081101000000
2017-12-10 17:01:57,551 [5] ServiceStack.OrmLite.OrmLiteReadCommandExtensions - SQL: SELECT "Id", "parentId", "grade", "adcd", "adnm", "lng", "lat", "CreateTime", "operateLog" 
FROM "ADCDInfo"
WHERE (upper("adcd") like @0 AND ("adcd" <> @1))
PARAMS: @0=331081101%, @1=331081101000000
2017-12-10 17:01:57,579 [8] ServiceStack.OrmLite.OrmLiteReadCommandExtensions - SQL: SELECT COUNT(*) 
FROM "ADCDDisasterInfo" LEFT JOIN "ADCDInfo" ON ("ADCDDisasterInfo"."adcd" = "ADCDInfo"."adcd") LEFT JOIN "VillageTransferPerson" ON ("ADCDDisasterInfo"."adcd" = "VillageTransferPerson"."adcd")
WHERE upper("ADCDInfo"."adcd") like @0 AND ("ADCDDisasterInfo"."Year" = @1)
GROUP BY ADCDDisasterInfo.Id,ADCDDisasterInfo.adcd,ADCDInfo.adnm,ADCDInfo.lng,ADCDInfo.lat,ADCDDisasterInfo.TotalNum,ADCDDisasterInfo.PointNum,ADCDDisasterInfo.PopulationNum,ADCDDisasterInfo.FXFTRW,ADCDDisasterInfo.Year
PARAMS: @0=331081101%, @1=2017
2017-12-10 17:01:57,692 [5] ServiceStack.OrmLite.OrmLiteReadCommandExtensions - SQL: SELECT DISTINCT "adcd" 
FROM "ADCDDisasterInfo"
WHERE (("Year" = @0) AND upper("adcd") like @1)
PARAMS: @0=2017, @1=331081101%
2017-12-10 17:01:57,788 [5] ServiceStack.OrmLite.OrmLiteReadCommandExtensions - SQL: SELECT DISTINCT "VillageADCD" 
FROM "VillageWorkingGroup"
WHERE (("Year" = @0) AND upper("VillageADCD") like @1)
PARAMS: @0=2017, @1=331081101%
2017-12-10 17:01:57,806 [8] ServiceStack.OrmLite.OrmLiteReadCommandExtensions - SQL: SELECT TOP 9999999 ADCDDisasterInfo.Id,ADCDDisasterInfo.adcd,ADCDInfo.adnm,ADCDInfo.lng,ADCDInfo.lat,ADCDDisasterInfo.TotalNum,ADCDDisasterInfo.FXFTRW,ADCDDisasterInfo.Year ,SUM(VillageTransferPerson.HouseholderNum) PopulationNum,COUNT(VillageTransferPerson.HouseholderNum) PointNum 
FROM "ADCDDisasterInfo" LEFT JOIN "ADCDInfo" ON ("ADCDDisasterInfo"."adcd" = "ADCDInfo"."adcd") LEFT JOIN "VillageTransferPerson" ON ("ADCDDisasterInfo"."adcd" = "VillageTransferPerson"."adcd")
WHERE upper("ADCDInfo"."adcd") like @0 AND ("ADCDDisasterInfo"."Year" = @1)
GROUP BY ADCDDisasterInfo.Id,ADCDDisasterInfo.adcd,ADCDInfo.adnm,ADCDInfo.lng,ADCDInfo.lat,ADCDDisasterInfo.TotalNum,ADCDDisasterInfo.PointNum,ADCDDisasterInfo.PopulationNum,ADCDDisasterInfo.FXFTRW,ADCDDisasterInfo.Year
ORDER BY "ADCDInfo"."lng"
PARAMS: @0=331081101%, @1=2017
2017-12-10 17:01:57,929 [5] ServiceStack.OrmLite.OrmLiteReadCommandExtensions - SQL: SELECT DISTINCT "VillageADCD" 
FROM "VillageGridPersonLiable"
WHERE (("Year" = @0) AND upper("VillageADCD") like @1)
PARAMS: @0=2017, @1=331081101%
2017-12-10 17:01:58,027 [5] ServiceStack.OrmLite.OrmLiteReadCommandExtensions - SQL: SELECT DISTINCT "adcd" 
FROM "VillageTransferPerson"
WHERE (("Year" = @0) AND upper("adcd") like @1)
PARAMS: @0=2017, @1=331081101%
2017-12-10 17:01:58,136 [5] ServiceStack.OrmLite.OrmLiteReadCommandExtensions - SQL: SELECT COUNT(*) 
FROM "TownPersonLiable"
WHERE (("Year" = @0) AND ("adcd" = @1))
PARAMS: @0=2017, @1=331081101000000
2017-12-10 17:01:58,251 [5] ServiceStack.OrmLite.OrmLiteReadCommandExtensions - SQL: SELECT DISTINCT "adcd" 
FROM "VillagePic"
WHERE (("Year" = @0) AND upper("adcd") like @1)
PARAMS: @0=2017, @1=331081101%
2017-12-10 17:01:58,394 [5] ServiceStack.OrmLite.OrmLiteReadCommandExtensions - SQL: select adcd from ADCDInfo where adcd like '%331081101%' and adcd != 331081101000000 and lng > 0 and lat > 0
2017-12-10 17:01:58,602 [5] ServiceStack.OrmLite.OrmLiteReadCommandExtensions - SQL: select adcd from ADCDInfo where adcd like '%331081101%' and adcd != 331081101000000 and ((lng is null and lat is null) or (lng = 0 and lat =0))
2017-12-10 17:01:59,603 [10] ServiceStack.OrmLite.OrmLiteReadCommandExtensions - SQL: SELECT UserInfo.*,UserRoleInfo.RoleID 
FROM "UserInfo" LEFT JOIN "UserRoleInfo" ON ("UserInfo"."Id" = "UserRoleInfo"."UserID")
WHERE ("UserInfo"."UserName" = @0)
PARAMS: @0=13456949003
2017-12-10 17:01:59,624 [10] ServiceStack.OrmLite.OrmLiteReadCommandExtensions - SQL: SELECT TOP 1 "Id", "parentId", "grade", "adcd", "adnm", "lng", "lat", "CreateTime", "operateLog" 
FROM "ADCDInfo"
WHERE ("adcd" = @0)
PARAMS: @0=331000000000000
2017-12-10 17:01:59,649 [10] ServiceStack.OrmLite.OrmLiteReadCommandExtensions - SQL: SELECT TOP 1 "Id", "parentId", "grade", "adcd", "adnm", "lng", "lat", "CreateTime", "operateLog" 
FROM "ADCDInfo"
WHERE ("adcd" = @0)
PARAMS: @0=331081000000000
2017-12-10 17:01:59,678 [10] ServiceStack.OrmLite.OrmLiteResultsFilterExtensions - SQL: INSERT INTO "LogInfo" ("OperationType","tm","adcd","UserName","RealName","Operation") VALUES (@OperationType,@tm,@adcd,@UserName,@RealName,@Operation)
PARAMS: @OperationType=退出, @tm=2017/12/10 17:01:59, @adcd=331081101000000, @UserName=13456949003, @RealName=大溪镇, @Operation={"operateMsg":"退出系统，IP地址为：::1","operateTime":"\/Date(1512896519603+0800)\/","userName":"13456949003"}
