2017-10-03 17:33:56,697 [1] ServiceStack.OrmLite.OrmLiteReadCommandExtensions - SQL: select * from INFORMATION_SCHEMA.columns where table_name = 'adcddisasterinfo' 
2017-10-03 17:33:56,744 [1] ServiceStack.OrmLite.OrmLiteReadCommandExtensions - SQL: select * from INFORMATION_SCHEMA.columns where table_name = 'adcddisasterinfo' 
2017-10-03 17:33:56,764 [1] ServiceStack.OrmLite.OrmLiteReadCommandExtensions - SQL: select * from INFORMATION_SCHEMA.columns where table_name = 'adcddisasterinfo' 
2017-10-03 17:33:56,780 [1] ServiceStack.OrmLite.OrmLiteReadCommandExtensions - SQL: select * from INFORMATION_SCHEMA.columns where table_name = 'adcdinfo' 
2017-10-03 17:33:56,797 [1] ServiceStack.OrmLite.OrmLiteReadCommandExtensions - SQL: select * from INFORMATION_SCHEMA.columns where table_name = 'adcdinfo' 
2017-10-03 17:33:56,815 [1] ServiceStack.OrmLite.OrmLiteReadCommandExtensions - SQL: select * from INFORMATION_SCHEMA.columns where table_name = 'villageworkinggroup' 
2017-10-03 17:33:56,834 [1] ServiceStack.OrmLite.OrmLiteReadCommandExtensions - SQL: select * from INFORMATION_SCHEMA.columns where table_name = 'villagetransferperson' 
2017-10-03 17:33:56,853 [1] ServiceStack.OrmLite.OrmLiteReadCommandExtensions - SQL: select * from INFORMATION_SCHEMA.columns where table_name = 'villagegridpersonliable' 
2017-10-03 17:33:56,869 [1] ServiceStack.OrmLite.OrmLiteReadCommandExtensions - SQL: select * from INFORMATION_SCHEMA.columns where table_name = 'villagegridpersonliable' 
2017-10-03 17:33:56,885 [1] ServiceStack.OrmLite.OrmLiteReadCommandExtensions - SQL: select * from INFORMATION_SCHEMA.columns where table_name = 'villagegridpersonliable' 
2017-10-03 17:33:56,907 [1] ServiceStack.OrmLite.OrmLiteReadCommandExtensions - SQL: select * from INFORMATION_SCHEMA.columns where table_name = 'userinfo' 
2017-10-03 17:33:56,923 [1] ServiceStack.OrmLite.OrmLiteReadCommandExtensions - SQL: select * from INFORMATION_SCHEMA.columns where table_name = 'userinfo' 
2017-10-03 17:33:56,938 [1] ServiceStack.OrmLite.OrmLiteReadCommandExtensions - SQL: select * from INFORMATION_SCHEMA.columns where table_name = 'userinfo' 
2017-10-03 17:33:56,954 [1] ServiceStack.OrmLite.OrmLiteReadCommandExtensions - SQL: select * from INFORMATION_SCHEMA.columns where table_name = 'userinfo' 
2017-10-03 17:33:56,970 [1] ServiceStack.OrmLite.OrmLiteReadCommandExtensions - SQL: select * from INFORMATION_SCHEMA.columns where table_name = 'audit' 
2017-10-03 17:33:56,987 [1] ServiceStack.OrmLite.OrmLiteReadCommandExtensions - SQL: select * from INFORMATION_SCHEMA.columns where table_name = 'auditdetails' 
2017-10-03 17:33:57,002 [1] ServiceStack.OrmLite.OrmLiteReadCommandExtensions - SQL: select * from INFORMATION_SCHEMA.columns where table_name = 'villagegridpersonliable' 
2017-10-03 17:33:57,018 [1] ServiceStack.OrmLite.OrmLiteReadCommandExtensions - SQL: select * from INFORMATION_SCHEMA.columns where table_name = 'villagegridpersonliable' 
2017-10-03 17:33:57,035 [1] ServiceStack.OrmLite.OrmLiteReadCommandExtensions - SQL: select * from INFORMATION_SCHEMA.columns where table_name = 'villagegridpersonliable' 
2017-10-03 17:33:57,050 [1] ServiceStack.OrmLite.OrmLiteReadCommandExtensions - SQL: select * from INFORMATION_SCHEMA.columns where table_name = 'villagepic' 
2017-10-03 17:33:57,065 [1] ServiceStack.OrmLite.OrmLiteReadCommandExtensions - SQL: select * from INFORMATION_SCHEMA.columns where table_name = 'villagepic' 
2017-10-03 17:33:57,081 [1] ServiceStack.OrmLite.OrmLiteReadCommandExtensions - SQL: select * from INFORMATION_SCHEMA.columns where table_name = 'villagepic' 
2017-10-03 17:33:57,098 [1] ServiceStack.OrmLite.OrmLiteReadCommandExtensions - SQL: select * from INFORMATION_SCHEMA.columns where table_name = 'villagetransferperson' 
2017-10-03 17:33:57,118 [1] ServiceStack.OrmLite.OrmLiteReadCommandExtensions - SQL: select * from INFORMATION_SCHEMA.columns where table_name = 'villagetransferperson' 
2017-10-03 17:33:57,135 [1] ServiceStack.OrmLite.OrmLiteReadCommandExtensions - SQL: select * from INFORMATION_SCHEMA.columns where table_name = 'villagetransferperson' 
2017-10-03 17:33:57,153 [1] ServiceStack.OrmLite.OrmLiteReadCommandExtensions - SQL: select * from INFORMATION_SCHEMA.columns where table_name = 'villagetransferperson' 
2017-10-03 17:33:57,169 [1] ServiceStack.OrmLite.OrmLiteReadCommandExtensions - SQL: select * from INFORMATION_SCHEMA.columns where table_name = 'villageworkinggroup' 
2017-10-03 17:33:57,184 [1] ServiceStack.OrmLite.OrmLiteReadCommandExtensions - SQL: select * from INFORMATION_SCHEMA.columns where table_name = 'villageworkinggroup' 
2017-10-03 17:33:57,200 [1] ServiceStack.OrmLite.OrmLiteReadCommandExtensions - SQL: select * from INFORMATION_SCHEMA.columns where table_name = 'villageworkinggroup' 
2017-10-03 17:33:57,215 [1] ServiceStack.OrmLite.OrmLiteReadCommandExtensions - SQL: select * from INFORMATION_SCHEMA.columns where table_name = 'adcddisasterinfo' 
2017-10-03 17:33:57,231 [1] ServiceStack.OrmLite.OrmLiteReadCommandExtensions - SQL: select * from INFORMATION_SCHEMA.columns where table_name = 'countryperson' 
2017-10-03 17:33:57,247 [1] ServiceStack.OrmLite.OrmLiteReadCommandExtensions - SQL: select * from INFORMATION_SCHEMA.columns where table_name = 'countryperson' 
2017-10-03 17:33:57,264 [1] ServiceStack.OrmLite.OrmLiteReadCommandExtensions - SQL: select * from INFORMATION_SCHEMA.columns where table_name = 'countryperson' 
2017-10-03 17:33:57,282 [1] ServiceStack.OrmLite.OrmLiteReadCommandExtensions - SQL: select * from INFORMATION_SCHEMA.columns where table_name = 'countryperson' 
2017-10-03 17:33:57,298 [1] ServiceStack.OrmLite.OrmLiteReadCommandExtensions - SQL: select * from INFORMATION_SCHEMA.columns where table_name = 'townpersonliable' 
2017-10-03 17:33:57,313 [1] ServiceStack.OrmLite.OrmLiteReadCommandExtensions - SQL: select * from INFORMATION_SCHEMA.columns where table_name = 'townpersonliable' 
2017-10-03 17:33:57,330 [1] ServiceStack.OrmLite.OrmLiteReadCommandExtensions - SQL: select * from INFORMATION_SCHEMA.columns where table_name = 'townpersonliable' 
2017-10-03 17:33:57,348 [1] ServiceStack.OrmLite.OrmLiteReadCommandExtensions - SQL: select * from INFORMATION_SCHEMA.columns where table_name = 'auditcounty' 
2017-10-03 17:33:57,404 [1] ServiceStack.OrmLite.OrmLiteReadCommandExtensions - SQL: select * from INFORMATION_SCHEMA.columns where table_name = 'apprecord' 
2017-10-03 17:33:57,420 [1] ServiceStack.OrmLite.OrmLiteReadCommandExtensions - SQL: select * from INFORMATION_SCHEMA.columns where table_name = 'apprecord' 
2017-10-03 17:33:57,437 [1] ServiceStack.OrmLite.OrmLiteReadCommandExtensions - SQL: select * from INFORMATION_SCHEMA.columns where table_name = 'apprecord' 
2017-10-03 17:33:57,454 [1] ServiceStack.OrmLite.OrmLiteReadCommandExtensions - SQL: select * from INFORMATION_SCHEMA.columns where table_name = 'apprecord' 
2017-10-03 17:33:57,471 [1] ServiceStack.OrmLite.OrmLiteReadCommandExtensions - SQL: select * from INFORMATION_SCHEMA.columns where table_name = 'apprecord' 
2017-10-03 17:33:57,489 [1] ServiceStack.OrmLite.OrmLiteReadCommandExtensions - SQL: SELECT TOP 1 "Id", "RoleName", "LastOeration" 
FROM "Role"
WHERE ("RoleName" = @0)
PARAMS: @0=系统管理员
2017-10-03 17:33:57,504 [1] ServiceStack.OrmLite.OrmLiteReadCommandExtensions - SQL: SELECT TOP 1 "Id", "UserName", "PassWord", "RealName", "UserRealName", "Unit", "Position", "adcd", "Mobile", "isEnable", "loginNum" 
FROM "UserInfo"
WHERE ("UserName" = @0)
PARAMS: @0=admin
2017-10-03 17:33:57,556 [1] ServiceStack.Support.Markdown.MarkdownPage - Compiled Content/ComprehensiveApp/leaflet/leaflet-locationfilter-master/README.md in 0ms
2017-10-03 17:33:57,573 [1] ServiceStack.Support.Markdown.MarkdownPage - Compiled Content/ComprehensiveApp/leaflet/Leaflet.draw-master/BREAKINGCHANGES.md in 0ms
2017-10-03 17:33:57,586 [1] ServiceStack.Support.Markdown.MarkdownPage - Compiled Content/ComprehensiveApp/leaflet/Leaflet.draw-master/CHANGELOG.md in 1ms
2017-10-03 17:33:57,594 [1] ServiceStack.Support.Markdown.MarkdownPage - Compiled Content/ComprehensiveApp/leaflet/Leaflet.draw-master/ISSUE_TEMPLATE.md in 0ms
2017-10-03 17:33:57,605 [1] ServiceStack.Support.Markdown.MarkdownPage - Compiled Content/ComprehensiveApp/leaflet/Leaflet.draw-master/MIT-LICENSE.md in 0ms
2017-10-03 17:33:57,626 [1] ServiceStack.Support.Markdown.MarkdownPage - Compiled Content/ComprehensiveApp/leaflet/Leaflet.draw-master/README.md in 6ms
2017-10-03 17:33:57,636 [1] ServiceStack.Support.Markdown.MarkdownPage - Compiled Content/ComprehensiveApp/leaflet/Leaflet.draw-master/TODO.md in 0ms
2017-10-03 17:33:57,663 [1] ServiceStack.Support.Markdown.MarkdownPage - Compiled Content/layer-master/CHANGELOG.md in 1ms
2017-10-03 17:33:57,673 [1] ServiceStack.Support.Markdown.MarkdownPage - Compiled Content/layer-master/README.md in 0ms
2017-10-03 17:33:57,683 [1] ServiceStack.Support.Markdown.MarkdownPage - Compiled Content/layer-master/src/README.md in 0ms
2017-10-03 17:33:57,696 [1] ServiceStack.Support.Markdown.MarkdownPage - Compiled Content/layer-master/src/mobile/README.md in 0ms
2017-10-03 17:33:57,738 [1] ServiceStack.Support.Markdown.MarkdownPage - Compiled Content/PhotoSwipe-master/README.md in 0ms
2017-10-03 17:33:57,769 [1] ServiceStack.Support.Markdown.MarkdownPage - Compiled Content/ueditor/net/README.md in 0ms
2017-10-03 17:34:05,119 [9] ServiceStack.OrmLite.OrmLiteReadCommandExtensions - SQL: SELECT TOP 1 "Id", "UserName", "PassWord", "RealName", "UserRealName", "Unit", "Position", "adcd", "Mobile", "isEnable", "loginNum" 
FROM "UserInfo"
WHERE ("UserName" = @0)
PARAMS: @0=15088258757
2017-10-03 17:34:11,151 [9] ServiceStack.OrmLite.OrmLiteReadCommandExtensions - SQL: SELECT "Id", "UserName", "PassWord", "RealName", "UserRealName", "Unit", "Position", "adcd", "Mobile", "isEnable", "loginNum" 
FROM "UserInfo"
WHERE ((("UserName" = @0) AND ("PassWord" = @1)) AND "isEnable"=1)
PARAMS: @0=15088258757, @1=mXy5Clg3Rc1U2gvBtaL8IQ2
2017-10-03 17:34:11,188 [9] ServiceStack.OrmLite.OrmLiteResultsFilterExtensions - SQL: UPDATE "UserInfo" SET "loginNum"=@1 WHERE ("Id" = @0)
PARAMS: @0=749, @1=291
2017-10-03 17:34:11,229 [9] ServiceStack.OrmLite.OrmLiteReadCommandExtensions - SQL: SELECT UserInfo.*,UserRoleInfo.RoleID 
FROM "UserInfo" LEFT JOIN "UserRoleInfo" ON ("UserInfo"."Id" = "UserRoleInfo"."UserID")
WHERE ("UserInfo"."UserName" = @0)
PARAMS: @0=15088258757
2017-10-03 17:34:11,286 [9] ServiceStack.OrmLite.OrmLiteReadCommandExtensions - SQL: SELECT TOP 1 "Id", "parentId", "grade", "adcd", "adnm", "lng", "lat", "CreateTime", "operateLog" 
FROM "ADCDInfo"
WHERE ("adcd" = @0)
PARAMS: @0=330700000000000
2017-10-03 17:34:11,309 [9] ServiceStack.OrmLite.OrmLiteReadCommandExtensions - SQL: SELECT TOP 1 "Id", "parentId", "grade", "adcd", "adnm", "lng", "lat", "CreateTime", "operateLog" 
FROM "ADCDInfo"
WHERE ("adcd" = @0)
PARAMS: @0=330726000000000
2017-10-03 17:34:11,354 [9] ServiceStack.OrmLite.OrmLiteResultsFilterExtensions - SQL: INSERT INTO "LogInfo" ("OperationType","tm","adcd","UserName","RealName","Operation") VALUES (@OperationType,@tm,@adcd,@UserName,@RealName,@Operation)
PARAMS: @OperationType=登陆, @tm=2017/10/3 17:34:11, @adcd=330726000000000, @UserName=15088258757, @RealName=浦江县, @Operation={"operateMsg":"登录系统，登录IP地址为：::1","operateTime":"\/Date(1507023251205+0800)\/","userName":"15088258757"}
2017-10-03 17:34:11,376 [9] ServiceStack.OrmLite.OrmLiteReadCommandExtensions - SQL: SELECT TOP 1 "Id", "UserName", "PassWord", "RealName", "UserRealName", "Unit", "Position", "adcd", "Mobile", "isEnable", "loginNum" 
FROM "UserInfo"
WHERE ("UserName" = @0)
PARAMS: @0=15088258757
2017-10-03 17:34:11,402 [9] ServiceStack.OrmLite.OrmLiteReadCommandExtensions - SQL: SELECT UserInfo.*,UserRoleInfo.RoleID 
FROM "UserInfo" LEFT JOIN "UserRoleInfo" ON ("UserInfo"."Id" = "UserRoleInfo"."UserID")
WHERE ("UserInfo"."UserName" = @0)
PARAMS: @0=15088258757
2017-10-03 17:34:11,424 [9] ServiceStack.OrmLite.OrmLiteReadCommandExtensions - SQL: SELECT TOP 1 "Id", "parentId", "grade", "adcd", "adnm", "lng", "lat", "CreateTime", "operateLog" 
FROM "ADCDInfo"
WHERE ("adcd" = @0)
PARAMS: @0=330700000000000
2017-10-03 17:34:11,451 [9] ServiceStack.OrmLite.OrmLiteReadCommandExtensions - SQL: SELECT TOP 1 "Id", "parentId", "grade", "adcd", "adnm", "lng", "lat", "CreateTime", "operateLog" 
FROM "ADCDInfo"
WHERE ("adcd" = @0)
PARAMS: @0=330726000000000
2017-10-03 17:34:11,484 [9] ServiceStack.OrmLite.OrmLiteReadCommandExtensions - SQL: SELECT TOP 1 "Id", "parentId", "grade", "adcd", "adnm", "lng", "lat", "CreateTime", "operateLog" 
FROM "ADCDInfo"
WHERE ("adcd" is null)
2017-10-03 17:34:11,499 [9] ServiceStack.OrmLite.OrmLiteReadCommandExtensions - SQL: SELECT TOP 1 "Id", "parentId", "grade", "adcd", "adnm", "lng", "lat", "CreateTime", "operateLog" 
FROM "ADCDInfo"
WHERE ("adcd" is null)
2017-10-03 17:34:11,515 [9] ServiceStack.OrmLite.OrmLiteReadCommandExtensions - SQL: SELECT TOP 1 "Id", "parentId", "grade", "adcd", "adnm", "lng", "lat", "CreateTime", "operateLog" 
FROM "ADCDInfo"
WHERE ("adcd" is null)
2017-10-03 17:34:11,570 [9] ServiceStack.OrmLite.OrmLiteReadCommandExtensions - SQL: SELECT UserInfo.*,UserRoleInfo.RoleID 
FROM "UserInfo" LEFT JOIN "UserRoleInfo" ON ("UserInfo"."Id" = "UserRoleInfo"."UserID")
WHERE ("UserInfo"."UserName" = @0)
PARAMS: @0=15088258757
2017-10-03 17:34:11,591 [9] ServiceStack.OrmLite.OrmLiteReadCommandExtensions - SQL: SELECT TOP 1 "Id", "parentId", "grade", "adcd", "adnm", "lng", "lat", "CreateTime", "operateLog" 
FROM "ADCDInfo"
WHERE ("adcd" = @0)
PARAMS: @0=330700000000000
2017-10-03 17:34:11,627 [9] ServiceStack.OrmLite.OrmLiteReadCommandExtensions - SQL: SELECT TOP 1 "Id", "parentId", "grade", "adcd", "adnm", "lng", "lat", "CreateTime", "operateLog" 
FROM "ADCDInfo"
WHERE ("adcd" = @0)
PARAMS: @0=330726000000000
2017-10-03 17:34:11,690 [8] Controller - UserSession失效，自动登录。
2017-10-03 17:34:11,699 [8] ServiceStack.OrmLite.OrmLiteReadCommandExtensions - SQL: SELECT TOP 1 "Id", "UserName", "PassWord", "RealName", "UserRealName", "Unit", "Position", "adcd", "Mobile", "isEnable", "loginNum" 
FROM "UserInfo"
WHERE ("UserName" = @0)
PARAMS: @0=15088258757
2017-10-03 17:34:11,716 [8] ServiceStack.OrmLite.OrmLiteReadCommandExtensions - SQL: SELECT UserInfo.*,UserRoleInfo.RoleID 
FROM "UserInfo" LEFT JOIN "UserRoleInfo" ON ("UserInfo"."Id" = "UserRoleInfo"."UserID")
WHERE ("UserInfo"."UserName" = @0)
PARAMS: @0=15088258757
2017-10-03 17:34:11,753 [8] ServiceStack.OrmLite.OrmLiteReadCommandExtensions - SQL: SELECT TOP 1 "Id", "parentId", "grade", "adcd", "adnm", "lng", "lat", "CreateTime", "operateLog" 
FROM "ADCDInfo"
WHERE ("adcd" = @0)
PARAMS: @0=330700000000000
2017-10-03 17:34:11,779 [8] ServiceStack.OrmLite.OrmLiteReadCommandExtensions - SQL: SELECT TOP 1 "Id", "parentId", "grade", "adcd", "adnm", "lng", "lat", "CreateTime", "operateLog" 
FROM "ADCDInfo"
WHERE ("adcd" = @0)
PARAMS: @0=330726000000000
2017-10-03 17:34:11,824 [8] ServiceStack.OrmLite.OrmLiteReadCommandExtensions - SQL: SELECT "AuditCounty"."AuditNums", "AuditCounty"."Status" 
FROM "AuditCounty"
WHERE ("CountyADCD" = @0)
ORDER BY "CountyAddTime" DESC
PARAMS: @0=330726000000000
2017-10-03 17:34:11,843 [8] ServiceStack.OrmLite.OrmLiteReadCommandExtensions - SQL: SELECT TOP 1 "Id", "parentId", "grade", "adcd", "adnm", "lng", "lat", "CreateTime", "operateLog" 
FROM "ADCDInfo"
WHERE ("adcd" = @0)
PARAMS: @0=330726000000000
2017-10-03 17:34:15,127 [10] ServiceStack.OrmLite.OrmLiteReadCommandExtensions - SQL: SELECT "Audit"."ID", "Audit"."Year", "Audit"."TownADCD", "Audit"."TownAddTime", "Audit"."Status", "Audit"."operateLog", "Audit"."ID" as "AuditID", "Audit"."AuditNums" 
FROM "Audit"
WHERE (("Status" = @0) AND upper("TownADCD") like @1)
PARAMS: @0=1, @1=330726%
2017-10-03 17:34:15,149 [10] ServiceStack.OrmLite.OrmLiteReadCommandExtensions - SQL: SELECT "Audit"."ID", "Audit"."Year", "Audit"."TownADCD", "Audit"."TownAddTime", "Audit"."Status", "Audit"."operateLog", "Audit"."ID" as "AuditID", "Audit"."AuditNums" 
FROM "Audit"
WHERE (("Status" = @0) AND upper("TownADCD") like @1)
PARAMS: @0=2, @1=330726%
2017-10-03 17:34:15,173 [10] ServiceStack.OrmLite.OrmLiteReadCommandExtensions - SQL: SELECT "Audit"."ID", "Audit"."Year", "Audit"."TownADCD", "Audit"."TownAddTime", "Audit"."Status", "Audit"."operateLog", "Audit"."ID" as "AuditID", "Audit"."AuditNums" 
FROM "Audit"
WHERE (("Status" = @0) AND upper("TownADCD") like @1)
PARAMS: @0=3, @1=330726%
2017-10-03 17:34:15,194 [10] ServiceStack.OrmLite.OrmLiteReadCommandExtensions - SQL: SELECT  ADCDInfo.adnm,Audit.* 
FROM "Audit" LEFT JOIN "ADCDInfo" ON ("Audit"."TownADCD" = "ADCDInfo"."adcd")
WHERE upper("Audit"."TownADCD") like @0
PARAMS: @0=330726%
2017-10-03 17:34:15,213 [10] ServiceStack.OrmLite.OrmLiteReadCommandExtensions - SQL: select a.adcd,a.adnm from (SELECT ADCDInfo.adcd, ADCDInfo.adnm FROM ADCDInfo WHERE SUBSTRING(ADCDInfo.adcd, 10, 6) = '000000'AND ADCDInfo.adcd != '330726000000000' AND ADCDInfo.adcd like '%330726%') as a where a.adcd not in(select TownADCD as adcd from Audit where Audit.Year = 2017 and Audit.TownADCD like '330726%')
2017-10-03 17:34:24,923 [5] ServiceStack.OrmLite.OrmLiteReadCommandExtensions - SQL: select a.* from AppWarnEvent a left join UserInfo b on a.UserPhone=b.UserName where 1=1 order by id desc
2017-10-03 17:34:28,749 [9] ServiceStack.OrmLite.OrmLiteReadCommandExtensions - SQL: select a.* from AppWarnEvent a left join UserInfo b on a.UserPhone=b.UserName where 1=1 order by id desc
2017-10-03 17:34:33,901 [8] ServiceStack.OrmLite.OrmLiteReadCommandExtensions - SQL: select a.* from AppWarnEvent a left join UserInfo b on a.UserPhone=b.UserName where 1=1 order by id desc
2017-10-03 17:34:38,268 [9] ServiceStack.OrmLite.OrmLiteReadCommandExtensions - SQL: EXEC GetGpsList @UserAdcd
PARAMS: UserAdcd=5
2017-10-03 17:34:38,268 [5] ServiceStack.OrmLite.OrmLiteReadCommandExtensions - SQL: exec AppGetUserInfoByWarnId @WarnId
PARAMS: WarnId=5
2017-10-03 17:34:44,444 [10] ServiceStack.OrmLite.OrmLiteReadCommandExtensions - SQL: select a.* from AppWarnEvent a left join UserInfo b on a.UserPhone=b.UserName where 1=1 order by id desc
2017-10-03 17:34:48,008 [9] ServiceStack.OrmLite.OrmLiteReadCommandExtensions - SQL: select a.* from AppWarnEvent a left join UserInfo b on a.UserPhone=b.UserName where 1=1 order by id desc
2017-10-03 17:34:55,679 [10] ServiceStack.OrmLite.OrmLiteReadCommandExtensions - SQL: exec AppGetUserInfoByWarnId @WarnId
PARAMS: WarnId=5
2017-10-03 17:34:55,681 [9] ServiceStack.OrmLite.OrmLiteReadCommandExtensions - SQL: EXEC GetGpsList @UserAdcd
PARAMS: UserAdcd=5
2017-10-03 17:35:24,902 [6] ServiceStack.OrmLite.OrmLiteReadCommandExtensions - SQL: select a.* from AppWarnEvent a left join UserInfo b on a.UserPhone=b.UserName where 1=1 order by id desc
2017-10-03 17:35:31,170 [9] ServiceStack.OrmLite.OrmLiteReadCommandExtensions - SQL: SELECT "ADCDInfo"."Id", "ADCDInfo"."parentId", "ADCDInfo"."grade", "ADCDInfo"."adcd", "ADCDInfo"."adnm", "ADCDInfo"."lng", "ADCDInfo"."lat", "ADCDInfo"."CreateTime", "ADCDInfo"."operateLog" 
FROM "ADCDInfo"
WHERE ("adcd" = @0)
PARAMS: @0=330726000000000
2017-10-03 17:35:31,443 [6] ServiceStack.OrmLite.OrmLiteReadCommandExtensions - SQL: exec GetNextLevleAdcdInfoByAdcd @adcd
PARAMS: adcd=330726000000000
2017-10-03 17:35:33,634 [6] ServiceStack.OrmLite.OrmLiteReadCommandExtensions - SQL: SELECT "ADCDInfo"."Id", "ADCDInfo"."parentId", "ADCDInfo"."grade", "ADCDInfo"."adcd", "ADCDInfo"."adnm", "ADCDInfo"."lng", "ADCDInfo"."lat", "ADCDInfo"."CreateTime", "ADCDInfo"."operateLog" 
FROM "ADCDInfo"
WHERE ("adcd" = @0)
PARAMS: @0=330726106000000
2017-10-03 17:35:33,956 [10] ServiceStack.OrmLite.OrmLiteReadCommandExtensions - SQL: exec GetNextLevleAdcdInfoByAdcd @adcd
PARAMS: adcd=330726106000000
2017-10-03 17:35:38,883 [10] ServiceStack.OrmLite.OrmLiteReadCommandExtensions - SQL: SELECT "ADCDInfo"."Id", "ADCDInfo"."parentId", "ADCDInfo"."grade", "ADCDInfo"."adcd", "ADCDInfo"."adnm", "ADCDInfo"."lng", "ADCDInfo"."lat", "ADCDInfo"."CreateTime", "ADCDInfo"."operateLog" 
FROM "ADCDInfo"
WHERE ("adcd" = @0)
PARAMS: @0=330726000000000
2017-10-03 17:35:39,529 [14] ServiceStack.OrmLite.OrmLiteReadCommandExtensions - SQL: exec GetNextLevleAdcdInfoByAdcd @adcd
PARAMS: adcd=330726000000000
2017-10-03 17:35:41,821 [6] ServiceStack.OrmLite.OrmLiteReadCommandExtensions - SQL: SELECT "ADCDInfo"."Id", "ADCDInfo"."parentId", "ADCDInfo"."grade", "ADCDInfo"."adcd", "ADCDInfo"."adnm", "ADCDInfo"."lng", "ADCDInfo"."lat", "ADCDInfo"."CreateTime", "ADCDInfo"."operateLog" 
FROM "ADCDInfo"
WHERE ("adcd" = @0)
PARAMS: @0=330726106000000
2017-10-03 17:35:41,964 [10] ServiceStack.OrmLite.OrmLiteReadCommandExtensions - SQL: exec GetNextLevleAdcdInfoByAdcd @adcd
PARAMS: adcd=330726106000000
2017-10-03 17:35:43,736 [6] ServiceStack.OrmLite.OrmLiteReadCommandExtensions - SQL: exec AppGetWarnListByVillageAdcd @adcd
PARAMS: adcd=330726106016000
2017-10-03 17:35:46,302 [9] ServiceStack.OrmLite.OrmLiteReadCommandExtensions - SQL: exec AppGetWarnInfoByWarnEventId @warneventid,@villageadcd
PARAMS: warneventid=5, villageadcd=330726106016000
2017-10-03 17:35:47,348 [6] ServiceStack.OrmLite.OrmLiteReadCommandExtensions - SQL: exec AppGetGpsLocation @adcd,@warnlevel
PARAMS: adcd=330726106016000, warnlevel=3
2017-10-03 17:58:30,424 [1] ServiceStack.OrmLite.OrmLiteReadCommandExtensions - SQL: select * from INFORMATION_SCHEMA.columns where table_name = 'adcddisasterinfo' 
2017-10-03 17:58:30,449 [1] ServiceStack.OrmLite.OrmLiteReadCommandExtensions - SQL: select * from INFORMATION_SCHEMA.columns where table_name = 'adcddisasterinfo' 
2017-10-03 17:58:30,464 [1] ServiceStack.OrmLite.OrmLiteReadCommandExtensions - SQL: select * from INFORMATION_SCHEMA.columns where table_name = 'adcddisasterinfo' 
2017-10-03 17:58:30,480 [1] ServiceStack.OrmLite.OrmLiteReadCommandExtensions - SQL: select * from INFORMATION_SCHEMA.columns where table_name = 'adcdinfo' 
2017-10-03 17:58:30,497 [1] ServiceStack.OrmLite.OrmLiteReadCommandExtensions - SQL: select * from INFORMATION_SCHEMA.columns where table_name = 'adcdinfo' 
2017-10-03 17:58:30,512 [1] ServiceStack.OrmLite.OrmLiteReadCommandExtensions - SQL: select * from INFORMATION_SCHEMA.columns where table_name = 'villageworkinggroup' 
2017-10-03 17:58:30,531 [1] ServiceStack.OrmLite.OrmLiteReadCommandExtensions - SQL: select * from INFORMATION_SCHEMA.columns where table_name = 'villagetransferperson' 
2017-10-03 17:58:30,550 [1] ServiceStack.OrmLite.OrmLiteReadCommandExtensions - SQL: select * from INFORMATION_SCHEMA.columns where table_name = 'villagegridpersonliable' 
2017-10-03 17:58:30,566 [1] ServiceStack.OrmLite.OrmLiteReadCommandExtensions - SQL: select * from INFORMATION_SCHEMA.columns where table_name = 'villagegridpersonliable' 
2017-10-03 17:58:30,581 [1] ServiceStack.OrmLite.OrmLiteReadCommandExtensions - SQL: select * from INFORMATION_SCHEMA.columns where table_name = 'villagegridpersonliable' 
2017-10-03 17:58:30,595 [1] ServiceStack.OrmLite.OrmLiteReadCommandExtensions - SQL: select * from INFORMATION_SCHEMA.columns where table_name = 'userinfo' 
2017-10-03 17:58:30,610 [1] ServiceStack.OrmLite.OrmLiteReadCommandExtensions - SQL: select * from INFORMATION_SCHEMA.columns where table_name = 'userinfo' 
2017-10-03 17:58:30,625 [1] ServiceStack.OrmLite.OrmLiteReadCommandExtensions - SQL: select * from INFORMATION_SCHEMA.columns where table_name = 'userinfo' 
2017-10-03 17:58:30,640 [1] ServiceStack.OrmLite.OrmLiteReadCommandExtensions - SQL: select * from INFORMATION_SCHEMA.columns where table_name = 'userinfo' 
2017-10-03 17:58:30,660 [1] ServiceStack.OrmLite.OrmLiteReadCommandExtensions - SQL: select * from INFORMATION_SCHEMA.columns where table_name = 'audit' 
2017-10-03 17:58:30,675 [1] ServiceStack.OrmLite.OrmLiteReadCommandExtensions - SQL: select * from INFORMATION_SCHEMA.columns where table_name = 'auditdetails' 
2017-10-03 17:58:30,690 [1] ServiceStack.OrmLite.OrmLiteReadCommandExtensions - SQL: select * from INFORMATION_SCHEMA.columns where table_name = 'villagegridpersonliable' 
2017-10-03 17:58:30,705 [1] ServiceStack.OrmLite.OrmLiteReadCommandExtensions - SQL: select * from INFORMATION_SCHEMA.columns where table_name = 'villagegridpersonliable' 
2017-10-03 17:58:30,721 [1] ServiceStack.OrmLite.OrmLiteReadCommandExtensions - SQL: select * from INFORMATION_SCHEMA.columns where table_name = 'villagegridpersonliable' 
2017-10-03 17:58:30,736 [1] ServiceStack.OrmLite.OrmLiteReadCommandExtensions - SQL: select * from INFORMATION_SCHEMA.columns where table_name = 'villagepic' 
2017-10-03 17:58:30,751 [1] ServiceStack.OrmLite.OrmLiteReadCommandExtensions - SQL: select * from INFORMATION_SCHEMA.columns where table_name = 'villagepic' 
2017-10-03 17:58:30,766 [1] ServiceStack.OrmLite.OrmLiteReadCommandExtensions - SQL: select * from INFORMATION_SCHEMA.columns where table_name = 'villagepic' 
2017-10-03 17:58:30,780 [1] ServiceStack.OrmLite.OrmLiteReadCommandExtensions - SQL: select * from INFORMATION_SCHEMA.columns where table_name = 'villagetransferperson' 
2017-10-03 17:58:30,797 [1] ServiceStack.OrmLite.OrmLiteReadCommandExtensions - SQL: select * from INFORMATION_SCHEMA.columns where table_name = 'villagetransferperson' 
2017-10-03 17:58:30,814 [1] ServiceStack.OrmLite.OrmLiteReadCommandExtensions - SQL: select * from INFORMATION_SCHEMA.columns where table_name = 'villagetransferperson' 
2017-10-03 17:58:30,828 [1] ServiceStack.OrmLite.OrmLiteReadCommandExtensions - SQL: select * from INFORMATION_SCHEMA.columns where table_name = 'villagetransferperson' 
2017-10-03 17:58:30,844 [1] ServiceStack.OrmLite.OrmLiteReadCommandExtensions - SQL: select * from INFORMATION_SCHEMA.columns where table_name = 'villageworkinggroup' 
2017-10-03 17:58:32,788 [1] ServiceStack.OrmLite.OrmLiteReadCommandExtensions - SQL: select * from INFORMATION_SCHEMA.columns where table_name = 'villageworkinggroup' 
2017-10-03 17:58:32,803 [1] ServiceStack.OrmLite.OrmLiteReadCommandExtensions - SQL: select * from INFORMATION_SCHEMA.columns where table_name = 'villageworkinggroup' 
2017-10-03 17:58:32,822 [1] ServiceStack.OrmLite.OrmLiteReadCommandExtensions - SQL: select * from INFORMATION_SCHEMA.columns where table_name = 'adcddisasterinfo' 
2017-10-03 17:58:32,842 [1] ServiceStack.OrmLite.OrmLiteReadCommandExtensions - SQL: select * from INFORMATION_SCHEMA.columns where table_name = 'countryperson' 
2017-10-03 17:58:32,861 [1] ServiceStack.OrmLite.OrmLiteReadCommandExtensions - SQL: select * from INFORMATION_SCHEMA.columns where table_name = 'countryperson' 
2017-10-03 17:58:32,878 [1] ServiceStack.OrmLite.OrmLiteReadCommandExtensions - SQL: select * from INFORMATION_SCHEMA.columns where table_name = 'countryperson' 
2017-10-03 17:58:32,895 [1] ServiceStack.OrmLite.OrmLiteReadCommandExtensions - SQL: select * from INFORMATION_SCHEMA.columns where table_name = 'countryperson' 
2017-10-03 17:58:32,921 [1] ServiceStack.OrmLite.OrmLiteReadCommandExtensions - SQL: select * from INFORMATION_SCHEMA.columns where table_name = 'townpersonliable' 
2017-10-03 17:58:32,940 [1] ServiceStack.OrmLite.OrmLiteReadCommandExtensions - SQL: select * from INFORMATION_SCHEMA.columns where table_name = 'townpersonliable' 
2017-10-03 17:58:32,956 [1] ServiceStack.OrmLite.OrmLiteReadCommandExtensions - SQL: select * from INFORMATION_SCHEMA.columns where table_name = 'townpersonliable' 
2017-10-03 17:58:32,973 [1] ServiceStack.OrmLite.OrmLiteReadCommandExtensions - SQL: select * from INFORMATION_SCHEMA.columns where table_name = 'auditcounty' 
2017-10-03 17:58:32,988 [1] ServiceStack.OrmLite.OrmLiteReadCommandExtensions - SQL: select * from INFORMATION_SCHEMA.columns where table_name = 'apprecord' 
2017-10-03 17:58:33,004 [1] ServiceStack.OrmLite.OrmLiteReadCommandExtensions - SQL: select * from INFORMATION_SCHEMA.columns where table_name = 'apprecord' 
2017-10-03 17:58:33,021 [1] ServiceStack.OrmLite.OrmLiteReadCommandExtensions - SQL: select * from INFORMATION_SCHEMA.columns where table_name = 'apprecord' 
2017-10-03 17:58:33,037 [1] ServiceStack.OrmLite.OrmLiteReadCommandExtensions - SQL: select * from INFORMATION_SCHEMA.columns where table_name = 'apprecord' 
2017-10-03 17:58:33,062 [1] ServiceStack.OrmLite.OrmLiteReadCommandExtensions - SQL: select * from INFORMATION_SCHEMA.columns where table_name = 'apprecord' 
2017-10-03 17:58:33,089 [1] ServiceStack.OrmLite.OrmLiteReadCommandExtensions - SQL: SELECT TOP 1 "Id", "RoleName", "LastOeration" 
FROM "Role"
WHERE ("RoleName" = @0)
PARAMS: @0=系统管理员
2017-10-03 17:58:33,114 [1] ServiceStack.OrmLite.OrmLiteReadCommandExtensions - SQL: SELECT TOP 1 "Id", "UserName", "PassWord", "RealName", "UserRealName", "Unit", "Position", "adcd", "Mobile", "isEnable", "loginNum" 
FROM "UserInfo"
WHERE ("UserName" = @0)
PARAMS: @0=admin
2017-10-03 17:58:33,180 [1] ServiceStack.Support.Markdown.MarkdownPage - Compiled Content/ComprehensiveApp/leaflet/leaflet-locationfilter-master/README.md in 0ms
2017-10-03 17:58:33,189 [1] ServiceStack.Support.Markdown.MarkdownPage - Compiled Content/ComprehensiveApp/leaflet/Leaflet.draw-master/BREAKINGCHANGES.md in 0ms
2017-10-03 17:58:33,196 [1] ServiceStack.Support.Markdown.MarkdownPage - Compiled Content/ComprehensiveApp/leaflet/Leaflet.draw-master/CHANGELOG.md in 1ms
2017-10-03 17:58:33,201 [1] ServiceStack.Support.Markdown.MarkdownPage - Compiled Content/ComprehensiveApp/leaflet/Leaflet.draw-master/ISSUE_TEMPLATE.md in 0ms
2017-10-03 17:58:33,206 [1] ServiceStack.Support.Markdown.MarkdownPage - Compiled Content/ComprehensiveApp/leaflet/Leaflet.draw-master/MIT-LICENSE.md in 0ms
2017-10-03 17:58:33,217 [1] ServiceStack.Support.Markdown.MarkdownPage - Compiled Content/ComprehensiveApp/leaflet/Leaflet.draw-master/README.md in 6ms
2017-10-03 17:58:33,223 [1] ServiceStack.Support.Markdown.MarkdownPage - Compiled Content/ComprehensiveApp/leaflet/Leaflet.draw-master/TODO.md in 0ms
2017-10-03 17:58:33,244 [1] ServiceStack.Support.Markdown.MarkdownPage - Compiled Content/layer-master/CHANGELOG.md in 0ms
2017-10-03 17:58:33,249 [1] ServiceStack.Support.Markdown.MarkdownPage - Compiled Content/layer-master/README.md in 0ms
2017-10-03 17:58:33,255 [1] ServiceStack.Support.Markdown.MarkdownPage - Compiled Content/layer-master/src/README.md in 0ms
2017-10-03 17:58:33,261 [1] ServiceStack.Support.Markdown.MarkdownPage - Compiled Content/layer-master/src/mobile/README.md in 0ms
2017-10-03 17:58:33,298 [1] ServiceStack.Support.Markdown.MarkdownPage - Compiled Content/PhotoSwipe-master/README.md in 0ms
2017-10-03 17:58:33,320 [1] ServiceStack.Support.Markdown.MarkdownPage - Compiled Content/ueditor/net/README.md in 0ms
2017-10-03 17:58:33,833 [6] ServiceStack.OrmLite.OrmLiteReadCommandExtensions - SQL: exec AppGetWarnListByVillageAdcd @adcd
PARAMS: adcd=330726106016000
2017-10-03 17:58:33,834 [8] ServiceStack.OrmLite.OrmLiteReadCommandExtensions - SQL: exec AppGetGpsLocation @adcd,@warnlevel
PARAMS: adcd=330726106016000, warnlevel=3
2017-10-03 17:58:33,834 [9] ServiceStack.OrmLite.OrmLiteReadCommandExtensions - SQL: exec AppGetGpsLocation @adcd,@warnlevel
PARAMS: adcd=330726106016000, warnlevel=3
2017-10-03 18:03:04,284 [8] ServiceStack.OrmLite.OrmLiteReadCommandExtensions - SQL: exec AppGetWarnListByVillageAdcd @adcd
PARAMS: adcd=330726106016000
2017-10-03 18:11:07,685 [18] Controller - UserSession失效，自动登录。
2017-10-03 18:11:07,776 [18] ServiceStack.OrmLite.OrmLiteReadCommandExtensions - SQL: SELECT TOP 1 "Id", "UserName", "PassWord", "RealName", "UserRealName", "Unit", "Position", "adcd", "Mobile", "isEnable", "loginNum" 
FROM "UserInfo"
WHERE ("UserName" = @0)
PARAMS: @0=15088258757
2017-10-03 18:11:07,824 [18] ServiceStack.OrmLite.OrmLiteReadCommandExtensions - SQL: SELECT UserInfo.*,UserRoleInfo.RoleID 
FROM "UserInfo" LEFT JOIN "UserRoleInfo" ON ("UserInfo"."Id" = "UserRoleInfo"."UserID")
WHERE ("UserInfo"."UserName" = @0)
PARAMS: @0=15088258757
2017-10-03 18:11:07,865 [18] ServiceStack.OrmLite.OrmLiteReadCommandExtensions - SQL: SELECT TOP 1 "Id", "parentId", "grade", "adcd", "adnm", "lng", "lat", "CreateTime", "operateLog" 
FROM "ADCDInfo"
WHERE ("adcd" = @0)
PARAMS: @0=330700000000000
2017-10-03 18:11:07,890 [18] ServiceStack.OrmLite.OrmLiteReadCommandExtensions - SQL: SELECT TOP 1 "Id", "parentId", "grade", "adcd", "adnm", "lng", "lat", "CreateTime", "operateLog" 
FROM "ADCDInfo"
WHERE ("adcd" = @0)
PARAMS: @0=330726000000000
2017-10-03 18:11:07,921 [18] ServiceStack.OrmLite.OrmLiteReadCommandExtensions - SQL: SELECT TOP 1 "Id", "parentId", "grade", "adcd", "adnm", "lng", "lat", "CreateTime", "operateLog" 
FROM "ADCDInfo"
WHERE ("adcd" is null)
2017-10-03 18:11:07,938 [18] ServiceStack.OrmLite.OrmLiteReadCommandExtensions - SQL: SELECT TOP 1 "Id", "parentId", "grade", "adcd", "adnm", "lng", "lat", "CreateTime", "operateLog" 
FROM "ADCDInfo"
WHERE ("adcd" is null)
2017-10-03 18:11:07,958 [18] ServiceStack.OrmLite.OrmLiteReadCommandExtensions - SQL: SELECT TOP 1 "Id", "parentId", "grade", "adcd", "adnm", "lng", "lat", "CreateTime", "operateLog" 
FROM "ADCDInfo"
WHERE ("adcd" is null)
2017-10-03 18:11:11,594 [19] ServiceStack.OrmLite.OrmLiteReadCommandExtensions - SQL: SELECT "ADCDInfo"."Id", "ADCDInfo"."parentId", "ADCDInfo"."grade", "ADCDInfo"."adcd", "ADCDInfo"."adnm", "ADCDInfo"."lng", "ADCDInfo"."lat", "ADCDInfo"."CreateTime", "ADCDInfo"."operateLog" 
FROM "ADCDInfo"
WHERE ("adcd" = @0)
PARAMS: @0=330726000000000
2017-10-03 18:11:12,303 [19] ServiceStack.OrmLite.OrmLiteReadCommandExtensions - SQL: exec GetNextLevleAdcdInfoByAdcd @adcd
PARAMS: adcd=330726000000000
2017-10-03 18:11:21,527 [18] ServiceStack.OrmLite.OrmLiteReadCommandExtensions - SQL: SELECT "ADCDInfo"."Id", "ADCDInfo"."parentId", "ADCDInfo"."grade", "ADCDInfo"."adcd", "ADCDInfo"."adnm", "ADCDInfo"."lng", "ADCDInfo"."lat", "ADCDInfo"."CreateTime", "ADCDInfo"."operateLog" 
FROM "ADCDInfo"
WHERE ("adcd" = @0)
PARAMS: @0=330726106000000
2017-10-03 18:11:21,630 [18] ServiceStack.OrmLite.OrmLiteReadCommandExtensions - SQL: exec GetNextLevleAdcdInfoByAdcd @adcd
PARAMS: adcd=330726106000000
2017-10-03 18:11:24,633 [11] ServiceStack.OrmLite.OrmLiteReadCommandExtensions - SQL: exec AppGetWarnListByVillageAdcd @adcd
PARAMS: adcd=330726106016000
2017-10-03 18:11:26,349 [11] ServiceStack.OrmLite.OrmLiteReadCommandExtensions - SQL: exec AppGetWarnInfoByWarnEventId @warneventid,@villageadcd
PARAMS: warneventid=5, villageadcd=330726106016000
2017-10-03 18:11:27,345 [11] ServiceStack.OrmLite.OrmLiteReadCommandExtensions - SQL: exec AppGetGpsLocation @adcd,@warnlevel
PARAMS: adcd=330726106016000, warnlevel=3
2017-10-03 18:12:13,189 [19] ServiceStack.OrmLite.OrmLiteReadCommandExtensions - SQL: SELECT "ADCDInfo"."Id", "ADCDInfo"."parentId", "ADCDInfo"."grade", "ADCDInfo"."adcd", "ADCDInfo"."adnm", "ADCDInfo"."lng", "ADCDInfo"."lat", "ADCDInfo"."CreateTime", "ADCDInfo"."operateLog" 
FROM "ADCDInfo"
WHERE ("adcd" = @0)
PARAMS: @0=330726000000000
2017-10-03 18:12:13,623 [17] ServiceStack.OrmLite.OrmLiteReadCommandExtensions - SQL: exec GetNextLevleAdcdInfoByAdcd @adcd
PARAMS: adcd=330726000000000
2017-10-03 18:12:16,108 [17] ServiceStack.OrmLite.OrmLiteReadCommandExtensions - SQL: SELECT "ADCDInfo"."Id", "ADCDInfo"."parentId", "ADCDInfo"."grade", "ADCDInfo"."adcd", "ADCDInfo"."adnm", "ADCDInfo"."lng", "ADCDInfo"."lat", "ADCDInfo"."CreateTime", "ADCDInfo"."operateLog" 
FROM "ADCDInfo"
WHERE ("adcd" = @0)
PARAMS: @0=330726106000000
2017-10-03 18:12:16,597 [17] ServiceStack.OrmLite.OrmLiteReadCommandExtensions - SQL: exec GetNextLevleAdcdInfoByAdcd @adcd
PARAMS: adcd=330726106000000
2017-10-03 18:12:18,323 [17] ServiceStack.OrmLite.OrmLiteReadCommandExtensions - SQL: exec AppGetWarnListByVillageAdcd @adcd
PARAMS: adcd=330726106016000
2017-10-03 18:12:20,685 [19] ServiceStack.OrmLite.OrmLiteReadCommandExtensions - SQL: exec AppGetWarnInfoByWarnEventId @warneventid,@villageadcd
PARAMS: warneventid=5, villageadcd=330726106016000
2017-10-03 18:12:21,572 [13] ServiceStack.OrmLite.OrmLiteReadCommandExtensions - SQL: exec AppGetGpsLocation @adcd,@warnlevel
PARAMS: adcd=330726106016000, warnlevel=3
2017-10-03 18:12:31,113 [17] ServiceStack.OrmLite.OrmLiteReadCommandExtensions - SQL: SELECT "ADCDInfo"."Id", "ADCDInfo"."parentId", "ADCDInfo"."grade", "ADCDInfo"."adcd", "ADCDInfo"."adnm", "ADCDInfo"."lng", "ADCDInfo"."lat", "ADCDInfo"."CreateTime", "ADCDInfo"."operateLog" 
FROM "ADCDInfo"
WHERE ("adcd" = @0)
PARAMS: @0=330726000000000
2017-10-03 18:12:31,736 [18] ServiceStack.OrmLite.OrmLiteReadCommandExtensions - SQL: exec GetNextLevleAdcdInfoByAdcd @adcd
PARAMS: adcd=330726000000000
2017-10-03 18:12:33,629 [18] ServiceStack.OrmLite.OrmLiteReadCommandExtensions - SQL: SELECT "ADCDInfo"."Id", "ADCDInfo"."parentId", "ADCDInfo"."grade", "ADCDInfo"."adcd", "ADCDInfo"."adnm", "ADCDInfo"."lng", "ADCDInfo"."lat", "ADCDInfo"."CreateTime", "ADCDInfo"."operateLog" 
FROM "ADCDInfo"
WHERE ("adcd" = @0)
PARAMS: @0=330726106000000
2017-10-03 18:12:33,665 [13] ServiceStack.OrmLite.OrmLiteReadCommandExtensions - SQL: exec GetNextLevleAdcdInfoByAdcd @adcd
PARAMS: adcd=330726106000000
2017-10-03 18:12:35,721 [18] ServiceStack.OrmLite.OrmLiteReadCommandExtensions - SQL: exec AppGetWarnListByVillageAdcd @adcd
PARAMS: adcd=330726106016000
2017-10-03 18:12:37,496 [18] ServiceStack.OrmLite.OrmLiteReadCommandExtensions - SQL: exec AppGetWarnInfoByWarnEventId @warneventid,@villageadcd
PARAMS: warneventid=5, villageadcd=330726106016000
2017-10-03 18:12:38,596 [13] ServiceStack.OrmLite.OrmLiteReadCommandExtensions - SQL: exec AppGetGpsLocation @adcd,@warnlevel
PARAMS: adcd=330726106016000, warnlevel=3
2017-10-03 18:13:45,126 [13] ServiceStack.OrmLite.OrmLiteReadCommandExtensions - SQL: SELECT "ADCDInfo"."Id", "ADCDInfo"."parentId", "ADCDInfo"."grade", "ADCDInfo"."adcd", "ADCDInfo"."adnm", "ADCDInfo"."lng", "ADCDInfo"."lat", "ADCDInfo"."CreateTime", "ADCDInfo"."operateLog" 
FROM "ADCDInfo"
WHERE ("adcd" = @0)
PARAMS: @0=330726000000000
2017-10-03 18:13:45,565 [13] ServiceStack.OrmLite.OrmLiteReadCommandExtensions - SQL: exec GetNextLevleAdcdInfoByAdcd @adcd
PARAMS: adcd=330726000000000
2017-10-03 18:13:47,620 [10] ServiceStack.OrmLite.OrmLiteReadCommandExtensions - SQL: SELECT "ADCDInfo"."Id", "ADCDInfo"."parentId", "ADCDInfo"."grade", "ADCDInfo"."adcd", "ADCDInfo"."adnm", "ADCDInfo"."lng", "ADCDInfo"."lat", "ADCDInfo"."CreateTime", "ADCDInfo"."operateLog" 
FROM "ADCDInfo"
WHERE ("adcd" = @0)
PARAMS: @0=330726106000000
2017-10-03 18:13:47,730 [19] ServiceStack.OrmLite.OrmLiteReadCommandExtensions - SQL: exec GetNextLevleAdcdInfoByAdcd @adcd
PARAMS: adcd=330726106000000
2017-10-03 18:13:49,665 [18] ServiceStack.OrmLite.OrmLiteReadCommandExtensions - SQL: exec AppGetWarnListByVillageAdcd @adcd
PARAMS: adcd=330726106016000
2017-10-03 18:13:51,569 [13] ServiceStack.OrmLite.OrmLiteReadCommandExtensions - SQL: exec AppGetWarnInfoByWarnEventId @warneventid,@villageadcd
PARAMS: warneventid=5, villageadcd=330726106016000
2017-10-03 18:13:52,721 [13] ServiceStack.OrmLite.OrmLiteReadCommandExtensions - SQL: exec AppGetGpsLocation @adcd,@warnlevel
PARAMS: adcd=330726106016000, warnlevel=3
2017-10-03 18:14:52,190 [12] ServiceStack.OrmLite.OrmLiteReadCommandExtensions - SQL: SELECT "ADCDInfo"."Id", "ADCDInfo"."parentId", "ADCDInfo"."grade", "ADCDInfo"."adcd", "ADCDInfo"."adnm", "ADCDInfo"."lng", "ADCDInfo"."lat", "ADCDInfo"."CreateTime", "ADCDInfo"."operateLog" 
FROM "ADCDInfo"
WHERE ("adcd" = @0)
PARAMS: @0=330726000000000
2017-10-03 18:14:52,662 [13] ServiceStack.OrmLite.OrmLiteReadCommandExtensions - SQL: exec GetNextLevleAdcdInfoByAdcd @adcd
PARAMS: adcd=330726000000000
2017-10-03 18:14:54,308 [18] ServiceStack.OrmLite.OrmLiteReadCommandExtensions - SQL: SELECT "ADCDInfo"."Id", "ADCDInfo"."parentId", "ADCDInfo"."grade", "ADCDInfo"."adcd", "ADCDInfo"."adnm", "ADCDInfo"."lng", "ADCDInfo"."lat", "ADCDInfo"."CreateTime", "ADCDInfo"."operateLog" 
FROM "ADCDInfo"
WHERE ("adcd" = @0)
PARAMS: @0=330726106000000
2017-10-03 18:14:54,584 [18] ServiceStack.OrmLite.OrmLiteReadCommandExtensions - SQL: exec GetNextLevleAdcdInfoByAdcd @adcd
PARAMS: adcd=330726106000000
2017-10-03 18:14:56,032 [13] ServiceStack.OrmLite.OrmLiteReadCommandExtensions - SQL: exec AppGetWarnListByVillageAdcd @adcd
PARAMS: adcd=330726106016000
2017-10-03 18:14:58,028 [13] ServiceStack.OrmLite.OrmLiteReadCommandExtensions - SQL: exec AppGetWarnInfoByWarnEventId @warneventid,@villageadcd
PARAMS: warneventid=5, villageadcd=330726106016000
2017-10-03 18:14:58,723 [10] ServiceStack.OrmLite.OrmLiteReadCommandExtensions - SQL: exec AppGetGpsLocation @adcd,@warnlevel
PARAMS: adcd=330726106016000, warnlevel=3
2017-10-03 18:15:09,133 [13] ServiceStack.OrmLite.OrmLiteReadCommandExtensions - SQL: SELECT "ADCDInfo"."Id", "ADCDInfo"."parentId", "ADCDInfo"."grade", "ADCDInfo"."adcd", "ADCDInfo"."adnm", "ADCDInfo"."lng", "ADCDInfo"."lat", "ADCDInfo"."CreateTime", "ADCDInfo"."operateLog" 
FROM "ADCDInfo"
WHERE ("adcd" = @0)
PARAMS: @0=330726000000000
2017-10-03 18:15:09,533 [21] ServiceStack.OrmLite.OrmLiteReadCommandExtensions - SQL: exec GetNextLevleAdcdInfoByAdcd @adcd
PARAMS: adcd=330726000000000
2017-10-03 18:15:12,359 [18] ServiceStack.OrmLite.OrmLiteReadCommandExtensions - SQL: SELECT "ADCDInfo"."Id", "ADCDInfo"."parentId", "ADCDInfo"."grade", "ADCDInfo"."adcd", "ADCDInfo"."adnm", "ADCDInfo"."lng", "ADCDInfo"."lat", "ADCDInfo"."CreateTime", "ADCDInfo"."operateLog" 
FROM "ADCDInfo"
WHERE ("adcd" = @0)
PARAMS: @0=330726106000000
2017-10-03 18:15:12,815 [13] ServiceStack.OrmLite.OrmLiteReadCommandExtensions - SQL: exec GetNextLevleAdcdInfoByAdcd @adcd
PARAMS: adcd=330726106000000
2017-10-03 18:15:14,211 [10] ServiceStack.OrmLite.OrmLiteReadCommandExtensions - SQL: exec AppGetWarnListByVillageAdcd @adcd
PARAMS: adcd=330726106014000
2017-10-03 18:15:17,338 [10] ServiceStack.OrmLite.OrmLiteReadCommandExtensions - SQL: exec AppGetWarnListByVillageAdcd @adcd
PARAMS: adcd=330726106016000
2017-10-03 18:15:19,105 [12] ServiceStack.OrmLite.OrmLiteReadCommandExtensions - SQL: exec AppGetWarnInfoByWarnEventId @warneventid,@villageadcd
PARAMS: warneventid=5, villageadcd=330726106016000
2017-10-03 18:15:20,448 [21] ServiceStack.OrmLite.OrmLiteReadCommandExtensions - SQL: exec AppGetGpsLocation @adcd,@warnlevel
PARAMS: adcd=330726106016000, warnlevel=3
2017-10-03 18:58:25,999 [1] ServiceStack.OrmLite.OrmLiteReadCommandExtensions - SQL: select * from INFORMATION_SCHEMA.columns where table_name = 'adcddisasterinfo' 
2017-10-03 18:58:26,037 [1] ServiceStack.OrmLite.OrmLiteReadCommandExtensions - SQL: select * from INFORMATION_SCHEMA.columns where table_name = 'adcddisasterinfo' 
2017-10-03 18:58:26,053 [1] ServiceStack.OrmLite.OrmLiteReadCommandExtensions - SQL: select * from INFORMATION_SCHEMA.columns where table_name = 'adcddisasterinfo' 
2017-10-03 18:58:26,070 [1] ServiceStack.OrmLite.OrmLiteReadCommandExtensions - SQL: select * from INFORMATION_SCHEMA.columns where table_name = 'adcdinfo' 
2017-10-03 18:58:26,085 [1] ServiceStack.OrmLite.OrmLiteReadCommandExtensions - SQL: select * from INFORMATION_SCHEMA.columns where table_name = 'adcdinfo' 
2017-10-03 18:58:26,101 [1] ServiceStack.OrmLite.OrmLiteReadCommandExtensions - SQL: select * from INFORMATION_SCHEMA.columns where table_name = 'villageworkinggroup' 
2017-10-03 18:58:26,128 [1] ServiceStack.OrmLite.OrmLiteReadCommandExtensions - SQL: select * from INFORMATION_SCHEMA.columns where table_name = 'villagetransferperson' 
2017-10-03 18:58:26,145 [1] ServiceStack.OrmLite.OrmLiteReadCommandExtensions - SQL: select * from INFORMATION_SCHEMA.columns where table_name = 'villagegridpersonliable' 
2017-10-03 18:58:26,162 [1] ServiceStack.OrmLite.OrmLiteReadCommandExtensions - SQL: select * from INFORMATION_SCHEMA.columns where table_name = 'villagegridpersonliable' 
2017-10-03 18:58:26,178 [1] ServiceStack.OrmLite.OrmLiteReadCommandExtensions - SQL: select * from INFORMATION_SCHEMA.columns where table_name = 'villagegridpersonliable' 
2017-10-03 18:58:26,196 [1] ServiceStack.OrmLite.OrmLiteReadCommandExtensions - SQL: select * from INFORMATION_SCHEMA.columns where table_name = 'userinfo' 
2017-10-03 18:58:26,212 [1] ServiceStack.OrmLite.OrmLiteReadCommandExtensions - SQL: select * from INFORMATION_SCHEMA.columns where table_name = 'userinfo' 
2017-10-03 18:58:26,230 [1] ServiceStack.OrmLite.OrmLiteReadCommandExtensions - SQL: select * from INFORMATION_SCHEMA.columns where table_name = 'userinfo' 
2017-10-03 18:58:26,246 [1] ServiceStack.OrmLite.OrmLiteReadCommandExtensions - SQL: select * from INFORMATION_SCHEMA.columns where table_name = 'userinfo' 
2017-10-03 18:58:26,273 [1] ServiceStack.OrmLite.OrmLiteReadCommandExtensions - SQL: select * from INFORMATION_SCHEMA.columns where table_name = 'audit' 
2017-10-03 18:58:26,302 [1] ServiceStack.OrmLite.OrmLiteReadCommandExtensions - SQL: select * from INFORMATION_SCHEMA.columns where table_name = 'auditdetails' 
2017-10-03 18:58:26,326 [1] ServiceStack.OrmLite.OrmLiteReadCommandExtensions - SQL: select * from INFORMATION_SCHEMA.columns where table_name = 'villagegridpersonliable' 
2017-10-03 18:58:26,351 [1] ServiceStack.OrmLite.OrmLiteReadCommandExtensions - SQL: select * from INFORMATION_SCHEMA.columns where table_name = 'villagegridpersonliable' 
2017-10-03 18:58:26,374 [1] ServiceStack.OrmLite.OrmLiteReadCommandExtensions - SQL: select * from INFORMATION_SCHEMA.columns where table_name = 'villagegridpersonliable' 
2017-10-03 18:58:26,394 [1] ServiceStack.OrmLite.OrmLiteReadCommandExtensions - SQL: select * from INFORMATION_SCHEMA.columns where table_name = 'villagepic' 
2017-10-03 18:58:26,426 [1] ServiceStack.OrmLite.OrmLiteReadCommandExtensions - SQL: select * from INFORMATION_SCHEMA.columns where table_name = 'villagepic' 
2017-10-03 18:58:26,445 [1] ServiceStack.OrmLite.OrmLiteReadCommandExtensions - SQL: select * from INFORMATION_SCHEMA.columns where table_name = 'villagepic' 
2017-10-03 18:58:26,461 [1] ServiceStack.OrmLite.OrmLiteReadCommandExtensions - SQL: select * from INFORMATION_SCHEMA.columns where table_name = 'villagetransferperson' 
2017-10-03 18:58:26,477 [1] ServiceStack.OrmLite.OrmLiteReadCommandExtensions - SQL: select * from INFORMATION_SCHEMA.columns where table_name = 'villagetransferperson' 
2017-10-03 18:58:26,494 [1] ServiceStack.OrmLite.OrmLiteReadCommandExtensions - SQL: select * from INFORMATION_SCHEMA.columns where table_name = 'villagetransferperson' 
2017-10-03 18:58:26,511 [1] ServiceStack.OrmLite.OrmLiteReadCommandExtensions - SQL: select * from INFORMATION_SCHEMA.columns where table_name = 'villagetransferperson' 
2017-10-03 18:58:26,526 [1] ServiceStack.OrmLite.OrmLiteReadCommandExtensions - SQL: select * from INFORMATION_SCHEMA.columns where table_name = 'villageworkinggroup' 
2017-10-03 18:58:26,542 [1] ServiceStack.OrmLite.OrmLiteReadCommandExtensions - SQL: select * from INFORMATION_SCHEMA.columns where table_name = 'villageworkinggroup' 
2017-10-03 18:58:26,556 [1] ServiceStack.OrmLite.OrmLiteReadCommandExtensions - SQL: select * from INFORMATION_SCHEMA.columns where table_name = 'villageworkinggroup' 
2017-10-03 18:58:26,574 [1] ServiceStack.OrmLite.OrmLiteReadCommandExtensions - SQL: select * from INFORMATION_SCHEMA.columns where table_name = 'adcddisasterinfo' 
2017-10-03 18:58:26,588 [1] ServiceStack.OrmLite.OrmLiteReadCommandExtensions - SQL: select * from INFORMATION_SCHEMA.columns where table_name = 'countryperson' 
2017-10-03 18:58:26,604 [1] ServiceStack.OrmLite.OrmLiteReadCommandExtensions - SQL: select * from INFORMATION_SCHEMA.columns where table_name = 'countryperson' 
2017-10-03 18:58:26,619 [1] ServiceStack.OrmLite.OrmLiteReadCommandExtensions - SQL: select * from INFORMATION_SCHEMA.columns where table_name = 'countryperson' 
2017-10-03 18:58:26,635 [1] ServiceStack.OrmLite.OrmLiteReadCommandExtensions - SQL: select * from INFORMATION_SCHEMA.columns where table_name = 'countryperson' 
2017-10-03 18:58:26,666 [1] ServiceStack.OrmLite.OrmLiteReadCommandExtensions - SQL: select * from INFORMATION_SCHEMA.columns where table_name = 'townpersonliable' 
2017-10-03 18:58:26,683 [1] ServiceStack.OrmLite.OrmLiteReadCommandExtensions - SQL: select * from INFORMATION_SCHEMA.columns where table_name = 'townpersonliable' 
2017-10-03 18:58:26,702 [1] ServiceStack.OrmLite.OrmLiteReadCommandExtensions - SQL: select * from INFORMATION_SCHEMA.columns where table_name = 'townpersonliable' 
2017-10-03 18:58:26,719 [1] ServiceStack.OrmLite.OrmLiteReadCommandExtensions - SQL: select * from INFORMATION_SCHEMA.columns where table_name = 'auditcounty' 
2017-10-03 18:58:26,736 [1] ServiceStack.OrmLite.OrmLiteReadCommandExtensions - SQL: select * from INFORMATION_SCHEMA.columns where table_name = 'apprecord' 
2017-10-03 18:58:26,753 [1] ServiceStack.OrmLite.OrmLiteReadCommandExtensions - SQL: select * from INFORMATION_SCHEMA.columns where table_name = 'apprecord' 
2017-10-03 18:58:26,772 [1] ServiceStack.OrmLite.OrmLiteReadCommandExtensions - SQL: select * from INFORMATION_SCHEMA.columns where table_name = 'apprecord' 
2017-10-03 18:58:26,787 [1] ServiceStack.OrmLite.OrmLiteReadCommandExtensions - SQL: select * from INFORMATION_SCHEMA.columns where table_name = 'apprecord' 
2017-10-03 18:58:26,803 [1] ServiceStack.OrmLite.OrmLiteReadCommandExtensions - SQL: select * from INFORMATION_SCHEMA.columns where table_name = 'apprecord' 
2017-10-03 18:58:26,818 [1] ServiceStack.OrmLite.OrmLiteReadCommandExtensions - SQL: SELECT TOP 1 "Id", "RoleName", "LastOeration" 
FROM "Role"
WHERE ("RoleName" = @0)
PARAMS: @0=系统管理员
2017-10-03 18:58:26,834 [1] ServiceStack.OrmLite.OrmLiteReadCommandExtensions - SQL: SELECT TOP 1 "Id", "UserName", "PassWord", "RealName", "UserRealName", "Unit", "Position", "adcd", "Mobile", "isEnable", "loginNum" 
FROM "UserInfo"
WHERE ("UserName" = @0)
PARAMS: @0=admin
2017-10-03 18:58:26,874 [1] ServiceStack.Support.Markdown.MarkdownPage - Compiled Content/ComprehensiveApp/leaflet/leaflet-locationfilter-master/README.md in 0ms
2017-10-03 18:58:26,884 [1] ServiceStack.Support.Markdown.MarkdownPage - Compiled Content/ComprehensiveApp/leaflet/Leaflet.draw-master/BREAKINGCHANGES.md in 0ms
2017-10-03 18:58:26,891 [1] ServiceStack.Support.Markdown.MarkdownPage - Compiled Content/ComprehensiveApp/leaflet/Leaflet.draw-master/CHANGELOG.md in 2ms
2017-10-03 18:58:26,896 [1] ServiceStack.Support.Markdown.MarkdownPage - Compiled Content/ComprehensiveApp/leaflet/Leaflet.draw-master/ISSUE_TEMPLATE.md in 0ms
2017-10-03 18:58:26,901 [1] ServiceStack.Support.Markdown.MarkdownPage - Compiled Content/ComprehensiveApp/leaflet/Leaflet.draw-master/MIT-LICENSE.md in 0ms
2017-10-03 18:58:26,913 [1] ServiceStack.Support.Markdown.MarkdownPage - Compiled Content/ComprehensiveApp/leaflet/Leaflet.draw-master/README.md in 6ms
2017-10-03 18:58:26,919 [1] ServiceStack.Support.Markdown.MarkdownPage - Compiled Content/ComprehensiveApp/leaflet/Leaflet.draw-master/TODO.md in 0ms
2017-10-03 18:58:26,940 [1] ServiceStack.Support.Markdown.MarkdownPage - Compiled Content/layer-master/CHANGELOG.md in 0ms
2017-10-03 18:58:26,946 [1] ServiceStack.Support.Markdown.MarkdownPage - Compiled Content/layer-master/README.md in 0ms
2017-10-03 18:58:26,953 [1] ServiceStack.Support.Markdown.MarkdownPage - Compiled Content/layer-master/src/README.md in 0ms
2017-10-03 18:58:26,958 [1] ServiceStack.Support.Markdown.MarkdownPage - Compiled Content/layer-master/src/mobile/README.md in 0ms
2017-10-03 18:58:26,999 [1] ServiceStack.Support.Markdown.MarkdownPage - Compiled Content/PhotoSwipe-master/README.md in 0ms
2017-10-03 18:58:27,021 [1] ServiceStack.Support.Markdown.MarkdownPage - Compiled Content/ueditor/net/README.md in 0ms
2017-10-03 18:58:27,531 [6] Controller - UserSession失效，自动登录。
2017-10-03 18:58:27,568 [6] ServiceStack.OrmLite.OrmLiteReadCommandExtensions - SQL: SELECT TOP 1 "Id", "UserName", "PassWord", "RealName", "UserRealName", "Unit", "Position", "adcd", "Mobile", "isEnable", "loginNum" 
FROM "UserInfo"
WHERE ("UserName" = @0)
PARAMS: @0=15088258757
2017-10-03 18:58:27,597 [6] ServiceStack.OrmLite.OrmLiteReadCommandExtensions - SQL: SELECT UserInfo.*,UserRoleInfo.RoleID 
FROM "UserInfo" LEFT JOIN "UserRoleInfo" ON ("UserInfo"."Id" = "UserRoleInfo"."UserID")
WHERE ("UserInfo"."UserName" = @0)
PARAMS: @0=15088258757
2017-10-03 18:58:27,634 [6] ServiceStack.OrmLite.OrmLiteReadCommandExtensions - SQL: SELECT TOP 1 "Id", "parentId", "grade", "adcd", "adnm", "lng", "lat", "CreateTime", "operateLog" 
FROM "ADCDInfo"
WHERE ("adcd" = @0)
PARAMS: @0=330700000000000
2017-10-03 18:58:27,648 [6] ServiceStack.OrmLite.OrmLiteReadCommandExtensions - SQL: SELECT TOP 1 "Id", "parentId", "grade", "adcd", "adnm", "lng", "lat", "CreateTime", "operateLog" 
FROM "ADCDInfo"
WHERE ("adcd" = @0)
PARAMS: @0=330726000000000
2017-10-03 18:58:27,671 [6] ServiceStack.OrmLite.OrmLiteReadCommandExtensions - SQL: SELECT TOP 1 "Id", "parentId", "grade", "adcd", "adnm", "lng", "lat", "CreateTime", "operateLog" 
FROM "ADCDInfo"
WHERE ("adcd" is null)
2017-10-03 18:58:27,693 [6] ServiceStack.OrmLite.OrmLiteReadCommandExtensions - SQL: SELECT TOP 1 "Id", "parentId", "grade", "adcd", "adnm", "lng", "lat", "CreateTime", "operateLog" 
FROM "ADCDInfo"
WHERE ("adcd" is null)
2017-10-03 18:58:27,715 [6] ServiceStack.OrmLite.OrmLiteReadCommandExtensions - SQL: SELECT TOP 1 "Id", "parentId", "grade", "adcd", "adnm", "lng", "lat", "CreateTime", "operateLog" 
FROM "ADCDInfo"
WHERE ("adcd" is null)
2017-10-03 18:58:30,803 [6] ServiceStack.OrmLite.OrmLiteReadCommandExtensions - SQL: SELECT "ADCDInfo"."Id", "ADCDInfo"."parentId", "ADCDInfo"."grade", "ADCDInfo"."adcd", "ADCDInfo"."adnm", "ADCDInfo"."lng", "ADCDInfo"."lat", "ADCDInfo"."CreateTime", "ADCDInfo"."operateLog" 
FROM "ADCDInfo"
WHERE ("adcd" = @0)
PARAMS: @0=330726000000000
2017-10-03 18:58:31,348 [6] ServiceStack.OrmLite.OrmLiteReadCommandExtensions - SQL: exec GetNextLevleAdcdInfoByAdcd @adcd
PARAMS: adcd=330726000000000
2017-10-03 19:05:05,479 [16] ServiceStack.OrmLite.OrmLiteReadCommandExtensions - SQL: select * from INFORMATION_SCHEMA.columns where table_name = 'adcddisasterinfo' 
2017-10-03 19:05:05,537 [16] ServiceStack.OrmLite.OrmLiteReadCommandExtensions - SQL: select * from INFORMATION_SCHEMA.columns where table_name = 'adcddisasterinfo' 
2017-10-03 19:05:05,557 [16] ServiceStack.OrmLite.OrmLiteReadCommandExtensions - SQL: select * from INFORMATION_SCHEMA.columns where table_name = 'adcddisasterinfo' 
2017-10-03 19:05:05,576 [16] ServiceStack.OrmLite.OrmLiteReadCommandExtensions - SQL: select * from INFORMATION_SCHEMA.columns where table_name = 'adcdinfo' 
2017-10-03 19:05:05,597 [16] ServiceStack.OrmLite.OrmLiteReadCommandExtensions - SQL: select * from INFORMATION_SCHEMA.columns where table_name = 'adcdinfo' 
2017-10-03 19:05:05,613 [16] ServiceStack.OrmLite.OrmLiteReadCommandExtensions - SQL: select * from INFORMATION_SCHEMA.columns where table_name = 'villageworkinggroup' 
2017-10-03 19:05:05,628 [16] ServiceStack.OrmLite.OrmLiteReadCommandExtensions - SQL: select * from INFORMATION_SCHEMA.columns where table_name = 'villagetransferperson' 
2017-10-03 19:05:05,646 [16] ServiceStack.OrmLite.OrmLiteReadCommandExtensions - SQL: select * from INFORMATION_SCHEMA.columns where table_name = 'villagegridpersonliable' 
2017-10-03 19:05:05,663 [16] ServiceStack.OrmLite.OrmLiteReadCommandExtensions - SQL: select * from INFORMATION_SCHEMA.columns where table_name = 'villagegridpersonliable' 
2017-10-03 19:05:05,678 [16] ServiceStack.OrmLite.OrmLiteReadCommandExtensions - SQL: select * from INFORMATION_SCHEMA.columns where table_name = 'villagegridpersonliable' 
2017-10-03 19:05:05,696 [16] ServiceStack.OrmLite.OrmLiteReadCommandExtensions - SQL: select * from INFORMATION_SCHEMA.columns where table_name = 'userinfo' 
2017-10-03 19:05:05,713 [16] ServiceStack.OrmLite.OrmLiteReadCommandExtensions - SQL: select * from INFORMATION_SCHEMA.columns where table_name = 'userinfo' 
2017-10-03 19:05:05,739 [16] ServiceStack.OrmLite.OrmLiteReadCommandExtensions - SQL: select * from INFORMATION_SCHEMA.columns where table_name = 'userinfo' 
2017-10-03 19:05:05,759 [16] ServiceStack.OrmLite.OrmLiteReadCommandExtensions - SQL: select * from INFORMATION_SCHEMA.columns where table_name = 'userinfo' 
2017-10-03 19:05:05,779 [16] ServiceStack.OrmLite.OrmLiteReadCommandExtensions - SQL: select * from INFORMATION_SCHEMA.columns where table_name = 'audit' 
2017-10-03 19:05:05,800 [16] ServiceStack.OrmLite.OrmLiteReadCommandExtensions - SQL: select * from INFORMATION_SCHEMA.columns where table_name = 'auditdetails' 
2017-10-03 19:05:05,819 [16] ServiceStack.OrmLite.OrmLiteReadCommandExtensions - SQL: select * from INFORMATION_SCHEMA.columns where table_name = 'villagegridpersonliable' 
2017-10-03 19:05:05,840 [16] ServiceStack.OrmLite.OrmLiteReadCommandExtensions - SQL: select * from INFORMATION_SCHEMA.columns where table_name = 'villagegridpersonliable' 
2017-10-03 19:05:05,861 [16] ServiceStack.OrmLite.OrmLiteReadCommandExtensions - SQL: select * from INFORMATION_SCHEMA.columns where table_name = 'villagegridpersonliable' 
2017-10-03 19:05:05,882 [16] ServiceStack.OrmLite.OrmLiteReadCommandExtensions - SQL: select * from INFORMATION_SCHEMA.columns where table_name = 'villagepic' 
2017-10-03 19:05:05,903 [16] ServiceStack.OrmLite.OrmLiteReadCommandExtensions - SQL: select * from INFORMATION_SCHEMA.columns where table_name = 'villagepic' 
2017-10-03 19:05:05,924 [16] ServiceStack.OrmLite.OrmLiteReadCommandExtensions - SQL: select * from INFORMATION_SCHEMA.columns where table_name = 'villagepic' 
2017-10-03 19:05:05,944 [16] ServiceStack.OrmLite.OrmLiteReadCommandExtensions - SQL: select * from INFORMATION_SCHEMA.columns where table_name = 'villagetransferperson' 
2017-10-03 19:05:05,963 [16] ServiceStack.OrmLite.OrmLiteReadCommandExtensions - SQL: select * from INFORMATION_SCHEMA.columns where table_name = 'villagetransferperson' 
2017-10-03 19:05:05,985 [16] ServiceStack.OrmLite.OrmLiteReadCommandExtensions - SQL: select * from INFORMATION_SCHEMA.columns where table_name = 'villagetransferperson' 
2017-10-03 19:05:06,006 [16] ServiceStack.OrmLite.OrmLiteReadCommandExtensions - SQL: select * from INFORMATION_SCHEMA.columns where table_name = 'villagetransferperson' 
2017-10-03 19:05:06,028 [16] ServiceStack.OrmLite.OrmLiteReadCommandExtensions - SQL: select * from INFORMATION_SCHEMA.columns where table_name = 'villageworkinggroup' 
2017-10-03 19:05:06,049 [16] ServiceStack.OrmLite.OrmLiteReadCommandExtensions - SQL: select * from INFORMATION_SCHEMA.columns where table_name = 'villageworkinggroup' 
2017-10-03 19:05:06,069 [16] ServiceStack.OrmLite.OrmLiteReadCommandExtensions - SQL: select * from INFORMATION_SCHEMA.columns where table_name = 'villageworkinggroup' 
2017-10-03 19:05:06,087 [16] ServiceStack.OrmLite.OrmLiteReadCommandExtensions - SQL: select * from INFORMATION_SCHEMA.columns where table_name = 'adcddisasterinfo' 
2017-10-03 19:05:06,106 [16] ServiceStack.OrmLite.OrmLiteReadCommandExtensions - SQL: select * from INFORMATION_SCHEMA.columns where table_name = 'countryperson' 
2017-10-03 19:05:06,124 [16] ServiceStack.OrmLite.OrmLiteReadCommandExtensions - SQL: select * from INFORMATION_SCHEMA.columns where table_name = 'countryperson' 
2017-10-03 19:05:06,141 [16] ServiceStack.OrmLite.OrmLiteReadCommandExtensions - SQL: select * from INFORMATION_SCHEMA.columns where table_name = 'countryperson' 
2017-10-03 19:05:06,157 [16] ServiceStack.OrmLite.OrmLiteReadCommandExtensions - SQL: select * from INFORMATION_SCHEMA.columns where table_name = 'countryperson' 
2017-10-03 19:05:06,174 [16] ServiceStack.OrmLite.OrmLiteReadCommandExtensions - SQL: select * from INFORMATION_SCHEMA.columns where table_name = 'townpersonliable' 
2017-10-03 19:05:06,192 [16] ServiceStack.OrmLite.OrmLiteReadCommandExtensions - SQL: select * from INFORMATION_SCHEMA.columns where table_name = 'townpersonliable' 
2017-10-03 19:05:06,209 [16] ServiceStack.OrmLite.OrmLiteReadCommandExtensions - SQL: select * from INFORMATION_SCHEMA.columns where table_name = 'townpersonliable' 
2017-10-03 19:05:06,227 [16] ServiceStack.OrmLite.OrmLiteReadCommandExtensions - SQL: select * from INFORMATION_SCHEMA.columns where table_name = 'auditcounty' 
2017-10-03 19:05:06,243 [16] ServiceStack.OrmLite.OrmLiteReadCommandExtensions - SQL: select * from INFORMATION_SCHEMA.columns where table_name = 'apprecord' 
2017-10-03 19:05:06,260 [16] ServiceStack.OrmLite.OrmLiteReadCommandExtensions - SQL: select * from INFORMATION_SCHEMA.columns where table_name = 'apprecord' 
2017-10-03 19:05:06,278 [16] ServiceStack.OrmLite.OrmLiteReadCommandExtensions - SQL: select * from INFORMATION_SCHEMA.columns where table_name = 'apprecord' 
2017-10-03 19:05:06,296 [16] ServiceStack.OrmLite.OrmLiteReadCommandExtensions - SQL: select * from INFORMATION_SCHEMA.columns where table_name = 'apprecord' 
2017-10-03 19:05:06,314 [16] ServiceStack.OrmLite.OrmLiteReadCommandExtensions - SQL: select * from INFORMATION_SCHEMA.columns where table_name = 'apprecord' 
2017-10-03 19:05:06,369 [16] ServiceStack.OrmLite.OrmLiteReadCommandExtensions - SQL: SELECT TOP 1 "Id", "RoleName", "LastOeration" 
FROM "Role"
WHERE ("RoleName" = @0)
PARAMS: @0=系统管理员
2017-10-03 19:05:06,387 [16] ServiceStack.OrmLite.OrmLiteReadCommandExtensions - SQL: SELECT TOP 1 "Id", "UserName", "PassWord", "RealName", "UserRealName", "Unit", "Position", "adcd", "Mobile", "isEnable", "loginNum" 
FROM "UserInfo"
WHERE ("UserName" = @0)
PARAMS: @0=admin
2017-10-03 19:05:06,529 [16] ServiceStack.Support.Markdown.MarkdownPage - Compiled Content/ComprehensiveApp/leaflet/leaflet-locationfilter-master/README.md in 51ms
2017-10-03 19:05:06,553 [16] ServiceStack.Support.Markdown.MarkdownPage - Compiled Content/ComprehensiveApp/leaflet/Leaflet.draw-master/BREAKINGCHANGES.md in 10ms
2017-10-03 19:05:06,569 [16] ServiceStack.Support.Markdown.MarkdownPage - Compiled Content/ComprehensiveApp/leaflet/Leaflet.draw-master/CHANGELOG.md in 11ms
2017-10-03 19:05:06,575 [16] ServiceStack.Support.Markdown.MarkdownPage - Compiled Content/ComprehensiveApp/leaflet/Leaflet.draw-master/ISSUE_TEMPLATE.md in 1ms
2017-10-03 19:05:06,581 [16] ServiceStack.Support.Markdown.MarkdownPage - Compiled Content/ComprehensiveApp/leaflet/Leaflet.draw-master/MIT-LICENSE.md in 0ms
2017-10-03 19:05:06,602 [16] ServiceStack.Support.Markdown.MarkdownPage - Compiled Content/ComprehensiveApp/leaflet/Leaflet.draw-master/README.md in 16ms
2017-10-03 19:05:06,610 [16] ServiceStack.Support.Markdown.MarkdownPage - Compiled Content/ComprehensiveApp/leaflet/Leaflet.draw-master/TODO.md in 2ms
2017-10-03 19:05:06,631 [16] ServiceStack.Support.Markdown.MarkdownPage - Compiled Content/layer-master/CHANGELOG.md in 0ms
2017-10-03 19:05:06,636 [16] ServiceStack.Support.Markdown.MarkdownPage - Compiled Content/layer-master/README.md in 0ms
2017-10-03 19:05:06,644 [16] ServiceStack.Support.Markdown.MarkdownPage - Compiled Content/layer-master/src/README.md in 0ms
2017-10-03 19:05:06,650 [16] ServiceStack.Support.Markdown.MarkdownPage - Compiled Content/layer-master/src/mobile/README.md in 0ms
2017-10-03 19:05:06,690 [16] ServiceStack.Support.Markdown.MarkdownPage - Compiled Content/PhotoSwipe-master/README.md in 0ms
2017-10-03 19:05:06,715 [16] ServiceStack.Support.Markdown.MarkdownPage - Compiled Content/ueditor/net/README.md in 1ms
2017-10-03 19:05:07,283 [15] Controller - UserSession失效，自动登录。
2017-10-03 19:05:07,312 [15] ServiceStack.OrmLite.OrmLiteReadCommandExtensions - SQL: SELECT TOP 1 "Id", "UserName", "PassWord", "RealName", "UserRealName", "Unit", "Position", "adcd", "Mobile", "isEnable", "loginNum" 
FROM "UserInfo"
WHERE ("UserName" = @0)
PARAMS: @0=15088258757
2017-10-03 19:05:07,343 [15] ServiceStack.OrmLite.OrmLiteReadCommandExtensions - SQL: SELECT UserInfo.*,UserRoleInfo.RoleID 
FROM "UserInfo" LEFT JOIN "UserRoleInfo" ON ("UserInfo"."Id" = "UserRoleInfo"."UserID")
WHERE ("UserInfo"."UserName" = @0)
PARAMS: @0=15088258757
2017-10-03 19:05:07,382 [15] ServiceStack.OrmLite.OrmLiteReadCommandExtensions - SQL: SELECT TOP 1 "Id", "parentId", "grade", "adcd", "adnm", "lng", "lat", "CreateTime", "operateLog" 
FROM "ADCDInfo"
WHERE ("adcd" = @0)
PARAMS: @0=330700000000000
2017-10-03 19:05:07,401 [15] ServiceStack.OrmLite.OrmLiteReadCommandExtensions - SQL: SELECT TOP 1 "Id", "parentId", "grade", "adcd", "adnm", "lng", "lat", "CreateTime", "operateLog" 
FROM "ADCDInfo"
WHERE ("adcd" = @0)
PARAMS: @0=330726000000000
2017-10-03 19:05:07,426 [15] ServiceStack.OrmLite.OrmLiteReadCommandExtensions - SQL: SELECT TOP 1 "Id", "parentId", "grade", "adcd", "adnm", "lng", "lat", "CreateTime", "operateLog" 
FROM "ADCDInfo"
WHERE ("adcd" is null)
2017-10-03 19:05:07,442 [15] ServiceStack.OrmLite.OrmLiteReadCommandExtensions - SQL: SELECT TOP 1 "Id", "parentId", "grade", "adcd", "adnm", "lng", "lat", "CreateTime", "operateLog" 
FROM "ADCDInfo"
WHERE ("adcd" is null)
2017-10-03 19:05:07,459 [15] ServiceStack.OrmLite.OrmLiteReadCommandExtensions - SQL: SELECT TOP 1 "Id", "parentId", "grade", "adcd", "adnm", "lng", "lat", "CreateTime", "operateLog" 
FROM "ADCDInfo"
WHERE ("adcd" is null)
2017-10-03 19:05:14,112 [17] ServiceStack.OrmLite.OrmLiteReadCommandExtensions - SQL: SELECT "ADCDInfo"."Id", "ADCDInfo"."parentId", "ADCDInfo"."grade", "ADCDInfo"."adcd", "ADCDInfo"."adnm", "ADCDInfo"."lng", "ADCDInfo"."lat", "ADCDInfo"."CreateTime", "ADCDInfo"."operateLog" 
FROM "ADCDInfo"
WHERE ("adcd" = @0)
PARAMS: @0=330726000000000
2017-10-03 19:05:14,358 [19] ServiceStack.OrmLite.OrmLiteReadCommandExtensions - SQL: exec GetNextLevleAdcdInfoByAdcd @adcd
PARAMS: adcd=330726000000000
2017-10-03 19:33:53,550 [1] ServiceStack.OrmLite.OrmLiteReadCommandExtensions - SQL: select * from INFORMATION_SCHEMA.columns where table_name = 'adcddisasterinfo' 
2017-10-03 19:33:53,600 [1] ServiceStack.OrmLite.OrmLiteReadCommandExtensions - SQL: select * from INFORMATION_SCHEMA.columns where table_name = 'adcddisasterinfo' 
2017-10-03 19:33:53,615 [1] ServiceStack.OrmLite.OrmLiteReadCommandExtensions - SQL: select * from INFORMATION_SCHEMA.columns where table_name = 'adcddisasterinfo' 
2017-10-03 19:33:53,631 [1] ServiceStack.OrmLite.OrmLiteReadCommandExtensions - SQL: select * from INFORMATION_SCHEMA.columns where table_name = 'adcdinfo' 
2017-10-03 19:33:53,645 [1] ServiceStack.OrmLite.OrmLiteReadCommandExtensions - SQL: select * from INFORMATION_SCHEMA.columns where table_name = 'adcdinfo' 
2017-10-03 19:33:53,659 [1] ServiceStack.OrmLite.OrmLiteReadCommandExtensions - SQL: select * from INFORMATION_SCHEMA.columns where table_name = 'villageworkinggroup' 
2017-10-03 19:33:53,675 [1] ServiceStack.OrmLite.OrmLiteReadCommandExtensions - SQL: select * from INFORMATION_SCHEMA.columns where table_name = 'villagetransferperson' 
2017-10-03 19:33:53,692 [1] ServiceStack.OrmLite.OrmLiteReadCommandExtensions - SQL: select * from INFORMATION_SCHEMA.columns where table_name = 'villagegridpersonliable' 
2017-10-03 19:33:53,710 [1] ServiceStack.OrmLite.OrmLiteReadCommandExtensions - SQL: select * from INFORMATION_SCHEMA.columns where table_name = 'villagegridpersonliable' 
2017-10-03 19:33:53,725 [1] ServiceStack.OrmLite.OrmLiteReadCommandExtensions - SQL: select * from INFORMATION_SCHEMA.columns where table_name = 'villagegridpersonliable' 
2017-10-03 19:33:53,750 [1] ServiceStack.OrmLite.OrmLiteReadCommandExtensions - SQL: select * from INFORMATION_SCHEMA.columns where table_name = 'userinfo' 
2017-10-03 19:33:54,116 [1] ServiceStack.OrmLite.OrmLiteReadCommandExtensions - SQL: select * from INFORMATION_SCHEMA.columns where table_name = 'userinfo' 
2017-10-03 19:33:54,130 [1] ServiceStack.OrmLite.OrmLiteReadCommandExtensions - SQL: select * from INFORMATION_SCHEMA.columns where table_name = 'userinfo' 
2017-10-03 19:33:54,145 [1] ServiceStack.OrmLite.OrmLiteReadCommandExtensions - SQL: select * from INFORMATION_SCHEMA.columns where table_name = 'userinfo' 
2017-10-03 19:33:54,160 [1] ServiceStack.OrmLite.OrmLiteReadCommandExtensions - SQL: select * from INFORMATION_SCHEMA.columns where table_name = 'audit' 
2017-10-03 19:33:54,175 [1] ServiceStack.OrmLite.OrmLiteReadCommandExtensions - SQL: select * from INFORMATION_SCHEMA.columns where table_name = 'auditdetails' 
2017-10-03 19:33:54,190 [1] ServiceStack.OrmLite.OrmLiteReadCommandExtensions - SQL: select * from INFORMATION_SCHEMA.columns where table_name = 'villagegridpersonliable' 
2017-10-03 19:33:54,205 [1] ServiceStack.OrmLite.OrmLiteReadCommandExtensions - SQL: select * from INFORMATION_SCHEMA.columns where table_name = 'villagegridpersonliable' 
2017-10-03 19:33:54,219 [1] ServiceStack.OrmLite.OrmLiteReadCommandExtensions - SQL: select * from INFORMATION_SCHEMA.columns where table_name = 'villagegridpersonliable' 
2017-10-03 19:33:54,232 [1] ServiceStack.OrmLite.OrmLiteReadCommandExtensions - SQL: select * from INFORMATION_SCHEMA.columns where table_name = 'villagepic' 
2017-10-03 19:33:54,246 [1] ServiceStack.OrmLite.OrmLiteReadCommandExtensions - SQL: select * from INFORMATION_SCHEMA.columns where table_name = 'villagepic' 
2017-10-03 19:33:54,261 [1] ServiceStack.OrmLite.OrmLiteReadCommandExtensions - SQL: select * from INFORMATION_SCHEMA.columns where table_name = 'villagepic' 
2017-10-03 19:33:54,275 [1] ServiceStack.OrmLite.OrmLiteReadCommandExtensions - SQL: select * from INFORMATION_SCHEMA.columns where table_name = 'villagetransferperson' 
2017-10-03 19:33:54,289 [1] ServiceStack.OrmLite.OrmLiteReadCommandExtensions - SQL: select * from INFORMATION_SCHEMA.columns where table_name = 'villagetransferperson' 
2017-10-03 19:33:54,303 [1] ServiceStack.OrmLite.OrmLiteReadCommandExtensions - SQL: select * from INFORMATION_SCHEMA.columns where table_name = 'villagetransferperson' 
2017-10-03 19:33:54,316 [1] ServiceStack.OrmLite.OrmLiteReadCommandExtensions - SQL: select * from INFORMATION_SCHEMA.columns where table_name = 'villagetransferperson' 
2017-10-03 19:33:54,332 [1] ServiceStack.OrmLite.OrmLiteReadCommandExtensions - SQL: select * from INFORMATION_SCHEMA.columns where table_name = 'villageworkinggroup' 
2017-10-03 19:33:54,346 [1] ServiceStack.OrmLite.OrmLiteReadCommandExtensions - SQL: select * from INFORMATION_SCHEMA.columns where table_name = 'villageworkinggroup' 
2017-10-03 19:33:54,360 [1] ServiceStack.OrmLite.OrmLiteReadCommandExtensions - SQL: select * from INFORMATION_SCHEMA.columns where table_name = 'villageworkinggroup' 
2017-10-03 19:33:54,376 [1] ServiceStack.OrmLite.OrmLiteReadCommandExtensions - SQL: select * from INFORMATION_SCHEMA.columns where table_name = 'adcddisasterinfo' 
2017-10-03 19:33:54,391 [1] ServiceStack.OrmLite.OrmLiteReadCommandExtensions - SQL: select * from INFORMATION_SCHEMA.columns where table_name = 'countryperson' 
2017-10-03 19:33:54,406 [1] ServiceStack.OrmLite.OrmLiteReadCommandExtensions - SQL: select * from INFORMATION_SCHEMA.columns where table_name = 'countryperson' 
2017-10-03 19:33:54,420 [1] ServiceStack.OrmLite.OrmLiteReadCommandExtensions - SQL: select * from INFORMATION_SCHEMA.columns where table_name = 'countryperson' 
2017-10-03 19:33:54,435 [1] ServiceStack.OrmLite.OrmLiteReadCommandExtensions - SQL: select * from INFORMATION_SCHEMA.columns where table_name = 'countryperson' 
2017-10-03 19:33:54,449 [1] ServiceStack.OrmLite.OrmLiteReadCommandExtensions - SQL: select * from INFORMATION_SCHEMA.columns where table_name = 'townpersonliable' 
2017-10-03 19:33:54,464 [1] ServiceStack.OrmLite.OrmLiteReadCommandExtensions - SQL: select * from INFORMATION_SCHEMA.columns where table_name = 'townpersonliable' 
2017-10-03 19:33:54,480 [1] ServiceStack.OrmLite.OrmLiteReadCommandExtensions - SQL: select * from INFORMATION_SCHEMA.columns where table_name = 'townpersonliable' 
2017-10-03 19:33:54,497 [1] ServiceStack.OrmLite.OrmLiteReadCommandExtensions - SQL: select * from INFORMATION_SCHEMA.columns where table_name = 'auditcounty' 
2017-10-03 19:33:54,511 [1] ServiceStack.OrmLite.OrmLiteReadCommandExtensions - SQL: select * from INFORMATION_SCHEMA.columns where table_name = 'apprecord' 
2017-10-03 19:33:54,527 [1] ServiceStack.OrmLite.OrmLiteReadCommandExtensions - SQL: select * from INFORMATION_SCHEMA.columns where table_name = 'apprecord' 
2017-10-03 19:33:54,541 [1] ServiceStack.OrmLite.OrmLiteReadCommandExtensions - SQL: select * from INFORMATION_SCHEMA.columns where table_name = 'apprecord' 
2017-10-03 19:33:54,857 [1] ServiceStack.OrmLite.OrmLiteReadCommandExtensions - SQL: select * from INFORMATION_SCHEMA.columns where table_name = 'apprecord' 
2017-10-03 19:33:54,872 [1] ServiceStack.OrmLite.OrmLiteReadCommandExtensions - SQL: select * from INFORMATION_SCHEMA.columns where table_name = 'apprecord' 
2017-10-03 19:33:54,932 [1] ServiceStack.OrmLite.OrmLiteReadCommandExtensions - SQL: SELECT TOP 1 "Id", "RoleName", "LastOeration" 
FROM "Role"
WHERE ("RoleName" = @0)
PARAMS: @0=系统管理员
2017-10-03 19:33:54,951 [1] ServiceStack.OrmLite.OrmLiteReadCommandExtensions - SQL: SELECT TOP 1 "Id", "UserName", "PassWord", "RealName", "UserRealName", "Unit", "Position", "adcd", "Mobile", "isEnable", "loginNum" 
FROM "UserInfo"
WHERE ("UserName" = @0)
PARAMS: @0=admin
2017-10-03 19:33:55,116 [1] ServiceStack.Support.Markdown.MarkdownPage - Compiled Content/ComprehensiveApp/leaflet/leaflet-locationfilter-master/README.md in 49ms
2017-10-03 19:33:55,142 [1] ServiceStack.Support.Markdown.MarkdownPage - Compiled Content/ComprehensiveApp/leaflet/Leaflet.draw-master/BREAKINGCHANGES.md in 13ms
2017-10-03 19:33:55,161 [1] ServiceStack.Support.Markdown.MarkdownPage - Compiled Content/ComprehensiveApp/leaflet/Leaflet.draw-master/CHANGELOG.md in 12ms
2017-10-03 19:33:55,169 [1] ServiceStack.Support.Markdown.MarkdownPage - Compiled Content/ComprehensiveApp/leaflet/Leaflet.draw-master/ISSUE_TEMPLATE.md in 1ms
2017-10-03 19:33:55,175 [1] ServiceStack.Support.Markdown.MarkdownPage - Compiled Content/ComprehensiveApp/leaflet/Leaflet.draw-master/MIT-LICENSE.md in 0ms
2017-10-03 19:33:55,198 [1] ServiceStack.Support.Markdown.MarkdownPage - Compiled Content/ComprehensiveApp/leaflet/Leaflet.draw-master/README.md in 17ms
2017-10-03 19:33:55,207 [1] ServiceStack.Support.Markdown.MarkdownPage - Compiled Content/ComprehensiveApp/leaflet/Leaflet.draw-master/TODO.md in 0ms
2017-10-03 19:33:55,229 [1] ServiceStack.Support.Markdown.MarkdownPage - Compiled Content/layer-master/CHANGELOG.md in 0ms
2017-10-03 19:33:55,236 [1] ServiceStack.Support.Markdown.MarkdownPage - Compiled Content/layer-master/README.md in 0ms
2017-10-03 19:33:55,244 [1] ServiceStack.Support.Markdown.MarkdownPage - Compiled Content/layer-master/src/README.md in 0ms
2017-10-03 19:33:55,252 [1] ServiceStack.Support.Markdown.MarkdownPage - Compiled Content/layer-master/src/mobile/README.md in 0ms
2017-10-03 19:33:55,292 [1] ServiceStack.Support.Markdown.MarkdownPage - Compiled Content/PhotoSwipe-master/README.md in 0ms
2017-10-03 19:33:55,322 [1] ServiceStack.Support.Markdown.MarkdownPage - Compiled Content/ueditor/net/README.md in 1ms
2017-10-03 19:33:55,946 [6] ServiceStack.OrmLite.OrmLiteReadCommandExtensions - SQL: SELECT TOP 1 "Id", "UserName", "PassWord", "RealName", "UserRealName", "Unit", "Position", "adcd", "Mobile", "isEnable", "loginNum" 
FROM "UserInfo"
WHERE ("UserName" = @0)
PARAMS: @0=15088258757
2017-10-03 19:33:55,980 [6] ServiceStack.OrmLite.OrmLiteReadCommandExtensions - SQL: SELECT UserInfo.*,UserRoleInfo.RoleID 
FROM "UserInfo" LEFT JOIN "UserRoleInfo" ON ("UserInfo"."Id" = "UserRoleInfo"."UserID")
WHERE ("UserInfo"."UserName" = @0)
PARAMS: @0=15088258757
2017-10-03 19:33:56,021 [6] ServiceStack.OrmLite.OrmLiteReadCommandExtensions - SQL: SELECT TOP 1 "Id", "parentId", "grade", "adcd", "adnm", "lng", "lat", "CreateTime", "operateLog" 
FROM "ADCDInfo"
WHERE ("adcd" = @0)
PARAMS: @0=330700000000000
2017-10-03 19:33:56,042 [6] ServiceStack.OrmLite.OrmLiteReadCommandExtensions - SQL: SELECT TOP 1 "Id", "parentId", "grade", "adcd", "adnm", "lng", "lat", "CreateTime", "operateLog" 
FROM "ADCDInfo"
WHERE ("adcd" = @0)
PARAMS: @0=330726000000000
2017-10-03 19:33:56,066 [6] ServiceStack.OrmLite.OrmLiteReadCommandExtensions - SQL: SELECT TOP 1 "Id", "parentId", "grade", "adcd", "adnm", "lng", "lat", "CreateTime", "operateLog" 
FROM "ADCDInfo"
WHERE ("adcd" is null)
2017-10-03 19:33:56,081 [6] ServiceStack.OrmLite.OrmLiteReadCommandExtensions - SQL: SELECT TOP 1 "Id", "parentId", "grade", "adcd", "adnm", "lng", "lat", "CreateTime", "operateLog" 
FROM "ADCDInfo"
WHERE ("adcd" is null)
2017-10-03 19:33:56,096 [6] ServiceStack.OrmLite.OrmLiteReadCommandExtensions - SQL: SELECT TOP 1 "Id", "parentId", "grade", "adcd", "adnm", "lng", "lat", "CreateTime", "operateLog" 
FROM "ADCDInfo"
WHERE ("adcd" is null)
2017-10-03 19:33:56,158 [6] ServiceStack.OrmLite.OrmLiteReadCommandExtensions - SQL: SELECT "ADCDInfo"."Id", "ADCDInfo"."parentId", "ADCDInfo"."grade", "ADCDInfo"."adcd", "ADCDInfo"."adnm", "ADCDInfo"."lng", "ADCDInfo"."lat", "ADCDInfo"."CreateTime", "ADCDInfo"."operateLog" 
FROM "ADCDInfo"
WHERE ("adcd" = @0)
PARAMS: @0=330726106000000
2017-10-03 19:33:59,607 [6] ServiceStack.OrmLite.OrmLiteReadCommandExtensions - SQL: SELECT "ADCDInfo"."Id", "ADCDInfo"."parentId", "ADCDInfo"."grade", "ADCDInfo"."adcd", "ADCDInfo"."adnm", "ADCDInfo"."lng", "ADCDInfo"."lat", "ADCDInfo"."CreateTime", "ADCDInfo"."operateLog" 
FROM "ADCDInfo"
WHERE ("adcd" = @0)
PARAMS: @0=330726000000000
2017-10-03 19:33:59,967 [6] ServiceStack.OrmLite.OrmLiteReadCommandExtensions - SQL: exec GetNextLevleAdcdInfoByAdcd @adcd
PARAMS: adcd=330726000000000
2017-10-03 19:34:01,674 [10] ServiceStack.OrmLite.OrmLiteReadCommandExtensions - SQL: SELECT "ADCDInfo"."Id", "ADCDInfo"."parentId", "ADCDInfo"."grade", "ADCDInfo"."adcd", "ADCDInfo"."adnm", "ADCDInfo"."lng", "ADCDInfo"."lat", "ADCDInfo"."CreateTime", "ADCDInfo"."operateLog" 
FROM "ADCDInfo"
WHERE ("adcd" = @0)
PARAMS: @0=330726106000000
2017-10-03 19:34:01,717 [9] ServiceStack.OrmLite.OrmLiteReadCommandExtensions - SQL: exec GetNextLevleAdcdInfoByAdcd @adcd
PARAMS: adcd=330726106000000
2017-10-03 19:34:03,286 [9] ServiceStack.OrmLite.OrmLiteReadCommandExtensions - SQL: exec AppGetWarnListByVillageAdcd @adcd
PARAMS: adcd=330726106016000
2017-10-03 19:34:04,205 [9] ServiceStack.OrmLite.OrmLiteReadCommandExtensions - SQL: exec AppGetWarnInfoByWarnEventId @warneventid,@villageadcd
PARAMS: warneventid=5, villageadcd=330726106016000
2017-10-03 19:34:04,976 [9] ServiceStack.OrmLite.OrmLiteReadCommandExtensions - SQL: exec AppGetGpsLocation @adcd,@warnlevel
PARAMS: adcd=330726106016000, warnlevel=3
2017-10-03 19:34:33,623 [9] ServiceStack.OrmLite.OrmLiteReadCommandExtensions - SQL: SELECT "ADCDInfo"."Id", "ADCDInfo"."parentId", "ADCDInfo"."grade", "ADCDInfo"."adcd", "ADCDInfo"."adnm", "ADCDInfo"."lng", "ADCDInfo"."lat", "ADCDInfo"."CreateTime", "ADCDInfo"."operateLog" 
FROM "ADCDInfo"
WHERE ("adcd" = @0)
PARAMS: @0=330726000000000
2017-10-03 19:34:33,898 [6] ServiceStack.OrmLite.OrmLiteReadCommandExtensions - SQL: exec GetNextLevleAdcdInfoByAdcd @adcd
PARAMS: adcd=330726000000000
2017-10-03 19:34:36,441 [10] ServiceStack.OrmLite.OrmLiteReadCommandExtensions - SQL: SELECT "ADCDInfo"."Id", "ADCDInfo"."parentId", "ADCDInfo"."grade", "ADCDInfo"."adcd", "ADCDInfo"."adnm", "ADCDInfo"."lng", "ADCDInfo"."lat", "ADCDInfo"."CreateTime", "ADCDInfo"."operateLog" 
FROM "ADCDInfo"
WHERE ("adcd" = @0)
PARAMS: @0=330726107000000
2017-10-03 19:34:36,524 [10] ServiceStack.OrmLite.OrmLiteReadCommandExtensions - SQL: exec GetNextLevleAdcdInfoByAdcd @adcd
PARAMS: adcd=330726107000000
2017-10-03 19:34:40,140 [8] ServiceStack.OrmLite.OrmLiteReadCommandExtensions - SQL: SELECT "ADCDInfo"."Id", "ADCDInfo"."parentId", "ADCDInfo"."grade", "ADCDInfo"."adcd", "ADCDInfo"."adnm", "ADCDInfo"."lng", "ADCDInfo"."lat", "ADCDInfo"."CreateTime", "ADCDInfo"."operateLog" 
FROM "ADCDInfo"
WHERE ("adcd" = @0)
PARAMS: @0=330726000000000
2017-10-03 19:34:40,566 [8] ServiceStack.OrmLite.OrmLiteReadCommandExtensions - SQL: exec GetNextLevleAdcdInfoByAdcd @adcd
PARAMS: adcd=330726000000000
2017-10-03 19:34:42,063 [5] ServiceStack.OrmLite.OrmLiteReadCommandExtensions - SQL: SELECT "ADCDInfo"."Id", "ADCDInfo"."parentId", "ADCDInfo"."grade", "ADCDInfo"."adcd", "ADCDInfo"."adnm", "ADCDInfo"."lng", "ADCDInfo"."lat", "ADCDInfo"."CreateTime", "ADCDInfo"."operateLog" 
FROM "ADCDInfo"
WHERE ("adcd" = @0)
PARAMS: @0=330726106000000
2017-10-03 19:34:42,450 [9] ServiceStack.OrmLite.OrmLiteReadCommandExtensions - SQL: exec GetNextLevleAdcdInfoByAdcd @adcd
PARAMS: adcd=330726106000000
2017-10-03 19:34:43,692 [9] ServiceStack.OrmLite.OrmLiteReadCommandExtensions - SQL: exec AppGetWarnListByVillageAdcd @adcd
PARAMS: adcd=330726106016000
2017-10-03 19:34:45,205 [8] ServiceStack.OrmLite.OrmLiteReadCommandExtensions - SQL: exec AppGetWarnInfoByWarnEventId @warneventid,@villageadcd
PARAMS: warneventid=5, villageadcd=330726106016000
2017-10-03 19:34:45,975 [6] ServiceStack.OrmLite.OrmLiteReadCommandExtensions - SQL: exec AppGetGpsLocation @adcd,@warnlevel
PARAMS: adcd=330726106016000, warnlevel=3
2017-10-03 19:35:50,664 [9] ServiceStack.OrmLite.OrmLiteReadCommandExtensions - SQL: SELECT "ADCDInfo"."Id", "ADCDInfo"."parentId", "ADCDInfo"."grade", "ADCDInfo"."adcd", "ADCDInfo"."adnm", "ADCDInfo"."lng", "ADCDInfo"."lat", "ADCDInfo"."CreateTime", "ADCDInfo"."operateLog" 
FROM "ADCDInfo"
WHERE ("adcd" = @0)
PARAMS: @0=330726000000000
2017-10-03 19:35:51,133 [9] ServiceStack.OrmLite.OrmLiteReadCommandExtensions - SQL: exec GetNextLevleAdcdInfoByAdcd @adcd
PARAMS: adcd=330726000000000
2017-10-03 19:35:55,301 [5] ServiceStack.OrmLite.OrmLiteReadCommandExtensions - SQL: SELECT "ADCDInfo"."Id", "ADCDInfo"."parentId", "ADCDInfo"."grade", "ADCDInfo"."adcd", "ADCDInfo"."adnm", "ADCDInfo"."lng", "ADCDInfo"."lat", "ADCDInfo"."CreateTime", "ADCDInfo"."operateLog" 
FROM "ADCDInfo"
WHERE ("adcd" = @0)
PARAMS: @0=330726106000000
2017-10-03 19:35:55,432 [8] ServiceStack.OrmLite.OrmLiteReadCommandExtensions - SQL: exec GetNextLevleAdcdInfoByAdcd @adcd
PARAMS: adcd=330726106000000
2017-10-03 19:35:57,121 [6] ServiceStack.OrmLite.OrmLiteReadCommandExtensions - SQL: exec AppGetWarnListByVillageAdcd @adcd
PARAMS: adcd=330726106016000
2017-10-03 19:35:58,763 [6] ServiceStack.OrmLite.OrmLiteReadCommandExtensions - SQL: exec AppGetWarnInfoByWarnEventId @warneventid,@villageadcd
PARAMS: warneventid=5, villageadcd=330726106016000
2017-10-03 19:36:00,355 [12] ServiceStack.OrmLite.OrmLiteReadCommandExtensions - SQL: exec AppGetGpsLocation @adcd,@warnlevel
PARAMS: adcd=330726106016000, warnlevel=3
2017-10-03 19:38:09,392 [18] ServiceStack.OrmLite.OrmLiteReadCommandExtensions - SQL: SELECT "ADCDInfo"."Id", "ADCDInfo"."parentId", "ADCDInfo"."grade", "ADCDInfo"."adcd", "ADCDInfo"."adnm", "ADCDInfo"."lng", "ADCDInfo"."lat", "ADCDInfo"."CreateTime", "ADCDInfo"."operateLog" 
FROM "ADCDInfo"
WHERE ("adcd" = @0)
PARAMS: @0=330726000000000
2017-10-03 19:38:09,795 [18] ServiceStack.OrmLite.OrmLiteReadCommandExtensions - SQL: exec GetNextLevleAdcdInfoByAdcd @adcd
PARAMS: adcd=330726000000000
2017-10-03 19:38:12,008 [17] ServiceStack.OrmLite.OrmLiteReadCommandExtensions - SQL: SELECT "ADCDInfo"."Id", "ADCDInfo"."parentId", "ADCDInfo"."grade", "ADCDInfo"."adcd", "ADCDInfo"."adnm", "ADCDInfo"."lng", "ADCDInfo"."lat", "ADCDInfo"."CreateTime", "ADCDInfo"."operateLog" 
FROM "ADCDInfo"
WHERE ("adcd" = @0)
PARAMS: @0=330726106000000
2017-10-03 19:38:12,118 [6] ServiceStack.OrmLite.OrmLiteReadCommandExtensions - SQL: exec GetNextLevleAdcdInfoByAdcd @adcd
PARAMS: adcd=330726106000000
2017-10-03 19:38:13,914 [6] ServiceStack.OrmLite.OrmLiteReadCommandExtensions - SQL: exec AppGetWarnListByVillageAdcd @adcd
PARAMS: adcd=330726106016000
2017-10-03 19:38:15,695 [6] ServiceStack.OrmLite.OrmLiteReadCommandExtensions - SQL: exec AppGetWarnInfoByWarnEventId @warneventid,@villageadcd
PARAMS: warneventid=5, villageadcd=330726106016000
2017-10-03 19:38:16,160 [18] ServiceStack.OrmLite.OrmLiteReadCommandExtensions - SQL: exec AppGetGpsLocation @adcd,@warnlevel
PARAMS: adcd=330726106016000, warnlevel=3
2017-10-03 19:39:00,045 [14] ServiceStack.OrmLite.OrmLiteReadCommandExtensions - SQL: SELECT "ADCDInfo"."Id", "ADCDInfo"."parentId", "ADCDInfo"."grade", "ADCDInfo"."adcd", "ADCDInfo"."adnm", "ADCDInfo"."lng", "ADCDInfo"."lat", "ADCDInfo"."CreateTime", "ADCDInfo"."operateLog" 
FROM "ADCDInfo"
WHERE ("adcd" = @0)
PARAMS: @0=330726000000000
2017-10-03 19:39:00,501 [17] ServiceStack.OrmLite.OrmLiteReadCommandExtensions - SQL: exec GetNextLevleAdcdInfoByAdcd @adcd
PARAMS: adcd=330726000000000
2017-10-03 19:39:02,589 [14] ServiceStack.OrmLite.OrmLiteReadCommandExtensions - SQL: SELECT "ADCDInfo"."Id", "ADCDInfo"."parentId", "ADCDInfo"."grade", "ADCDInfo"."adcd", "ADCDInfo"."adnm", "ADCDInfo"."lng", "ADCDInfo"."lat", "ADCDInfo"."CreateTime", "ADCDInfo"."operateLog" 
FROM "ADCDInfo"
WHERE ("adcd" = @0)
PARAMS: @0=330726106000000
2017-10-03 19:39:02,682 [17] ServiceStack.OrmLite.OrmLiteReadCommandExtensions - SQL: exec GetNextLevleAdcdInfoByAdcd @adcd
PARAMS: adcd=330726106000000
2017-10-03 19:39:05,439 [17] ServiceStack.OrmLite.OrmLiteReadCommandExtensions - SQL: exec AppGetWarnListByVillageAdcd @adcd
PARAMS: adcd=330726106016000
2017-10-03 19:39:07,026 [17] ServiceStack.OrmLite.OrmLiteReadCommandExtensions - SQL: exec AppGetWarnInfoByWarnEventId @warneventid,@villageadcd
PARAMS: warneventid=5, villageadcd=330726106016000
2017-10-03 19:39:07,921 [6] ServiceStack.OrmLite.OrmLiteReadCommandExtensions - SQL: exec AppGetGpsLocation @adcd,@warnlevel
PARAMS: adcd=330726106016000, warnlevel=3
2017-10-03 19:48:30,712 [22] ServiceStack.OrmLite.OrmLiteReadCommandExtensions - SQL: exec AppGetGpsLocation @adcd,@warnlevel
PARAMS: adcd=330726106016000, warnlevel=3
2017-10-03 19:49:03,567 [12] ServiceStack.OrmLite.OrmLiteReadCommandExtensions - SQL: SELECT "ADCDInfo"."Id", "ADCDInfo"."parentId", "ADCDInfo"."grade", "ADCDInfo"."adcd", "ADCDInfo"."adnm", "ADCDInfo"."lng", "ADCDInfo"."lat", "ADCDInfo"."CreateTime", "ADCDInfo"."operateLog" 
FROM "ADCDInfo"
WHERE ("adcd" = @0)
PARAMS: @0=330726000000000
2017-10-03 19:49:04,083 [15] ServiceStack.OrmLite.OrmLiteReadCommandExtensions - SQL: exec GetNextLevleAdcdInfoByAdcd @adcd
PARAMS: adcd=330726000000000
2017-10-03 19:49:05,606 [20] ServiceStack.OrmLite.OrmLiteReadCommandExtensions - SQL: SELECT "ADCDInfo"."Id", "ADCDInfo"."parentId", "ADCDInfo"."grade", "ADCDInfo"."adcd", "ADCDInfo"."adnm", "ADCDInfo"."lng", "ADCDInfo"."lat", "ADCDInfo"."CreateTime", "ADCDInfo"."operateLog" 
FROM "ADCDInfo"
WHERE ("adcd" = @0)
PARAMS: @0=330726106000000
2017-10-03 19:49:05,708 [5] ServiceStack.OrmLite.OrmLiteReadCommandExtensions - SQL: exec GetNextLevleAdcdInfoByAdcd @adcd
PARAMS: adcd=330726106000000
2017-10-03 19:49:07,384 [5] ServiceStack.OrmLite.OrmLiteReadCommandExtensions - SQL: exec AppGetWarnListByVillageAdcd @adcd
PARAMS: adcd=330726106016000
2017-10-03 19:49:09,193 [12] ServiceStack.OrmLite.OrmLiteReadCommandExtensions - SQL: exec AppGetWarnInfoByWarnEventId @warneventid,@villageadcd
PARAMS: warneventid=5, villageadcd=330726106016000
2017-10-03 19:49:10,245 [15] ServiceStack.OrmLite.OrmLiteReadCommandExtensions - SQL: exec AppGetGpsLocation @adcd,@warnlevel
PARAMS: adcd=330726106016000, warnlevel=3
2017-10-03 19:52:46,001 [20] ServiceStack.OrmLite.OrmLiteReadCommandExtensions - SQL: SELECT "ADCDInfo"."Id", "ADCDInfo"."parentId", "ADCDInfo"."grade", "ADCDInfo"."adcd", "ADCDInfo"."adnm", "ADCDInfo"."lng", "ADCDInfo"."lat", "ADCDInfo"."CreateTime", "ADCDInfo"."operateLog" 
FROM "ADCDInfo"
WHERE ("adcd" = @0)
PARAMS: @0=330726000000000
2017-10-03 19:52:46,270 [17] ServiceStack.OrmLite.OrmLiteReadCommandExtensions - SQL: exec GetNextLevleAdcdInfoByAdcd @adcd
PARAMS: adcd=330726000000000
2017-10-03 19:52:47,846 [10] ServiceStack.OrmLite.OrmLiteReadCommandExtensions - SQL: SELECT "ADCDInfo"."Id", "ADCDInfo"."parentId", "ADCDInfo"."grade", "ADCDInfo"."adcd", "ADCDInfo"."adnm", "ADCDInfo"."lng", "ADCDInfo"."lat", "ADCDInfo"."CreateTime", "ADCDInfo"."operateLog" 
FROM "ADCDInfo"
WHERE ("adcd" = @0)
PARAMS: @0=330726106000000
2017-10-03 19:52:47,886 [14] ServiceStack.OrmLite.OrmLiteReadCommandExtensions - SQL: exec GetNextLevleAdcdInfoByAdcd @adcd
PARAMS: adcd=330726106000000
2017-10-03 19:52:48,873 [27] ServiceStack.OrmLite.OrmLiteReadCommandExtensions - SQL: exec AppGetWarnListByVillageAdcd @adcd
PARAMS: adcd=330726106016000
2017-10-03 19:52:50,501 [20] ServiceStack.OrmLite.OrmLiteReadCommandExtensions - SQL: exec AppGetWarnInfoByWarnEventId @warneventid,@villageadcd
PARAMS: warneventid=5, villageadcd=330726106016000
2017-10-03 19:52:51,816 [10] ServiceStack.OrmLite.OrmLiteReadCommandExtensions - SQL: exec AppGetGpsLocation @adcd,@warnlevel
PARAMS: adcd=330726106016000, warnlevel=3
2017-10-03 19:52:57,760 [27] ServiceStack.OrmLite.OrmLiteReadCommandExtensions - SQL: exec AppNewGpsGuiJi @username
PARAMS: username=18635604249
2017-10-03 20:08:05,108 [49] ServiceStack.OrmLite.OrmLiteReadCommandExtensions - SQL: SELECT "ADCDInfo"."Id", "ADCDInfo"."parentId", "ADCDInfo"."grade", "ADCDInfo"."adcd", "ADCDInfo"."adnm", "ADCDInfo"."lng", "ADCDInfo"."lat", "ADCDInfo"."CreateTime", "ADCDInfo"."operateLog" 
FROM "ADCDInfo"
WHERE ("adcd" = @0)
PARAMS: @0=330726000000000
2017-10-03 20:08:05,669 [49] ServiceStack.OrmLite.OrmLiteReadCommandExtensions - SQL: exec GetNextLevleAdcdInfoByAdcd @adcd
PARAMS: adcd=330726000000000
2017-10-03 20:08:07,722 [45] ServiceStack.OrmLite.OrmLiteReadCommandExtensions - SQL: SELECT "ADCDInfo"."Id", "ADCDInfo"."parentId", "ADCDInfo"."grade", "ADCDInfo"."adcd", "ADCDInfo"."adnm", "ADCDInfo"."lng", "ADCDInfo"."lat", "ADCDInfo"."CreateTime", "ADCDInfo"."operateLog" 
FROM "ADCDInfo"
WHERE ("adcd" = @0)
PARAMS: @0=330726106000000
2017-10-03 20:08:07,828 [49] ServiceStack.OrmLite.OrmLiteReadCommandExtensions - SQL: exec GetNextLevleAdcdInfoByAdcd @adcd
PARAMS: adcd=330726106000000
2017-10-03 20:08:09,780 [48] ServiceStack.OrmLite.OrmLiteReadCommandExtensions - SQL: exec AppGetWarnListByVillageAdcd @adcd
PARAMS: adcd=330726106016000
2017-10-03 20:08:12,077 [48] ServiceStack.OrmLite.OrmLiteReadCommandExtensions - SQL: exec AppGetWarnInfoByWarnEventId @warneventid,@villageadcd
PARAMS: warneventid=5, villageadcd=330726106016000
2017-10-03 20:08:12,991 [48] ServiceStack.OrmLite.OrmLiteReadCommandExtensions - SQL: exec AppGetGpsLocation @adcd,@warnlevel
PARAMS: adcd=330726106016000, warnlevel=3
2017-10-03 20:08:26,070 [51] ServiceStack.OrmLite.OrmLiteReadCommandExtensions - SQL: exec AppNewGpsGuiJi @username
PARAMS: username=13958478629
