2017-09-15 16:28:15,474 [1] ServiceStack.OrmLite.OrmLiteReadCommandExtensions - SQL: select * from INFORMATION_SCHEMA.columns where table_name = 'adcddisasterinfo' 
2017-09-15 16:28:15,541 [1] ServiceStack.OrmLite.OrmLiteReadCommandExtensions - SQL: select * from INFORMATION_SCHEMA.columns where table_name = 'adcddisasterinfo' 
2017-09-15 16:28:15,559 [1] ServiceStack.OrmLite.OrmLiteReadCommandExtensions - SQL: select * from INFORMATION_SCHEMA.columns where table_name = 'adcddisasterinfo' 
2017-09-15 16:28:15,584 [1] ServiceStack.OrmLite.OrmLiteReadCommandExtensions - SQL: select * from INFORMATION_SCHEMA.columns where table_name = 'adcdinfo' 
2017-09-15 16:28:15,602 [1] ServiceStack.OrmLite.OrmLiteReadCommandExtensions - SQL: select * from INFORMATION_SCHEMA.columns where table_name = 'adcdinfo' 
2017-09-15 16:28:15,623 [1] ServiceStack.OrmLite.OrmLiteReadCommandExtensions - SQL: select * from INFORMATION_SCHEMA.columns where table_name = 'villageworkinggroup' 
2017-09-15 16:28:15,641 [1] ServiceStack.OrmLite.OrmLiteReadCommandExtensions - SQL: select * from INFORMATION_SCHEMA.columns where table_name = 'villagetransferperson' 
2017-09-15 16:28:15,658 [1] ServiceStack.OrmLite.OrmLiteReadCommandExtensions - SQL: select * from INFORMATION_SCHEMA.columns where table_name = 'villagegridpersonliable' 
2017-09-15 16:28:15,675 [1] ServiceStack.OrmLite.OrmLiteReadCommandExtensions - SQL: select * from INFORMATION_SCHEMA.columns where table_name = 'villagegridpersonliable' 
2017-09-15 16:28:15,691 [1] ServiceStack.OrmLite.OrmLiteReadCommandExtensions - SQL: select * from INFORMATION_SCHEMA.columns where table_name = 'villagegridpersonliable' 
2017-09-15 16:28:15,724 [1] ServiceStack.OrmLite.OrmLiteReadCommandExtensions - SQL: select * from INFORMATION_SCHEMA.columns where table_name = 'userinfo' 
2017-09-15 16:28:15,746 [1] ServiceStack.OrmLite.OrmLiteReadCommandExtensions - SQL: select * from INFORMATION_SCHEMA.columns where table_name = 'userinfo' 
2017-09-15 16:28:15,771 [1] ServiceStack.OrmLite.OrmLiteReadCommandExtensions - SQL: select * from INFORMATION_SCHEMA.columns where table_name = 'userinfo' 
2017-09-15 16:28:15,792 [1] ServiceStack.OrmLite.OrmLiteReadCommandExtensions - SQL: select * from INFORMATION_SCHEMA.columns where table_name = 'userinfo' 
2017-09-15 16:28:15,810 [1] ServiceStack.OrmLite.OrmLiteReadCommandExtensions - SQL: select * from INFORMATION_SCHEMA.columns where table_name = 'audit' 
2017-09-15 16:28:15,827 [1] ServiceStack.OrmLite.OrmLiteReadCommandExtensions - SQL: select * from INFORMATION_SCHEMA.columns where table_name = 'auditdetails' 
2017-09-15 16:28:15,846 [1] ServiceStack.OrmLite.OrmLiteReadCommandExtensions - SQL: select * from INFORMATION_SCHEMA.columns where table_name = 'villagegridpersonliable' 
2017-09-15 16:28:15,864 [1] ServiceStack.OrmLite.OrmLiteReadCommandExtensions - SQL: select * from INFORMATION_SCHEMA.columns where table_name = 'villagegridpersonliable' 
2017-09-15 16:28:15,886 [1] ServiceStack.OrmLite.OrmLiteReadCommandExtensions - SQL: select * from INFORMATION_SCHEMA.columns where table_name = 'villagegridpersonliable' 
2017-09-15 16:28:15,906 [1] ServiceStack.OrmLite.OrmLiteReadCommandExtensions - SQL: select * from INFORMATION_SCHEMA.columns where table_name = 'villagepic' 
2017-09-15 16:28:15,923 [1] ServiceStack.OrmLite.OrmLiteReadCommandExtensions - SQL: select * from INFORMATION_SCHEMA.columns where table_name = 'villagepic' 
2017-09-15 16:28:15,940 [1] ServiceStack.OrmLite.OrmLiteReadCommandExtensions - SQL: select * from INFORMATION_SCHEMA.columns where table_name = 'villagepic' 
2017-09-15 16:28:15,956 [1] ServiceStack.OrmLite.OrmLiteReadCommandExtensions - SQL: select * from INFORMATION_SCHEMA.columns where table_name = 'villagetransferperson' 
2017-09-15 16:28:15,975 [1] ServiceStack.OrmLite.OrmLiteReadCommandExtensions - SQL: select * from INFORMATION_SCHEMA.columns where table_name = 'villagetransferperson' 
2017-09-15 16:28:15,993 [1] ServiceStack.OrmLite.OrmLiteReadCommandExtensions - SQL: select * from INFORMATION_SCHEMA.columns where table_name = 'villagetransferperson' 
2017-09-15 16:28:16,016 [1] ServiceStack.OrmLite.OrmLiteReadCommandExtensions - SQL: select * from INFORMATION_SCHEMA.columns where table_name = 'villagetransferperson' 
2017-09-15 16:28:16,034 [1] ServiceStack.OrmLite.OrmLiteReadCommandExtensions - SQL: select * from INFORMATION_SCHEMA.columns where table_name = 'villageworkinggroup' 
2017-09-15 16:28:16,062 [1] ServiceStack.OrmLite.OrmLiteReadCommandExtensions - SQL: select * from INFORMATION_SCHEMA.columns where table_name = 'villageworkinggroup' 
2017-09-15 16:28:16,079 [1] ServiceStack.OrmLite.OrmLiteReadCommandExtensions - SQL: select * from INFORMATION_SCHEMA.columns where table_name = 'villageworkinggroup' 
2017-09-15 16:28:16,106 [1] ServiceStack.OrmLite.OrmLiteReadCommandExtensions - SQL: select * from INFORMATION_SCHEMA.columns where table_name = 'adcddisasterinfo' 
2017-09-15 16:28:16,124 [1] ServiceStack.OrmLite.OrmLiteReadCommandExtensions - SQL: select * from INFORMATION_SCHEMA.columns where table_name = 'countryperson' 
2017-09-15 16:28:16,149 [1] ServiceStack.OrmLite.OrmLiteReadCommandExtensions - SQL: select * from INFORMATION_SCHEMA.columns where table_name = 'countryperson' 
2017-09-15 16:28:16,176 [1] ServiceStack.OrmLite.OrmLiteReadCommandExtensions - SQL: select * from INFORMATION_SCHEMA.columns where table_name = 'countryperson' 
2017-09-15 16:28:16,194 [1] ServiceStack.OrmLite.OrmLiteReadCommandExtensions - SQL: select * from INFORMATION_SCHEMA.columns where table_name = 'countryperson' 
2017-09-15 16:28:16,212 [1] ServiceStack.OrmLite.OrmLiteReadCommandExtensions - SQL: select * from INFORMATION_SCHEMA.columns where table_name = 'townpersonliable' 
2017-09-15 16:28:16,231 [1] ServiceStack.OrmLite.OrmLiteReadCommandExtensions - SQL: select * from INFORMATION_SCHEMA.columns where table_name = 'townpersonliable' 
2017-09-15 16:28:16,250 [1] ServiceStack.OrmLite.OrmLiteReadCommandExtensions - SQL: select * from INFORMATION_SCHEMA.columns where table_name = 'townpersonliable' 
2017-09-15 16:28:16,270 [1] ServiceStack.OrmLite.OrmLiteReadCommandExtensions - SQL: select * from INFORMATION_SCHEMA.columns where table_name = 'auditcounty' 
2017-09-15 16:28:16,293 [1] ServiceStack.OrmLite.OrmLiteReadCommandExtensions - SQL: select * from INFORMATION_SCHEMA.columns where table_name = 'apprecord' 
2017-09-15 16:28:16,314 [1] ServiceStack.OrmLite.OrmLiteReadCommandExtensions - SQL: select * from INFORMATION_SCHEMA.columns where table_name = 'apprecord' 
2017-09-15 16:28:16,334 [1] ServiceStack.OrmLite.OrmLiteReadCommandExtensions - SQL: select * from INFORMATION_SCHEMA.columns where table_name = 'apprecord' 
2017-09-15 16:28:16,354 [1] ServiceStack.OrmLite.OrmLiteReadCommandExtensions - SQL: select * from INFORMATION_SCHEMA.columns where table_name = 'apprecord' 
2017-09-15 16:28:16,376 [1] ServiceStack.OrmLite.OrmLiteReadCommandExtensions - SQL: select * from INFORMATION_SCHEMA.columns where table_name = 'apprecord' 
2017-09-15 16:28:16,437 [1] ServiceStack.OrmLite.OrmLiteReadCommandExtensions - SQL: SELECT TOP 1 "Id", "RoleName", "LastOeration" 
FROM "Role"
WHERE ("RoleName" = @0)
PARAMS: @0=系统管理员
2017-09-15 16:28:16,456 [1] ServiceStack.OrmLite.OrmLiteReadCommandExtensions - SQL: SELECT TOP 1 "Id", "UserName", "PassWord", "RealName", "UserRealName", "Unit", "Position", "adcd", "Mobile", "isEnable", "loginNum" 
FROM "UserInfo"
WHERE ("UserName" = @0)
PARAMS: @0=admin
2017-09-15 16:28:16,682 [1] ServiceStack.Support.Markdown.MarkdownPage - Compiled Content/ComprehensiveApp/leaflet/leaflet-locationfilter-master/README.md in 49ms
2017-09-15 16:28:16,718 [1] ServiceStack.Support.Markdown.MarkdownPage - Compiled Content/ComprehensiveApp/leaflet/Leaflet.draw-master/BREAKINGCHANGES.md in 10ms
2017-09-15 16:28:16,749 [1] ServiceStack.Support.Markdown.MarkdownPage - Compiled Content/ComprehensiveApp/leaflet/Leaflet.draw-master/CHANGELOG.md in 12ms
2017-09-15 16:28:16,760 [1] ServiceStack.Support.Markdown.MarkdownPage - Compiled Content/ComprehensiveApp/leaflet/Leaflet.draw-master/ISSUE_TEMPLATE.md in 1ms
2017-09-15 16:28:16,771 [1] ServiceStack.Support.Markdown.MarkdownPage - Compiled Content/ComprehensiveApp/leaflet/Leaflet.draw-master/MIT-LICENSE.md in 0ms
2017-09-15 16:28:16,808 [1] ServiceStack.Support.Markdown.MarkdownPage - Compiled Content/ComprehensiveApp/leaflet/Leaflet.draw-master/README.md in 20ms
2017-09-15 16:28:16,820 [1] ServiceStack.Support.Markdown.MarkdownPage - Compiled Content/ComprehensiveApp/leaflet/Leaflet.draw-master/TODO.md in 1ms
2017-09-15 16:28:16,857 [1] ServiceStack.Support.Markdown.MarkdownPage - Compiled Content/layer-master/CHANGELOG.md in 0ms
2017-09-15 16:28:16,868 [1] ServiceStack.Support.Markdown.MarkdownPage - Compiled Content/layer-master/README.md in 0ms
2017-09-15 16:28:16,880 [1] ServiceStack.Support.Markdown.MarkdownPage - Compiled Content/layer-master/src/README.md in 0ms
2017-09-15 16:28:16,896 [1] ServiceStack.Support.Markdown.MarkdownPage - Compiled Content/layer-master/src/mobile/README.md in 0ms
2017-09-15 16:28:16,988 [1] ServiceStack.Support.Markdown.MarkdownPage - Compiled Content/PhotoSwipe-master/README.md in 2ms
2017-09-15 16:28:17,057 [1] ServiceStack.Support.Markdown.MarkdownPage - Compiled Content/ueditor/net/README.md in 3ms
2017-09-15 16:29:32,002 [9] ServiceStack.OrmLite.OrmLiteReadCommandExtensions - SQL: SELECT TOP 1 "Id", "UserName", "PassWord", "RealName", "UserRealName", "Unit", "Position", "adcd", "Mobile", "isEnable", "loginNum" 
FROM "UserInfo"
WHERE (((("UserName" = @0) AND ("PassWord" = @1)) AND ("adcd" = @2)) AND ("isEnable" = @3))
PARAMS: @0=tz, @1=LFD0-F3jftKD6rn53yPLbw2, @2=331000000000000, @3=True
2017-09-15 16:31:26,406 [6] ServiceStack.OrmLite.OrmLiteReadCommandExtensions - SQL: SELECT TOP 1 "Id", "UserName", "PassWord", "RealName", "UserRealName", "Unit", "Position", "adcd", "Mobile", "isEnable", "loginNum" 
FROM "UserInfo"
WHERE (((("UserName" = @0) AND ("PassWord" = @1)) AND ("adcd" = @2)) AND ("isEnable" = @3))
PARAMS: @0=tz, @1=LFD0-F3jftKD6rn53yPLbw2, @2=331000000000000, @3=True
2017-09-15 16:38:29,948 [19] ServiceStack.OrmLite.OrmLiteReadCommandExtensions - SQL: select * from INFORMATION_SCHEMA.columns where table_name = 'adcddisasterinfo' 
2017-09-15 16:38:30,000 [19] ServiceStack.OrmLite.OrmLiteReadCommandExtensions - SQL: select * from INFORMATION_SCHEMA.columns where table_name = 'adcddisasterinfo' 
2017-09-15 16:38:30,015 [19] ServiceStack.OrmLite.OrmLiteReadCommandExtensions - SQL: select * from INFORMATION_SCHEMA.columns where table_name = 'adcddisasterinfo' 
2017-09-15 16:38:30,034 [19] ServiceStack.OrmLite.OrmLiteReadCommandExtensions - SQL: select * from INFORMATION_SCHEMA.columns where table_name = 'adcdinfo' 
2017-09-15 16:38:30,051 [19] ServiceStack.OrmLite.OrmLiteReadCommandExtensions - SQL: select * from INFORMATION_SCHEMA.columns where table_name = 'adcdinfo' 
2017-09-15 16:38:30,373 [19] ServiceStack.OrmLite.OrmLiteReadCommandExtensions - SQL: select * from INFORMATION_SCHEMA.columns where table_name = 'villageworkinggroup' 
2017-09-15 16:38:30,395 [19] ServiceStack.OrmLite.OrmLiteReadCommandExtensions - SQL: select * from INFORMATION_SCHEMA.columns where table_name = 'villagetransferperson' 
2017-09-15 16:38:30,724 [19] ServiceStack.OrmLite.OrmLiteReadCommandExtensions - SQL: select * from INFORMATION_SCHEMA.columns where table_name = 'villagegridpersonliable' 
2017-09-15 16:38:30,738 [19] ServiceStack.OrmLite.OrmLiteReadCommandExtensions - SQL: select * from INFORMATION_SCHEMA.columns where table_name = 'villagegridpersonliable' 
2017-09-15 16:38:30,757 [19] ServiceStack.OrmLite.OrmLiteReadCommandExtensions - SQL: select * from INFORMATION_SCHEMA.columns where table_name = 'villagegridpersonliable' 
2017-09-15 16:38:30,776 [19] ServiceStack.OrmLite.OrmLiteReadCommandExtensions - SQL: select * from INFORMATION_SCHEMA.columns where table_name = 'userinfo' 
2017-09-15 16:38:30,791 [19] ServiceStack.OrmLite.OrmLiteReadCommandExtensions - SQL: select * from INFORMATION_SCHEMA.columns where table_name = 'userinfo' 
2017-09-15 16:38:30,806 [19] ServiceStack.OrmLite.OrmLiteReadCommandExtensions - SQL: select * from INFORMATION_SCHEMA.columns where table_name = 'userinfo' 
2017-09-15 16:38:30,820 [19] ServiceStack.OrmLite.OrmLiteReadCommandExtensions - SQL: select * from INFORMATION_SCHEMA.columns where table_name = 'userinfo' 
2017-09-15 16:38:30,833 [19] ServiceStack.OrmLite.OrmLiteReadCommandExtensions - SQL: select * from INFORMATION_SCHEMA.columns where table_name = 'audit' 
2017-09-15 16:38:30,847 [19] ServiceStack.OrmLite.OrmLiteReadCommandExtensions - SQL: select * from INFORMATION_SCHEMA.columns where table_name = 'auditdetails' 
2017-09-15 16:38:30,863 [19] ServiceStack.OrmLite.OrmLiteReadCommandExtensions - SQL: select * from INFORMATION_SCHEMA.columns where table_name = 'villagegridpersonliable' 
2017-09-15 16:38:30,878 [19] ServiceStack.OrmLite.OrmLiteReadCommandExtensions - SQL: select * from INFORMATION_SCHEMA.columns where table_name = 'villagegridpersonliable' 
2017-09-15 16:38:30,893 [19] ServiceStack.OrmLite.OrmLiteReadCommandExtensions - SQL: select * from INFORMATION_SCHEMA.columns where table_name = 'villagegridpersonliable' 
2017-09-15 16:38:30,909 [19] ServiceStack.OrmLite.OrmLiteReadCommandExtensions - SQL: select * from INFORMATION_SCHEMA.columns where table_name = 'villagepic' 
2017-09-15 16:38:30,922 [19] ServiceStack.OrmLite.OrmLiteReadCommandExtensions - SQL: select * from INFORMATION_SCHEMA.columns where table_name = 'villagepic' 
2017-09-15 16:38:30,937 [19] ServiceStack.OrmLite.OrmLiteReadCommandExtensions - SQL: select * from INFORMATION_SCHEMA.columns where table_name = 'villagepic' 
2017-09-15 16:38:30,950 [19] ServiceStack.OrmLite.OrmLiteReadCommandExtensions - SQL: select * from INFORMATION_SCHEMA.columns where table_name = 'villagetransferperson' 
2017-09-15 16:38:30,965 [19] ServiceStack.OrmLite.OrmLiteReadCommandExtensions - SQL: select * from INFORMATION_SCHEMA.columns where table_name = 'villagetransferperson' 
2017-09-15 16:38:30,982 [19] ServiceStack.OrmLite.OrmLiteReadCommandExtensions - SQL: select * from INFORMATION_SCHEMA.columns where table_name = 'villagetransferperson' 
2017-09-15 16:38:30,998 [19] ServiceStack.OrmLite.OrmLiteReadCommandExtensions - SQL: select * from INFORMATION_SCHEMA.columns where table_name = 'villagetransferperson' 
2017-09-15 16:38:31,012 [19] ServiceStack.OrmLite.OrmLiteReadCommandExtensions - SQL: select * from INFORMATION_SCHEMA.columns where table_name = 'villageworkinggroup' 
2017-09-15 16:38:31,025 [19] ServiceStack.OrmLite.OrmLiteReadCommandExtensions - SQL: select * from INFORMATION_SCHEMA.columns where table_name = 'villageworkinggroup' 
2017-09-15 16:38:31,039 [19] ServiceStack.OrmLite.OrmLiteReadCommandExtensions - SQL: select * from INFORMATION_SCHEMA.columns where table_name = 'villageworkinggroup' 
2017-09-15 16:38:31,053 [19] ServiceStack.OrmLite.OrmLiteReadCommandExtensions - SQL: select * from INFORMATION_SCHEMA.columns where table_name = 'adcddisasterinfo' 
2017-09-15 16:38:31,067 [19] ServiceStack.OrmLite.OrmLiteReadCommandExtensions - SQL: select * from INFORMATION_SCHEMA.columns where table_name = 'countryperson' 
2017-09-15 16:38:31,081 [19] ServiceStack.OrmLite.OrmLiteReadCommandExtensions - SQL: select * from INFORMATION_SCHEMA.columns where table_name = 'countryperson' 
2017-09-15 16:38:31,095 [19] ServiceStack.OrmLite.OrmLiteReadCommandExtensions - SQL: select * from INFORMATION_SCHEMA.columns where table_name = 'countryperson' 
2017-09-15 16:38:31,110 [19] ServiceStack.OrmLite.OrmLiteReadCommandExtensions - SQL: select * from INFORMATION_SCHEMA.columns where table_name = 'countryperson' 
2017-09-15 16:38:31,123 [19] ServiceStack.OrmLite.OrmLiteReadCommandExtensions - SQL: select * from INFORMATION_SCHEMA.columns where table_name = 'townpersonliable' 
2017-09-15 16:38:31,138 [19] ServiceStack.OrmLite.OrmLiteReadCommandExtensions - SQL: select * from INFORMATION_SCHEMA.columns where table_name = 'townpersonliable' 
2017-09-15 16:38:31,153 [19] ServiceStack.OrmLite.OrmLiteReadCommandExtensions - SQL: select * from INFORMATION_SCHEMA.columns where table_name = 'townpersonliable' 
2017-09-15 16:38:31,168 [19] ServiceStack.OrmLite.OrmLiteReadCommandExtensions - SQL: select * from INFORMATION_SCHEMA.columns where table_name = 'auditcounty' 
2017-09-15 16:38:31,183 [19] ServiceStack.OrmLite.OrmLiteReadCommandExtensions - SQL: select * from INFORMATION_SCHEMA.columns where table_name = 'apprecord' 
2017-09-15 16:38:31,201 [19] ServiceStack.OrmLite.OrmLiteReadCommandExtensions - SQL: select * from INFORMATION_SCHEMA.columns where table_name = 'apprecord' 
2017-09-15 16:38:31,518 [19] ServiceStack.OrmLite.OrmLiteReadCommandExtensions - SQL: select * from INFORMATION_SCHEMA.columns where table_name = 'apprecord' 
2017-09-15 16:38:31,534 [19] ServiceStack.OrmLite.OrmLiteReadCommandExtensions - SQL: select * from INFORMATION_SCHEMA.columns where table_name = 'apprecord' 
2017-09-15 16:38:31,549 [19] ServiceStack.OrmLite.OrmLiteReadCommandExtensions - SQL: select * from INFORMATION_SCHEMA.columns where table_name = 'apprecord' 
2017-09-15 16:38:31,597 [19] ServiceStack.OrmLite.OrmLiteReadCommandExtensions - SQL: SELECT TOP 1 "Id", "RoleName", "LastOeration" 
FROM "Role"
WHERE ("RoleName" = @0)
PARAMS: @0=系统管理员
2017-09-15 16:38:31,615 [19] ServiceStack.OrmLite.OrmLiteReadCommandExtensions - SQL: SELECT TOP 1 "Id", "UserName", "PassWord", "RealName", "UserRealName", "Unit", "Position", "adcd", "Mobile", "isEnable", "loginNum" 
FROM "UserInfo"
WHERE ("UserName" = @0)
PARAMS: @0=admin
2017-09-15 16:38:31,754 [19] ServiceStack.Support.Markdown.MarkdownPage - Compiled Content/ComprehensiveApp/leaflet/leaflet-locationfilter-master/README.md in 51ms
2017-09-15 16:38:31,778 [19] ServiceStack.Support.Markdown.MarkdownPage - Compiled Content/ComprehensiveApp/leaflet/Leaflet.draw-master/BREAKINGCHANGES.md in 11ms
2017-09-15 16:38:31,796 [19] ServiceStack.Support.Markdown.MarkdownPage - Compiled Content/ComprehensiveApp/leaflet/Leaflet.draw-master/CHANGELOG.md in 12ms
2017-09-15 16:38:31,803 [19] ServiceStack.Support.Markdown.MarkdownPage - Compiled Content/ComprehensiveApp/leaflet/Leaflet.draw-master/ISSUE_TEMPLATE.md in 1ms
2017-09-15 16:38:31,809 [19] ServiceStack.Support.Markdown.MarkdownPage - Compiled Content/ComprehensiveApp/leaflet/Leaflet.draw-master/MIT-LICENSE.md in 0ms
2017-09-15 16:38:31,830 [19] ServiceStack.Support.Markdown.MarkdownPage - Compiled Content/ComprehensiveApp/leaflet/Leaflet.draw-master/README.md in 16ms
2017-09-15 16:38:31,837 [19] ServiceStack.Support.Markdown.MarkdownPage - Compiled Content/ComprehensiveApp/leaflet/Leaflet.draw-master/TODO.md in 1ms
2017-09-15 16:38:31,855 [19] ServiceStack.Support.Markdown.MarkdownPage - Compiled Content/layer-master/CHANGELOG.md in 0ms
2017-09-15 16:38:31,860 [19] ServiceStack.Support.Markdown.MarkdownPage - Compiled Content/layer-master/README.md in 0ms
2017-09-15 16:38:31,868 [19] ServiceStack.Support.Markdown.MarkdownPage - Compiled Content/layer-master/src/README.md in 0ms
2017-09-15 16:38:31,874 [19] ServiceStack.Support.Markdown.MarkdownPage - Compiled Content/layer-master/src/mobile/README.md in 0ms
2017-09-15 16:38:31,909 [19] ServiceStack.Support.Markdown.MarkdownPage - Compiled Content/PhotoSwipe-master/README.md in 0ms
2017-09-15 16:38:31,932 [19] ServiceStack.Support.Markdown.MarkdownPage - Compiled Content/ueditor/net/README.md in 1ms
2017-09-15 16:38:32,456 [22] ServiceStack.OrmLite.OrmLiteReadCommandExtensions - SQL: EXEC ADCDList @adcd
PARAMS: adcd=3310
2017-09-15 16:44:54,296 [19] ServiceStack.OrmLite.OrmLiteReadCommandExtensions - SQL: select * from INFORMATION_SCHEMA.columns where table_name = 'adcddisasterinfo' 
2017-09-15 16:44:54,349 [19] ServiceStack.OrmLite.OrmLiteReadCommandExtensions - SQL: select * from INFORMATION_SCHEMA.columns where table_name = 'adcddisasterinfo' 
2017-09-15 16:44:54,366 [19] ServiceStack.OrmLite.OrmLiteReadCommandExtensions - SQL: select * from INFORMATION_SCHEMA.columns where table_name = 'adcddisasterinfo' 
2017-09-15 16:44:54,387 [19] ServiceStack.OrmLite.OrmLiteReadCommandExtensions - SQL: select * from INFORMATION_SCHEMA.columns where table_name = 'adcdinfo' 
2017-09-15 16:44:54,406 [19] ServiceStack.OrmLite.OrmLiteReadCommandExtensions - SQL: select * from INFORMATION_SCHEMA.columns where table_name = 'adcdinfo' 
2017-09-15 16:44:54,430 [19] ServiceStack.OrmLite.OrmLiteReadCommandExtensions - SQL: select * from INFORMATION_SCHEMA.columns where table_name = 'villageworkinggroup' 
2017-09-15 16:44:54,447 [19] ServiceStack.OrmLite.OrmLiteReadCommandExtensions - SQL: select * from INFORMATION_SCHEMA.columns where table_name = 'villagetransferperson' 
2017-09-15 16:44:54,467 [19] ServiceStack.OrmLite.OrmLiteReadCommandExtensions - SQL: select * from INFORMATION_SCHEMA.columns where table_name = 'villagegridpersonliable' 
2017-09-15 16:44:54,482 [19] ServiceStack.OrmLite.OrmLiteReadCommandExtensions - SQL: select * from INFORMATION_SCHEMA.columns where table_name = 'villagegridpersonliable' 
2017-09-15 16:44:54,500 [19] ServiceStack.OrmLite.OrmLiteReadCommandExtensions - SQL: select * from INFORMATION_SCHEMA.columns where table_name = 'villagegridpersonliable' 
2017-09-15 16:44:54,517 [19] ServiceStack.OrmLite.OrmLiteReadCommandExtensions - SQL: select * from INFORMATION_SCHEMA.columns where table_name = 'userinfo' 
2017-09-15 16:44:54,535 [19] ServiceStack.OrmLite.OrmLiteReadCommandExtensions - SQL: select * from INFORMATION_SCHEMA.columns where table_name = 'userinfo' 
2017-09-15 16:44:54,550 [19] ServiceStack.OrmLite.OrmLiteReadCommandExtensions - SQL: select * from INFORMATION_SCHEMA.columns where table_name = 'userinfo' 
2017-09-15 16:44:54,567 [19] ServiceStack.OrmLite.OrmLiteReadCommandExtensions - SQL: select * from INFORMATION_SCHEMA.columns where table_name = 'userinfo' 
2017-09-15 16:44:54,591 [19] ServiceStack.OrmLite.OrmLiteReadCommandExtensions - SQL: select * from INFORMATION_SCHEMA.columns where table_name = 'audit' 
2017-09-15 16:44:54,617 [19] ServiceStack.OrmLite.OrmLiteReadCommandExtensions - SQL: select * from INFORMATION_SCHEMA.columns where table_name = 'auditdetails' 
2017-09-15 16:44:54,637 [19] ServiceStack.OrmLite.OrmLiteReadCommandExtensions - SQL: select * from INFORMATION_SCHEMA.columns where table_name = 'villagegridpersonliable' 
2017-09-15 16:44:54,659 [19] ServiceStack.OrmLite.OrmLiteReadCommandExtensions - SQL: select * from INFORMATION_SCHEMA.columns where table_name = 'villagegridpersonliable' 
2017-09-15 16:44:54,680 [19] ServiceStack.OrmLite.OrmLiteReadCommandExtensions - SQL: select * from INFORMATION_SCHEMA.columns where table_name = 'villagegridpersonliable' 
2017-09-15 16:44:54,702 [19] ServiceStack.OrmLite.OrmLiteReadCommandExtensions - SQL: select * from INFORMATION_SCHEMA.columns where table_name = 'villagepic' 
2017-09-15 16:44:54,726 [19] ServiceStack.OrmLite.OrmLiteReadCommandExtensions - SQL: select * from INFORMATION_SCHEMA.columns where table_name = 'villagepic' 
2017-09-15 16:44:54,745 [19] ServiceStack.OrmLite.OrmLiteReadCommandExtensions - SQL: select * from INFORMATION_SCHEMA.columns where table_name = 'villagepic' 
2017-09-15 16:44:54,766 [19] ServiceStack.OrmLite.OrmLiteReadCommandExtensions - SQL: select * from INFORMATION_SCHEMA.columns where table_name = 'villagetransferperson' 
2017-09-15 16:44:54,791 [19] ServiceStack.OrmLite.OrmLiteReadCommandExtensions - SQL: select * from INFORMATION_SCHEMA.columns where table_name = 'villagetransferperson' 
2017-09-15 16:44:54,814 [19] ServiceStack.OrmLite.OrmLiteReadCommandExtensions - SQL: select * from INFORMATION_SCHEMA.columns where table_name = 'villagetransferperson' 
2017-09-15 16:44:54,836 [19] ServiceStack.OrmLite.OrmLiteReadCommandExtensions - SQL: select * from INFORMATION_SCHEMA.columns where table_name = 'villagetransferperson' 
2017-09-15 16:44:54,855 [19] ServiceStack.OrmLite.OrmLiteReadCommandExtensions - SQL: select * from INFORMATION_SCHEMA.columns where table_name = 'villageworkinggroup' 
2017-09-15 16:44:54,875 [19] ServiceStack.OrmLite.OrmLiteReadCommandExtensions - SQL: select * from INFORMATION_SCHEMA.columns where table_name = 'villageworkinggroup' 
2017-09-15 16:44:54,892 [19] ServiceStack.OrmLite.OrmLiteReadCommandExtensions - SQL: select * from INFORMATION_SCHEMA.columns where table_name = 'villageworkinggroup' 
2017-09-15 16:44:54,908 [19] ServiceStack.OrmLite.OrmLiteReadCommandExtensions - SQL: select * from INFORMATION_SCHEMA.columns where table_name = 'adcddisasterinfo' 
2017-09-15 16:44:54,924 [19] ServiceStack.OrmLite.OrmLiteReadCommandExtensions - SQL: select * from INFORMATION_SCHEMA.columns where table_name = 'countryperson' 
2017-09-15 16:44:54,942 [19] ServiceStack.OrmLite.OrmLiteReadCommandExtensions - SQL: select * from INFORMATION_SCHEMA.columns where table_name = 'countryperson' 
2017-09-15 16:44:54,957 [19] ServiceStack.OrmLite.OrmLiteReadCommandExtensions - SQL: select * from INFORMATION_SCHEMA.columns where table_name = 'countryperson' 
2017-09-15 16:44:54,973 [19] ServiceStack.OrmLite.OrmLiteReadCommandExtensions - SQL: select * from INFORMATION_SCHEMA.columns where table_name = 'countryperson' 
2017-09-15 16:44:54,989 [19] ServiceStack.OrmLite.OrmLiteReadCommandExtensions - SQL: select * from INFORMATION_SCHEMA.columns where table_name = 'townpersonliable' 
2017-09-15 16:44:55,006 [19] ServiceStack.OrmLite.OrmLiteReadCommandExtensions - SQL: select * from INFORMATION_SCHEMA.columns where table_name = 'townpersonliable' 
2017-09-15 16:44:55,023 [19] ServiceStack.OrmLite.OrmLiteReadCommandExtensions - SQL: select * from INFORMATION_SCHEMA.columns where table_name = 'townpersonliable' 
2017-09-15 16:44:55,042 [19] ServiceStack.OrmLite.OrmLiteReadCommandExtensions - SQL: select * from INFORMATION_SCHEMA.columns where table_name = 'auditcounty' 
2017-09-15 16:44:55,060 [19] ServiceStack.OrmLite.OrmLiteReadCommandExtensions - SQL: select * from INFORMATION_SCHEMA.columns where table_name = 'apprecord' 
2017-09-15 16:44:55,077 [19] ServiceStack.OrmLite.OrmLiteReadCommandExtensions - SQL: select * from INFORMATION_SCHEMA.columns where table_name = 'apprecord' 
2017-09-15 16:44:55,094 [19] ServiceStack.OrmLite.OrmLiteReadCommandExtensions - SQL: select * from INFORMATION_SCHEMA.columns where table_name = 'apprecord' 
2017-09-15 16:44:55,111 [19] ServiceStack.OrmLite.OrmLiteReadCommandExtensions - SQL: select * from INFORMATION_SCHEMA.columns where table_name = 'apprecord' 
2017-09-15 16:44:55,129 [19] ServiceStack.OrmLite.OrmLiteReadCommandExtensions - SQL: select * from INFORMATION_SCHEMA.columns where table_name = 'apprecord' 
2017-09-15 16:44:55,182 [19] ServiceStack.OrmLite.OrmLiteReadCommandExtensions - SQL: SELECT TOP 1 "Id", "RoleName", "LastOeration" 
FROM "Role"
WHERE ("RoleName" = @0)
PARAMS: @0=系统管理员
2017-09-15 16:44:55,205 [19] ServiceStack.OrmLite.OrmLiteReadCommandExtensions - SQL: SELECT TOP 1 "Id", "UserName", "PassWord", "RealName", "UserRealName", "Unit", "Position", "adcd", "Mobile", "isEnable", "loginNum" 
FROM "UserInfo"
WHERE ("UserName" = @0)
PARAMS: @0=admin
2017-09-15 16:44:55,351 [19] ServiceStack.Support.Markdown.MarkdownPage - Compiled Content/ComprehensiveApp/leaflet/leaflet-locationfilter-master/README.md in 47ms
2017-09-15 16:44:55,372 [19] ServiceStack.Support.Markdown.MarkdownPage - Compiled Content/ComprehensiveApp/leaflet/Leaflet.draw-master/BREAKINGCHANGES.md in 10ms
2017-09-15 16:44:55,389 [19] ServiceStack.Support.Markdown.MarkdownPage - Compiled Content/ComprehensiveApp/leaflet/Leaflet.draw-master/CHANGELOG.md in 11ms
2017-09-15 16:44:55,396 [19] ServiceStack.Support.Markdown.MarkdownPage - Compiled Content/ComprehensiveApp/leaflet/Leaflet.draw-master/ISSUE_TEMPLATE.md in 1ms
2017-09-15 16:44:55,400 [19] ServiceStack.Support.Markdown.MarkdownPage - Compiled Content/ComprehensiveApp/leaflet/Leaflet.draw-master/MIT-LICENSE.md in 0ms
2017-09-15 16:44:55,421 [19] ServiceStack.Support.Markdown.MarkdownPage - Compiled Content/ComprehensiveApp/leaflet/Leaflet.draw-master/README.md in 15ms
2017-09-15 16:44:55,426 [19] ServiceStack.Support.Markdown.MarkdownPage - Compiled Content/ComprehensiveApp/leaflet/Leaflet.draw-master/TODO.md in 0ms
2017-09-15 16:44:55,445 [19] ServiceStack.Support.Markdown.MarkdownPage - Compiled Content/layer-master/CHANGELOG.md in 0ms
2017-09-15 16:44:55,451 [19] ServiceStack.Support.Markdown.MarkdownPage - Compiled Content/layer-master/README.md in 0ms
2017-09-15 16:44:55,459 [19] ServiceStack.Support.Markdown.MarkdownPage - Compiled Content/layer-master/src/README.md in 0ms
2017-09-15 16:44:55,464 [19] ServiceStack.Support.Markdown.MarkdownPage - Compiled Content/layer-master/src/mobile/README.md in 0ms
2017-09-15 16:44:55,506 [19] ServiceStack.Support.Markdown.MarkdownPage - Compiled Content/PhotoSwipe-master/README.md in 0ms
2017-09-15 16:44:55,531 [19] ServiceStack.Support.Markdown.MarkdownPage - Compiled Content/ueditor/net/README.md in 1ms
2017-09-15 16:44:56,134 [24] ServiceStack.OrmLite.OrmLiteReadCommandExtensions - SQL: EXEC ADCDList @adcd
PARAMS: adcd=3310
2017-09-15 16:54:19,893 [19] ServiceStack.OrmLite.OrmLiteReadCommandExtensions - SQL: select * from INFORMATION_SCHEMA.columns where table_name = 'adcddisasterinfo' 
2017-09-15 16:54:19,970 [19] ServiceStack.OrmLite.OrmLiteReadCommandExtensions - SQL: select * from INFORMATION_SCHEMA.columns where table_name = 'adcddisasterinfo' 
2017-09-15 16:54:19,987 [19] ServiceStack.OrmLite.OrmLiteReadCommandExtensions - SQL: select * from INFORMATION_SCHEMA.columns where table_name = 'adcddisasterinfo' 
2017-09-15 16:54:20,006 [19] ServiceStack.OrmLite.OrmLiteReadCommandExtensions - SQL: select * from INFORMATION_SCHEMA.columns where table_name = 'adcdinfo' 
2017-09-15 16:54:20,027 [19] ServiceStack.OrmLite.OrmLiteReadCommandExtensions - SQL: select * from INFORMATION_SCHEMA.columns where table_name = 'adcdinfo' 
2017-09-15 16:54:20,046 [19] ServiceStack.OrmLite.OrmLiteReadCommandExtensions - SQL: select * from INFORMATION_SCHEMA.columns where table_name = 'villageworkinggroup' 
2017-09-15 16:54:20,070 [19] ServiceStack.OrmLite.OrmLiteReadCommandExtensions - SQL: select * from INFORMATION_SCHEMA.columns where table_name = 'villagetransferperson' 
2017-09-15 16:54:20,093 [19] ServiceStack.OrmLite.OrmLiteReadCommandExtensions - SQL: select * from INFORMATION_SCHEMA.columns where table_name = 'villagegridpersonliable' 
2017-09-15 16:54:20,113 [19] ServiceStack.OrmLite.OrmLiteReadCommandExtensions - SQL: select * from INFORMATION_SCHEMA.columns where table_name = 'villagegridpersonliable' 
2017-09-15 16:54:20,135 [19] ServiceStack.OrmLite.OrmLiteReadCommandExtensions - SQL: select * from INFORMATION_SCHEMA.columns where table_name = 'villagegridpersonliable' 
2017-09-15 16:54:20,161 [19] ServiceStack.OrmLite.OrmLiteReadCommandExtensions - SQL: select * from INFORMATION_SCHEMA.columns where table_name = 'userinfo' 
2017-09-15 16:54:20,179 [19] ServiceStack.OrmLite.OrmLiteReadCommandExtensions - SQL: select * from INFORMATION_SCHEMA.columns where table_name = 'userinfo' 
2017-09-15 16:54:20,198 [19] ServiceStack.OrmLite.OrmLiteReadCommandExtensions - SQL: select * from INFORMATION_SCHEMA.columns where table_name = 'userinfo' 
2017-09-15 16:54:20,215 [19] ServiceStack.OrmLite.OrmLiteReadCommandExtensions - SQL: select * from INFORMATION_SCHEMA.columns where table_name = 'userinfo' 
2017-09-15 16:54:20,234 [19] ServiceStack.OrmLite.OrmLiteReadCommandExtensions - SQL: select * from INFORMATION_SCHEMA.columns where table_name = 'audit' 
2017-09-15 16:54:20,253 [19] ServiceStack.OrmLite.OrmLiteReadCommandExtensions - SQL: select * from INFORMATION_SCHEMA.columns where table_name = 'auditdetails' 
2017-09-15 16:54:20,269 [19] ServiceStack.OrmLite.OrmLiteReadCommandExtensions - SQL: select * from INFORMATION_SCHEMA.columns where table_name = 'villagegridpersonliable' 
2017-09-15 16:54:20,288 [19] ServiceStack.OrmLite.OrmLiteReadCommandExtensions - SQL: select * from INFORMATION_SCHEMA.columns where table_name = 'villagegridpersonliable' 
2017-09-15 16:54:20,305 [19] ServiceStack.OrmLite.OrmLiteReadCommandExtensions - SQL: select * from INFORMATION_SCHEMA.columns where table_name = 'villagegridpersonliable' 
2017-09-15 16:54:20,322 [19] ServiceStack.OrmLite.OrmLiteReadCommandExtensions - SQL: select * from INFORMATION_SCHEMA.columns where table_name = 'villagepic' 
2017-09-15 16:54:20,339 [19] ServiceStack.OrmLite.OrmLiteReadCommandExtensions - SQL: select * from INFORMATION_SCHEMA.columns where table_name = 'villagepic' 
2017-09-15 16:54:20,356 [19] ServiceStack.OrmLite.OrmLiteReadCommandExtensions - SQL: select * from INFORMATION_SCHEMA.columns where table_name = 'villagepic' 
2017-09-15 16:54:20,374 [19] ServiceStack.OrmLite.OrmLiteReadCommandExtensions - SQL: select * from INFORMATION_SCHEMA.columns where table_name = 'villagetransferperson' 
2017-09-15 16:54:20,706 [19] ServiceStack.OrmLite.OrmLiteReadCommandExtensions - SQL: select * from INFORMATION_SCHEMA.columns where table_name = 'villagetransferperson' 
2017-09-15 16:54:20,733 [19] ServiceStack.OrmLite.OrmLiteReadCommandExtensions - SQL: select * from INFORMATION_SCHEMA.columns where table_name = 'villagetransferperson' 
2017-09-15 16:54:20,755 [19] ServiceStack.OrmLite.OrmLiteReadCommandExtensions - SQL: select * from INFORMATION_SCHEMA.columns where table_name = 'villagetransferperson' 
2017-09-15 16:54:20,775 [19] ServiceStack.OrmLite.OrmLiteReadCommandExtensions - SQL: select * from INFORMATION_SCHEMA.columns where table_name = 'villageworkinggroup' 
2017-09-15 16:54:20,795 [19] ServiceStack.OrmLite.OrmLiteReadCommandExtensions - SQL: select * from INFORMATION_SCHEMA.columns where table_name = 'villageworkinggroup' 
2017-09-15 16:54:20,814 [19] ServiceStack.OrmLite.OrmLiteReadCommandExtensions - SQL: select * from INFORMATION_SCHEMA.columns where table_name = 'villageworkinggroup' 
2017-09-15 16:54:20,832 [19] ServiceStack.OrmLite.OrmLiteReadCommandExtensions - SQL: select * from INFORMATION_SCHEMA.columns where table_name = 'adcddisasterinfo' 
2017-09-15 16:54:20,854 [19] ServiceStack.OrmLite.OrmLiteReadCommandExtensions - SQL: select * from INFORMATION_SCHEMA.columns where table_name = 'countryperson' 
2017-09-15 16:54:20,876 [19] ServiceStack.OrmLite.OrmLiteReadCommandExtensions - SQL: select * from INFORMATION_SCHEMA.columns where table_name = 'countryperson' 
2017-09-15 16:54:21,206 [19] ServiceStack.OrmLite.OrmLiteReadCommandExtensions - SQL: select * from INFORMATION_SCHEMA.columns where table_name = 'countryperson' 
2017-09-15 16:54:21,570 [19] ServiceStack.OrmLite.OrmLiteReadCommandExtensions - SQL: select * from INFORMATION_SCHEMA.columns where table_name = 'countryperson' 
2017-09-15 16:54:21,593 [19] ServiceStack.OrmLite.OrmLiteReadCommandExtensions - SQL: select * from INFORMATION_SCHEMA.columns where table_name = 'townpersonliable' 
2017-09-15 16:54:21,611 [19] ServiceStack.OrmLite.OrmLiteReadCommandExtensions - SQL: select * from INFORMATION_SCHEMA.columns where table_name = 'townpersonliable' 
2017-09-15 16:54:21,624 [19] ServiceStack.OrmLite.OrmLiteReadCommandExtensions - SQL: select * from INFORMATION_SCHEMA.columns where table_name = 'townpersonliable' 
2017-09-15 16:54:21,640 [19] ServiceStack.OrmLite.OrmLiteReadCommandExtensions - SQL: select * from INFORMATION_SCHEMA.columns where table_name = 'auditcounty' 
2017-09-15 16:54:21,653 [19] ServiceStack.OrmLite.OrmLiteReadCommandExtensions - SQL: select * from INFORMATION_SCHEMA.columns where table_name = 'apprecord' 
2017-09-15 16:54:21,669 [19] ServiceStack.OrmLite.OrmLiteReadCommandExtensions - SQL: select * from INFORMATION_SCHEMA.columns where table_name = 'apprecord' 
2017-09-15 16:54:21,683 [19] ServiceStack.OrmLite.OrmLiteReadCommandExtensions - SQL: select * from INFORMATION_SCHEMA.columns where table_name = 'apprecord' 
2017-09-15 16:54:21,700 [19] ServiceStack.OrmLite.OrmLiteReadCommandExtensions - SQL: select * from INFORMATION_SCHEMA.columns where table_name = 'apprecord' 
2017-09-15 16:54:21,715 [19] ServiceStack.OrmLite.OrmLiteReadCommandExtensions - SQL: select * from INFORMATION_SCHEMA.columns where table_name = 'apprecord' 
2017-09-15 16:54:21,768 [19] ServiceStack.OrmLite.OrmLiteReadCommandExtensions - SQL: SELECT TOP 1 "Id", "RoleName", "LastOeration" 
FROM "Role"
WHERE ("RoleName" = @0)
PARAMS: @0=系统管理员
2017-09-15 16:54:21,785 [19] ServiceStack.OrmLite.OrmLiteReadCommandExtensions - SQL: SELECT TOP 1 "Id", "UserName", "PassWord", "RealName", "UserRealName", "Unit", "Position", "adcd", "Mobile", "isEnable", "loginNum" 
FROM "UserInfo"
WHERE ("UserName" = @0)
PARAMS: @0=admin
2017-09-15 16:54:21,931 [19] ServiceStack.Support.Markdown.MarkdownPage - Compiled Content/ComprehensiveApp/leaflet/leaflet-locationfilter-master/README.md in 50ms
2017-09-15 16:54:21,954 [19] ServiceStack.Support.Markdown.MarkdownPage - Compiled Content/ComprehensiveApp/leaflet/Leaflet.draw-master/BREAKINGCHANGES.md in 10ms
2017-09-15 16:54:21,971 [19] ServiceStack.Support.Markdown.MarkdownPage - Compiled Content/ComprehensiveApp/leaflet/Leaflet.draw-master/CHANGELOG.md in 11ms
2017-09-15 16:54:21,978 [19] ServiceStack.Support.Markdown.MarkdownPage - Compiled Content/ComprehensiveApp/leaflet/Leaflet.draw-master/ISSUE_TEMPLATE.md in 1ms
2017-09-15 16:54:21,984 [19] ServiceStack.Support.Markdown.MarkdownPage - Compiled Content/ComprehensiveApp/leaflet/Leaflet.draw-master/MIT-LICENSE.md in 0ms
2017-09-15 16:54:22,005 [19] ServiceStack.Support.Markdown.MarkdownPage - Compiled Content/ComprehensiveApp/leaflet/Leaflet.draw-master/README.md in 16ms
2017-09-15 16:54:22,011 [19] ServiceStack.Support.Markdown.MarkdownPage - Compiled Content/ComprehensiveApp/leaflet/Leaflet.draw-master/TODO.md in 1ms
2017-09-15 16:54:22,031 [19] ServiceStack.Support.Markdown.MarkdownPage - Compiled Content/layer-master/CHANGELOG.md in 0ms
2017-09-15 16:54:22,037 [19] ServiceStack.Support.Markdown.MarkdownPage - Compiled Content/layer-master/README.md in 0ms
2017-09-15 16:54:22,050 [19] ServiceStack.Support.Markdown.MarkdownPage - Compiled Content/layer-master/src/README.md in 0ms
2017-09-15 16:54:22,058 [19] ServiceStack.Support.Markdown.MarkdownPage - Compiled Content/layer-master/src/mobile/README.md in 0ms
2017-09-15 16:54:22,121 [19] ServiceStack.Support.Markdown.MarkdownPage - Compiled Content/PhotoSwipe-master/README.md in 0ms
2017-09-15 16:54:22,156 [19] ServiceStack.Support.Markdown.MarkdownPage - Compiled Content/ueditor/net/README.md in 1ms
2017-09-15 16:54:46,565 [8] ServiceStack.OrmLite.OrmLiteReadCommandExtensions - SQL: EXEC DataShareGetUser @username,@password
PARAMS: UserName=tz, Password=@zjwater.gov.cn
2017-09-15 16:54:46,593 [8] ServiceStack.OrmLite.OrmLiteReadCommandExtensions - SQL: EXEC CountyList @adcd
PARAMS: adcd=3310
