2017-11-13 08:54:34,090 [1] ServiceStack.OrmLite.OrmLiteReadCommandExtensions - SQL: select * from INFORMATION_SCHEMA.columns where table_name = 'adcddisasterinfo' 
2017-11-13 08:54:34,154 [1] ServiceStack.OrmLite.OrmLiteReadCommandExtensions - SQL: select * from INFORMATION_SCHEMA.columns where table_name = 'adcddisasterinfo' 
2017-11-13 08:54:34,170 [1] ServiceStack.OrmLite.OrmLiteReadCommandExtensions - SQL: select * from INFORMATION_SCHEMA.columns where table_name = 'adcddisasterinfo' 
2017-11-13 08:54:34,184 [1] ServiceStack.OrmLite.OrmLiteReadCommandExtensions - SQL: select * from INFORMATION_SCHEMA.columns where table_name = 'adcdinfo' 
2017-11-13 08:54:34,203 [1] ServiceStack.OrmLite.OrmLiteReadCommandExtensions - SQL: select * from INFORMATION_SCHEMA.columns where table_name = 'adcdinfo' 
2017-11-13 08:54:34,220 [1] ServiceStack.OrmLite.OrmLiteReadCommandExtensions - SQL: select * from INFORMATION_SCHEMA.columns where table_name = 'villageworkinggroup' 
2017-11-13 08:54:34,233 [1] ServiceStack.OrmLite.OrmLiteReadCommandExtensions - SQL: select * from INFORMATION_SCHEMA.columns where table_name = 'villagetransferperson' 
2017-11-13 08:54:34,249 [1] ServiceStack.OrmLite.OrmLiteReadCommandExtensions - SQL: select * from INFORMATION_SCHEMA.columns where table_name = 'villagegridpersonliable' 
2017-11-13 08:54:34,262 [1] ServiceStack.OrmLite.OrmLiteReadCommandExtensions - SQL: select * from INFORMATION_SCHEMA.columns where table_name = 'villagegridpersonliable' 
2017-11-13 08:54:34,277 [1] ServiceStack.OrmLite.OrmLiteReadCommandExtensions - SQL: select * from INFORMATION_SCHEMA.columns where table_name = 'villagegridpersonliable' 
2017-11-13 08:54:34,291 [1] ServiceStack.OrmLite.OrmLiteReadCommandExtensions - SQL: select * from INFORMATION_SCHEMA.columns where table_name = 'userinfo' 
2017-11-13 08:54:34,305 [1] ServiceStack.OrmLite.OrmLiteReadCommandExtensions - SQL: select * from INFORMATION_SCHEMA.columns where table_name = 'userinfo' 
2017-11-13 08:54:34,319 [1] ServiceStack.OrmLite.OrmLiteReadCommandExtensions - SQL: select * from INFORMATION_SCHEMA.columns where table_name = 'userinfo' 
2017-11-13 08:54:34,332 [1] ServiceStack.OrmLite.OrmLiteReadCommandExtensions - SQL: select * from INFORMATION_SCHEMA.columns where table_name = 'userinfo' 
2017-11-13 08:54:34,343 [1] ServiceStack.OrmLite.OrmLiteReadCommandExtensions - SQL: select * from INFORMATION_SCHEMA.columns where table_name = 'audit' 
2017-11-13 08:54:34,355 [1] ServiceStack.OrmLite.OrmLiteReadCommandExtensions - SQL: select * from INFORMATION_SCHEMA.columns where table_name = 'auditdetails' 
2017-11-13 08:54:34,369 [1] ServiceStack.OrmLite.OrmLiteReadCommandExtensions - SQL: select * from INFORMATION_SCHEMA.columns where table_name = 'villagegridpersonliable' 
2017-11-13 08:54:34,384 [1] ServiceStack.OrmLite.OrmLiteReadCommandExtensions - SQL: select * from INFORMATION_SCHEMA.columns where table_name = 'villagegridpersonliable' 
2017-11-13 08:54:34,397 [1] ServiceStack.OrmLite.OrmLiteReadCommandExtensions - SQL: select * from INFORMATION_SCHEMA.columns where table_name = 'villagegridpersonliable' 
2017-11-13 08:54:34,414 [1] ServiceStack.OrmLite.OrmLiteReadCommandExtensions - SQL: select * from INFORMATION_SCHEMA.columns where table_name = 'villagepic' 
2017-11-13 08:54:34,428 [1] ServiceStack.OrmLite.OrmLiteReadCommandExtensions - SQL: select * from INFORMATION_SCHEMA.columns where table_name = 'villagepic' 
2017-11-13 08:54:34,442 [1] ServiceStack.OrmLite.OrmLiteReadCommandExtensions - SQL: select * from INFORMATION_SCHEMA.columns where table_name = 'villagepic' 
2017-11-13 08:54:34,458 [1] ServiceStack.OrmLite.OrmLiteReadCommandExtensions - SQL: select * from INFORMATION_SCHEMA.columns where table_name = 'villagetransferperson' 
2017-11-13 08:54:34,478 [1] ServiceStack.OrmLite.OrmLiteReadCommandExtensions - SQL: select * from INFORMATION_SCHEMA.columns where table_name = 'villagetransferperson' 
2017-11-13 08:54:34,495 [1] ServiceStack.OrmLite.OrmLiteReadCommandExtensions - SQL: select * from INFORMATION_SCHEMA.columns where table_name = 'villagetransferperson' 
2017-11-13 08:54:34,833 [1] ServiceStack.OrmLite.OrmLiteReadCommandExtensions - SQL: select * from INFORMATION_SCHEMA.columns where table_name = 'villagetransferperson' 
2017-11-13 08:54:34,849 [1] ServiceStack.OrmLite.OrmLiteReadCommandExtensions - SQL: select * from INFORMATION_SCHEMA.columns where table_name = 'villageworkinggroup' 
2017-11-13 08:54:34,865 [1] ServiceStack.OrmLite.OrmLiteReadCommandExtensions - SQL: select * from INFORMATION_SCHEMA.columns where table_name = 'villageworkinggroup' 
2017-11-13 08:54:34,881 [1] ServiceStack.OrmLite.OrmLiteReadCommandExtensions - SQL: select * from INFORMATION_SCHEMA.columns where table_name = 'villageworkinggroup' 
2017-11-13 08:54:35,202 [1] ServiceStack.OrmLite.OrmLiteReadCommandExtensions - SQL: select * from INFORMATION_SCHEMA.columns where table_name = 'adcddisasterinfo' 
2017-11-13 08:54:35,217 [1] ServiceStack.OrmLite.OrmLiteReadCommandExtensions - SQL: select * from INFORMATION_SCHEMA.columns where table_name = 'countryperson' 
2017-11-13 08:54:35,234 [1] ServiceStack.OrmLite.OrmLiteReadCommandExtensions - SQL: select * from INFORMATION_SCHEMA.columns where table_name = 'countryperson' 
2017-11-13 08:54:35,249 [1] ServiceStack.OrmLite.OrmLiteReadCommandExtensions - SQL: select * from INFORMATION_SCHEMA.columns where table_name = 'countryperson' 
2017-11-13 08:54:35,263 [1] ServiceStack.OrmLite.OrmLiteReadCommandExtensions - SQL: select * from INFORMATION_SCHEMA.columns where table_name = 'countryperson' 
2017-11-13 08:54:35,577 [1] ServiceStack.OrmLite.OrmLiteReadCommandExtensions - SQL: select * from INFORMATION_SCHEMA.columns where table_name = 'townpersonliable' 
2017-11-13 08:54:35,637 [1] ServiceStack.OrmLite.OrmLiteReadCommandExtensions - SQL: select * from INFORMATION_SCHEMA.columns where table_name = 'townpersonliable' 
2017-11-13 08:54:35,651 [1] ServiceStack.OrmLite.OrmLiteReadCommandExtensions - SQL: select * from INFORMATION_SCHEMA.columns where table_name = 'townpersonliable' 
2017-11-13 08:54:35,663 [1] ServiceStack.OrmLite.OrmLiteReadCommandExtensions - SQL: select * from INFORMATION_SCHEMA.columns where table_name = 'auditcounty' 
2017-11-13 08:54:35,677 [1] ServiceStack.OrmLite.OrmLiteReadCommandExtensions - SQL: select * from INFORMATION_SCHEMA.columns where table_name = 'apprecord' 
2017-11-13 08:54:35,691 [1] ServiceStack.OrmLite.OrmLiteReadCommandExtensions - SQL: select * from INFORMATION_SCHEMA.columns where table_name = 'apprecord' 
2017-11-13 08:54:35,705 [1] ServiceStack.OrmLite.OrmLiteReadCommandExtensions - SQL: select * from INFORMATION_SCHEMA.columns where table_name = 'apprecord' 
2017-11-13 08:54:35,718 [1] ServiceStack.OrmLite.OrmLiteReadCommandExtensions - SQL: select * from INFORMATION_SCHEMA.columns where table_name = 'apprecord' 
2017-11-13 08:54:35,731 [1] ServiceStack.OrmLite.OrmLiteReadCommandExtensions - SQL: select * from INFORMATION_SCHEMA.columns where table_name = 'apprecord' 
2017-11-13 08:54:35,786 [1] ServiceStack.OrmLite.OrmLiteReadCommandExtensions - SQL: SELECT TOP 1 "Id", "RoleName", "LastOeration" 
FROM "Role"
WHERE ("RoleName" = @0)
PARAMS: @0=系统管理员
2017-11-13 08:54:35,803 [1] ServiceStack.OrmLite.OrmLiteReadCommandExtensions - SQL: SELECT TOP 1 "Id", "UserName", "PassWord", "RealName", "UserRealName", "Unit", "Position", "adcd", "Mobile", "isEnable", "loginNum" 
FROM "UserInfo"
WHERE ("UserName" = @0)
PARAMS: @0=admin
2017-11-13 08:54:36,081 [1] ServiceStack.Support.Markdown.MarkdownPage - Compiled Content/ComprehensiveApp/leaflet/leaflet-locationfilter-master/README.md in 50ms
2017-11-13 08:54:36,117 [1] ServiceStack.Support.Markdown.MarkdownPage - Compiled Content/ComprehensiveApp/leaflet/Leaflet.draw-master/BREAKINGCHANGES.md in 9ms
2017-11-13 08:54:36,154 [1] ServiceStack.Support.Markdown.MarkdownPage - Compiled Content/ComprehensiveApp/leaflet/Leaflet.draw-master/CHANGELOG.md in 16ms
2017-11-13 08:54:36,165 [1] ServiceStack.Support.Markdown.MarkdownPage - Compiled Content/ComprehensiveApp/leaflet/Leaflet.draw-master/ISSUE_TEMPLATE.md in 1ms
2017-11-13 08:54:36,175 [1] ServiceStack.Support.Markdown.MarkdownPage - Compiled Content/ComprehensiveApp/leaflet/Leaflet.draw-master/MIT-LICENSE.md in 0ms
2017-11-13 08:54:36,209 [1] ServiceStack.Support.Markdown.MarkdownPage - Compiled Content/ComprehensiveApp/leaflet/Leaflet.draw-master/README.md in 17ms
2017-11-13 08:54:36,223 [1] ServiceStack.Support.Markdown.MarkdownPage - Compiled Content/ComprehensiveApp/leaflet/Leaflet.draw-master/TODO.md in 1ms
2017-11-13 08:54:36,248 [1] ServiceStack.Support.Markdown.MarkdownPage - Compiled Content/grumble/README.md in 0ms
2017-11-13 08:54:36,307 [1] ServiceStack.Support.Markdown.MarkdownPage - Compiled Content/layer-master/CHANGELOG.md in 2ms
2017-11-13 08:54:36,325 [1] ServiceStack.Support.Markdown.MarkdownPage - Compiled Content/layer-master/README.md in 0ms
2017-11-13 08:54:36,345 [1] ServiceStack.Support.Markdown.MarkdownPage - Compiled Content/layer-master/src/README.md in 0ms
2017-11-13 08:54:36,373 [1] ServiceStack.Support.Markdown.MarkdownPage - Compiled Content/layer-master/src/mobile/README.md in 0ms
2017-11-13 08:54:36,467 [1] ServiceStack.Support.Markdown.MarkdownPage - Compiled Content/PhotoSwipe-master/README.md in 1ms
2017-11-13 08:54:36,528 [1] ServiceStack.Support.Markdown.MarkdownPage - Compiled Content/ueditor/net/README.md in 1ms
2017-11-13 08:54:39,631 [6] ServiceStack.OrmLite.OrmLiteReadCommandExtensions - SQL: SELECT TOP 1 "Id", "UserName", "PassWord", "RealName", "UserRealName", "Unit", "Position", "adcd", "Mobile", "isEnable", "loginNum" 
FROM "UserInfo"
WHERE ("UserName" = @0)
PARAMS: @0=13456949000
2017-11-13 08:54:39,631 [5] ServiceStack.OrmLite.OrmLiteReadCommandExtensions - SQL: SELECT TOP 1 "Id", "UserName", "PassWord", "RealName", "UserRealName", "Unit", "Position", "adcd", "Mobile", "isEnable", "loginNum" 
FROM "UserInfo"
WHERE ("UserName" = @0)
PARAMS: @0=13456949000
2017-11-13 08:55:45,299 [11] ServiceStack.OrmLite.OrmLiteReadCommandExtensions - SQL: SELECT "Id", "UserName", "PassWord", "RealName", "UserRealName", "Unit", "Position", "adcd", "Mobile", "isEnable", "loginNum" 
FROM "UserInfo"
WHERE ((("UserName" = @0) AND ("PassWord" = @1)) AND "isEnable"=1)
PARAMS: @0=13456949000, @1=anuaLf5Oup4NWeLv--K-uA2
2017-11-13 08:55:45,329 [11] ServiceStack.OrmLite.OrmLiteResultsFilterExtensions - SQL: UPDATE "UserInfo" SET "loginNum"=@1 WHERE ("Id" = @0)
PARAMS: @0=1515, @1=543
2017-11-13 08:55:45,377 [11] ServiceStack.OrmLite.OrmLiteReadCommandExtensions - SQL: SELECT UserInfo.*,UserRoleInfo.RoleID 
FROM "UserInfo" LEFT JOIN "UserRoleInfo" ON ("UserInfo"."Id" = "UserRoleInfo"."UserID")
WHERE ("UserInfo"."UserName" = @0)
PARAMS: @0=13456949000
2017-11-13 08:55:45,410 [11] ServiceStack.OrmLite.OrmLiteReadCommandExtensions - SQL: SELECT TOP 1 "Id", "parentId", "grade", "adcd", "adnm", "lng", "lat", "CreateTime", "operateLog" 
FROM "ADCDInfo"
WHERE ("adcd" = @0)
PARAMS: @0=330000000000000
2017-11-13 08:55:45,450 [11] ServiceStack.OrmLite.OrmLiteReadCommandExtensions - SQL: SELECT TOP 1 "Id", "parentId", "grade", "adcd", "adnm", "lng", "lat", "CreateTime", "operateLog" 
FROM "ADCDInfo"
WHERE ("adcd" = @0)
PARAMS: @0=330000000000000
2017-11-13 08:55:45,503 [11] ServiceStack.OrmLite.OrmLiteResultsFilterExtensions - SQL: INSERT INTO "LogInfo" ("OperationType","tm","adcd","UserName","RealName","Operation") VALUES (@OperationType,@tm,@adcd,@UserName,@RealName,@Operation)
PARAMS: @OperationType=登陆, @tm=2017/11/13 8:55:45, @adcd=330000000000000, @UserName=13456949000, @RealName=省, @Operation={"operateMsg":"登录系统，登录IP地址为：::1","operateTime":"\/Date(1510534545342+0800)\/","userName":"13456949000"}
2017-11-13 08:55:45,522 [11] ServiceStack.OrmLite.OrmLiteReadCommandExtensions - SQL: SELECT TOP 1 "Id", "UserName", "PassWord", "RealName", "UserRealName", "Unit", "Position", "adcd", "Mobile", "isEnable", "loginNum" 
FROM "UserInfo"
WHERE ("UserName" = @0)
PARAMS: @0=13456949000
2017-11-13 08:55:45,538 [11] ServiceStack.OrmLite.OrmLiteReadCommandExtensions - SQL: SELECT UserInfo.*,UserRoleInfo.RoleID 
FROM "UserInfo" LEFT JOIN "UserRoleInfo" ON ("UserInfo"."Id" = "UserRoleInfo"."UserID")
WHERE ("UserInfo"."UserName" = @0)
PARAMS: @0=13456949000
2017-11-13 08:55:45,555 [11] ServiceStack.OrmLite.OrmLiteReadCommandExtensions - SQL: SELECT TOP 1 "Id", "parentId", "grade", "adcd", "adnm", "lng", "lat", "CreateTime", "operateLog" 
FROM "ADCDInfo"
WHERE ("adcd" = @0)
PARAMS: @0=330000000000000
2017-11-13 08:55:45,590 [11] ServiceStack.OrmLite.OrmLiteReadCommandExtensions - SQL: SELECT TOP 1 "Id", "parentId", "grade", "adcd", "adnm", "lng", "lat", "CreateTime", "operateLog" 
FROM "ADCDInfo"
WHERE ("adcd" = @0)
PARAMS: @0=330000000000000
2017-11-13 08:55:45,630 [11] ServiceStack.OrmLite.OrmLiteReadCommandExtensions - SQL: SELECT TOP 1 "Id", "parentId", "grade", "adcd", "adnm", "lng", "lat", "CreateTime", "operateLog" 
FROM "ADCDInfo"
WHERE ("adcd" is null)
2017-11-13 08:55:45,651 [11] ServiceStack.OrmLite.OrmLiteReadCommandExtensions - SQL: SELECT TOP 1 "Id", "parentId", "grade", "adcd", "adnm", "lng", "lat", "CreateTime", "operateLog" 
FROM "ADCDInfo"
WHERE ("adcd" is null)
2017-11-13 08:55:45,672 [11] ServiceStack.OrmLite.OrmLiteReadCommandExtensions - SQL: SELECT TOP 1 "Id", "parentId", "grade", "adcd", "adnm", "lng", "lat", "CreateTime", "operateLog" 
FROM "ADCDInfo"
WHERE ("adcd" is null)
2017-11-13 08:55:45,700 [11] ServiceStack.OrmLite.OrmLiteReadCommandExtensions - SQL: SELECT UserInfo.*,UserRoleInfo.RoleID 
FROM "UserInfo" LEFT JOIN "UserRoleInfo" ON ("UserInfo"."Id" = "UserRoleInfo"."UserID")
WHERE ("UserInfo"."UserName" = @0)
PARAMS: @0=13456949000
2017-11-13 08:55:45,717 [11] ServiceStack.OrmLite.OrmLiteReadCommandExtensions - SQL: SELECT TOP 1 "Id", "parentId", "grade", "adcd", "adnm", "lng", "lat", "CreateTime", "operateLog" 
FROM "ADCDInfo"
WHERE ("adcd" = @0)
PARAMS: @0=330000000000000
2017-11-13 08:55:45,754 [11] ServiceStack.OrmLite.OrmLiteReadCommandExtensions - SQL: SELECT TOP 1 "Id", "parentId", "grade", "adcd", "adnm", "lng", "lat", "CreateTime", "operateLog" 
FROM "ADCDInfo"
WHERE ("adcd" = @0)
PARAMS: @0=330000000000000
2017-11-13 08:55:45,806 [9] Controller - UserSession失效，自动登录。
2017-11-13 08:55:45,814 [9] ServiceStack.OrmLite.OrmLiteReadCommandExtensions - SQL: SELECT TOP 1 "Id", "UserName", "PassWord", "RealName", "UserRealName", "Unit", "Position", "adcd", "Mobile", "isEnable", "loginNum" 
FROM "UserInfo"
WHERE ("UserName" = @0)
PARAMS: @0=13456949000
2017-11-13 08:55:45,828 [9] ServiceStack.OrmLite.OrmLiteReadCommandExtensions - SQL: SELECT UserInfo.*,UserRoleInfo.RoleID 
FROM "UserInfo" LEFT JOIN "UserRoleInfo" ON ("UserInfo"."Id" = "UserRoleInfo"."UserID")
WHERE ("UserInfo"."UserName" = @0)
PARAMS: @0=13456949000
2017-11-13 08:55:45,841 [9] ServiceStack.OrmLite.OrmLiteReadCommandExtensions - SQL: SELECT TOP 1 "Id", "parentId", "grade", "adcd", "adnm", "lng", "lat", "CreateTime", "operateLog" 
FROM "ADCDInfo"
WHERE ("adcd" = @0)
PARAMS: @0=330000000000000
2017-11-13 08:55:45,875 [9] ServiceStack.OrmLite.OrmLiteReadCommandExtensions - SQL: SELECT TOP 1 "Id", "parentId", "grade", "adcd", "adnm", "lng", "lat", "CreateTime", "operateLog" 
FROM "ADCDInfo"
WHERE ("adcd" = @0)
PARAMS: @0=330000000000000
2017-11-13 08:55:45,911 [9] ServiceStack.OrmLite.OrmLiteReadCommandExtensions - SQL: SELECT TOP 1 "Id", "parentId", "grade", "adcd", "adnm", "lng", "lat", "CreateTime", "operateLog" 
FROM "ADCDInfo"
WHERE ("adcd" = @0)
PARAMS: @0=330000000000000
2017-11-13 08:55:45,954 [9] ServiceStack.OrmLite.OrmLiteReadCommandExtensions - SQL: SELECT "Id", "parentId", "grade", "adcd", "adnm", "lng", "lat", "CreateTime", "operateLog" 
FROM "ADCDInfo"
WHERE ("adcd" = @0)
ORDER BY "adcd"
PARAMS: @0=330000000000000
2017-11-13 08:55:50,875 [6] ServiceStack.OrmLite.OrmLiteReadCommandExtensions - SQL: SELECT COUNT(*) 
FROM "ADCDInfo"
WHERE adcd like '33__00000000000' and adcd !='330000000000000'
2017-11-13 08:55:50,976 [6] ServiceStack.OrmLite.OrmLiteReadCommandExtensions - SQL: SELECT TOP 999 "Id", "parentId", "grade", "adcd", "adnm", "lng", "lat", "CreateTime", "operateLog" 
FROM "ADCDInfo"
WHERE adcd like '33__00000000000' and adcd !='330000000000000'
ORDER BY "adcd"
2017-11-13 09:01:46,017 [16] ServiceStack.OrmLite.OrmLiteReadCommandExtensions - SQL: SELECT "Id", "parentId", "grade", "adcd", "adnm", "lng", "lat", "CreateTime", "operateLog" 
FROM "ADCDInfo"
WHERE (upper("adcd") like @0 AND ("adcd" <> @1))
PARAMS: @0=%000000, @1=330000000000000
2017-11-13 09:01:46,526 [16] ServiceStack.OrmLite.OrmLiteReadCommandExtensions - SQL: SELECT "ID", "Year", "TownADCD", "TownAddTime", "CountyAuditTime", "CityAuditTime", "Status", "AuditNums", "operateLog" 
FROM "Audit"
WHERE ("Year" = @0)
PARAMS: @0=2017
2017-11-13 09:01:49,969 [18] ServiceStack.OrmLite.OrmLiteReadCommandExtensions - SQL: SELECT COUNT(*) 
FROM "ADCDInfo"
WHERE adcd like '33__00000000000' and adcd !='330000000000000'
2017-11-13 09:01:50,058 [18] ServiceStack.OrmLite.OrmLiteReadCommandExtensions - SQL: SELECT TOP 999 "Id", "parentId", "grade", "adcd", "adnm", "lng", "lat", "CreateTime", "operateLog" 
FROM "ADCDInfo"
WHERE adcd like '33__00000000000' and adcd !='330000000000000'
ORDER BY "adcd"
2017-11-13 09:01:50,121 [15] ServiceStack.OrmLite.OrmLiteReadCommandExtensions - SQL: SELECT * FROM (SELECT  DangerZoneType typename,COUNT(DangerZoneType) as nums,typeid=1 FROM VillageTransferPerson where Year=2017 and DangerZoneType != '' and DangerZoneType is not null and DangerZoneType != '工棚' group by DangerZoneType UNION SELECT  GridName typename,COUNT(GridName) as nums,typeid=2 FROM VillageGridPersonLiable where Year=2017 group by GridName) T
2017-11-13 09:01:50,272 [15] ServiceStack.OrmLite.OrmLiteReadCommandExtensions - SQL: SELECT SUM(HouseholderNum) as HouseholderNum FROM VillageTransferPerson WHERE HouseholderNum > 0 AND DangerZoneType !='工棚' AND Year = 2017
2017-11-13 09:01:52,246 [15] ServiceStack.OrmLite.OrmLiteReadCommandExtensions - SQL: SELECT COUNT(*) 
FROM "ADCDInfo"
WHERE adcd like '33__00000000000' and adcd !='330000000000000'
2017-11-13 09:01:52,323 [16] ServiceStack.OrmLite.OrmLiteReadCommandExtensions - SQL: select * from(select COUNT(Position) nums,Position post,postlevel='town' from TownPersonLiable where Year=2017  group by Position union select COUNT(Post) nums,post,postlevel='village' from VillageWorkingGroup where Year=2017  group by Post union select COUNT(Position) nums,Position post,postlevel='villageposition' from VillageGridPersonLiable where Year=2017 and (Position='巡查员' or Position='管理员' or Position='预警员' or Position='监测员' or Position='联络员')  group by Position union select COUNT(Position) nums,Position post,postlevel='county' from CountryPerson where Year=2017  group by Position) T
2017-11-13 09:01:52,346 [15] ServiceStack.OrmLite.OrmLiteReadCommandExtensions - SQL: SELECT TOP 999 "Id", "parentId", "grade", "adcd", "adnm", "lng", "lat", "CreateTime", "operateLog" 
FROM "ADCDInfo"
WHERE adcd like '33__00000000000' and adcd !='330000000000000'
ORDER BY "adcd"
2017-11-13 09:01:52,534 [16] ServiceStack.OrmLite.OrmLiteReadCommandExtensions - SQL: select COUNT(*) as CountyPLNums from (select ltrim(rtrim(UserName)) name, adcd from CountryPerson where Year=2017  group by ltrim(rtrim(UserName)),adcd) t
2017-11-13 09:01:52,597 [16] ServiceStack.OrmLite.OrmLiteReadCommandExtensions - SQL: select COUNT(*) as TownPLNums from (select ltrim(rtrim(Name)) name, adcd from TownPersonLiable where Year=2017  group by ltrim(rtrim(Name)),adcd) t
2017-11-13 09:01:52,770 [16] ServiceStack.OrmLite.OrmLiteReadCommandExtensions - SQL: select count(*) as VillagePLNums  from( select distinct PersonLiable name, VillageADCD adcd from VillageWorkingGroup where Year = 2017 union select distinct PersonLiable name, VillageADCD adcd from VillageGridPersonLiable where Year = 2017 union select distinct PersonLiableName name, adcd from VillageTransferPerson where PersonLiableName != '' and PersonLiableName is not null and Year = 2017 union select distinct WarnPersonLiableName name, adcd from VillageTransferPerson where WarnPersonLiableName != '' and WarnPersonLiableName is not null and Year = 2017 union select distinct DisasterPreventionManager name, adcd from VillageTransferPerson where DisasterPreventionManager != '' and DisasterPreventionManager is not null and Year = 2017) as t
2017-11-13 09:01:58,810 [16] ServiceStack.OrmLite.OrmLiteReadCommandExtensions - SQL: SELECT COUNT(*) 
FROM "ADCDInfo"
WHERE adcd like '33__00000000000' and adcd !='330000000000000'
2017-11-13 09:01:58,884 [15] ServiceStack.OrmLite.OrmLiteReadCommandExtensions - SQL: SELECT "Id", "parentId", "grade", "adcd", "adnm", "lng", "lat", "CreateTime", "operateLog" 
FROM "ADCDInfo"
WHERE ("grade" > @0)
PARAMS: @0=0
2017-11-13 09:01:58,903 [16] ServiceStack.OrmLite.OrmLiteReadCommandExtensions - SQL: SELECT TOP 999 "Id", "parentId", "grade", "adcd", "adnm", "lng", "lat", "CreateTime", "operateLog" 
FROM "ADCDInfo"
WHERE adcd like '33__00000000000' and adcd !='330000000000000'
ORDER BY "adcd"
2017-11-13 09:02:04,816 [15] ServiceStack.OrmLite.OrmLiteReadCommandExtensions - SQL: EXEC GetVillagePersonByYear @year
PARAMS: year=2017
2017-11-13 09:02:14,525 [15] ServiceStack.OrmLite.OrmLiteReadCommandExtensions - SQL: select distinct adcd from AppRecord
2017-11-13 09:02:14,541 [15] ServiceStack.OrmLite.OrmLiteReadCommandExtensions - SQL: select adcd,FXFTRW from ADCDDisasterInfo
2017-11-13 09:02:20,817 [15] ServiceStack.OrmLite.OrmLiteReadCommandExtensions - SQL: SELECT "Id", "parentId", "grade", "adcd", "adnm", "lng", "lat", "CreateTime", "operateLog" 
FROM "ADCDInfo"
WHERE (upper("adcd") like @0 AND ("adcd" <> @1))
PARAMS: @0=%000000, @1=330000000000000
2017-11-13 09:02:20,998 [15] ServiceStack.OrmLite.OrmLiteReadCommandExtensions - SQL: SELECT "ID", "Year", "TownADCD", "TownAddTime", "CountyAuditTime", "CityAuditTime", "Status", "AuditNums", "operateLog" 
FROM "Audit"
WHERE ("Year" = @0)
PARAMS: @0=2017
2017-11-13 09:02:23,339 [8] ServiceStack.OrmLite.OrmLiteReadCommandExtensions - SQL: SELECT COUNT(*) 
FROM "ADCDInfo"
WHERE adcd like '33__00000000000' and adcd !='330000000000000'
2017-11-13 09:02:23,403 [12] ServiceStack.OrmLite.OrmLiteReadCommandExtensions - SQL: SELECT "Id", "parentId", "grade", "adcd", "adnm", "lng", "lat", "CreateTime", "operateLog" 
FROM "ADCDInfo"
WHERE ("grade" > @0)
PARAMS: @0=0
2017-11-13 09:02:23,435 [8] ServiceStack.OrmLite.OrmLiteReadCommandExtensions - SQL: SELECT TOP 999 "Id", "parentId", "grade", "adcd", "adnm", "lng", "lat", "CreateTime", "operateLog" 
FROM "ADCDInfo"
WHERE adcd like '33__00000000000' and adcd !='330000000000000'
ORDER BY "adcd"
2017-11-13 09:02:26,613 [12] ServiceStack.OrmLite.OrmLiteReadCommandExtensions - SQL: EXEC GetVillagePersonByYear @year
PARAMS: year=2017
2017-11-13 09:02:34,861 [12] ServiceStack.OrmLite.OrmLiteReadCommandExtensions - SQL: select distinct adcd from AppRecord
2017-11-13 09:02:34,876 [12] ServiceStack.OrmLite.OrmLiteReadCommandExtensions - SQL: select adcd,FXFTRW from ADCDDisasterInfo
2017-11-13 09:02:46,701 [12] ServiceStack.OrmLite.OrmLiteReadCommandExtensions - SQL: select Towns.adcd,Towns.adnm,TownPersonLiable.adcd TownPersonLiableNums, VillageWorkingGroup.VillageADCD VillageWorkingGroupNums,VillageGridPersonLiable.VillageADCD VillageGridPersonLiableNums, VillageTransferPerson.adcd VillageTransferPersonNums,VillagePic.adcd VillagePicNums from (select * from ADCDInfo where CONVERT(int, SUBSTRING(adcd, 7, 3)) > 0 and  adcd like '%000000') as Towns left join(select distinct(adcd) as adcd from TownPersonLiable where Year=2017) as TownPersonLiable on SUBSTRING(TownPersonLiable.adcd, 0, 10) = SUBSTRING(Towns.adcd, 0, 10) left join(select distinct(SUBSTRING(VillageADCD, 0, 10)) as VillageADCD from VillageWorkingGroup where Year=2017) as VillageWorkingGroup on SUBSTRING(Towns.adcd, 0, 10) = VillageWorkingGroup.VillageADCD left join(select distinct(SUBSTRING(VillageADCD, 0, 10)) as VillageADCD from VillageGridPersonLiable where Year=2017) as VillageGridPersonLiable on SUBSTRING(VillageGridPersonLiable.VillageADCD, 0, 10) = SUBSTRING(Towns.adcd, 0, 10) left join(select distinct(SUBSTRING(adcd, 0, 10)) as adcd from VillageTransferPerson where Year=2017) as VillageTransferPerson on SUBSTRING(VillageTransferPerson.adcd, 0, 10) = SUBSTRING(Towns.adcd, 0, 10) left join(select distinct(SUBSTRING(adcd, 0, 10)) as adcd from VillagePic where Year=2017) as VillagePic on SUBSTRING(VillagePic.adcd, 0, 10) = SUBSTRING(Towns.adcd, 0, 10) 
2017-11-13 09:02:47,231 [12] ServiceStack.OrmLite.OrmLiteReadCommandExtensions - SQL: select a.adcd,a.adnm,c.adcd as Reported from (select adcd, adnm from ADCDInfo where CONVERT(int, SUBSTRING(adcd, 5, 2)) > 0 and  adcd like '%000000000') as A left join (select distinct(adcd) from CountryPerson where Year=2017) as C on A.adcd = C.adcd
2017-11-13 09:02:47,776 [12] ServiceStack.OrmLite.OrmLiteReadCommandExtensions - SQL: SELECT "Id", "parentId", "grade", "adcd", "adnm", "lng", "lat", "CreateTime", "operateLog" 
FROM "ADCDInfo"
WHERE (upper("adcd") like @0 AND ("adcd" <> @1))
PARAMS: @0=%00000000000%, @1=330000000000000
2017-11-13 09:02:47,944 [12] ServiceStack.OrmLite.OrmLiteReadCommandExtensions - SQL: SELECT "Id", "parentId", "grade", "adcd", "adnm", "lng", "lat", "CreateTime", "operateLog" 
FROM "ADCDInfo"
WHERE ((upper("adcd") like @0 AND ("grade" = @1)) AND ("adcd" <> @2))
PARAMS: @0=%3301%, @1=2, @2=330100000000000
2017-11-13 09:02:47,980 [12] ServiceStack.OrmLite.OrmLiteReadCommandExtensions - SQL: SELECT "Id", "parentId", "grade", "adcd", "adnm", "lng", "lat", "CreateTime", "operateLog" 
FROM "ADCDInfo"
WHERE ((upper("adcd") like @0 AND ("grade" = @1)) AND ("adcd" <> @2))
PARAMS: @0=%3302%, @1=2, @2=330200000000000
2017-11-13 09:02:48,006 [12] ServiceStack.OrmLite.OrmLiteReadCommandExtensions - SQL: SELECT "Id", "parentId", "grade", "adcd", "adnm", "lng", "lat", "CreateTime", "operateLog" 
FROM "ADCDInfo"
WHERE ((upper("adcd") like @0 AND ("grade" = @1)) AND ("adcd" <> @2))
PARAMS: @0=%3303%, @1=2, @2=330300000000000
2017-11-13 09:02:48,033 [12] ServiceStack.OrmLite.OrmLiteReadCommandExtensions - SQL: SELECT "Id", "parentId", "grade", "adcd", "adnm", "lng", "lat", "CreateTime", "operateLog" 
FROM "ADCDInfo"
WHERE ((upper("adcd") like @0 AND ("grade" = @1)) AND ("adcd" <> @2))
PARAMS: @0=%3304%, @1=2, @2=330400000000000
2017-11-13 09:02:48,058 [12] ServiceStack.OrmLite.OrmLiteReadCommandExtensions - SQL: SELECT "Id", "parentId", "grade", "adcd", "adnm", "lng", "lat", "CreateTime", "operateLog" 
FROM "ADCDInfo"
WHERE ((upper("adcd") like @0 AND ("grade" = @1)) AND ("adcd" <> @2))
PARAMS: @0=%3305%, @1=2, @2=330500000000000
2017-11-13 09:02:48,082 [12] ServiceStack.OrmLite.OrmLiteReadCommandExtensions - SQL: SELECT "Id", "parentId", "grade", "adcd", "adnm", "lng", "lat", "CreateTime", "operateLog" 
FROM "ADCDInfo"
WHERE ((upper("adcd") like @0 AND ("grade" = @1)) AND ("adcd" <> @2))
PARAMS: @0=%3306%, @1=2, @2=330600000000000
2017-11-13 09:02:48,414 [12] ServiceStack.OrmLite.OrmLiteReadCommandExtensions - SQL: SELECT "Id", "parentId", "grade", "adcd", "adnm", "lng", "lat", "CreateTime", "operateLog" 
FROM "ADCDInfo"
WHERE ((upper("adcd") like @0 AND ("grade" = @1)) AND ("adcd" <> @2))
PARAMS: @0=%3307%, @1=2, @2=330700000000000
2017-11-13 09:02:48,441 [12] ServiceStack.OrmLite.OrmLiteReadCommandExtensions - SQL: SELECT "Id", "parentId", "grade", "adcd", "adnm", "lng", "lat", "CreateTime", "operateLog" 
FROM "ADCDInfo"
WHERE ((upper("adcd") like @0 AND ("grade" = @1)) AND ("adcd" <> @2))
PARAMS: @0=%3308%, @1=2, @2=330800000000000
2017-11-13 09:02:48,464 [12] ServiceStack.OrmLite.OrmLiteReadCommandExtensions - SQL: SELECT "Id", "parentId", "grade", "adcd", "adnm", "lng", "lat", "CreateTime", "operateLog" 
FROM "ADCDInfo"
WHERE ((upper("adcd") like @0 AND ("grade" = @1)) AND ("adcd" <> @2))
PARAMS: @0=%3309%, @1=2, @2=330900000000000
2017-11-13 09:02:48,488 [12] ServiceStack.OrmLite.OrmLiteReadCommandExtensions - SQL: SELECT "Id", "parentId", "grade", "adcd", "adnm", "lng", "lat", "CreateTime", "operateLog" 
FROM "ADCDInfo"
WHERE ((upper("adcd") like @0 AND ("grade" = @1)) AND ("adcd" <> @2))
PARAMS: @0=%3310%, @1=2, @2=331000000000000
2017-11-13 09:02:48,513 [12] ServiceStack.OrmLite.OrmLiteReadCommandExtensions - SQL: SELECT "Id", "parentId", "grade", "adcd", "adnm", "lng", "lat", "CreateTime", "operateLog" 
FROM "ADCDInfo"
WHERE ((upper("adcd") like @0 AND ("grade" = @1)) AND ("adcd" <> @2))
PARAMS: @0=%3311%, @1=2, @2=331100000000000
2017-11-13 09:02:48,540 [12] ServiceStack.OrmLite.OrmLiteReadCommandExtensions - SQL: SELECT "ID", "Year", "TownADCD", "TownAddTime", "CountyAuditTime", "CityAuditTime", "Status", "AuditNums", "operateLog" FROM "Audit"
2017-11-13 09:02:48,723 [12] ServiceStack.OrmLite.OrmLiteReadCommandExtensions - SQL: select COUNT(*) as Id from ADCDInfo where CONVERT(int,SUBSTRING(adcd,10,3)) > 0
2017-11-13 09:16:41,369 [27] ServiceStack.OrmLite.OrmLiteReadCommandExtensions - SQL: SELECT areas,adcd,bycheckman,bycheckphone,MAX(Id) as Id FROM SpotCheck WHERE 1=1 AND adcd like '33%' AND year = 2017 group by areas,adcd,bycheckman,bycheckphone
2017-11-13 09:16:41,578 [27] ServiceStack.OrmLite.OrmLiteReadCommandExtensions - SQL: select * from(SELECT b.Id, b.areas,b.adcd,b.bycheckman,b.bycheckphone,b.checktime,a.IdCount,b.checkstatus,ROW_NUMBER() OVER(ORDER BY b.id) As RowNum FROM SpotCheck as b right join (SELECT areas, adcd, bycheckman, bycheckphone, MAX(Id) as Id,COUNT(Id) as IdCount FROM SpotCheck WHERE 1=1 AND adcd like '33%' AND year = 2017 group by areas, adcd, bycheckman, bycheckphone) as a on a.Id = b.Id) AS RowConstrainedResult WHERE RowNum > 0 AND RowNum <= 10
2017-11-13 09:16:48,135 [6] ServiceStack.OrmLite.OrmLiteReadCommandExtensions - SQL: SELECT COUNT(*) 
FROM "ADCDInfo"
WHERE adcd like '33__00000000000' and adcd !='330000000000000'
2017-11-13 09:16:48,187 [28] ServiceStack.OrmLite.OrmLiteReadCommandExtensions - SQL: SELECT areas,adcd,bycheckman,bycheckphone,MAX(Id) as Id FROM SpotCheck WHERE 1=1 AND adcd like '33%' AND year = 2017 group by areas,adcd,bycheckman,bycheckphone
2017-11-13 09:16:48,226 [6] ServiceStack.OrmLite.OrmLiteReadCommandExtensions - SQL: SELECT TOP 9999 "Id", "parentId", "grade", "adcd", "adnm", "lng", "lat", "CreateTime", "operateLog" 
FROM "ADCDInfo"
WHERE adcd like '33__00000000000' and adcd !='330000000000000'
ORDER BY "adcd"
2017-11-13 09:16:48,280 [28] ServiceStack.OrmLite.OrmLiteReadCommandExtensions - SQL: select * from(SELECT b.Id, b.areas,b.adcd,b.bycheckman,b.bycheckphone,b.checktime,a.IdCount,b.checkstatus,ROW_NUMBER() OVER(ORDER BY b.id) As RowNum FROM SpotCheck as b right join (SELECT areas, adcd, bycheckman, bycheckphone, MAX(Id) as Id,COUNT(Id) as IdCount FROM SpotCheck WHERE 1=1 AND adcd like '33%' AND year = 2017 group by areas, adcd, bycheckman, bycheckphone) as a on a.Id = b.Id) AS RowConstrainedResult WHERE RowNum > 0 AND RowNum <= 10
2017-11-13 09:17:22,474 [28] ServiceStack.OrmLite.OrmLiteReadCommandExtensions - SQL: select adcd,COUNT(adcd) adcdount from LogInfo where (OperationType='新增' or OperationType='更新') and SUBSTRING(adcd,7,3) > 0 and adcd like '%000000' and tm >= '2017-10-13 00:00:00' and tm <= '2017-11-13 23:59:59' group by adcd order by adcd asc
2017-11-13 09:17:22,741 [28] ServiceStack.OrmLite.OrmLiteReadCommandExtensions - SQL: SELECT "Id", "parentId", "grade", "adcd", "adnm", "lng", "lat", "CreateTime", "operateLog" 
FROM "ADCDInfo"
WHERE (upper("adcd") like @0 AND (substring("adcd", 7, 3) <> @1))
PARAMS: @0=%000000, @1=000
2017-11-13 09:17:22,906 [28] ServiceStack.OrmLite.OrmLiteReadCommandExtensions - SQL: SELECT "Id", "parentId", "grade", "adcd", "adnm", "lng", "lat", "CreateTime", "operateLog" 
FROM "ADCDInfo"
WHERE (upper("adcd") like @0 AND ("adcd" <> @1))
PARAMS: @0=%00000000000, @1=330000000000000
2017-11-13 09:17:34,015 [15] ServiceStack.OrmLite.OrmLiteReadCommandExtensions - SQL: SELECT "Id", "parentId", "grade", "adcd", "adnm", "lng", "lat", "CreateTime", "operateLog" 
FROM "ADCDInfo"
WHERE (upper("adcd") like @0 AND ("adcd" <> @1))
PARAMS: @0=%000000, @1=330000000000000
2017-11-13 09:17:34,177 [15] ServiceStack.OrmLite.OrmLiteReadCommandExtensions - SQL: SELECT "ID", "Year", "TownADCD", "TownAddTime", "CountyAuditTime", "CityAuditTime", "Status", "AuditNums", "operateLog" 
FROM "Audit"
WHERE ("Year" = @0)
PARAMS: @0=2017
2017-11-13 09:17:39,469 [6] ServiceStack.OrmLite.OrmLiteReadCommandExtensions - SQL: SELECT COUNT(*) 
FROM "ADCDInfo"
WHERE adcd like '33__00000000000' and adcd !='330000000000000'
2017-11-13 09:17:39,549 [28] ServiceStack.OrmLite.OrmLiteReadCommandExtensions - SQL: SELECT * FROM (SELECT  DangerZoneType typename,COUNT(DangerZoneType) as nums,typeid=1 FROM VillageTransferPerson where Year=2017 and DangerZoneType != '' and DangerZoneType is not null and DangerZoneType != '工棚' group by DangerZoneType UNION SELECT  GridName typename,COUNT(GridName) as nums,typeid=2 FROM VillageGridPersonLiable where Year=2017 group by GridName) T
2017-11-13 09:17:39,561 [6] ServiceStack.OrmLite.OrmLiteReadCommandExtensions - SQL: SELECT TOP 999 "Id", "parentId", "grade", "adcd", "adnm", "lng", "lat", "CreateTime", "operateLog" 
FROM "ADCDInfo"
WHERE adcd like '33__00000000000' and adcd !='330000000000000'
ORDER BY "adcd"
2017-11-13 09:17:39,738 [28] ServiceStack.OrmLite.OrmLiteReadCommandExtensions - SQL: SELECT SUM(HouseholderNum) as HouseholderNum FROM VillageTransferPerson WHERE HouseholderNum > 0 AND DangerZoneType !='工棚' AND Year = 2017
2017-11-13 09:17:41,522 [15] ServiceStack.OrmLite.OrmLiteReadCommandExtensions - SQL: SELECT "Id", "parentId", "grade", "adcd", "adnm", "lng", "lat", "CreateTime", "operateLog" 
FROM "ADCDInfo"
WHERE (upper("adcd") like @0 AND ("adcd" <> @1))
PARAMS: @0=%000000, @1=330000000000000
2017-11-13 09:17:41,699 [15] ServiceStack.OrmLite.OrmLiteReadCommandExtensions - SQL: SELECT "ID", "Year", "TownADCD", "TownAddTime", "CountyAuditTime", "CityAuditTime", "Status", "AuditNums", "operateLog" 
FROM "Audit"
WHERE ("Year" = @0)
PARAMS: @0=2017
2017-11-13 10:09:18,796 [1] ServiceStack.OrmLite.OrmLiteReadCommandExtensions - SQL: select * from INFORMATION_SCHEMA.columns where table_name = 'adcddisasterinfo' 
2017-11-13 10:09:18,854 [1] ServiceStack.OrmLite.OrmLiteReadCommandExtensions - SQL: select * from INFORMATION_SCHEMA.columns where table_name = 'adcddisasterinfo' 
2017-11-13 10:09:18,868 [1] ServiceStack.OrmLite.OrmLiteReadCommandExtensions - SQL: select * from INFORMATION_SCHEMA.columns where table_name = 'adcddisasterinfo' 
2017-11-13 10:09:18,882 [1] ServiceStack.OrmLite.OrmLiteReadCommandExtensions - SQL: select * from INFORMATION_SCHEMA.columns where table_name = 'adcdinfo' 
2017-11-13 10:09:18,895 [1] ServiceStack.OrmLite.OrmLiteReadCommandExtensions - SQL: select * from INFORMATION_SCHEMA.columns where table_name = 'adcdinfo' 
2017-11-13 10:09:18,908 [1] ServiceStack.OrmLite.OrmLiteReadCommandExtensions - SQL: select * from INFORMATION_SCHEMA.columns where table_name = 'villageworkinggroup' 
2017-11-13 10:09:18,922 [1] ServiceStack.OrmLite.OrmLiteReadCommandExtensions - SQL: select * from INFORMATION_SCHEMA.columns where table_name = 'villagetransferperson' 
2017-11-13 10:09:18,937 [1] ServiceStack.OrmLite.OrmLiteReadCommandExtensions - SQL: select * from INFORMATION_SCHEMA.columns where table_name = 'villagegridpersonliable' 
2017-11-13 10:09:18,952 [1] ServiceStack.OrmLite.OrmLiteReadCommandExtensions - SQL: select * from INFORMATION_SCHEMA.columns where table_name = 'villagegridpersonliable' 
2017-11-13 10:09:18,967 [1] ServiceStack.OrmLite.OrmLiteReadCommandExtensions - SQL: select * from INFORMATION_SCHEMA.columns where table_name = 'villagegridpersonliable' 
2017-11-13 10:09:18,981 [1] ServiceStack.OrmLite.OrmLiteReadCommandExtensions - SQL: select * from INFORMATION_SCHEMA.columns where table_name = 'userinfo' 
2017-11-13 10:09:18,993 [1] ServiceStack.OrmLite.OrmLiteReadCommandExtensions - SQL: select * from INFORMATION_SCHEMA.columns where table_name = 'userinfo' 
2017-11-13 10:09:19,007 [1] ServiceStack.OrmLite.OrmLiteReadCommandExtensions - SQL: select * from INFORMATION_SCHEMA.columns where table_name = 'userinfo' 
2017-11-13 10:09:19,020 [1] ServiceStack.OrmLite.OrmLiteReadCommandExtensions - SQL: select * from INFORMATION_SCHEMA.columns where table_name = 'userinfo' 
2017-11-13 10:09:19,033 [1] ServiceStack.OrmLite.OrmLiteReadCommandExtensions - SQL: select * from INFORMATION_SCHEMA.columns where table_name = 'audit' 
2017-11-13 10:09:19,046 [1] ServiceStack.OrmLite.OrmLiteReadCommandExtensions - SQL: select * from INFORMATION_SCHEMA.columns where table_name = 'auditdetails' 
2017-11-13 10:09:19,061 [1] ServiceStack.OrmLite.OrmLiteReadCommandExtensions - SQL: select * from INFORMATION_SCHEMA.columns where table_name = 'villagegridpersonliable' 
2017-11-13 10:09:19,074 [1] ServiceStack.OrmLite.OrmLiteReadCommandExtensions - SQL: select * from INFORMATION_SCHEMA.columns where table_name = 'villagegridpersonliable' 
2017-11-13 10:09:19,087 [1] ServiceStack.OrmLite.OrmLiteReadCommandExtensions - SQL: select * from INFORMATION_SCHEMA.columns where table_name = 'villagegridpersonliable' 
2017-11-13 10:09:19,101 [1] ServiceStack.OrmLite.OrmLiteReadCommandExtensions - SQL: select * from INFORMATION_SCHEMA.columns where table_name = 'villagepic' 
2017-11-13 10:09:19,114 [1] ServiceStack.OrmLite.OrmLiteReadCommandExtensions - SQL: select * from INFORMATION_SCHEMA.columns where table_name = 'villagepic' 
2017-11-13 10:09:19,127 [1] ServiceStack.OrmLite.OrmLiteReadCommandExtensions - SQL: select * from INFORMATION_SCHEMA.columns where table_name = 'villagepic' 
2017-11-13 10:09:19,141 [1] ServiceStack.OrmLite.OrmLiteReadCommandExtensions - SQL: select * from INFORMATION_SCHEMA.columns where table_name = 'villagetransferperson' 
2017-11-13 10:09:19,156 [1] ServiceStack.OrmLite.OrmLiteReadCommandExtensions - SQL: select * from INFORMATION_SCHEMA.columns where table_name = 'villagetransferperson' 
2017-11-13 10:09:19,171 [1] ServiceStack.OrmLite.OrmLiteReadCommandExtensions - SQL: select * from INFORMATION_SCHEMA.columns where table_name = 'villagetransferperson' 
2017-11-13 10:09:19,186 [1] ServiceStack.OrmLite.OrmLiteReadCommandExtensions - SQL: select * from INFORMATION_SCHEMA.columns where table_name = 'villagetransferperson' 
2017-11-13 10:09:19,202 [1] ServiceStack.OrmLite.OrmLiteReadCommandExtensions - SQL: select * from INFORMATION_SCHEMA.columns where table_name = 'villageworkinggroup' 
2017-11-13 10:09:19,215 [1] ServiceStack.OrmLite.OrmLiteReadCommandExtensions - SQL: select * from INFORMATION_SCHEMA.columns where table_name = 'villageworkinggroup' 
2017-11-13 10:09:19,230 [1] ServiceStack.OrmLite.OrmLiteReadCommandExtensions - SQL: select * from INFORMATION_SCHEMA.columns where table_name = 'villageworkinggroup' 
2017-11-13 10:09:19,246 [1] ServiceStack.OrmLite.OrmLiteReadCommandExtensions - SQL: select * from INFORMATION_SCHEMA.columns where table_name = 'adcddisasterinfo' 
2017-11-13 10:09:19,259 [1] ServiceStack.OrmLite.OrmLiteReadCommandExtensions - SQL: select * from INFORMATION_SCHEMA.columns where table_name = 'countryperson' 
2017-11-13 10:09:19,275 [1] ServiceStack.OrmLite.OrmLiteReadCommandExtensions - SQL: select * from INFORMATION_SCHEMA.columns where table_name = 'countryperson' 
2017-11-13 10:09:19,290 [1] ServiceStack.OrmLite.OrmLiteReadCommandExtensions - SQL: select * from INFORMATION_SCHEMA.columns where table_name = 'countryperson' 
2017-11-13 10:09:19,303 [1] ServiceStack.OrmLite.OrmLiteReadCommandExtensions - SQL: select * from INFORMATION_SCHEMA.columns where table_name = 'countryperson' 
2017-11-13 10:09:19,317 [1] ServiceStack.OrmLite.OrmLiteReadCommandExtensions - SQL: select * from INFORMATION_SCHEMA.columns where table_name = 'townpersonliable' 
2017-11-13 10:09:19,329 [1] ServiceStack.OrmLite.OrmLiteReadCommandExtensions - SQL: select * from INFORMATION_SCHEMA.columns where table_name = 'townpersonliable' 
2017-11-13 10:09:19,343 [1] ServiceStack.OrmLite.OrmLiteReadCommandExtensions - SQL: select * from INFORMATION_SCHEMA.columns where table_name = 'townpersonliable' 
2017-11-13 10:09:19,357 [1] ServiceStack.OrmLite.OrmLiteReadCommandExtensions - SQL: select * from INFORMATION_SCHEMA.columns where table_name = 'auditcounty' 
2017-11-13 10:09:19,372 [1] ServiceStack.OrmLite.OrmLiteReadCommandExtensions - SQL: select * from INFORMATION_SCHEMA.columns where table_name = 'apprecord' 
2017-11-13 10:09:19,385 [1] ServiceStack.OrmLite.OrmLiteReadCommandExtensions - SQL: select * from INFORMATION_SCHEMA.columns where table_name = 'apprecord' 
2017-11-13 10:09:19,397 [1] ServiceStack.OrmLite.OrmLiteReadCommandExtensions - SQL: select * from INFORMATION_SCHEMA.columns where table_name = 'apprecord' 
2017-11-13 10:09:19,413 [1] ServiceStack.OrmLite.OrmLiteReadCommandExtensions - SQL: select * from INFORMATION_SCHEMA.columns where table_name = 'apprecord' 
2017-11-13 10:09:19,425 [1] ServiceStack.OrmLite.OrmLiteReadCommandExtensions - SQL: select * from INFORMATION_SCHEMA.columns where table_name = 'apprecord' 
2017-11-13 10:09:19,473 [1] ServiceStack.OrmLite.OrmLiteReadCommandExtensions - SQL: SELECT TOP 1 "Id", "RoleName", "LastOeration" 
FROM "Role"
WHERE ("RoleName" = @0)
PARAMS: @0=系统管理员
2017-11-13 10:09:19,489 [1] ServiceStack.OrmLite.OrmLiteReadCommandExtensions - SQL: SELECT TOP 1 "Id", "UserName", "PassWord", "RealName", "UserRealName", "Unit", "Position", "adcd", "Mobile", "isEnable", "loginNum" 
FROM "UserInfo"
WHERE ("UserName" = @0)
PARAMS: @0=admin
2017-11-13 10:09:19,629 [1] ServiceStack.Support.Markdown.MarkdownPage - Compiled Content/ComprehensiveApp/leaflet/leaflet-locationfilter-master/README.md in 50ms
2017-11-13 10:09:19,654 [1] ServiceStack.Support.Markdown.MarkdownPage - Compiled Content/ComprehensiveApp/leaflet/Leaflet.draw-master/BREAKINGCHANGES.md in 10ms
2017-11-13 10:09:19,673 [1] ServiceStack.Support.Markdown.MarkdownPage - Compiled Content/ComprehensiveApp/leaflet/Leaflet.draw-master/CHANGELOG.md in 13ms
2017-11-13 10:09:19,680 [1] ServiceStack.Support.Markdown.MarkdownPage - Compiled Content/ComprehensiveApp/leaflet/Leaflet.draw-master/ISSUE_TEMPLATE.md in 1ms
2017-11-13 10:09:19,685 [1] ServiceStack.Support.Markdown.MarkdownPage - Compiled Content/ComprehensiveApp/leaflet/Leaflet.draw-master/MIT-LICENSE.md in 0ms
2017-11-13 10:09:19,708 [1] ServiceStack.Support.Markdown.MarkdownPage - Compiled Content/ComprehensiveApp/leaflet/Leaflet.draw-master/README.md in 16ms
2017-11-13 10:09:19,715 [1] ServiceStack.Support.Markdown.MarkdownPage - Compiled Content/ComprehensiveApp/leaflet/Leaflet.draw-master/TODO.md in 0ms
2017-11-13 10:09:19,731 [1] ServiceStack.Support.Markdown.MarkdownPage - Compiled Content/grumble/README.md in 0ms
2017-11-13 10:09:19,747 [1] ServiceStack.Support.Markdown.MarkdownPage - Compiled Content/layer-master/CHANGELOG.md in 0ms
2017-11-13 10:09:19,753 [1] ServiceStack.Support.Markdown.MarkdownPage - Compiled Content/layer-master/README.md in 0ms
2017-11-13 10:09:19,762 [1] ServiceStack.Support.Markdown.MarkdownPage - Compiled Content/layer-master/src/README.md in 0ms
2017-11-13 10:09:19,768 [1] ServiceStack.Support.Markdown.MarkdownPage - Compiled Content/layer-master/src/mobile/README.md in 0ms
2017-11-13 10:09:19,812 [1] ServiceStack.Support.Markdown.MarkdownPage - Compiled Content/PhotoSwipe-master/README.md in 0ms
2017-11-13 10:09:19,836 [1] ServiceStack.Support.Markdown.MarkdownPage - Compiled Content/ueditor/net/README.md in 1ms
2017-11-13 10:09:20,495 [6] ServiceStack.OrmLite.OrmLiteReadCommandExtensions - SQL: SELECT UserInfo.*,UserRoleInfo.RoleID 
FROM "UserInfo" LEFT JOIN "UserRoleInfo" ON ("UserInfo"."Id" = "UserRoleInfo"."UserID")
WHERE ("UserInfo"."UserName" = @0)
PARAMS: @0=13456949000
2017-11-13 10:09:20,537 [6] ServiceStack.OrmLite.OrmLiteReadCommandExtensions - SQL: SELECT TOP 1 "Id", "parentId", "grade", "adcd", "adnm", "lng", "lat", "CreateTime", "operateLog" 
FROM "ADCDInfo"
WHERE ("adcd" = @0)
PARAMS: @0=330000000000000
2017-11-13 10:09:20,577 [6] ServiceStack.OrmLite.OrmLiteReadCommandExtensions - SQL: SELECT TOP 1 "Id", "parentId", "grade", "adcd", "adnm", "lng", "lat", "CreateTime", "operateLog" 
FROM "ADCDInfo"
WHERE ("adcd" = @0)
PARAMS: @0=330000000000000
2017-11-13 10:09:20,638 [6] ServiceStack.OrmLite.OrmLiteResultsFilterExtensions - SQL: INSERT INTO "LogInfo" ("OperationType","tm","adcd","UserName","RealName","Operation") VALUES (@OperationType,@tm,@adcd,@UserName,@RealName,@Operation)
PARAMS: @OperationType=退出, @tm=2017/11/13 10:09:20, @adcd=, @UserName=13456949000, @RealName=省, @Operation={"operateMsg":"退出系统，IP地址为：::1","operateTime":"\/Date(1510538960443+0800)\/","userName":"13456949000"}
2017-11-13 10:09:21,927 [6] ServiceStack.OrmLite.OrmLiteReadCommandExtensions - SQL: SELECT TOP 1 "Id", "UserName", "PassWord", "RealName", "UserRealName", "Unit", "Position", "adcd", "Mobile", "isEnable", "loginNum" 
FROM "UserInfo"
WHERE ("UserName" = @0)
PARAMS: @0=13456949000
2017-11-13 10:09:22,043 [10] ServiceStack.OrmLite.OrmLiteReadCommandExtensions - SQL: SELECT TOP 1 "Id", "UserName", "PassWord", "RealName", "UserRealName", "Unit", "Position", "adcd", "Mobile", "isEnable", "loginNum" 
FROM "UserInfo"
WHERE ("UserName" = @0)
PARAMS: @0=13456949000
2017-11-13 10:09:22,078 [6] ServiceStack.OrmLite.OrmLiteReadCommandExtensions - SQL: SELECT TOP 1 "Id", "UserName", "PassWord", "RealName", "UserRealName", "Unit", "Position", "adcd", "Mobile", "isEnable", "loginNum" 
FROM "UserInfo"
WHERE ("UserName" = @0)
PARAMS: @0=13456949000
2017-11-13 10:10:49,928 [9] ServiceStack.OrmLite.OrmLiteReadCommandExtensions - SQL: SELECT TOP 1 "Id", "UserName", "PassWord", "RealName", "UserRealName", "Unit", "Position", "adcd", "Mobile", "isEnable", "loginNum" 
FROM "UserInfo"
WHERE ("UserName" = @0)
PARAMS: @0=13456949000
2017-11-13 10:10:49,947 [9] ServiceStack.OrmLite.OrmLiteReadCommandExtensions - SQL: SELECT UserInfo.*,UserRoleInfo.RoleID 
FROM "UserInfo" LEFT JOIN "UserRoleInfo" ON ("UserInfo"."Id" = "UserRoleInfo"."UserID")
WHERE ("UserInfo"."UserName" = @0)
PARAMS: @0=13456949000
2017-11-13 10:10:49,970 [9] ServiceStack.OrmLite.OrmLiteReadCommandExtensions - SQL: SELECT TOP 1 "Id", "parentId", "grade", "adcd", "adnm", "lng", "lat", "CreateTime", "operateLog" 
FROM "ADCDInfo"
WHERE ("adcd" = @0)
PARAMS: @0=330000000000000
2017-11-13 10:10:50,009 [9] ServiceStack.OrmLite.OrmLiteReadCommandExtensions - SQL: SELECT TOP 1 "Id", "parentId", "grade", "adcd", "adnm", "lng", "lat", "CreateTime", "operateLog" 
FROM "ADCDInfo"
WHERE ("adcd" = @0)
PARAMS: @0=330000000000000
2017-11-13 10:10:50,060 [9] ServiceStack.OrmLite.OrmLiteReadCommandExtensions - SQL: SELECT TOP 1 "Id", "parentId", "grade", "adcd", "adnm", "lng", "lat", "CreateTime", "operateLog" 
FROM "ADCDInfo"
WHERE ("adcd" is null)
2017-11-13 10:10:50,081 [9] ServiceStack.OrmLite.OrmLiteReadCommandExtensions - SQL: SELECT TOP 1 "Id", "parentId", "grade", "adcd", "adnm", "lng", "lat", "CreateTime", "operateLog" 
FROM "ADCDInfo"
WHERE ("adcd" is null)
2017-11-13 10:10:50,102 [9] ServiceStack.OrmLite.OrmLiteReadCommandExtensions - SQL: SELECT TOP 1 "Id", "parentId", "grade", "adcd", "adnm", "lng", "lat", "CreateTime", "operateLog" 
FROM "ADCDInfo"
WHERE ("adcd" is null)
2017-11-13 10:10:50,137 [9] ServiceStack.OrmLite.OrmLiteReadCommandExtensions - SQL: SELECT UserInfo.*,UserRoleInfo.RoleID 
FROM "UserInfo" LEFT JOIN "UserRoleInfo" ON ("UserInfo"."Id" = "UserRoleInfo"."UserID")
WHERE ("UserInfo"."UserName" = @0)
PARAMS: @0=13456949000
2017-11-13 10:10:50,153 [9] ServiceStack.OrmLite.OrmLiteReadCommandExtensions - SQL: SELECT TOP 1 "Id", "parentId", "grade", "adcd", "adnm", "lng", "lat", "CreateTime", "operateLog" 
FROM "ADCDInfo"
WHERE ("adcd" = @0)
PARAMS: @0=330000000000000
2017-11-13 10:10:50,186 [9] ServiceStack.OrmLite.OrmLiteReadCommandExtensions - SQL: SELECT TOP 1 "Id", "parentId", "grade", "adcd", "adnm", "lng", "lat", "CreateTime", "operateLog" 
FROM "ADCDInfo"
WHERE ("adcd" = @0)
PARAMS: @0=330000000000000
2017-11-13 10:10:50,242 [5] Controller - UserSession失效，自动登录。
2017-11-13 10:10:50,250 [5] ServiceStack.OrmLite.OrmLiteReadCommandExtensions - SQL: SELECT TOP 1 "Id", "UserName", "PassWord", "RealName", "UserRealName", "Unit", "Position", "adcd", "Mobile", "isEnable", "loginNum" 
FROM "UserInfo"
WHERE ("UserName" = @0)
PARAMS: @0=13456949000
2017-11-13 10:10:50,263 [5] ServiceStack.OrmLite.OrmLiteReadCommandExtensions - SQL: SELECT UserInfo.*,UserRoleInfo.RoleID 
FROM "UserInfo" LEFT JOIN "UserRoleInfo" ON ("UserInfo"."Id" = "UserRoleInfo"."UserID")
WHERE ("UserInfo"."UserName" = @0)
PARAMS: @0=13456949000
2017-11-13 10:10:50,279 [5] ServiceStack.OrmLite.OrmLiteReadCommandExtensions - SQL: SELECT TOP 1 "Id", "parentId", "grade", "adcd", "adnm", "lng", "lat", "CreateTime", "operateLog" 
FROM "ADCDInfo"
WHERE ("adcd" = @0)
PARAMS: @0=330000000000000
2017-11-13 10:10:50,314 [5] ServiceStack.OrmLite.OrmLiteReadCommandExtensions - SQL: SELECT TOP 1 "Id", "parentId", "grade", "adcd", "adnm", "lng", "lat", "CreateTime", "operateLog" 
FROM "ADCDInfo"
WHERE ("adcd" = @0)
PARAMS: @0=330000000000000
2017-11-13 10:10:50,350 [5] ServiceStack.OrmLite.OrmLiteReadCommandExtensions - SQL: SELECT TOP 1 "Id", "parentId", "grade", "adcd", "adnm", "lng", "lat", "CreateTime", "operateLog" 
FROM "ADCDInfo"
WHERE ("adcd" = @0)
PARAMS: @0=330000000000000
2017-11-13 10:10:50,397 [5] ServiceStack.OrmLite.OrmLiteReadCommandExtensions - SQL: SELECT "Id", "parentId", "grade", "adcd", "adnm", "lng", "lat", "CreateTime", "operateLog" 
FROM "ADCDInfo"
WHERE ("adcd" = @0)
ORDER BY "adcd"
PARAMS: @0=330000000000000
2017-11-13 10:10:52,751 [8] ServiceStack.OrmLite.OrmLiteReadCommandExtensions - SQL: SELECT COUNT(*) 
FROM "ADCDInfo"
WHERE adcd like '33__00000000000' and adcd !='330000000000000'
2017-11-13 10:10:52,858 [8] ServiceStack.OrmLite.OrmLiteReadCommandExtensions - SQL: SELECT TOP 999 "Id", "parentId", "grade", "adcd", "adnm", "lng", "lat", "CreateTime", "operateLog" 
FROM "ADCDInfo"
WHERE adcd like '33__00000000000' and adcd !='330000000000000'
ORDER BY "adcd"
2017-11-13 10:10:55,402 [8] ServiceStack.OrmLite.OrmLiteReadCommandExtensions - SQL: select Towns.adcd,Towns.adnm,TownPersonLiable.adcd TownPersonLiableNums, VillageWorkingGroup.VillageADCD VillageWorkingGroupNums,VillageGridPersonLiable.VillageADCD VillageGridPersonLiableNums, VillageTransferPerson.adcd VillageTransferPersonNums,VillagePic.adcd VillagePicNums from (select * from ADCDInfo where CONVERT(int, SUBSTRING(adcd, 7, 3)) > 0 and  adcd like '%000000') as Towns left join(select distinct(adcd) as adcd from TownPersonLiable where Year=2017) as TownPersonLiable on SUBSTRING(TownPersonLiable.adcd, 0, 10) = SUBSTRING(Towns.adcd, 0, 10) left join(select distinct(SUBSTRING(VillageADCD, 0, 10)) as VillageADCD from VillageWorkingGroup where Year=2017) as VillageWorkingGroup on SUBSTRING(Towns.adcd, 0, 10) = VillageWorkingGroup.VillageADCD left join(select distinct(SUBSTRING(VillageADCD, 0, 10)) as VillageADCD from VillageGridPersonLiable where Year=2017) as VillageGridPersonLiable on SUBSTRING(VillageGridPersonLiable.VillageADCD, 0, 10) = SUBSTRING(Towns.adcd, 0, 10) left join(select distinct(SUBSTRING(adcd, 0, 10)) as adcd from VillageTransferPerson where Year=2017) as VillageTransferPerson on SUBSTRING(VillageTransferPerson.adcd, 0, 10) = SUBSTRING(Towns.adcd, 0, 10) left join(select distinct(SUBSTRING(adcd, 0, 10)) as adcd from VillagePic where Year=2017) as VillagePic on SUBSTRING(VillagePic.adcd, 0, 10) = SUBSTRING(Towns.adcd, 0, 10) 
2017-11-13 10:10:55,851 [8] ServiceStack.OrmLite.OrmLiteReadCommandExtensions - SQL: select a.adcd,a.adnm,c.adcd as Reported from (select adcd, adnm from ADCDInfo where CONVERT(int, SUBSTRING(adcd, 5, 2)) > 0 and  adcd like '%000000000') as A left join (select distinct(adcd) from CountryPerson where Year=2017) as C on A.adcd = C.adcd
2017-11-13 10:10:56,045 [8] ServiceStack.OrmLite.OrmLiteReadCommandExtensions - SQL: SELECT "Id", "parentId", "grade", "adcd", "adnm", "lng", "lat", "CreateTime", "operateLog" 
FROM "ADCDInfo"
WHERE (upper("adcd") like @0 AND ("adcd" <> @1))
PARAMS: @0=%00000000000%, @1=330000000000000
2017-11-13 10:10:56,207 [8] ServiceStack.OrmLite.OrmLiteReadCommandExtensions - SQL: SELECT "Id", "parentId", "grade", "adcd", "adnm", "lng", "lat", "CreateTime", "operateLog" 
FROM "ADCDInfo"
WHERE ((upper("adcd") like @0 AND ("grade" = @1)) AND ("adcd" <> @2))
PARAMS: @0=%3301%, @1=2, @2=330100000000000
2017-11-13 10:10:56,244 [8] ServiceStack.OrmLite.OrmLiteReadCommandExtensions - SQL: SELECT "Id", "parentId", "grade", "adcd", "adnm", "lng", "lat", "CreateTime", "operateLog" 
FROM "ADCDInfo"
WHERE ((upper("adcd") like @0 AND ("grade" = @1)) AND ("adcd" <> @2))
PARAMS: @0=%3302%, @1=2, @2=330200000000000
2017-11-13 10:10:56,273 [8] ServiceStack.OrmLite.OrmLiteReadCommandExtensions - SQL: SELECT "Id", "parentId", "grade", "adcd", "adnm", "lng", "lat", "CreateTime", "operateLog" 
FROM "ADCDInfo"
WHERE ((upper("adcd") like @0 AND ("grade" = @1)) AND ("adcd" <> @2))
PARAMS: @0=%3303%, @1=2, @2=330300000000000
2017-11-13 10:10:56,302 [8] ServiceStack.OrmLite.OrmLiteReadCommandExtensions - SQL: SELECT "Id", "parentId", "grade", "adcd", "adnm", "lng", "lat", "CreateTime", "operateLog" 
FROM "ADCDInfo"
WHERE ((upper("adcd") like @0 AND ("grade" = @1)) AND ("adcd" <> @2))
PARAMS: @0=%3304%, @1=2, @2=330400000000000
2017-11-13 10:10:56,326 [8] ServiceStack.OrmLite.OrmLiteReadCommandExtensions - SQL: SELECT "Id", "parentId", "grade", "adcd", "adnm", "lng", "lat", "CreateTime", "operateLog" 
FROM "ADCDInfo"
WHERE ((upper("adcd") like @0 AND ("grade" = @1)) AND ("adcd" <> @2))
PARAMS: @0=%3305%, @1=2, @2=330500000000000
2017-11-13 10:10:56,351 [8] ServiceStack.OrmLite.OrmLiteReadCommandExtensions - SQL: SELECT "Id", "parentId", "grade", "adcd", "adnm", "lng", "lat", "CreateTime", "operateLog" 
FROM "ADCDInfo"
WHERE ((upper("adcd") like @0 AND ("grade" = @1)) AND ("adcd" <> @2))
PARAMS: @0=%3306%, @1=2, @2=330600000000000
2017-11-13 10:10:56,375 [8] ServiceStack.OrmLite.OrmLiteReadCommandExtensions - SQL: SELECT "Id", "parentId", "grade", "adcd", "adnm", "lng", "lat", "CreateTime", "operateLog" 
FROM "ADCDInfo"
WHERE ((upper("adcd") like @0 AND ("grade" = @1)) AND ("adcd" <> @2))
PARAMS: @0=%3307%, @1=2, @2=330700000000000
2017-11-13 10:10:56,402 [8] ServiceStack.OrmLite.OrmLiteReadCommandExtensions - SQL: SELECT "Id", "parentId", "grade", "adcd", "adnm", "lng", "lat", "CreateTime", "operateLog" 
FROM "ADCDInfo"
WHERE ((upper("adcd") like @0 AND ("grade" = @1)) AND ("adcd" <> @2))
PARAMS: @0=%3308%, @1=2, @2=330800000000000
2017-11-13 10:10:56,438 [8] ServiceStack.OrmLite.OrmLiteReadCommandExtensions - SQL: SELECT "Id", "parentId", "grade", "adcd", "adnm", "lng", "lat", "CreateTime", "operateLog" 
FROM "ADCDInfo"
WHERE ((upper("adcd") like @0 AND ("grade" = @1)) AND ("adcd" <> @2))
PARAMS: @0=%3309%, @1=2, @2=330900000000000
2017-11-13 10:10:56,463 [8] ServiceStack.OrmLite.OrmLiteReadCommandExtensions - SQL: SELECT "Id", "parentId", "grade", "adcd", "adnm", "lng", "lat", "CreateTime", "operateLog" 
FROM "ADCDInfo"
WHERE ((upper("adcd") like @0 AND ("grade" = @1)) AND ("adcd" <> @2))
PARAMS: @0=%3310%, @1=2, @2=331000000000000
2017-11-13 10:10:56,493 [8] ServiceStack.OrmLite.OrmLiteReadCommandExtensions - SQL: SELECT "Id", "parentId", "grade", "adcd", "adnm", "lng", "lat", "CreateTime", "operateLog" 
FROM "ADCDInfo"
WHERE ((upper("adcd") like @0 AND ("grade" = @1)) AND ("adcd" <> @2))
PARAMS: @0=%3311%, @1=2, @2=331100000000000
2017-11-13 10:10:56,523 [8] ServiceStack.OrmLite.OrmLiteReadCommandExtensions - SQL: SELECT "ID", "Year", "TownADCD", "TownAddTime", "CountyAuditTime", "CityAuditTime", "Status", "AuditNums", "operateLog" FROM "Audit"
2017-11-13 10:10:56,670 [8] ServiceStack.OrmLite.OrmLiteReadCommandExtensions - SQL: select COUNT(*) as Id from ADCDInfo where CONVERT(int,SUBSTRING(adcd,10,3)) > 0
2017-11-13 10:10:58,250 [5] ServiceStack.OrmLite.OrmLiteReadCommandExtensions - SQL: select adcd,adnm from ADCDInfo where parentId in (select Id from ADCDInfo where adcd='330000000000000')
2017-11-13 10:10:58,265 [6] ServiceStack.OrmLite.OrmLiteReadCommandExtensions - SQL: SELECT COUNT(*) 
FROM "AppWarnEvent" LEFT JOIN "ADCDInfo" ON ("AppWarnEvent"."adcd" = "ADCDInfo"."adcd")
WHERE upper("AppWarnEvent"."adcd") like @0 AND ("AppWarnEvent"."StartTime" >= @1)
PARAMS: @0=33%, @1=2017/1/1 0:00:00
2017-11-13 10:10:58,351 [6] ServiceStack.OrmLite.OrmLiteReadCommandExtensions - SQL: SELECT TOP 10 "ADCDInfo"."adnm", "AppWarnEvent"."UserName", "AppWarnEvent"."StartTime", "AppWarnEvent"."EventName", "AppWarnEvent"."Id" 
FROM "AppWarnEvent" LEFT JOIN "ADCDInfo" ON ("AppWarnEvent"."adcd" = "ADCDInfo"."adcd")
WHERE upper("AppWarnEvent"."adcd") like @0 AND ("AppWarnEvent"."StartTime" >= @1)
ORDER BY "AppWarnEvent"."StartTime" DESC
PARAMS: @0=33%, @1=2017/1/1 0:00:00
2017-11-13 10:11:01,283 [13] ServiceStack.OrmLite.OrmLiteReadCommandExtensions - SQL: select a.SendMessage as eventName,b.Warninglevel,a.SendMessageByUserName+'('+c.adnm+')' as SendMessageByUserName,a.ReceiveDateTime, a.AppWarnInfoID  from AppSendMessage a left  join AppWarnLevel b on a.Warninglevel = b.Id left  join ADCDInfo c on c.adcd = a.ReciveAdcd  inner join AppMobileLogin d on d.userName = a.ReceiveUserPhone  where a.AppWarnEventId = '3' and  a.ReceiveUserName=a.SendMessageByUserName 
2017-11-13 10:11:01,355 [13] ServiceStack.OrmLite.OrmLiteReadCommandExtensions - SQL: select a.* from AppSendMessage a inner join AppMobileLogin b on b.userName=a.ReceiveUserPhone where AppWarnInfoID = '20' and ReceiveUserName != SendMessageByUserName and a.Position!='驻村干部' 
2017-11-13 10:11:01,423 [13] ServiceStack.OrmLite.OrmLiteReadCommandExtensions - SQL: select a.* from AppSendMessage a inner join AppMobileLogin b on b.userName=a.ReceiveUserPhone where AppWarnInfoID = '21' and ReceiveUserName != SendMessageByUserName and a.Position!='驻村干部' 
2017-11-13 10:11:01,446 [13] ServiceStack.OrmLite.OrmLiteReadCommandExtensions - SQL: select a.* from AppSendMessage a inner join AppMobileLogin b on b.userName=a.ReceiveUserPhone where AppWarnInfoID = '21' and ReceiveUserName != SendMessageByUserName and a.Position!='驻村干部' 
2017-11-13 10:11:01,483 [13] ServiceStack.OrmLite.OrmLiteReadCommandExtensions - SQL: select a.* from AppSendMessage a inner join AppMobileLogin b on b.userName=a.ReceiveUserPhone where AppWarnInfoID = '23' and ReceiveUserName != SendMessageByUserName and a.Position!='驻村干部' 
2017-11-13 10:11:03,419 [9] ServiceStack.OrmLite.OrmLiteReadCommandExtensions - SQL: select a.ReceiveUserName,a.ReceiveUserPhone,a.Position,a.ReceiveDateTime,a.Id as MessageId,c.grade  from AppSendMessage a inner join AppMobileLogin b on b.userName=a.ReceiveUserPhone left  join ADCDInfo c on c.adcd = a.ReciveAdcd   where AppWarnInfoID = '23' and ReceiveUserName != SendMessageByUserName and a.IsReaded = 1 and a.Position!='驻村干部'
2017-11-13 10:11:06,777 [13] ServiceStack.OrmLite.OrmLiteReadCommandExtensions - SQL: exec AppGetlocationByMessageid @messageid
PARAMS: messageid=c395fa4a-3179-470c-991d-6786a5d71a57
2017-11-13 10:11:06,778 [8] ServiceStack.OrmLite.OrmLiteReadCommandExtensions - SQL: exec AppGetPostCode @messageid
PARAMS: messageid=c395fa4a-3179-470c-991d-6786a5d71a57
2017-11-13 10:11:06,885 [8] ServiceStack.OrmLite.OrmLiteReadCommandExtensions - SQL: exec AppGetRecord @messageid,@postcode
PARAMS: messageid=c395fa4a-3179-470c-991d-6786a5d71a57, postcode=巡查员
2017-11-13 10:11:16,864 [9] ServiceStack.OrmLite.OrmLiteReadCommandExtensions - SQL: select a.ReceiveUserName,a.ReceiveUserPhone,a.Position,a.ReceiveDateTime,a.Id as MessageId,c.grade  from AppSendMessage a inner join AppMobileLogin b on b.userName=a.ReceiveUserPhone left  join ADCDInfo c on c.adcd = a.ReciveAdcd   where AppWarnInfoID = '23' and ReceiveUserName != SendMessageByUserName and a.IsReaded = 1 and a.Position!='驻村干部'
2017-11-13 10:11:19,024 [9] ServiceStack.OrmLite.OrmLiteReadCommandExtensions - SQL: exec AppGetlocationByMessageid @messageid
PARAMS: messageid=edf09b37-b1b5-45ec-946c-92a8ac16e048
2017-11-13 10:11:19,024 [6] ServiceStack.OrmLite.OrmLiteReadCommandExtensions - SQL: exec AppGetPostCode @messageid
PARAMS: messageid=edf09b37-b1b5-45ec-946c-92a8ac16e048
2017-11-13 10:11:19,104 [6] ServiceStack.OrmLite.OrmLiteReadCommandExtensions - SQL: exec AppGetRecord @messageid,@postcode
PARAMS: messageid=edf09b37-b1b5-45ec-946c-92a8ac16e048, postcode=联络员
2017-11-13 10:11:23,907 [13] ServiceStack.OrmLite.OrmLiteReadCommandExtensions - SQL: select a.SendMessage as eventName,b.Warninglevel,a.SendMessageByUserName+'('+c.adnm+')' as SendMessageByUserName,a.ReceiveDateTime, a.AppWarnInfoID  from AppSendMessage a left  join AppWarnLevel b on a.Warninglevel = b.Id left  join ADCDInfo c on c.adcd = a.ReciveAdcd  inner join AppMobileLogin d on d.userName = a.ReceiveUserPhone  where a.AppWarnEventId = '3' and  a.ReceiveUserName=a.SendMessageByUserName 
2017-11-13 10:11:23,959 [13] ServiceStack.OrmLite.OrmLiteReadCommandExtensions - SQL: select a.* from AppSendMessage a inner join AppMobileLogin b on b.userName=a.ReceiveUserPhone where AppWarnInfoID = '20' and ReceiveUserName != SendMessageByUserName and a.Position!='驻村干部' 
2017-11-13 10:11:23,982 [13] ServiceStack.OrmLite.OrmLiteReadCommandExtensions - SQL: select a.* from AppSendMessage a inner join AppMobileLogin b on b.userName=a.ReceiveUserPhone where AppWarnInfoID = '21' and ReceiveUserName != SendMessageByUserName and a.Position!='驻村干部' 
2017-11-13 10:11:23,996 [13] ServiceStack.OrmLite.OrmLiteReadCommandExtensions - SQL: select a.* from AppSendMessage a inner join AppMobileLogin b on b.userName=a.ReceiveUserPhone where AppWarnInfoID = '21' and ReceiveUserName != SendMessageByUserName and a.Position!='驻村干部' 
2017-11-13 10:11:24,014 [13] ServiceStack.OrmLite.OrmLiteReadCommandExtensions - SQL: select a.* from AppSendMessage a inner join AppMobileLogin b on b.userName=a.ReceiveUserPhone where AppWarnInfoID = '23' and ReceiveUserName != SendMessageByUserName and a.Position!='驻村干部' 
2017-11-13 10:11:27,494 [13] ServiceStack.OrmLite.OrmLiteReadCommandExtensions - SQL: select a.ReceiveUserName,a.ReceiveUserPhone,a.Position,a.ReceiveDateTime,a.Id as MessageId,c.grade  from AppSendMessage a inner join AppMobileLogin b on b.userName=a.ReceiveUserPhone left  join ADCDInfo c on c.adcd = a.ReciveAdcd   where AppWarnInfoID = '23' and ReceiveUserName != SendMessageByUserName and a.IsReaded = 1 and a.Position!='驻村干部'
