2017-11-09 09:09:27,218 [1] ServiceStack.OrmLite.OrmLiteReadCommandExtensions - SQL: select * from INFORMATION_SCHEMA.columns where table_name = 'adcddisasterinfo' 
2017-11-09 09:09:27,331 [1] ServiceStack.OrmLite.OrmLiteReadCommandExtensions - SQL: select * from INFORMATION_SCHEMA.columns where table_name = 'adcddisasterinfo' 
2017-11-09 09:09:27,345 [1] ServiceStack.OrmLite.OrmLiteReadCommandExtensions - SQL: select * from INFORMATION_SCHEMA.columns where table_name = 'adcddisasterinfo' 
2017-11-09 09:09:27,359 [1] ServiceStack.OrmLite.OrmLiteReadCommandExtensions - SQL: select * from INFORMATION_SCHEMA.columns where table_name = 'adcdinfo' 
2017-11-09 09:09:27,399 [1] ServiceStack.OrmLite.OrmLiteReadCommandExtensions - SQL: select * from INFORMATION_SCHEMA.columns where table_name = 'adcdinfo' 
2017-11-09 09:09:27,412 [1] ServiceStack.OrmLite.OrmLiteReadCommandExtensions - SQL: select * from INFORMATION_SCHEMA.columns where table_name = 'villageworkinggroup' 
2017-11-09 09:09:27,452 [1] ServiceStack.OrmLite.OrmLiteReadCommandExtensions - SQL: select * from INFORMATION_SCHEMA.columns where table_name = 'villagetransferperson' 
2017-11-09 09:09:27,492 [1] ServiceStack.OrmLite.OrmLiteReadCommandExtensions - SQL: select * from INFORMATION_SCHEMA.columns where table_name = 'villagegridpersonliable' 
2017-11-09 09:09:27,928 [1] ServiceStack.OrmLite.OrmLiteReadCommandExtensions - SQL: select * from INFORMATION_SCHEMA.columns where table_name = 'villagegridpersonliable' 
2017-11-09 09:09:27,948 [1] ServiceStack.OrmLite.OrmLiteReadCommandExtensions - SQL: select * from INFORMATION_SCHEMA.columns where table_name = 'villagegridpersonliable' 
2017-11-09 09:09:27,965 [1] ServiceStack.OrmLite.OrmLiteReadCommandExtensions - SQL: select * from INFORMATION_SCHEMA.columns where table_name = 'userinfo' 
2017-11-09 09:09:28,018 [1] ServiceStack.OrmLite.OrmLiteReadCommandExtensions - SQL: select * from INFORMATION_SCHEMA.columns where table_name = 'userinfo' 
2017-11-09 09:09:28,032 [1] ServiceStack.OrmLite.OrmLiteReadCommandExtensions - SQL: select * from INFORMATION_SCHEMA.columns where table_name = 'userinfo' 
2017-11-09 09:09:28,046 [1] ServiceStack.OrmLite.OrmLiteReadCommandExtensions - SQL: select * from INFORMATION_SCHEMA.columns where table_name = 'userinfo' 
2017-11-09 09:09:28,065 [1] ServiceStack.OrmLite.OrmLiteReadCommandExtensions - SQL: select * from INFORMATION_SCHEMA.columns where table_name = 'audit' 
2017-11-09 09:09:28,114 [1] ServiceStack.OrmLite.OrmLiteReadCommandExtensions - SQL: select * from INFORMATION_SCHEMA.columns where table_name = 'auditdetails' 
2017-11-09 09:09:28,165 [1] ServiceStack.OrmLite.OrmLiteReadCommandExtensions - SQL: select * from INFORMATION_SCHEMA.columns where table_name = 'villagegridpersonliable' 
2017-11-09 09:09:28,179 [1] ServiceStack.OrmLite.OrmLiteReadCommandExtensions - SQL: select * from INFORMATION_SCHEMA.columns where table_name = 'villagegridpersonliable' 
2017-11-09 09:09:28,194 [1] ServiceStack.OrmLite.OrmLiteReadCommandExtensions - SQL: select * from INFORMATION_SCHEMA.columns where table_name = 'villagegridpersonliable' 
2017-11-09 09:09:28,209 [1] ServiceStack.OrmLite.OrmLiteReadCommandExtensions - SQL: select * from INFORMATION_SCHEMA.columns where table_name = 'villagepic' 
2017-11-09 09:09:28,261 [1] ServiceStack.OrmLite.OrmLiteReadCommandExtensions - SQL: select * from INFORMATION_SCHEMA.columns where table_name = 'villagepic' 
2017-11-09 09:09:28,285 [1] ServiceStack.OrmLite.OrmLiteReadCommandExtensions - SQL: select * from INFORMATION_SCHEMA.columns where table_name = 'villagepic' 
2017-11-09 09:09:28,298 [1] ServiceStack.OrmLite.OrmLiteReadCommandExtensions - SQL: select * from INFORMATION_SCHEMA.columns where table_name = 'villagetransferperson' 
2017-11-09 09:09:28,314 [1] ServiceStack.OrmLite.OrmLiteReadCommandExtensions - SQL: select * from INFORMATION_SCHEMA.columns where table_name = 'villagetransferperson' 
2017-11-09 09:09:28,329 [1] ServiceStack.OrmLite.OrmLiteReadCommandExtensions - SQL: select * from INFORMATION_SCHEMA.columns where table_name = 'villagetransferperson' 
2017-11-09 09:09:28,345 [1] ServiceStack.OrmLite.OrmLiteReadCommandExtensions - SQL: select * from INFORMATION_SCHEMA.columns where table_name = 'villagetransferperson' 
2017-11-09 09:09:28,359 [1] ServiceStack.OrmLite.OrmLiteReadCommandExtensions - SQL: select * from INFORMATION_SCHEMA.columns where table_name = 'villageworkinggroup' 
2017-11-09 09:09:28,376 [1] ServiceStack.OrmLite.OrmLiteReadCommandExtensions - SQL: select * from INFORMATION_SCHEMA.columns where table_name = 'villageworkinggroup' 
2017-11-09 09:09:28,392 [1] ServiceStack.OrmLite.OrmLiteReadCommandExtensions - SQL: select * from INFORMATION_SCHEMA.columns where table_name = 'villageworkinggroup' 
2017-11-09 09:09:28,709 [1] ServiceStack.OrmLite.OrmLiteReadCommandExtensions - SQL: select * from INFORMATION_SCHEMA.columns where table_name = 'adcddisasterinfo' 
2017-11-09 09:09:28,773 [1] ServiceStack.OrmLite.OrmLiteReadCommandExtensions - SQL: select * from INFORMATION_SCHEMA.columns where table_name = 'countryperson' 
2017-11-09 09:09:28,846 [1] ServiceStack.OrmLite.OrmLiteReadCommandExtensions - SQL: select * from INFORMATION_SCHEMA.columns where table_name = 'countryperson' 
2017-11-09 09:09:28,865 [1] ServiceStack.OrmLite.OrmLiteReadCommandExtensions - SQL: select * from INFORMATION_SCHEMA.columns where table_name = 'countryperson' 
2017-11-09 09:09:28,883 [1] ServiceStack.OrmLite.OrmLiteReadCommandExtensions - SQL: select * from INFORMATION_SCHEMA.columns where table_name = 'countryperson' 
2017-11-09 09:09:28,897 [1] ServiceStack.OrmLite.OrmLiteReadCommandExtensions - SQL: select * from INFORMATION_SCHEMA.columns where table_name = 'townpersonliable' 
2017-11-09 09:09:28,968 [1] ServiceStack.OrmLite.OrmLiteReadCommandExtensions - SQL: select * from INFORMATION_SCHEMA.columns where table_name = 'townpersonliable' 
2017-11-09 09:09:28,983 [1] ServiceStack.OrmLite.OrmLiteReadCommandExtensions - SQL: select * from INFORMATION_SCHEMA.columns where table_name = 'townpersonliable' 
2017-11-09 09:09:29,001 [1] ServiceStack.OrmLite.OrmLiteReadCommandExtensions - SQL: select * from INFORMATION_SCHEMA.columns where table_name = 'auditcounty' 
2017-11-09 09:09:29,072 [1] ServiceStack.OrmLite.OrmLiteReadCommandExtensions - SQL: select * from INFORMATION_SCHEMA.columns where table_name = 'apprecord' 
2017-11-09 09:09:29,129 [1] ServiceStack.OrmLite.OrmLiteReadCommandExtensions - SQL: select * from INFORMATION_SCHEMA.columns where table_name = 'apprecord' 
2017-11-09 09:09:29,458 [1] ServiceStack.OrmLite.OrmLiteReadCommandExtensions - SQL: select * from INFORMATION_SCHEMA.columns where table_name = 'apprecord' 
2017-11-09 09:09:29,482 [1] ServiceStack.OrmLite.OrmLiteReadCommandExtensions - SQL: select * from INFORMATION_SCHEMA.columns where table_name = 'apprecord' 
2017-11-09 09:09:29,802 [1] ServiceStack.OrmLite.OrmLiteReadCommandExtensions - SQL: select * from INFORMATION_SCHEMA.columns where table_name = 'apprecord' 
2017-11-09 09:09:29,872 [1] ServiceStack.OrmLite.OrmLiteReadCommandExtensions - SQL: SELECT TOP 1 "Id", "RoleName", "LastOeration" 
FROM "Role"
WHERE ("RoleName" = @0)
PARAMS: @0=系统管理员
2017-11-09 09:09:29,928 [1] ServiceStack.OrmLite.OrmLiteReadCommandExtensions - SQL: SELECT TOP 1 "Id", "UserName", "PassWord", "RealName", "UserRealName", "Unit", "Position", "adcd", "Mobile", "isEnable", "loginNum" 
FROM "UserInfo"
WHERE ("UserName" = @0)
PARAMS: @0=admin
2017-11-09 09:09:30,107 [1] ServiceStack.Support.Markdown.MarkdownPage - Compiled Content/ComprehensiveApp/leaflet/leaflet-locationfilter-master/README.md in 42ms
2017-11-09 09:09:30,129 [1] ServiceStack.Support.Markdown.MarkdownPage - Compiled Content/ComprehensiveApp/leaflet/Leaflet.draw-master/BREAKINGCHANGES.md in 7ms
2017-11-09 09:09:30,144 [1] ServiceStack.Support.Markdown.MarkdownPage - Compiled Content/ComprehensiveApp/leaflet/Leaflet.draw-master/CHANGELOG.md in 8ms
2017-11-09 09:09:30,151 [1] ServiceStack.Support.Markdown.MarkdownPage - Compiled Content/ComprehensiveApp/leaflet/Leaflet.draw-master/ISSUE_TEMPLATE.md in 1ms
2017-11-09 09:09:30,157 [1] ServiceStack.Support.Markdown.MarkdownPage - Compiled Content/ComprehensiveApp/leaflet/Leaflet.draw-master/MIT-LICENSE.md in 0ms
2017-11-09 09:09:30,171 [1] ServiceStack.Support.Markdown.MarkdownPage - Compiled Content/ComprehensiveApp/leaflet/Leaflet.draw-master/README.md in 8ms
2017-11-09 09:09:30,178 [1] ServiceStack.Support.Markdown.MarkdownPage - Compiled Content/ComprehensiveApp/leaflet/Leaflet.draw-master/TODO.md in 0ms
2017-11-09 09:09:30,204 [1] ServiceStack.Support.Markdown.MarkdownPage - Compiled Content/grumble/README.md in 0ms
2017-11-09 09:09:30,225 [1] ServiceStack.Support.Markdown.MarkdownPage - Compiled Content/layer-master/CHANGELOG.md in 2ms
2017-11-09 09:09:30,231 [1] ServiceStack.Support.Markdown.MarkdownPage - Compiled Content/layer-master/README.md in 0ms
2017-11-09 09:09:30,240 [1] ServiceStack.Support.Markdown.MarkdownPage - Compiled Content/layer-master/src/README.md in 0ms
2017-11-09 09:09:30,247 [1] ServiceStack.Support.Markdown.MarkdownPage - Compiled Content/layer-master/src/mobile/README.md in 0ms
2017-11-09 09:09:30,302 [1] ServiceStack.Support.Markdown.MarkdownPage - Compiled Content/PhotoSwipe-master/README.md in 1ms
2017-11-09 09:09:30,332 [1] ServiceStack.Support.Markdown.MarkdownPage - Compiled Content/ueditor/net/README.md in 1ms
2017-11-09 18:27:04,995 [1] ServiceStack.OrmLite.OrmLiteReadCommandExtensions - SQL: select * from INFORMATION_SCHEMA.columns where table_name = 'adcddisasterinfo' 
2017-11-09 18:27:05,112 [1] ServiceStack.OrmLite.OrmLiteReadCommandExtensions - SQL: select * from INFORMATION_SCHEMA.columns where table_name = 'adcddisasterinfo' 
2017-11-09 18:27:05,126 [1] ServiceStack.OrmLite.OrmLiteReadCommandExtensions - SQL: select * from INFORMATION_SCHEMA.columns where table_name = 'adcddisasterinfo' 
2017-11-09 18:27:05,139 [1] ServiceStack.OrmLite.OrmLiteReadCommandExtensions - SQL: select * from INFORMATION_SCHEMA.columns where table_name = 'adcdinfo' 
2017-11-09 18:27:05,154 [1] ServiceStack.OrmLite.OrmLiteReadCommandExtensions - SQL: select * from INFORMATION_SCHEMA.columns where table_name = 'adcdinfo' 
2017-11-09 18:27:05,168 [1] ServiceStack.OrmLite.OrmLiteReadCommandExtensions - SQL: select * from INFORMATION_SCHEMA.columns where table_name = 'villageworkinggroup' 
2017-11-09 18:27:05,185 [1] ServiceStack.OrmLite.OrmLiteReadCommandExtensions - SQL: select * from INFORMATION_SCHEMA.columns where table_name = 'villagetransferperson' 
2017-11-09 18:27:05,204 [1] ServiceStack.OrmLite.OrmLiteReadCommandExtensions - SQL: select * from INFORMATION_SCHEMA.columns where table_name = 'villagegridpersonliable' 
2017-11-09 18:27:05,220 [1] ServiceStack.OrmLite.OrmLiteReadCommandExtensions - SQL: select * from INFORMATION_SCHEMA.columns where table_name = 'villagegridpersonliable' 
2017-11-09 18:27:05,237 [1] ServiceStack.OrmLite.OrmLiteReadCommandExtensions - SQL: select * from INFORMATION_SCHEMA.columns where table_name = 'villagegridpersonliable' 
2017-11-09 18:27:05,252 [1] ServiceStack.OrmLite.OrmLiteReadCommandExtensions - SQL: select * from INFORMATION_SCHEMA.columns where table_name = 'userinfo' 
2017-11-09 18:27:05,265 [1] ServiceStack.OrmLite.OrmLiteReadCommandExtensions - SQL: select * from INFORMATION_SCHEMA.columns where table_name = 'userinfo' 
2017-11-09 18:27:05,278 [1] ServiceStack.OrmLite.OrmLiteReadCommandExtensions - SQL: select * from INFORMATION_SCHEMA.columns where table_name = 'userinfo' 
2017-11-09 18:27:05,291 [1] ServiceStack.OrmLite.OrmLiteReadCommandExtensions - SQL: select * from INFORMATION_SCHEMA.columns where table_name = 'userinfo' 
2017-11-09 18:27:05,304 [1] ServiceStack.OrmLite.OrmLiteReadCommandExtensions - SQL: select * from INFORMATION_SCHEMA.columns where table_name = 'audit' 
2017-11-09 18:27:05,317 [1] ServiceStack.OrmLite.OrmLiteReadCommandExtensions - SQL: select * from INFORMATION_SCHEMA.columns where table_name = 'auditdetails' 
2017-11-09 18:27:05,331 [1] ServiceStack.OrmLite.OrmLiteReadCommandExtensions - SQL: select * from INFORMATION_SCHEMA.columns where table_name = 'villagegridpersonliable' 
2017-11-09 18:27:05,346 [1] ServiceStack.OrmLite.OrmLiteReadCommandExtensions - SQL: select * from INFORMATION_SCHEMA.columns where table_name = 'villagegridpersonliable' 
2017-11-09 18:27:05,359 [1] ServiceStack.OrmLite.OrmLiteReadCommandExtensions - SQL: select * from INFORMATION_SCHEMA.columns where table_name = 'villagegridpersonliable' 
2017-11-09 18:27:05,374 [1] ServiceStack.OrmLite.OrmLiteReadCommandExtensions - SQL: select * from INFORMATION_SCHEMA.columns where table_name = 'villagepic' 
2017-11-09 18:27:05,387 [1] ServiceStack.OrmLite.OrmLiteReadCommandExtensions - SQL: select * from INFORMATION_SCHEMA.columns where table_name = 'villagepic' 
2017-11-09 18:27:05,400 [1] ServiceStack.OrmLite.OrmLiteReadCommandExtensions - SQL: select * from INFORMATION_SCHEMA.columns where table_name = 'villagepic' 
2017-11-09 18:27:05,413 [1] ServiceStack.OrmLite.OrmLiteReadCommandExtensions - SQL: select * from INFORMATION_SCHEMA.columns where table_name = 'villagetransferperson' 
2017-11-09 18:27:05,428 [1] ServiceStack.OrmLite.OrmLiteReadCommandExtensions - SQL: select * from INFORMATION_SCHEMA.columns where table_name = 'villagetransferperson' 
2017-11-09 18:27:05,442 [1] ServiceStack.OrmLite.OrmLiteReadCommandExtensions - SQL: select * from INFORMATION_SCHEMA.columns where table_name = 'villagetransferperson' 
2017-11-09 18:27:05,460 [1] ServiceStack.OrmLite.OrmLiteReadCommandExtensions - SQL: select * from INFORMATION_SCHEMA.columns where table_name = 'villagetransferperson' 
2017-11-09 18:27:05,478 [1] ServiceStack.OrmLite.OrmLiteReadCommandExtensions - SQL: select * from INFORMATION_SCHEMA.columns where table_name = 'villageworkinggroup' 
2017-11-09 18:27:05,491 [1] ServiceStack.OrmLite.OrmLiteReadCommandExtensions - SQL: select * from INFORMATION_SCHEMA.columns where table_name = 'villageworkinggroup' 
2017-11-09 18:27:05,505 [1] ServiceStack.OrmLite.OrmLiteReadCommandExtensions - SQL: select * from INFORMATION_SCHEMA.columns where table_name = 'villageworkinggroup' 
2017-11-09 18:27:05,525 [1] ServiceStack.OrmLite.OrmLiteReadCommandExtensions - SQL: select * from INFORMATION_SCHEMA.columns where table_name = 'adcddisasterinfo' 
2017-11-09 18:27:05,539 [1] ServiceStack.OrmLite.OrmLiteReadCommandExtensions - SQL: select * from INFORMATION_SCHEMA.columns where table_name = 'countryperson' 
2017-11-09 18:27:05,553 [1] ServiceStack.OrmLite.OrmLiteReadCommandExtensions - SQL: select * from INFORMATION_SCHEMA.columns where table_name = 'countryperson' 
2017-11-09 18:27:05,566 [1] ServiceStack.OrmLite.OrmLiteReadCommandExtensions - SQL: select * from INFORMATION_SCHEMA.columns where table_name = 'countryperson' 
2017-11-09 18:27:05,582 [1] ServiceStack.OrmLite.OrmLiteReadCommandExtensions - SQL: select * from INFORMATION_SCHEMA.columns where table_name = 'countryperson' 
2017-11-09 18:27:05,595 [1] ServiceStack.OrmLite.OrmLiteReadCommandExtensions - SQL: select * from INFORMATION_SCHEMA.columns where table_name = 'townpersonliable' 
2017-11-09 18:27:05,611 [1] ServiceStack.OrmLite.OrmLiteReadCommandExtensions - SQL: select * from INFORMATION_SCHEMA.columns where table_name = 'townpersonliable' 
2017-11-09 18:27:05,624 [1] ServiceStack.OrmLite.OrmLiteReadCommandExtensions - SQL: select * from INFORMATION_SCHEMA.columns where table_name = 'townpersonliable' 
2017-11-09 18:27:05,638 [1] ServiceStack.OrmLite.OrmLiteReadCommandExtensions - SQL: select * from INFORMATION_SCHEMA.columns where table_name = 'auditcounty' 
2017-11-09 18:27:05,652 [1] ServiceStack.OrmLite.OrmLiteReadCommandExtensions - SQL: select * from INFORMATION_SCHEMA.columns where table_name = 'apprecord' 
2017-11-09 18:27:05,665 [1] ServiceStack.OrmLite.OrmLiteReadCommandExtensions - SQL: select * from INFORMATION_SCHEMA.columns where table_name = 'apprecord' 
2017-11-09 18:27:05,680 [1] ServiceStack.OrmLite.OrmLiteReadCommandExtensions - SQL: select * from INFORMATION_SCHEMA.columns where table_name = 'apprecord' 
2017-11-09 18:27:05,693 [1] ServiceStack.OrmLite.OrmLiteReadCommandExtensions - SQL: select * from INFORMATION_SCHEMA.columns where table_name = 'apprecord' 
2017-11-09 18:27:05,707 [1] ServiceStack.OrmLite.OrmLiteReadCommandExtensions - SQL: select * from INFORMATION_SCHEMA.columns where table_name = 'apprecord' 
2017-11-09 18:27:05,761 [1] ServiceStack.OrmLite.OrmLiteReadCommandExtensions - SQL: SELECT TOP 1 "Id", "RoleName", "LastOeration" 
FROM "Role"
WHERE ("RoleName" = @0)
PARAMS: @0=系统管理员
2017-11-09 18:27:05,776 [1] ServiceStack.OrmLite.OrmLiteReadCommandExtensions - SQL: SELECT TOP 1 "Id", "UserName", "PassWord", "RealName", "UserRealName", "Unit", "Position", "adcd", "Mobile", "isEnable", "loginNum" 
FROM "UserInfo"
WHERE ("UserName" = @0)
PARAMS: @0=admin
2017-11-09 18:27:06,004 [1] ServiceStack.Support.Markdown.MarkdownPage - Compiled Content/ComprehensiveApp/leaflet/leaflet-locationfilter-master/README.md in 49ms
2017-11-09 18:27:06,038 [1] ServiceStack.Support.Markdown.MarkdownPage - Compiled Content/ComprehensiveApp/leaflet/Leaflet.draw-master/BREAKINGCHANGES.md in 9ms
2017-11-09 18:27:06,072 [1] ServiceStack.Support.Markdown.MarkdownPage - Compiled Content/ComprehensiveApp/leaflet/Leaflet.draw-master/CHANGELOG.md in 11ms
2017-11-09 18:27:06,084 [1] ServiceStack.Support.Markdown.MarkdownPage - Compiled Content/ComprehensiveApp/leaflet/Leaflet.draw-master/ISSUE_TEMPLATE.md in 1ms
2017-11-09 18:27:06,096 [1] ServiceStack.Support.Markdown.MarkdownPage - Compiled Content/ComprehensiveApp/leaflet/Leaflet.draw-master/MIT-LICENSE.md in 0ms
2017-11-09 18:27:06,130 [1] ServiceStack.Support.Markdown.MarkdownPage - Compiled Content/ComprehensiveApp/leaflet/Leaflet.draw-master/README.md in 15ms
2017-11-09 18:27:06,142 [1] ServiceStack.Support.Markdown.MarkdownPage - Compiled Content/ComprehensiveApp/leaflet/Leaflet.draw-master/TODO.md in 0ms
2017-11-09 18:27:06,170 [1] ServiceStack.Support.Markdown.MarkdownPage - Compiled Content/grumble/README.md in 0ms
2017-11-09 18:27:06,221 [1] ServiceStack.Support.Markdown.MarkdownPage - Compiled Content/layer-master/CHANGELOG.md in 0ms
2017-11-09 18:27:06,232 [1] ServiceStack.Support.Markdown.MarkdownPage - Compiled Content/layer-master/README.md in 0ms
2017-11-09 18:27:06,244 [1] ServiceStack.Support.Markdown.MarkdownPage - Compiled Content/layer-master/src/README.md in 0ms
2017-11-09 18:27:06,260 [1] ServiceStack.Support.Markdown.MarkdownPage - Compiled Content/layer-master/src/mobile/README.md in 0ms
2017-11-09 18:27:06,331 [1] ServiceStack.Support.Markdown.MarkdownPage - Compiled Content/PhotoSwipe-master/README.md in 0ms
2017-11-09 18:27:06,399 [1] ServiceStack.Support.Markdown.MarkdownPage - Compiled Content/ueditor/net/README.md in 1ms
2017-11-09 18:27:08,256 [6] ServiceStack.OrmLite.OrmLiteReadCommandExtensions - SQL: SELECT TOP 1 "Id", "UserName", "PassWord", "RealName", "UserRealName", "Unit", "Position", "adcd", "Mobile", "isEnable", "loginNum" 
FROM "UserInfo"
WHERE ("UserName" = @0)
PARAMS: @0=13606892311
2017-11-09 18:27:08,336 [6] ServiceStack.OrmLite.OrmLiteReadCommandExtensions - SQL: SELECT TOP 1 "Id", "UserName", "PassWord", "RealName", "UserRealName", "Unit", "Position", "adcd", "Mobile", "isEnable", "loginNum" 
FROM "UserInfo"
WHERE ("UserName" = @0)
PARAMS: @0=13606892311
2017-11-09 18:27:08,353 [8] ServiceStack.OrmLite.OrmLiteReadCommandExtensions - SQL: SELECT TOP 1 "Id", "UserName", "PassWord", "RealName", "UserRealName", "Unit", "Position", "adcd", "Mobile", "isEnable", "loginNum" 
FROM "UserInfo"
WHERE ("UserName" = @0)
PARAMS: @0=13606892311
2017-11-09 18:27:11,804 [6] ServiceStack.OrmLite.OrmLiteReadCommandExtensions - SQL: SELECT TOP 1 "Id", "UserName", "PassWord", "RealName", "UserRealName", "Unit", "Position", "adcd", "Mobile", "isEnable", "loginNum" 
FROM "UserInfo"
WHERE ("UserName" = @0)
PARAMS: @0=13456949000
2017-11-09 18:27:16,671 [7] ServiceStack.OrmLite.OrmLiteReadCommandExtensions - SQL: SELECT "Id", "UserName", "PassWord", "RealName", "UserRealName", "Unit", "Position", "adcd", "Mobile", "isEnable", "loginNum" 
FROM "UserInfo"
WHERE ((("UserName" = @0) AND ("PassWord" = @1)) AND "isEnable"=1)
PARAMS: @0=13456949000, @1=anuaLf5Oup4NWeLv--K-uA2
2017-11-09 18:27:16,701 [7] ServiceStack.OrmLite.OrmLiteResultsFilterExtensions - SQL: UPDATE "UserInfo" SET "loginNum"=@1 WHERE ("Id" = @0)
PARAMS: @0=1515, @1=535
2017-11-09 18:27:16,760 [7] ServiceStack.OrmLite.OrmLiteReadCommandExtensions - SQL: SELECT UserInfo.*,UserRoleInfo.RoleID 
FROM "UserInfo" LEFT JOIN "UserRoleInfo" ON ("UserInfo"."Id" = "UserRoleInfo"."UserID")
WHERE ("UserInfo"."UserName" = @0)
PARAMS: @0=13456949000
2017-11-09 18:27:16,794 [7] ServiceStack.OrmLite.OrmLiteReadCommandExtensions - SQL: SELECT TOP 1 "Id", "parentId", "grade", "adcd", "adnm", "lng", "lat", "CreateTime", "operateLog" 
FROM "ADCDInfo"
WHERE ("adcd" = @0)
PARAMS: @0=330000000000000
2017-11-09 18:27:16,837 [7] ServiceStack.OrmLite.OrmLiteReadCommandExtensions - SQL: SELECT TOP 1 "Id", "parentId", "grade", "adcd", "adnm", "lng", "lat", "CreateTime", "operateLog" 
FROM "ADCDInfo"
WHERE ("adcd" = @0)
PARAMS: @0=330000000000000
2017-11-09 18:27:16,892 [7] ServiceStack.OrmLite.OrmLiteResultsFilterExtensions - SQL: INSERT INTO "LogInfo" ("OperationType","tm","adcd","UserName","RealName","Operation") VALUES (@OperationType,@tm,@adcd,@UserName,@RealName,@Operation)
PARAMS: @OperationType=登陆, @tm=2017/11/9 18:27:16, @adcd=330000000000000, @UserName=13456949000, @RealName=省, @Operation={"operateMsg":"登录系统，登录IP地址为：::1","operateTime":"\/Date(1510223236714+0800)\/","userName":"13456949000"}
2017-11-09 18:27:16,911 [7] ServiceStack.OrmLite.OrmLiteReadCommandExtensions - SQL: SELECT TOP 1 "Id", "UserName", "PassWord", "RealName", "UserRealName", "Unit", "Position", "adcd", "Mobile", "isEnable", "loginNum" 
FROM "UserInfo"
WHERE ("UserName" = @0)
PARAMS: @0=13456949000
2017-11-09 18:27:16,927 [7] ServiceStack.OrmLite.OrmLiteReadCommandExtensions - SQL: SELECT UserInfo.*,UserRoleInfo.RoleID 
FROM "UserInfo" LEFT JOIN "UserRoleInfo" ON ("UserInfo"."Id" = "UserRoleInfo"."UserID")
WHERE ("UserInfo"."UserName" = @0)
PARAMS: @0=13456949000
2017-11-09 18:27:16,945 [7] ServiceStack.OrmLite.OrmLiteReadCommandExtensions - SQL: SELECT TOP 1 "Id", "parentId", "grade", "adcd", "adnm", "lng", "lat", "CreateTime", "operateLog" 
FROM "ADCDInfo"
WHERE ("adcd" = @0)
PARAMS: @0=330000000000000
2017-11-09 18:27:16,982 [7] ServiceStack.OrmLite.OrmLiteReadCommandExtensions - SQL: SELECT TOP 1 "Id", "parentId", "grade", "adcd", "adnm", "lng", "lat", "CreateTime", "operateLog" 
FROM "ADCDInfo"
WHERE ("adcd" = @0)
PARAMS: @0=330000000000000
2017-11-09 18:27:17,022 [7] ServiceStack.OrmLite.OrmLiteReadCommandExtensions - SQL: SELECT TOP 1 "Id", "parentId", "grade", "adcd", "adnm", "lng", "lat", "CreateTime", "operateLog" 
FROM "ADCDInfo"
WHERE ("adcd" is null)
2017-11-09 18:27:17,041 [7] ServiceStack.OrmLite.OrmLiteReadCommandExtensions - SQL: SELECT TOP 1 "Id", "parentId", "grade", "adcd", "adnm", "lng", "lat", "CreateTime", "operateLog" 
FROM "ADCDInfo"
WHERE ("adcd" is null)
2017-11-09 18:27:17,063 [7] ServiceStack.OrmLite.OrmLiteReadCommandExtensions - SQL: SELECT TOP 1 "Id", "parentId", "grade", "adcd", "adnm", "lng", "lat", "CreateTime", "operateLog" 
FROM "ADCDInfo"
WHERE ("adcd" is null)
2017-11-09 18:27:17,093 [7] ServiceStack.OrmLite.OrmLiteReadCommandExtensions - SQL: SELECT UserInfo.*,UserRoleInfo.RoleID 
FROM "UserInfo" LEFT JOIN "UserRoleInfo" ON ("UserInfo"."Id" = "UserRoleInfo"."UserID")
WHERE ("UserInfo"."UserName" = @0)
PARAMS: @0=13456949000
2017-11-09 18:27:17,110 [7] ServiceStack.OrmLite.OrmLiteReadCommandExtensions - SQL: SELECT TOP 1 "Id", "parentId", "grade", "adcd", "adnm", "lng", "lat", "CreateTime", "operateLog" 
FROM "ADCDInfo"
WHERE ("adcd" = @0)
PARAMS: @0=330000000000000
2017-11-09 18:27:17,147 [7] ServiceStack.OrmLite.OrmLiteReadCommandExtensions - SQL: SELECT TOP 1 "Id", "parentId", "grade", "adcd", "adnm", "lng", "lat", "CreateTime", "operateLog" 
FROM "ADCDInfo"
WHERE ("adcd" = @0)
PARAMS: @0=330000000000000
2017-11-09 18:27:17,191 [6] Controller - UserSession失效，自动登录。
2017-11-09 18:27:17,199 [6] ServiceStack.OrmLite.OrmLiteReadCommandExtensions - SQL: SELECT TOP 1 "Id", "UserName", "PassWord", "RealName", "UserRealName", "Unit", "Position", "adcd", "Mobile", "isEnable", "loginNum" 
FROM "UserInfo"
WHERE ("UserName" = @0)
PARAMS: @0=13456949000
2017-11-09 18:27:17,213 [6] ServiceStack.OrmLite.OrmLiteReadCommandExtensions - SQL: SELECT UserInfo.*,UserRoleInfo.RoleID 
FROM "UserInfo" LEFT JOIN "UserRoleInfo" ON ("UserInfo"."Id" = "UserRoleInfo"."UserID")
WHERE ("UserInfo"."UserName" = @0)
PARAMS: @0=13456949000
2017-11-09 18:27:17,230 [6] ServiceStack.OrmLite.OrmLiteReadCommandExtensions - SQL: SELECT TOP 1 "Id", "parentId", "grade", "adcd", "adnm", "lng", "lat", "CreateTime", "operateLog" 
FROM "ADCDInfo"
WHERE ("adcd" = @0)
PARAMS: @0=330000000000000
2017-11-09 18:27:17,264 [6] ServiceStack.OrmLite.OrmLiteReadCommandExtensions - SQL: SELECT TOP 1 "Id", "parentId", "grade", "adcd", "adnm", "lng", "lat", "CreateTime", "operateLog" 
FROM "ADCDInfo"
WHERE ("adcd" = @0)
PARAMS: @0=330000000000000
2017-11-09 18:27:17,309 [6] ServiceStack.OrmLite.OrmLiteReadCommandExtensions - SQL: SELECT TOP 1 "Id", "parentId", "grade", "adcd", "adnm", "lng", "lat", "CreateTime", "operateLog" 
FROM "ADCDInfo"
WHERE ("adcd" = @0)
PARAMS: @0=330000000000000
2017-11-09 18:27:17,351 [6] ServiceStack.OrmLite.OrmLiteReadCommandExtensions - SQL: SELECT "Id", "parentId", "grade", "adcd", "adnm", "lng", "lat", "CreateTime", "operateLog" 
FROM "ADCDInfo"
WHERE ("adcd" = @0)
ORDER BY "adcd"
PARAMS: @0=330000000000000
2017-11-09 18:27:22,811 [10] ServiceStack.OrmLite.OrmLiteReadCommandExtensions - SQL: SELECT COUNT(*) 
FROM "ADCDInfo"
WHERE adcd like '33__00000000000' and adcd !='330000000000000'
2017-11-09 18:27:22,916 [10] ServiceStack.OrmLite.OrmLiteReadCommandExtensions - SQL: SELECT TOP 999 "Id", "parentId", "grade", "adcd", "adnm", "lng", "lat", "CreateTime", "operateLog" 
FROM "ADCDInfo"
WHERE adcd like '33__00000000000' and adcd !='330000000000000'
ORDER BY "adcd"
2017-11-09 18:27:30,559 [5] ServiceStack.OrmLite.OrmLiteReadCommandExtensions - SQL: SELECT "ADCDInfo"."Id", "ADCDInfo"."parentId", "ADCDInfo"."grade", "ADCDInfo"."adcd", "ADCDInfo"."adnm", "ADCDInfo"."lng", "ADCDInfo"."lat", "ADCDInfo"."CreateTime", "ADCDInfo"."operateLog" 
FROM "ADCDInfo"
WHERE ("adcd" = @0)
PARAMS: @0=330000000000000
2017-11-09 18:27:30,658 [6] ServiceStack.OrmLite.OrmLiteReadCommandExtensions - SQL: exec GetNextLevleAdcdInfoByAdcd @adcd
PARAMS: adcd=330000000000000
2017-11-09 18:27:33,115 [7] ServiceStack.OrmLite.OrmLiteReadCommandExtensions - SQL: SELECT "ADCDInfo"."Id", "ADCDInfo"."parentId", "ADCDInfo"."grade", "ADCDInfo"."adcd", "ADCDInfo"."adnm", "ADCDInfo"."lng", "ADCDInfo"."lat", "ADCDInfo"."CreateTime", "ADCDInfo"."operateLog" 
FROM "ADCDInfo"
WHERE ("adcd" = @0)
PARAMS: @0=330500000000000
2017-11-09 18:27:33,177 [10] ServiceStack.OrmLite.OrmLiteReadCommandExtensions - SQL: exec GetNextLevleAdcdInfoByAdcd @adcd
PARAMS: adcd=330500000000000
2017-11-09 18:27:33,638 [10] ServiceStack.OrmLite.OrmLiteReadCommandExtensions - SQL: SELECT "ADCDInfo"."Id", "ADCDInfo"."parentId", "ADCDInfo"."grade", "ADCDInfo"."adcd", "ADCDInfo"."adnm", "ADCDInfo"."lng", "ADCDInfo"."lat", "ADCDInfo"."CreateTime", "ADCDInfo"."operateLog" 
FROM "ADCDInfo"
WHERE ("adcd" = @0)
PARAMS: @0=330521000000000
2017-11-09 18:27:34,001 [8] ServiceStack.OrmLite.OrmLiteReadCommandExtensions - SQL: exec GetNextLevleAdcdInfoByAdcd @adcd
PARAMS: adcd=330521000000000
2017-11-09 18:27:34,977 [7] ServiceStack.OrmLite.OrmLiteReadCommandExtensions - SQL: SELECT "ADCDInfo"."Id", "ADCDInfo"."parentId", "ADCDInfo"."grade", "ADCDInfo"."adcd", "ADCDInfo"."adnm", "ADCDInfo"."lng", "ADCDInfo"."lat", "ADCDInfo"."CreateTime", "ADCDInfo"."operateLog" 
FROM "ADCDInfo"
WHERE ("adcd" = @0)
PARAMS: @0=330521105000000
2017-11-09 18:27:35,043 [10] ServiceStack.OrmLite.OrmLiteReadCommandExtensions - SQL: exec GetNextLevleAdcdInfoByAdcd @adcd
PARAMS: adcd=330521105000000
2017-11-09 18:27:37,846 [7] ServiceStack.OrmLite.OrmLiteReadCommandExtensions - SQL: exec AppGetWarnListByVillageAdcd @adcd
PARAMS: adcd=330521105018000
2017-11-09 18:27:40,124 [7] ServiceStack.OrmLite.OrmLiteReadCommandExtensions - SQL: exec AppGetWarnInfoByWarnEventId @warneventid,@villageadcd
PARAMS: warneventid=2, villageadcd=330521105018000
2017-11-09 18:27:40,588 [6] ServiceStack.OrmLite.OrmLiteReadCommandExtensions - SQL: exec AppGetGpsLocation @adcd,@warninfoid
PARAMS: adcd=330521105018000, warninfoid=16
2017-11-09 18:27:42,806 [7] ServiceStack.OrmLite.OrmLiteReadCommandExtensions - SQL: exec AppLvzhiMapGetPost @username,@warninfoid
PARAMS: username=18757215171, warninfoid=16
2017-11-09 18:27:42,869 [8] ServiceStack.OrmLite.OrmLiteReadCommandExtensions - SQL: exec AppGetLvZhiPostionByUserName @username,@warninfoid,@postcode
PARAMS: username=18757215171, warninfoid=16, postcode=管理员
2017-11-09 18:27:42,870 [7] ServiceStack.OrmLite.OrmLiteReadCommandExtensions - SQL: exec AppGetTaskRecord @username,@warninfoid,@postcode
PARAMS: username=18757215171, warninfoid=16, postcode=管理员
2017-11-09 18:27:48,648 [8] ServiceStack.OrmLite.OrmLiteReadCommandExtensions - SQL: exec AppGetTaskRecord @username,@warninfoid,@postcode
PARAMS: username=18757215171, warninfoid=16, postcode=联络员
2017-11-09 18:27:50,711 [7] ServiceStack.OrmLite.OrmLiteReadCommandExtensions - SQL: exec AppGetTaskRecord @username,@warninfoid,@postcode
PARAMS: username=18757215171, warninfoid=16, postcode=人员转移组
2017-11-09 18:27:52,447 [6] ServiceStack.OrmLite.OrmLiteReadCommandExtensions - SQL: exec AppGetTaskRecord @username,@warninfoid,@postcode
PARAMS: username=18757215171, warninfoid=16, postcode=预警员
2017-11-09 18:28:00,236 [5] ServiceStack.OrmLite.OrmLiteReadCommandExtensions - SQL: exec AppGetTaskRecord @username,@warninfoid,@postcode
PARAMS: username=18757215171, warninfoid=16, postcode=人员转移组
2017-11-09 18:28:03,024 [13] ServiceStack.OrmLite.OrmLiteReadCommandExtensions - SQL: exec AppGetTaskRecord @username,@warninfoid,@postcode
PARAMS: username=18757215171, warninfoid=16, postcode=联络员
2017-11-09 18:28:03,727 [7] ServiceStack.OrmLite.OrmLiteReadCommandExtensions - SQL: exec AppGetTaskRecord @username,@warninfoid,@postcode
PARAMS: username=18757215171, warninfoid=16, postcode=管理员
2017-11-09 18:28:04,216 [13] ServiceStack.OrmLite.OrmLiteReadCommandExtensions - SQL: exec AppGetTaskRecord @username,@warninfoid,@postcode
PARAMS: username=18757215171, warninfoid=16, postcode=联络员
2017-11-09 18:28:04,656 [6] ServiceStack.OrmLite.OrmLiteReadCommandExtensions - SQL: exec AppGetTaskRecord @username,@warninfoid,@postcode
PARAMS: username=18757215171, warninfoid=16, postcode=人员转移组
2017-11-09 18:28:05,393 [6] ServiceStack.OrmLite.OrmLiteReadCommandExtensions - SQL: exec AppGetTaskRecord @username,@warninfoid,@postcode
PARAMS: username=18757215171, warninfoid=16, postcode=预警员
2017-11-09 18:28:06,096 [7] ServiceStack.OrmLite.OrmLiteReadCommandExtensions - SQL: exec AppGetTaskRecord @username,@warninfoid,@postcode
PARAMS: username=18757215171, warninfoid=16, postcode=管理员
2017-11-09 18:28:10,687 [6] ServiceStack.OrmLite.OrmLiteReadCommandExtensions - SQL: exec AppGetWarnListByVillageAdcd @adcd
PARAMS: adcd=330521105018000
2017-11-09 18:28:12,368 [13] ServiceStack.OrmLite.OrmLiteReadCommandExtensions - SQL: exec AppGetWarnInfoByWarnEventId @warneventid,@villageadcd
PARAMS: warneventid=2, villageadcd=330521105018000
2017-11-09 18:28:12,712 [5] ServiceStack.OrmLite.OrmLiteReadCommandExtensions - SQL: exec AppGetGpsLocation @adcd,@warninfoid
PARAMS: adcd=330521105018000, warninfoid=16
2017-11-09 18:28:14,516 [13] ServiceStack.OrmLite.OrmLiteReadCommandExtensions - SQL: exec AppLvzhiMapGetPost @username,@warninfoid
PARAMS: username=18757215171, warninfoid=16
2017-11-09 18:28:14,586 [7] ServiceStack.OrmLite.OrmLiteReadCommandExtensions - SQL: exec AppGetTaskRecord @username,@warninfoid,@postcode
PARAMS: username=18757215171, warninfoid=16, postcode=管理员
2017-11-09 18:28:14,587 [13] ServiceStack.OrmLite.OrmLiteReadCommandExtensions - SQL: exec AppGetLvZhiPostionByUserName @username,@warninfoid,@postcode
PARAMS: username=18757215171, warninfoid=16, postcode=管理员
2017-11-09 18:28:28,307 [13] ServiceStack.OrmLite.OrmLiteReadCommandExtensions - SQL: exec AppGetTaskRecord @username,@warninfoid,@postcode
PARAMS: username=18757215171, warninfoid=16, postcode=联络员
2017-11-09 18:28:44,319 [6] ServiceStack.OrmLite.OrmLiteReadCommandExtensions - SQL: exec AppGetTaskRecord @username,@warninfoid,@postcode
PARAMS: username=18757215171, warninfoid=16, postcode=人员转移组
2017-11-09 18:28:49,935 [8] ServiceStack.OrmLite.OrmLiteReadCommandExtensions - SQL: exec AppGetTaskRecord @username,@warninfoid,@postcode
PARAMS: username=18757215171, warninfoid=16, postcode=预警员
2017-11-09 18:31:21,316 [22] ServiceStack.OrmLite.OrmLiteReadCommandExtensions - SQL: SELECT "ADCDInfo"."Id", "ADCDInfo"."parentId", "ADCDInfo"."grade", "ADCDInfo"."adcd", "ADCDInfo"."adnm", "ADCDInfo"."lng", "ADCDInfo"."lat", "ADCDInfo"."CreateTime", "ADCDInfo"."operateLog" 
FROM "ADCDInfo"
WHERE ("adcd" = @0)
PARAMS: @0=330000000000000
2017-11-09 18:31:21,410 [13] ServiceStack.OrmLite.OrmLiteReadCommandExtensions - SQL: exec GetNextLevleAdcdInfoByAdcd @adcd
PARAMS: adcd=330000000000000
2017-11-09 18:31:24,885 [23] ServiceStack.OrmLite.OrmLiteReadCommandExtensions - SQL: SELECT "ADCDInfo"."Id", "ADCDInfo"."parentId", "ADCDInfo"."grade", "ADCDInfo"."adcd", "ADCDInfo"."adnm", "ADCDInfo"."lng", "ADCDInfo"."lat", "ADCDInfo"."CreateTime", "ADCDInfo"."operateLog" 
FROM "ADCDInfo"
WHERE ("adcd" = @0)
PARAMS: @0=330000000000000
2017-11-09 18:31:25,014 [8] ServiceStack.OrmLite.OrmLiteReadCommandExtensions - SQL: exec GetNextLevleAdcdInfoByAdcd @adcd
PARAMS: adcd=330000000000000
2017-11-09 18:31:27,000 [14] ServiceStack.OrmLite.OrmLiteReadCommandExtensions - SQL: SELECT "ADCDInfo"."Id", "ADCDInfo"."parentId", "ADCDInfo"."grade", "ADCDInfo"."adcd", "ADCDInfo"."adnm", "ADCDInfo"."lng", "ADCDInfo"."lat", "ADCDInfo"."CreateTime", "ADCDInfo"."operateLog" 
FROM "ADCDInfo"
WHERE ("adcd" = @0)
PARAMS: @0=330500000000000
2017-11-09 18:31:27,061 [20] ServiceStack.OrmLite.OrmLiteReadCommandExtensions - SQL: exec GetNextLevleAdcdInfoByAdcd @adcd
PARAMS: adcd=330500000000000
2017-11-09 18:31:27,919 [16] ServiceStack.OrmLite.OrmLiteReadCommandExtensions - SQL: SELECT "ADCDInfo"."Id", "ADCDInfo"."parentId", "ADCDInfo"."grade", "ADCDInfo"."adcd", "ADCDInfo"."adnm", "ADCDInfo"."lng", "ADCDInfo"."lat", "ADCDInfo"."CreateTime", "ADCDInfo"."operateLog" 
FROM "ADCDInfo"
WHERE ("adcd" = @0)
PARAMS: @0=330521000000000
2017-11-09 18:31:27,979 [22] ServiceStack.OrmLite.OrmLiteReadCommandExtensions - SQL: exec GetNextLevleAdcdInfoByAdcd @adcd
PARAMS: adcd=330521000000000
2017-11-09 18:31:34,583 [8] ServiceStack.OrmLite.OrmLiteReadCommandExtensions - SQL: SELECT "ADCDInfo"."Id", "ADCDInfo"."parentId", "ADCDInfo"."grade", "ADCDInfo"."adcd", "ADCDInfo"."adnm", "ADCDInfo"."lng", "ADCDInfo"."lat", "ADCDInfo"."CreateTime", "ADCDInfo"."operateLog" 
FROM "ADCDInfo"
WHERE ("adcd" = @0)
PARAMS: @0=330521105000000
2017-11-09 18:31:34,644 [14] ServiceStack.OrmLite.OrmLiteReadCommandExtensions - SQL: exec GetNextLevleAdcdInfoByAdcd @adcd
PARAMS: adcd=330521105000000
2017-11-09 18:31:36,115 [16] ServiceStack.OrmLite.OrmLiteReadCommandExtensions - SQL: exec AppGetWarnListByVillageAdcd @adcd
PARAMS: adcd=330521105018000
2017-11-09 18:31:37,071 [20] ServiceStack.OrmLite.OrmLiteReadCommandExtensions - SQL: exec AppGetWarnInfoByWarnEventId @warneventid,@villageadcd
PARAMS: warneventid=2, villageadcd=330521105018000
2017-11-09 18:31:37,255 [8] ServiceStack.OrmLite.OrmLiteReadCommandExtensions - SQL: exec AppGetGpsLocation @adcd,@warninfoid
PARAMS: adcd=330521105018000, warninfoid=16
2017-11-09 18:31:39,458 [23] ServiceStack.OrmLite.OrmLiteReadCommandExtensions - SQL: exec AppLvzhiMapGetPost @username,@warninfoid
PARAMS: username=18757215171, warninfoid=16
2017-11-09 18:31:39,515 [22] ServiceStack.OrmLite.OrmLiteReadCommandExtensions - SQL: exec AppGetTaskRecord @username,@warninfoid,@postcode
PARAMS: username=18757215171, warninfoid=16, postcode=管理员
2017-11-09 18:31:39,515 [21] ServiceStack.OrmLite.OrmLiteReadCommandExtensions - SQL: exec AppGetLvZhiPostionByUserName @username,@warninfoid,@postcode
PARAMS: username=18757215171, warninfoid=16, postcode=管理员
2017-11-09 18:31:41,166 [14] ServiceStack.OrmLite.OrmLiteReadCommandExtensions - SQL: exec AppGetTaskRecord @username,@warninfoid,@postcode
PARAMS: username=18757215171, warninfoid=16, postcode=联络员
2017-11-09 18:31:47,550 [14] ServiceStack.OrmLite.OrmLiteReadCommandExtensions - SQL: exec AppGetTaskRecord @username,@warninfoid,@postcode
PARAMS: username=18757215171, warninfoid=16, postcode=人员转移组
2017-11-09 18:35:14,288 [14] ServiceStack.OrmLite.OrmLiteReadCommandExtensions - SQL: exec AppLvzhiMapGetPost @username,@warninfoid
PARAMS: username=18757215171, warninfoid=16
2017-11-09 18:35:14,348 [32] ServiceStack.OrmLite.OrmLiteReadCommandExtensions - SQL: exec AppGetTaskRecord @username,@warninfoid,@postcode
PARAMS: username=18757215171, warninfoid=16, postcode=管理员
2017-11-09 18:35:14,349 [34] ServiceStack.OrmLite.OrmLiteReadCommandExtensions - SQL: exec AppGetLvZhiPostionByUserName @username,@warninfoid,@postcode
PARAMS: username=18757215171, warninfoid=16, postcode=管理员
2017-11-09 18:35:52,268 [31] ServiceStack.OrmLite.OrmLiteReadCommandExtensions - SQL: SELECT "ADCDInfo"."Id", "ADCDInfo"."parentId", "ADCDInfo"."grade", "ADCDInfo"."adcd", "ADCDInfo"."adnm", "ADCDInfo"."lng", "ADCDInfo"."lat", "ADCDInfo"."CreateTime", "ADCDInfo"."operateLog" 
FROM "ADCDInfo"
WHERE ("adcd" = @0)
PARAMS: @0=330000000000000
2017-11-09 18:35:52,349 [25] ServiceStack.OrmLite.OrmLiteReadCommandExtensions - SQL: exec GetNextLevleAdcdInfoByAdcd @adcd
PARAMS: adcd=330000000000000
2017-11-09 18:35:54,496 [27] ServiceStack.OrmLite.OrmLiteReadCommandExtensions - SQL: SELECT "ADCDInfo"."Id", "ADCDInfo"."parentId", "ADCDInfo"."grade", "ADCDInfo"."adcd", "ADCDInfo"."adnm", "ADCDInfo"."lng", "ADCDInfo"."lat", "ADCDInfo"."CreateTime", "ADCDInfo"."operateLog" 
FROM "ADCDInfo"
WHERE ("adcd" = @0)
PARAMS: @0=330500000000000
2017-11-09 18:35:54,556 [25] ServiceStack.OrmLite.OrmLiteReadCommandExtensions - SQL: exec GetNextLevleAdcdInfoByAdcd @adcd
PARAMS: adcd=330500000000000
2017-11-09 18:35:54,956 [27] ServiceStack.OrmLite.OrmLiteReadCommandExtensions - SQL: SELECT "ADCDInfo"."Id", "ADCDInfo"."parentId", "ADCDInfo"."grade", "ADCDInfo"."adcd", "ADCDInfo"."adnm", "ADCDInfo"."lng", "ADCDInfo"."lat", "ADCDInfo"."CreateTime", "ADCDInfo"."operateLog" 
FROM "ADCDInfo"
WHERE ("adcd" = @0)
PARAMS: @0=330521000000000
2017-11-09 18:35:55,031 [22] ServiceStack.OrmLite.OrmLiteReadCommandExtensions - SQL: exec GetNextLevleAdcdInfoByAdcd @adcd
PARAMS: adcd=330521000000000
2017-11-09 18:35:55,797 [30] ServiceStack.OrmLite.OrmLiteReadCommandExtensions - SQL: SELECT "ADCDInfo"."Id", "ADCDInfo"."parentId", "ADCDInfo"."grade", "ADCDInfo"."adcd", "ADCDInfo"."adnm", "ADCDInfo"."lng", "ADCDInfo"."lat", "ADCDInfo"."CreateTime", "ADCDInfo"."operateLog" 
FROM "ADCDInfo"
WHERE ("adcd" = @0)
PARAMS: @0=330521105000000
2017-11-09 18:35:55,856 [22] ServiceStack.OrmLite.OrmLiteReadCommandExtensions - SQL: exec GetNextLevleAdcdInfoByAdcd @adcd
PARAMS: adcd=330521105000000
2017-11-09 18:35:57,334 [26] ServiceStack.OrmLite.OrmLiteReadCommandExtensions - SQL: exec AppGetWarnListByVillageAdcd @adcd
PARAMS: adcd=330521105018000
2017-11-09 18:35:58,504 [22] ServiceStack.OrmLite.OrmLiteReadCommandExtensions - SQL: exec AppGetWarnInfoByWarnEventId @warneventid,@villageadcd
PARAMS: warneventid=2, villageadcd=330521105018000
2017-11-09 18:35:58,804 [27] ServiceStack.OrmLite.OrmLiteReadCommandExtensions - SQL: exec AppGetGpsLocation @adcd,@warninfoid
PARAMS: adcd=330521105018000, warninfoid=16
2017-11-09 18:36:00,795 [25] ServiceStack.OrmLite.OrmLiteReadCommandExtensions - SQL: exec AppLvzhiMapGetPost @username,@warninfoid
PARAMS: username=18757215171, warninfoid=16
2017-11-09 18:36:00,873 [32] ServiceStack.OrmLite.OrmLiteReadCommandExtensions - SQL: exec AppGetTaskRecord @username,@warninfoid,@postcode
PARAMS: username=18757215171, warninfoid=16, postcode=管理员
2017-11-09 18:36:00,893 [37] ServiceStack.OrmLite.OrmLiteReadCommandExtensions - SQL: exec AppGetLvZhiPostionByUserName @username,@warninfoid,@postcode
PARAMS: username=18757215171, warninfoid=16, postcode=管理员
2017-11-09 18:36:02,622 [25] ServiceStack.OrmLite.OrmLiteReadCommandExtensions - SQL: exec AppGetTaskRecord @username,@warninfoid,@postcode
PARAMS: username=18757215171, warninfoid=16, postcode=联络员
2017-11-09 18:36:04,107 [35] ServiceStack.OrmLite.OrmLiteReadCommandExtensions - SQL: exec AppGetTaskRecord @username,@warninfoid,@postcode
PARAMS: username=18757215171, warninfoid=16, postcode=人员转移组
2017-11-09 18:36:25,988 [32] ServiceStack.OrmLite.OrmLiteReadCommandExtensions - SQL: SELECT TOP 1 "Id", "UserName", "PassWord", "RealName", "UserRealName", "Unit", "Position", "adcd", "Mobile", "isEnable", "loginNum" 
FROM "UserInfo"
WHERE ("UserName" = @0)
PARAMS: @0=13456949000
2017-11-09 18:36:30,237 [26] ServiceStack.OrmLite.OrmLiteReadCommandExtensions - SQL: SELECT "Id", "UserName", "PassWord", "RealName", "UserRealName", "Unit", "Position", "adcd", "Mobile", "isEnable", "loginNum" 
FROM "UserInfo"
WHERE ((("UserName" = @0) AND ("PassWord" = @1)) AND "isEnable"=1)
PARAMS: @0=13456949000, @1=anuaLf5Oup4NWeLv--K-uA2
2017-11-09 18:36:30,252 [26] ServiceStack.OrmLite.OrmLiteResultsFilterExtensions - SQL: UPDATE "UserInfo" SET "loginNum"=@1 WHERE ("Id" = @0)
PARAMS: @0=1515, @1=536
2017-11-09 18:36:30,288 [26] ServiceStack.OrmLite.OrmLiteReadCommandExtensions - SQL: SELECT UserInfo.*,UserRoleInfo.RoleID 
FROM "UserInfo" LEFT JOIN "UserRoleInfo" ON ("UserInfo"."Id" = "UserRoleInfo"."UserID")
WHERE ("UserInfo"."UserName" = @0)
PARAMS: @0=13456949000
2017-11-09 18:36:30,305 [26] ServiceStack.OrmLite.OrmLiteReadCommandExtensions - SQL: SELECT TOP 1 "Id", "parentId", "grade", "adcd", "adnm", "lng", "lat", "CreateTime", "operateLog" 
FROM "ADCDInfo"
WHERE ("adcd" = @0)
PARAMS: @0=330000000000000
2017-11-09 18:36:30,339 [26] ServiceStack.OrmLite.OrmLiteReadCommandExtensions - SQL: SELECT TOP 1 "Id", "parentId", "grade", "adcd", "adnm", "lng", "lat", "CreateTime", "operateLog" 
FROM "ADCDInfo"
WHERE ("adcd" = @0)
PARAMS: @0=330000000000000
2017-11-09 18:36:30,373 [26] ServiceStack.OrmLite.OrmLiteResultsFilterExtensions - SQL: INSERT INTO "LogInfo" ("OperationType","tm","adcd","UserName","RealName","Operation") VALUES (@OperationType,@tm,@adcd,@UserName,@RealName,@Operation)
PARAMS: @OperationType=登陆, @tm=2017/11/9 18:36:30, @adcd=330000000000000, @UserName=13456949000, @RealName=省, @Operation={"operateMsg":"登录系统，登录IP地址为：::1","operateTime":"\/Date(1510223790263+0800)\/","userName":"13456949000"}
2017-11-09 18:36:30,385 [26] ServiceStack.OrmLite.OrmLiteReadCommandExtensions - SQL: SELECT TOP 1 "Id", "UserName", "PassWord", "RealName", "UserRealName", "Unit", "Position", "adcd", "Mobile", "isEnable", "loginNum" 
FROM "UserInfo"
WHERE ("UserName" = @0)
PARAMS: @0=13456949000
2017-11-09 18:36:30,399 [26] ServiceStack.OrmLite.OrmLiteReadCommandExtensions - SQL: SELECT UserInfo.*,UserRoleInfo.RoleID 
FROM "UserInfo" LEFT JOIN "UserRoleInfo" ON ("UserInfo"."Id" = "UserRoleInfo"."UserID")
WHERE ("UserInfo"."UserName" = @0)
PARAMS: @0=13456949000
2017-11-09 18:36:30,414 [26] ServiceStack.OrmLite.OrmLiteReadCommandExtensions - SQL: SELECT TOP 1 "Id", "parentId", "grade", "adcd", "adnm", "lng", "lat", "CreateTime", "operateLog" 
FROM "ADCDInfo"
WHERE ("adcd" = @0)
PARAMS: @0=330000000000000
2017-11-09 18:36:30,450 [26] ServiceStack.OrmLite.OrmLiteReadCommandExtensions - SQL: SELECT TOP 1 "Id", "parentId", "grade", "adcd", "adnm", "lng", "lat", "CreateTime", "operateLog" 
FROM "ADCDInfo"
WHERE ("adcd" = @0)
PARAMS: @0=330000000000000
2017-11-09 18:36:30,484 [26] ServiceStack.OrmLite.OrmLiteReadCommandExtensions - SQL: SELECT TOP 1 "Id", "parentId", "grade", "adcd", "adnm", "lng", "lat", "CreateTime", "operateLog" 
FROM "ADCDInfo"
WHERE ("adcd" is null)
2017-11-09 18:36:30,505 [26] ServiceStack.OrmLite.OrmLiteReadCommandExtensions - SQL: SELECT TOP 1 "Id", "parentId", "grade", "adcd", "adnm", "lng", "lat", "CreateTime", "operateLog" 
FROM "ADCDInfo"
WHERE ("adcd" is null)
2017-11-09 18:36:30,524 [26] ServiceStack.OrmLite.OrmLiteReadCommandExtensions - SQL: SELECT TOP 1 "Id", "parentId", "grade", "adcd", "adnm", "lng", "lat", "CreateTime", "operateLog" 
FROM "ADCDInfo"
WHERE ("adcd" is null)
2017-11-09 18:36:30,545 [26] ServiceStack.OrmLite.OrmLiteReadCommandExtensions - SQL: SELECT UserInfo.*,UserRoleInfo.RoleID 
FROM "UserInfo" LEFT JOIN "UserRoleInfo" ON ("UserInfo"."Id" = "UserRoleInfo"."UserID")
WHERE ("UserInfo"."UserName" = @0)
PARAMS: @0=13456949000
2017-11-09 18:36:30,562 [26] ServiceStack.OrmLite.OrmLiteReadCommandExtensions - SQL: SELECT TOP 1 "Id", "parentId", "grade", "adcd", "adnm", "lng", "lat", "CreateTime", "operateLog" 
FROM "ADCDInfo"
WHERE ("adcd" = @0)
PARAMS: @0=330000000000000
2017-11-09 18:36:30,598 [26] ServiceStack.OrmLite.OrmLiteReadCommandExtensions - SQL: SELECT TOP 1 "Id", "parentId", "grade", "adcd", "adnm", "lng", "lat", "CreateTime", "operateLog" 
FROM "ADCDInfo"
WHERE ("adcd" = @0)
PARAMS: @0=330000000000000
2017-11-09 18:36:30,639 [31] Controller - UserSession失效，自动登录。
2017-11-09 18:36:30,644 [31] ServiceStack.OrmLite.OrmLiteReadCommandExtensions - SQL: SELECT TOP 1 "Id", "UserName", "PassWord", "RealName", "UserRealName", "Unit", "Position", "adcd", "Mobile", "isEnable", "loginNum" 
FROM "UserInfo"
WHERE ("UserName" = @0)
PARAMS: @0=13456949000
2017-11-09 18:36:30,658 [31] ServiceStack.OrmLite.OrmLiteReadCommandExtensions - SQL: SELECT UserInfo.*,UserRoleInfo.RoleID 
FROM "UserInfo" LEFT JOIN "UserRoleInfo" ON ("UserInfo"."Id" = "UserRoleInfo"."UserID")
WHERE ("UserInfo"."UserName" = @0)
PARAMS: @0=13456949000
2017-11-09 18:36:30,675 [31] ServiceStack.OrmLite.OrmLiteReadCommandExtensions - SQL: SELECT TOP 1 "Id", "parentId", "grade", "adcd", "adnm", "lng", "lat", "CreateTime", "operateLog" 
FROM "ADCDInfo"
WHERE ("adcd" = @0)
PARAMS: @0=330000000000000
2017-11-09 18:36:30,711 [31] ServiceStack.OrmLite.OrmLiteReadCommandExtensions - SQL: SELECT TOP 1 "Id", "parentId", "grade", "adcd", "adnm", "lng", "lat", "CreateTime", "operateLog" 
FROM "ADCDInfo"
WHERE ("adcd" = @0)
PARAMS: @0=330000000000000
2017-11-09 18:36:30,754 [31] ServiceStack.OrmLite.OrmLiteReadCommandExtensions - SQL: SELECT TOP 1 "Id", "parentId", "grade", "adcd", "adnm", "lng", "lat", "CreateTime", "operateLog" 
FROM "ADCDInfo"
WHERE ("adcd" = @0)
PARAMS: @0=330000000000000
2017-11-09 18:36:30,794 [31] ServiceStack.OrmLite.OrmLiteReadCommandExtensions - SQL: SELECT "Id", "parentId", "grade", "adcd", "adnm", "lng", "lat", "CreateTime", "operateLog" 
FROM "ADCDInfo"
WHERE ("adcd" = @0)
ORDER BY "adcd"
PARAMS: @0=330000000000000
2017-11-09 18:36:31,665 [30] ServiceStack.OrmLite.OrmLiteReadCommandExtensions - SQL: SELECT COUNT(*) 
FROM "ADCDInfo"
WHERE adcd like '33__00000000000' and adcd !='330000000000000'
2017-11-09 18:36:31,761 [30] ServiceStack.OrmLite.OrmLiteReadCommandExtensions - SQL: SELECT TOP 999 "Id", "parentId", "grade", "adcd", "adnm", "lng", "lat", "CreateTime", "operateLog" 
FROM "ADCDInfo"
WHERE adcd like '33__00000000000' and adcd !='330000000000000'
ORDER BY "adcd"
2017-11-09 18:36:33,875 [31] ServiceStack.OrmLite.OrmLiteReadCommandExtensions - SQL: SELECT "ADCDInfo"."Id", "ADCDInfo"."parentId", "ADCDInfo"."grade", "ADCDInfo"."adcd", "ADCDInfo"."adnm", "ADCDInfo"."lng", "ADCDInfo"."lat", "ADCDInfo"."CreateTime", "ADCDInfo"."operateLog" 
FROM "ADCDInfo"
WHERE ("adcd" = @0)
PARAMS: @0=330000000000000
2017-11-09 18:36:34,047 [30] ServiceStack.OrmLite.OrmLiteReadCommandExtensions - SQL: exec GetNextLevleAdcdInfoByAdcd @adcd
PARAMS: adcd=330000000000000
2017-11-09 18:36:35,830 [36] ServiceStack.OrmLite.OrmLiteReadCommandExtensions - SQL: SELECT "ADCDInfo"."Id", "ADCDInfo"."parentId", "ADCDInfo"."grade", "ADCDInfo"."adcd", "ADCDInfo"."adnm", "ADCDInfo"."lng", "ADCDInfo"."lat", "ADCDInfo"."CreateTime", "ADCDInfo"."operateLog" 
FROM "ADCDInfo"
WHERE ("adcd" = @0)
PARAMS: @0=330500000000000
2017-11-09 18:36:35,892 [26] ServiceStack.OrmLite.OrmLiteReadCommandExtensions - SQL: exec GetNextLevleAdcdInfoByAdcd @adcd
PARAMS: adcd=330500000000000
2017-11-09 18:36:36,045 [22] ServiceStack.OrmLite.OrmLiteReadCommandExtensions - SQL: SELECT "ADCDInfo"."Id", "ADCDInfo"."parentId", "ADCDInfo"."grade", "ADCDInfo"."adcd", "ADCDInfo"."adnm", "ADCDInfo"."lng", "ADCDInfo"."lat", "ADCDInfo"."CreateTime", "ADCDInfo"."operateLog" 
FROM "ADCDInfo"
WHERE ("adcd" = @0)
PARAMS: @0=330521000000000
2017-11-09 18:36:36,098 [30] ServiceStack.OrmLite.OrmLiteReadCommandExtensions - SQL: exec GetNextLevleAdcdInfoByAdcd @adcd
PARAMS: adcd=330521000000000
2017-11-09 18:36:37,652 [22] ServiceStack.OrmLite.OrmLiteReadCommandExtensions - SQL: SELECT "ADCDInfo"."Id", "ADCDInfo"."parentId", "ADCDInfo"."grade", "ADCDInfo"."adcd", "ADCDInfo"."adnm", "ADCDInfo"."lng", "ADCDInfo"."lat", "ADCDInfo"."CreateTime", "ADCDInfo"."operateLog" 
FROM "ADCDInfo"
WHERE ("adcd" = @0)
PARAMS: @0=330521113000000
2017-11-09 18:36:37,714 [31] ServiceStack.OrmLite.OrmLiteReadCommandExtensions - SQL: exec GetNextLevleAdcdInfoByAdcd @adcd
PARAMS: adcd=330521113000000
2017-11-09 18:36:38,664 [37] ServiceStack.OrmLite.OrmLiteReadCommandExtensions - SQL: SELECT "ADCDInfo"."Id", "ADCDInfo"."parentId", "ADCDInfo"."grade", "ADCDInfo"."adcd", "ADCDInfo"."adnm", "ADCDInfo"."lng", "ADCDInfo"."lat", "ADCDInfo"."CreateTime", "ADCDInfo"."operateLog" 
FROM "ADCDInfo"
WHERE ("adcd" = @0)
PARAMS: @0=330521000000000
2017-11-09 18:36:38,735 [35] ServiceStack.OrmLite.OrmLiteReadCommandExtensions - SQL: exec GetNextLevleAdcdInfoByAdcd @adcd
PARAMS: adcd=330521000000000
2017-11-09 18:36:39,874 [31] ServiceStack.OrmLite.OrmLiteReadCommandExtensions - SQL: SELECT "ADCDInfo"."Id", "ADCDInfo"."parentId", "ADCDInfo"."grade", "ADCDInfo"."adcd", "ADCDInfo"."adnm", "ADCDInfo"."lng", "ADCDInfo"."lat", "ADCDInfo"."CreateTime", "ADCDInfo"."operateLog" 
FROM "ADCDInfo"
WHERE ("adcd" = @0)
PARAMS: @0=330521105000000
2017-11-09 18:36:39,940 [22] ServiceStack.OrmLite.OrmLiteReadCommandExtensions - SQL: exec GetNextLevleAdcdInfoByAdcd @adcd
PARAMS: adcd=330521105000000
2017-11-09 18:36:41,584 [31] ServiceStack.OrmLite.OrmLiteReadCommandExtensions - SQL: exec AppGetWarnListByVillageAdcd @adcd
PARAMS: adcd=330521105018000
2017-11-09 18:36:43,286 [25] ServiceStack.OrmLite.OrmLiteReadCommandExtensions - SQL: exec AppGetWarnInfoByWarnEventId @warneventid,@villageadcd
PARAMS: warneventid=2, villageadcd=330521105018000
2017-11-09 18:36:43,435 [36] ServiceStack.OrmLite.OrmLiteReadCommandExtensions - SQL: exec AppGetGpsLocation @adcd,@warninfoid
PARAMS: adcd=330521105018000, warninfoid=16
2017-11-09 18:36:45,550 [38] ServiceStack.OrmLite.OrmLiteReadCommandExtensions - SQL: exec AppLvzhiMapGetPost @username,@warninfoid
PARAMS: username=18757215171, warninfoid=16
2017-11-09 18:36:45,615 [31] ServiceStack.OrmLite.OrmLiteReadCommandExtensions - SQL: exec AppGetTaskRecord @username,@warninfoid,@postcode
PARAMS: username=18757215171, warninfoid=16, postcode=管理员
2017-11-09 18:36:45,619 [14] ServiceStack.OrmLite.OrmLiteReadCommandExtensions - SQL: exec AppGetLvZhiPostionByUserName @username,@warninfoid,@postcode
PARAMS: username=18757215171, warninfoid=16, postcode=管理员
2017-11-09 18:36:46,508 [39] ServiceStack.OrmLite.OrmLiteReadCommandExtensions - SQL: exec AppGetTaskRecord @username,@warninfoid,@postcode
PARAMS: username=18757215171, warninfoid=16, postcode=联络员
2017-11-09 18:36:48,172 [30] ServiceStack.OrmLite.OrmLiteReadCommandExtensions - SQL: exec AppGetTaskRecord @username,@warninfoid,@postcode
PARAMS: username=18757215171, warninfoid=16, postcode=人员转移组
2017-11-09 18:36:49,357 [35] ServiceStack.OrmLite.OrmLiteReadCommandExtensions - SQL: exec AppGetTaskRecord @username,@warninfoid,@postcode
PARAMS: username=18757215171, warninfoid=16, postcode=预警员
2017-11-09 18:36:50,316 [37] ServiceStack.OrmLite.OrmLiteReadCommandExtensions - SQL: exec AppGetTaskRecord @username,@warninfoid,@postcode
PARAMS: username=18757215171, warninfoid=16, postcode=管理员
