2017-10-27 08:40:01,689 [16] ServiceStack.OrmLite.OrmLiteWriteCommandExtensions - System.FormatException: 输入字符串的格式不正确。
   在 System.Number.StringToNumber(String str, NumberStyles options, NumberBuffer& number, NumberFormatInfo info, Boolean parseDecimal)
   在 System.Number.ParseInt32(String s, NumberStyles style, NumberFormatInfo info)
   在 System.String.System.IConvertible.ToInt32(IFormatProvider provider)
   在 ServiceStack.OrmLite.OrmLiteConverterExtensions.ConvertNumber(IOrmLiteDialectProvider dialectProvider, Type toIntegerType, Object value)
   在 ServiceStack.OrmLite.Converters.IntegerConverter.FromDbValue(Type fieldType, Object value)
   在 ServiceStack.OrmLite.OrmLiteWriteCommandExtensions.PopulateWithSqlReader[T](T objWithProperties, IOrmLiteDialectProvider dialectProvider, IDataReader reader, Tuple`3[] indexCache, Object[] values)
2017-10-27 08:40:01,710 [16] ServiceStack.OrmLite.OrmLiteWriteCommandExtensions - System.FormatException: 输入字符串的格式不正确。
   在 System.Number.StringToNumber(String str, NumberStyles options, NumberBuffer& number, NumberFormatInfo info, Boolean parseDecimal)
   在 System.Number.ParseInt32(String s, NumberStyles style, NumberFormatInfo info)
   在 System.String.System.IConvertible.ToInt32(IFormatProvider provider)
   在 ServiceStack.OrmLite.OrmLiteConverterExtensions.ConvertNumber(IOrmLiteDialectProvider dialectProvider, Type toIntegerType, Object value)
   在 ServiceStack.OrmLite.Converters.IntegerConverter.FromDbValue(Type fieldType, Object value)
   在 ServiceStack.OrmLite.OrmLiteWriteCommandExtensions.PopulateWithSqlReader[T](T objWithProperties, IOrmLiteDialectProvider dialectProvider, IDataReader reader, Tuple`3[] indexCache, Object[] values)
2017-10-27 08:40:01,726 [16] ServiceStack.OrmLite.OrmLiteWriteCommandExtensions - System.FormatException: 输入字符串的格式不正确。
   在 System.Number.StringToNumber(String str, NumberStyles options, NumberBuffer& number, NumberFormatInfo info, Boolean parseDecimal)
   在 System.Number.ParseInt32(String s, NumberStyles style, NumberFormatInfo info)
   在 System.String.System.IConvertible.ToInt32(IFormatProvider provider)
   在 ServiceStack.OrmLite.OrmLiteConverterExtensions.ConvertNumber(IOrmLiteDialectProvider dialectProvider, Type toIntegerType, Object value)
   在 ServiceStack.OrmLite.Converters.IntegerConverter.FromDbValue(Type fieldType, Object value)
   在 ServiceStack.OrmLite.OrmLiteWriteCommandExtensions.PopulateWithSqlReader[T](T objWithProperties, IOrmLiteDialectProvider dialectProvider, IDataReader reader, Tuple`3[] indexCache, Object[] values)
2017-10-27 08:40:01,738 [16] ServiceStack.OrmLite.OrmLiteWriteCommandExtensions - System.FormatException: 输入字符串的格式不正确。
   在 System.Number.StringToNumber(String str, NumberStyles options, NumberBuffer& number, NumberFormatInfo info, Boolean parseDecimal)
   在 System.Number.ParseInt32(String s, NumberStyles style, NumberFormatInfo info)
   在 System.String.System.IConvertible.ToInt32(IFormatProvider provider)
   在 ServiceStack.OrmLite.OrmLiteConverterExtensions.ConvertNumber(IOrmLiteDialectProvider dialectProvider, Type toIntegerType, Object value)
   在 ServiceStack.OrmLite.Converters.IntegerConverter.FromDbValue(Type fieldType, Object value)
   在 ServiceStack.OrmLite.OrmLiteWriteCommandExtensions.PopulateWithSqlReader[T](T objWithProperties, IOrmLiteDialectProvider dialectProvider, IDataReader reader, Tuple`3[] indexCache, Object[] values)
2017-10-27 08:40:01,750 [16] ServiceStack.OrmLite.OrmLiteWriteCommandExtensions - System.FormatException: 输入字符串的格式不正确。
   在 System.Number.StringToNumber(String str, NumberStyles options, NumberBuffer& number, NumberFormatInfo info, Boolean parseDecimal)
   在 System.Number.ParseInt32(String s, NumberStyles style, NumberFormatInfo info)
   在 System.String.System.IConvertible.ToInt32(IFormatProvider provider)
   在 ServiceStack.OrmLite.OrmLiteConverterExtensions.ConvertNumber(IOrmLiteDialectProvider dialectProvider, Type toIntegerType, Object value)
   在 ServiceStack.OrmLite.Converters.IntegerConverter.FromDbValue(Type fieldType, Object value)
   在 ServiceStack.OrmLite.OrmLiteWriteCommandExtensions.PopulateWithSqlReader[T](T objWithProperties, IOrmLiteDialectProvider dialectProvider, IDataReader reader, Tuple`3[] indexCache, Object[] values)
2017-10-27 08:40:01,764 [16] ServiceStack.OrmLite.OrmLiteWriteCommandExtensions - System.FormatException: 输入字符串的格式不正确。
   在 System.Number.StringToNumber(String str, NumberStyles options, NumberBuffer& number, NumberFormatInfo info, Boolean parseDecimal)
   在 System.Number.ParseInt32(String s, NumberStyles style, NumberFormatInfo info)
   在 System.String.System.IConvertible.ToInt32(IFormatProvider provider)
   在 ServiceStack.OrmLite.OrmLiteConverterExtensions.ConvertNumber(IOrmLiteDialectProvider dialectProvider, Type toIntegerType, Object value)
   在 ServiceStack.OrmLite.Converters.IntegerConverter.FromDbValue(Type fieldType, Object value)
   在 ServiceStack.OrmLite.OrmLiteWriteCommandExtensions.PopulateWithSqlReader[T](T objWithProperties, IOrmLiteDialectProvider dialectProvider, IDataReader reader, Tuple`3[] indexCache, Object[] values)
2017-10-27 08:40:01,776 [16] ServiceStack.OrmLite.OrmLiteWriteCommandExtensions - System.FormatException: 输入字符串的格式不正确。
   在 System.Number.StringToNumber(String str, NumberStyles options, NumberBuffer& number, NumberFormatInfo info, Boolean parseDecimal)
   在 System.Number.ParseInt32(String s, NumberStyles style, NumberFormatInfo info)
   在 System.String.System.IConvertible.ToInt32(IFormatProvider provider)
   在 ServiceStack.OrmLite.OrmLiteConverterExtensions.ConvertNumber(IOrmLiteDialectProvider dialectProvider, Type toIntegerType, Object value)
   在 ServiceStack.OrmLite.Converters.IntegerConverter.FromDbValue(Type fieldType, Object value)
   在 ServiceStack.OrmLite.OrmLiteWriteCommandExtensions.PopulateWithSqlReader[T](T objWithProperties, IOrmLiteDialectProvider dialectProvider, IDataReader reader, Tuple`3[] indexCache, Object[] values)
2017-10-27 08:40:01,789 [16] ServiceStack.OrmLite.OrmLiteWriteCommandExtensions - System.FormatException: 输入字符串的格式不正确。
   在 System.Number.StringToNumber(String str, NumberStyles options, NumberBuffer& number, NumberFormatInfo info, Boolean parseDecimal)
   在 System.Number.ParseInt32(String s, NumberStyles style, NumberFormatInfo info)
   在 System.String.System.IConvertible.ToInt32(IFormatProvider provider)
   在 ServiceStack.OrmLite.OrmLiteConverterExtensions.ConvertNumber(IOrmLiteDialectProvider dialectProvider, Type toIntegerType, Object value)
   在 ServiceStack.OrmLite.Converters.IntegerConverter.FromDbValue(Type fieldType, Object value)
   在 ServiceStack.OrmLite.OrmLiteWriteCommandExtensions.PopulateWithSqlReader[T](T objWithProperties, IOrmLiteDialectProvider dialectProvider, IDataReader reader, Tuple`3[] indexCache, Object[] values)
2017-10-27 08:40:01,801 [16] ServiceStack.OrmLite.OrmLiteWriteCommandExtensions - System.FormatException: 输入字符串的格式不正确。
   在 System.Number.StringToNumber(String str, NumberStyles options, NumberBuffer& number, NumberFormatInfo info, Boolean parseDecimal)
   在 System.Number.ParseInt32(String s, NumberStyles style, NumberFormatInfo info)
   在 System.String.System.IConvertible.ToInt32(IFormatProvider provider)
   在 ServiceStack.OrmLite.OrmLiteConverterExtensions.ConvertNumber(IOrmLiteDialectProvider dialectProvider, Type toIntegerType, Object value)
   在 ServiceStack.OrmLite.Converters.IntegerConverter.FromDbValue(Type fieldType, Object value)
   在 ServiceStack.OrmLite.OrmLiteWriteCommandExtensions.PopulateWithSqlReader[T](T objWithProperties, IOrmLiteDialectProvider dialectProvider, IDataReader reader, Tuple`3[] indexCache, Object[] values)
2017-10-27 08:40:01,813 [16] ServiceStack.OrmLite.OrmLiteWriteCommandExtensions - System.FormatException: 输入字符串的格式不正确。
   在 System.Number.StringToNumber(String str, NumberStyles options, NumberBuffer& number, NumberFormatInfo info, Boolean parseDecimal)
   在 System.Number.ParseInt32(String s, NumberStyles style, NumberFormatInfo info)
   在 System.String.System.IConvertible.ToInt32(IFormatProvider provider)
   在 ServiceStack.OrmLite.OrmLiteConverterExtensions.ConvertNumber(IOrmLiteDialectProvider dialectProvider, Type toIntegerType, Object value)
   在 ServiceStack.OrmLite.Converters.IntegerConverter.FromDbValue(Type fieldType, Object value)
   在 ServiceStack.OrmLite.OrmLiteWriteCommandExtensions.PopulateWithSqlReader[T](T objWithProperties, IOrmLiteDialectProvider dialectProvider, IDataReader reader, Tuple`3[] indexCache, Object[] values)
2017-10-27 08:40:01,826 [16] ServiceStack.OrmLite.OrmLiteWriteCommandExtensions - System.FormatException: 输入字符串的格式不正确。
   在 System.Number.StringToNumber(String str, NumberStyles options, NumberBuffer& number, NumberFormatInfo info, Boolean parseDecimal)
   在 System.Number.ParseInt32(String s, NumberStyles style, NumberFormatInfo info)
   在 System.String.System.IConvertible.ToInt32(IFormatProvider provider)
   在 ServiceStack.OrmLite.OrmLiteConverterExtensions.ConvertNumber(IOrmLiteDialectProvider dialectProvider, Type toIntegerType, Object value)
   在 ServiceStack.OrmLite.Converters.IntegerConverter.FromDbValue(Type fieldType, Object value)
   在 ServiceStack.OrmLite.OrmLiteWriteCommandExtensions.PopulateWithSqlReader[T](T objWithProperties, IOrmLiteDialectProvider dialectProvider, IDataReader reader, Tuple`3[] indexCache, Object[] values)
2017-10-27 08:40:01,840 [16] ServiceStack.OrmLite.OrmLiteWriteCommandExtensions - System.FormatException: 输入字符串的格式不正确。
   在 System.Number.StringToNumber(String str, NumberStyles options, NumberBuffer& number, NumberFormatInfo info, Boolean parseDecimal)
   在 System.Number.ParseInt32(String s, NumberStyles style, NumberFormatInfo info)
   在 System.String.System.IConvertible.ToInt32(IFormatProvider provider)
   在 ServiceStack.OrmLite.OrmLiteConverterExtensions.ConvertNumber(IOrmLiteDialectProvider dialectProvider, Type toIntegerType, Object value)
   在 ServiceStack.OrmLite.Converters.IntegerConverter.FromDbValue(Type fieldType, Object value)
   在 ServiceStack.OrmLite.OrmLiteWriteCommandExtensions.PopulateWithSqlReader[T](T objWithProperties, IOrmLiteDialectProvider dialectProvider, IDataReader reader, Tuple`3[] indexCache, Object[] values)
2017-10-27 08:40:01,854 [16] ServiceStack.OrmLite.OrmLiteWriteCommandExtensions - System.FormatException: 输入字符串的格式不正确。
   在 System.Number.StringToNumber(String str, NumberStyles options, NumberBuffer& number, NumberFormatInfo info, Boolean parseDecimal)
   在 System.Number.ParseInt32(String s, NumberStyles style, NumberFormatInfo info)
   在 System.String.System.IConvertible.ToInt32(IFormatProvider provider)
   在 ServiceStack.OrmLite.OrmLiteConverterExtensions.ConvertNumber(IOrmLiteDialectProvider dialectProvider, Type toIntegerType, Object value)
   在 ServiceStack.OrmLite.Converters.IntegerConverter.FromDbValue(Type fieldType, Object value)
   在 ServiceStack.OrmLite.OrmLiteWriteCommandExtensions.PopulateWithSqlReader[T](T objWithProperties, IOrmLiteDialectProvider dialectProvider, IDataReader reader, Tuple`3[] indexCache, Object[] values)
2017-10-27 08:40:01,899 [16] ServiceStack.OrmLite.OrmLiteWriteCommandExtensions - System.FormatException: 输入字符串的格式不正确。
   在 System.Number.StringToNumber(String str, NumberStyles options, NumberBuffer& number, NumberFormatInfo info, Boolean parseDecimal)
   在 System.Number.ParseInt32(String s, NumberStyles style, NumberFormatInfo info)
   在 System.String.System.IConvertible.ToInt32(IFormatProvider provider)
   在 ServiceStack.OrmLite.OrmLiteConverterExtensions.ConvertNumber(IOrmLiteDialectProvider dialectProvider, Type toIntegerType, Object value)
   在 ServiceStack.OrmLite.Converters.IntegerConverter.FromDbValue(Type fieldType, Object value)
   在 ServiceStack.OrmLite.OrmLiteWriteCommandExtensions.PopulateWithSqlReader[T](T objWithProperties, IOrmLiteDialectProvider dialectProvider, IDataReader reader, Tuple`3[] indexCache, Object[] values)
2017-10-27 08:40:01,929 [16] ServiceStack.OrmLite.OrmLiteWriteCommandExtensions - System.FormatException: 输入字符串的格式不正确。
   在 System.Number.StringToNumber(String str, NumberStyles options, NumberBuffer& number, NumberFormatInfo info, Boolean parseDecimal)
   在 System.Number.ParseInt32(String s, NumberStyles style, NumberFormatInfo info)
   在 System.String.System.IConvertible.ToInt32(IFormatProvider provider)
   在 ServiceStack.OrmLite.OrmLiteConverterExtensions.ConvertNumber(IOrmLiteDialectProvider dialectProvider, Type toIntegerType, Object value)
   在 ServiceStack.OrmLite.Converters.IntegerConverter.FromDbValue(Type fieldType, Object value)
   在 ServiceStack.OrmLite.OrmLiteWriteCommandExtensions.PopulateWithSqlReader[T](T objWithProperties, IOrmLiteDialectProvider dialectProvider, IDataReader reader, Tuple`3[] indexCache, Object[] values)
2017-10-27 08:40:01,944 [16] ServiceStack.OrmLite.OrmLiteWriteCommandExtensions - System.FormatException: 输入字符串的格式不正确。
   在 System.Number.StringToNumber(String str, NumberStyles options, NumberBuffer& number, NumberFormatInfo info, Boolean parseDecimal)
   在 System.Number.ParseInt32(String s, NumberStyles style, NumberFormatInfo info)
   在 System.String.System.IConvertible.ToInt32(IFormatProvider provider)
   在 ServiceStack.OrmLite.OrmLiteConverterExtensions.ConvertNumber(IOrmLiteDialectProvider dialectProvider, Type toIntegerType, Object value)
   在 ServiceStack.OrmLite.Converters.IntegerConverter.FromDbValue(Type fieldType, Object value)
   在 ServiceStack.OrmLite.OrmLiteWriteCommandExtensions.PopulateWithSqlReader[T](T objWithProperties, IOrmLiteDialectProvider dialectProvider, IDataReader reader, Tuple`3[] indexCache, Object[] values)
2017-10-27 08:40:01,957 [16] ServiceStack.OrmLite.OrmLiteWriteCommandExtensions - System.FormatException: 输入字符串的格式不正确。
   在 System.Number.StringToNumber(String str, NumberStyles options, NumberBuffer& number, NumberFormatInfo info, Boolean parseDecimal)
   在 System.Number.ParseInt32(String s, NumberStyles style, NumberFormatInfo info)
   在 System.String.System.IConvertible.ToInt32(IFormatProvider provider)
   在 ServiceStack.OrmLite.OrmLiteConverterExtensions.ConvertNumber(IOrmLiteDialectProvider dialectProvider, Type toIntegerType, Object value)
   在 ServiceStack.OrmLite.Converters.IntegerConverter.FromDbValue(Type fieldType, Object value)
   在 ServiceStack.OrmLite.OrmLiteWriteCommandExtensions.PopulateWithSqlReader[T](T objWithProperties, IOrmLiteDialectProvider dialectProvider, IDataReader reader, Tuple`3[] indexCache, Object[] values)
2017-10-27 08:40:01,968 [16] ServiceStack.OrmLite.OrmLiteWriteCommandExtensions - System.FormatException: 输入字符串的格式不正确。
   在 System.Number.StringToNumber(String str, NumberStyles options, NumberBuffer& number, NumberFormatInfo info, Boolean parseDecimal)
   在 System.Number.ParseInt32(String s, NumberStyles style, NumberFormatInfo info)
   在 System.String.System.IConvertible.ToInt32(IFormatProvider provider)
   在 ServiceStack.OrmLite.OrmLiteConverterExtensions.ConvertNumber(IOrmLiteDialectProvider dialectProvider, Type toIntegerType, Object value)
   在 ServiceStack.OrmLite.Converters.IntegerConverter.FromDbValue(Type fieldType, Object value)
   在 ServiceStack.OrmLite.OrmLiteWriteCommandExtensions.PopulateWithSqlReader[T](T objWithProperties, IOrmLiteDialectProvider dialectProvider, IDataReader reader, Tuple`3[] indexCache, Object[] values)
2017-10-27 08:40:01,973 [16] ServiceStack.OrmLite.OrmLiteWriteCommandExtensions - System.FormatException: 输入字符串的格式不正确。
   在 System.Number.StringToNumber(String str, NumberStyles options, NumberBuffer& number, NumberFormatInfo info, Boolean parseDecimal)
   在 System.Number.ParseInt32(String s, NumberStyles style, NumberFormatInfo info)
   在 System.String.System.IConvertible.ToInt32(IFormatProvider provider)
   在 ServiceStack.OrmLite.OrmLiteConverterExtensions.ConvertNumber(IOrmLiteDialectProvider dialectProvider, Type toIntegerType, Object value)
   在 ServiceStack.OrmLite.Converters.IntegerConverter.FromDbValue(Type fieldType, Object value)
   在 ServiceStack.OrmLite.OrmLiteWriteCommandExtensions.PopulateWithSqlReader[T](T objWithProperties, IOrmLiteDialectProvider dialectProvider, IDataReader reader, Tuple`3[] indexCache, Object[] values)
2017-10-27 08:40:01,997 [16] ServiceStack.OrmLite.OrmLiteWriteCommandExtensions - System.FormatException: 输入字符串的格式不正确。
   在 System.Number.StringToNumber(String str, NumberStyles options, NumberBuffer& number, NumberFormatInfo info, Boolean parseDecimal)
   在 System.Number.ParseInt32(String s, NumberStyles style, NumberFormatInfo info)
   在 System.String.System.IConvertible.ToInt32(IFormatProvider provider)
   在 ServiceStack.OrmLite.OrmLiteConverterExtensions.ConvertNumber(IOrmLiteDialectProvider dialectProvider, Type toIntegerType, Object value)
   在 ServiceStack.OrmLite.Converters.IntegerConverter.FromDbValue(Type fieldType, Object value)
   在 ServiceStack.OrmLite.OrmLiteWriteCommandExtensions.PopulateWithSqlReader[T](T objWithProperties, IOrmLiteDialectProvider dialectProvider, IDataReader reader, Tuple`3[] indexCache, Object[] values)
2017-10-27 08:40:02,010 [16] ServiceStack.OrmLite.OrmLiteWriteCommandExtensions - System.FormatException: 输入字符串的格式不正确。
   在 System.Number.StringToNumber(String str, NumberStyles options, NumberBuffer& number, NumberFormatInfo info, Boolean parseDecimal)
   在 System.Number.ParseInt32(String s, NumberStyles style, NumberFormatInfo info)
   在 System.String.System.IConvertible.ToInt32(IFormatProvider provider)
   在 ServiceStack.OrmLite.OrmLiteConverterExtensions.ConvertNumber(IOrmLiteDialectProvider dialectProvider, Type toIntegerType, Object value)
   在 ServiceStack.OrmLite.Converters.IntegerConverter.FromDbValue(Type fieldType, Object value)
   在 ServiceStack.OrmLite.OrmLiteWriteCommandExtensions.PopulateWithSqlReader[T](T objWithProperties, IOrmLiteDialectProvider dialectProvider, IDataReader reader, Tuple`3[] indexCache, Object[] values)
2017-10-27 08:40:02,025 [16] ServiceStack.OrmLite.OrmLiteWriteCommandExtensions - System.FormatException: 输入字符串的格式不正确。
   在 System.Number.StringToNumber(String str, NumberStyles options, NumberBuffer& number, NumberFormatInfo info, Boolean parseDecimal)
   在 System.Number.ParseInt32(String s, NumberStyles style, NumberFormatInfo info)
   在 System.String.System.IConvertible.ToInt32(IFormatProvider provider)
   在 ServiceStack.OrmLite.OrmLiteConverterExtensions.ConvertNumber(IOrmLiteDialectProvider dialectProvider, Type toIntegerType, Object value)
   在 ServiceStack.OrmLite.Converters.IntegerConverter.FromDbValue(Type fieldType, Object value)
   在 ServiceStack.OrmLite.OrmLiteWriteCommandExtensions.PopulateWithSqlReader[T](T objWithProperties, IOrmLiteDialectProvider dialectProvider, IDataReader reader, Tuple`3[] indexCache, Object[] values)
2017-10-27 08:40:02,039 [16] ServiceStack.OrmLite.OrmLiteWriteCommandExtensions - System.FormatException: 输入字符串的格式不正确。
   在 System.Number.StringToNumber(String str, NumberStyles options, NumberBuffer& number, NumberFormatInfo info, Boolean parseDecimal)
   在 System.Number.ParseInt32(String s, NumberStyles style, NumberFormatInfo info)
   在 System.String.System.IConvertible.ToInt32(IFormatProvider provider)
   在 ServiceStack.OrmLite.OrmLiteConverterExtensions.ConvertNumber(IOrmLiteDialectProvider dialectProvider, Type toIntegerType, Object value)
   在 ServiceStack.OrmLite.Converters.IntegerConverter.FromDbValue(Type fieldType, Object value)
   在 ServiceStack.OrmLite.OrmLiteWriteCommandExtensions.PopulateWithSqlReader[T](T objWithProperties, IOrmLiteDialectProvider dialectProvider, IDataReader reader, Tuple`3[] indexCache, Object[] values)
2017-10-27 08:40:02,053 [16] ServiceStack.OrmLite.OrmLiteWriteCommandExtensions - System.FormatException: 输入字符串的格式不正确。
   在 System.Number.StringToNumber(String str, NumberStyles options, NumberBuffer& number, NumberFormatInfo info, Boolean parseDecimal)
   在 System.Number.ParseInt32(String s, NumberStyles style, NumberFormatInfo info)
   在 System.String.System.IConvertible.ToInt32(IFormatProvider provider)
   在 ServiceStack.OrmLite.OrmLiteConverterExtensions.ConvertNumber(IOrmLiteDialectProvider dialectProvider, Type toIntegerType, Object value)
   在 ServiceStack.OrmLite.Converters.IntegerConverter.FromDbValue(Type fieldType, Object value)
   在 ServiceStack.OrmLite.OrmLiteWriteCommandExtensions.PopulateWithSqlReader[T](T objWithProperties, IOrmLiteDialectProvider dialectProvider, IDataReader reader, Tuple`3[] indexCache, Object[] values)
2017-10-27 08:40:02,056 [16] ServiceStack.OrmLite.OrmLiteWriteCommandExtensions - System.FormatException: 输入字符串的格式不正确。
   在 System.Number.StringToNumber(String str, NumberStyles options, NumberBuffer& number, NumberFormatInfo info, Boolean parseDecimal)
   在 System.Number.ParseInt32(String s, NumberStyles style, NumberFormatInfo info)
   在 System.String.System.IConvertible.ToInt32(IFormatProvider provider)
   在 ServiceStack.OrmLite.OrmLiteConverterExtensions.ConvertNumber(IOrmLiteDialectProvider dialectProvider, Type toIntegerType, Object value)
   在 ServiceStack.OrmLite.Converters.IntegerConverter.FromDbValue(Type fieldType, Object value)
   在 ServiceStack.OrmLite.OrmLiteWriteCommandExtensions.PopulateWithSqlReader[T](T objWithProperties, IOrmLiteDialectProvider dialectProvider, IDataReader reader, Tuple`3[] indexCache, Object[] values)
2017-10-27 08:40:02,080 [16] ServiceStack.OrmLite.OrmLiteWriteCommandExtensions - System.FormatException: 输入字符串的格式不正确。
   在 System.Number.StringToNumber(String str, NumberStyles options, NumberBuffer& number, NumberFormatInfo info, Boolean parseDecimal)
   在 System.Number.ParseInt32(String s, NumberStyles style, NumberFormatInfo info)
   在 System.String.System.IConvertible.ToInt32(IFormatProvider provider)
   在 ServiceStack.OrmLite.OrmLiteConverterExtensions.ConvertNumber(IOrmLiteDialectProvider dialectProvider, Type toIntegerType, Object value)
   在 ServiceStack.OrmLite.Converters.IntegerConverter.FromDbValue(Type fieldType, Object value)
   在 ServiceStack.OrmLite.OrmLiteWriteCommandExtensions.PopulateWithSqlReader[T](T objWithProperties, IOrmLiteDialectProvider dialectProvider, IDataReader reader, Tuple`3[] indexCache, Object[] values)
2017-10-27 08:40:34,593 [6] ServiceStack.OrmLite.OrmLiteWriteCommandExtensions - System.FormatException: 输入字符串的格式不正确。
   在 System.Number.StringToNumber(String str, NumberStyles options, NumberBuffer& number, NumberFormatInfo info, Boolean parseDecimal)
   在 System.Number.ParseInt32(String s, NumberStyles style, NumberFormatInfo info)
   在 System.String.System.IConvertible.ToInt32(IFormatProvider provider)
   在 ServiceStack.OrmLite.OrmLiteConverterExtensions.ConvertNumber(IOrmLiteDialectProvider dialectProvider, Type toIntegerType, Object value)
   在 ServiceStack.OrmLite.Converters.IntegerConverter.FromDbValue(Type fieldType, Object value)
   在 ServiceStack.OrmLite.OrmLiteWriteCommandExtensions.PopulateWithSqlReader[T](T objWithProperties, IOrmLiteDialectProvider dialectProvider, IDataReader reader, Tuple`3[] indexCache, Object[] values)
2017-10-27 08:40:34,625 [6] ServiceStack.OrmLite.OrmLiteWriteCommandExtensions - System.FormatException: 输入字符串的格式不正确。
   在 System.Number.StringToNumber(String str, NumberStyles options, NumberBuffer& number, NumberFormatInfo info, Boolean parseDecimal)
   在 System.Number.ParseInt32(String s, NumberStyles style, NumberFormatInfo info)
   在 System.String.System.IConvertible.ToInt32(IFormatProvider provider)
   在 ServiceStack.OrmLite.OrmLiteConverterExtensions.ConvertNumber(IOrmLiteDialectProvider dialectProvider, Type toIntegerType, Object value)
   在 ServiceStack.OrmLite.Converters.IntegerConverter.FromDbValue(Type fieldType, Object value)
   在 ServiceStack.OrmLite.OrmLiteWriteCommandExtensions.PopulateWithSqlReader[T](T objWithProperties, IOrmLiteDialectProvider dialectProvider, IDataReader reader, Tuple`3[] indexCache, Object[] values)
2017-10-27 08:40:34,655 [6] ServiceStack.OrmLite.OrmLiteWriteCommandExtensions - System.FormatException: 输入字符串的格式不正确。
   在 System.Number.StringToNumber(String str, NumberStyles options, NumberBuffer& number, NumberFormatInfo info, Boolean parseDecimal)
   在 System.Number.ParseInt32(String s, NumberStyles style, NumberFormatInfo info)
   在 System.String.System.IConvertible.ToInt32(IFormatProvider provider)
   在 ServiceStack.OrmLite.OrmLiteConverterExtensions.ConvertNumber(IOrmLiteDialectProvider dialectProvider, Type toIntegerType, Object value)
   在 ServiceStack.OrmLite.Converters.IntegerConverter.FromDbValue(Type fieldType, Object value)
   在 ServiceStack.OrmLite.OrmLiteWriteCommandExtensions.PopulateWithSqlReader[T](T objWithProperties, IOrmLiteDialectProvider dialectProvider, IDataReader reader, Tuple`3[] indexCache, Object[] values)
2017-10-27 08:40:34,674 [6] ServiceStack.OrmLite.OrmLiteWriteCommandExtensions - System.FormatException: 输入字符串的格式不正确。
   在 System.Number.StringToNumber(String str, NumberStyles options, NumberBuffer& number, NumberFormatInfo info, Boolean parseDecimal)
   在 System.Number.ParseInt32(String s, NumberStyles style, NumberFormatInfo info)
   在 System.String.System.IConvertible.ToInt32(IFormatProvider provider)
   在 ServiceStack.OrmLite.OrmLiteConverterExtensions.ConvertNumber(IOrmLiteDialectProvider dialectProvider, Type toIntegerType, Object value)
   在 ServiceStack.OrmLite.Converters.IntegerConverter.FromDbValue(Type fieldType, Object value)
   在 ServiceStack.OrmLite.OrmLiteWriteCommandExtensions.PopulateWithSqlReader[T](T objWithProperties, IOrmLiteDialectProvider dialectProvider, IDataReader reader, Tuple`3[] indexCache, Object[] values)
2017-10-27 08:40:34,690 [6] ServiceStack.OrmLite.OrmLiteWriteCommandExtensions - System.FormatException: 输入字符串的格式不正确。
   在 System.Number.StringToNumber(String str, NumberStyles options, NumberBuffer& number, NumberFormatInfo info, Boolean parseDecimal)
   在 System.Number.ParseInt32(String s, NumberStyles style, NumberFormatInfo info)
   在 System.String.System.IConvertible.ToInt32(IFormatProvider provider)
   在 ServiceStack.OrmLite.OrmLiteConverterExtensions.ConvertNumber(IOrmLiteDialectProvider dialectProvider, Type toIntegerType, Object value)
   在 ServiceStack.OrmLite.Converters.IntegerConverter.FromDbValue(Type fieldType, Object value)
   在 ServiceStack.OrmLite.OrmLiteWriteCommandExtensions.PopulateWithSqlReader[T](T objWithProperties, IOrmLiteDialectProvider dialectProvider, IDataReader reader, Tuple`3[] indexCache, Object[] values)
2017-10-27 08:40:34,701 [6] ServiceStack.OrmLite.OrmLiteWriteCommandExtensions - System.FormatException: 输入字符串的格式不正确。
   在 System.Number.StringToNumber(String str, NumberStyles options, NumberBuffer& number, NumberFormatInfo info, Boolean parseDecimal)
   在 System.Number.ParseInt32(String s, NumberStyles style, NumberFormatInfo info)
   在 System.String.System.IConvertible.ToInt32(IFormatProvider provider)
   在 ServiceStack.OrmLite.OrmLiteConverterExtensions.ConvertNumber(IOrmLiteDialectProvider dialectProvider, Type toIntegerType, Object value)
   在 ServiceStack.OrmLite.Converters.IntegerConverter.FromDbValue(Type fieldType, Object value)
   在 ServiceStack.OrmLite.OrmLiteWriteCommandExtensions.PopulateWithSqlReader[T](T objWithProperties, IOrmLiteDialectProvider dialectProvider, IDataReader reader, Tuple`3[] indexCache, Object[] values)
2017-10-27 08:40:34,701 [6] ServiceStack.OrmLite.OrmLiteWriteCommandExtensions - System.FormatException: 输入字符串的格式不正确。
   在 System.Number.StringToNumber(String str, NumberStyles options, NumberBuffer& number, NumberFormatInfo info, Boolean parseDecimal)
   在 System.Number.ParseInt32(String s, NumberStyles style, NumberFormatInfo info)
   在 System.String.System.IConvertible.ToInt32(IFormatProvider provider)
   在 ServiceStack.OrmLite.OrmLiteConverterExtensions.ConvertNumber(IOrmLiteDialectProvider dialectProvider, Type toIntegerType, Object value)
   在 ServiceStack.OrmLite.Converters.IntegerConverter.FromDbValue(Type fieldType, Object value)
   在 ServiceStack.OrmLite.OrmLiteWriteCommandExtensions.PopulateWithSqlReader[T](T objWithProperties, IOrmLiteDialectProvider dialectProvider, IDataReader reader, Tuple`3[] indexCache, Object[] values)
2017-10-27 08:40:34,734 [6] ServiceStack.OrmLite.OrmLiteWriteCommandExtensions - System.FormatException: 输入字符串的格式不正确。
   在 System.Number.StringToNumber(String str, NumberStyles options, NumberBuffer& number, NumberFormatInfo info, Boolean parseDecimal)
   在 System.Number.ParseInt32(String s, NumberStyles style, NumberFormatInfo info)
   在 System.String.System.IConvertible.ToInt32(IFormatProvider provider)
   在 ServiceStack.OrmLite.OrmLiteConverterExtensions.ConvertNumber(IOrmLiteDialectProvider dialectProvider, Type toIntegerType, Object value)
   在 ServiceStack.OrmLite.Converters.IntegerConverter.FromDbValue(Type fieldType, Object value)
   在 ServiceStack.OrmLite.OrmLiteWriteCommandExtensions.PopulateWithSqlReader[T](T objWithProperties, IOrmLiteDialectProvider dialectProvider, IDataReader reader, Tuple`3[] indexCache, Object[] values)
2017-10-27 08:40:34,748 [6] ServiceStack.OrmLite.OrmLiteWriteCommandExtensions - System.FormatException: 输入字符串的格式不正确。
   在 System.Number.StringToNumber(String str, NumberStyles options, NumberBuffer& number, NumberFormatInfo info, Boolean parseDecimal)
   在 System.Number.ParseInt32(String s, NumberStyles style, NumberFormatInfo info)
   在 System.String.System.IConvertible.ToInt32(IFormatProvider provider)
   在 ServiceStack.OrmLite.OrmLiteConverterExtensions.ConvertNumber(IOrmLiteDialectProvider dialectProvider, Type toIntegerType, Object value)
   在 ServiceStack.OrmLite.Converters.IntegerConverter.FromDbValue(Type fieldType, Object value)
   在 ServiceStack.OrmLite.OrmLiteWriteCommandExtensions.PopulateWithSqlReader[T](T objWithProperties, IOrmLiteDialectProvider dialectProvider, IDataReader reader, Tuple`3[] indexCache, Object[] values)
2017-10-27 08:40:34,761 [6] ServiceStack.OrmLite.OrmLiteWriteCommandExtensions - System.FormatException: 输入字符串的格式不正确。
   在 System.Number.StringToNumber(String str, NumberStyles options, NumberBuffer& number, NumberFormatInfo info, Boolean parseDecimal)
   在 System.Number.ParseInt32(String s, NumberStyles style, NumberFormatInfo info)
   在 System.String.System.IConvertible.ToInt32(IFormatProvider provider)
   在 ServiceStack.OrmLite.OrmLiteConverterExtensions.ConvertNumber(IOrmLiteDialectProvider dialectProvider, Type toIntegerType, Object value)
   在 ServiceStack.OrmLite.Converters.IntegerConverter.FromDbValue(Type fieldType, Object value)
   在 ServiceStack.OrmLite.OrmLiteWriteCommandExtensions.PopulateWithSqlReader[T](T objWithProperties, IOrmLiteDialectProvider dialectProvider, IDataReader reader, Tuple`3[] indexCache, Object[] values)
2017-10-27 08:40:34,774 [6] ServiceStack.OrmLite.OrmLiteWriteCommandExtensions - System.FormatException: 输入字符串的格式不正确。
   在 System.Number.StringToNumber(String str, NumberStyles options, NumberBuffer& number, NumberFormatInfo info, Boolean parseDecimal)
   在 System.Number.ParseInt32(String s, NumberStyles style, NumberFormatInfo info)
   在 System.String.System.IConvertible.ToInt32(IFormatProvider provider)
   在 ServiceStack.OrmLite.OrmLiteConverterExtensions.ConvertNumber(IOrmLiteDialectProvider dialectProvider, Type toIntegerType, Object value)
   在 ServiceStack.OrmLite.Converters.IntegerConverter.FromDbValue(Type fieldType, Object value)
   在 ServiceStack.OrmLite.OrmLiteWriteCommandExtensions.PopulateWithSqlReader[T](T objWithProperties, IOrmLiteDialectProvider dialectProvider, IDataReader reader, Tuple`3[] indexCache, Object[] values)
2017-10-27 08:40:34,787 [6] ServiceStack.OrmLite.OrmLiteWriteCommandExtensions - System.FormatException: 输入字符串的格式不正确。
   在 System.Number.StringToNumber(String str, NumberStyles options, NumberBuffer& number, NumberFormatInfo info, Boolean parseDecimal)
   在 System.Number.ParseInt32(String s, NumberStyles style, NumberFormatInfo info)
   在 System.String.System.IConvertible.ToInt32(IFormatProvider provider)
   在 ServiceStack.OrmLite.OrmLiteConverterExtensions.ConvertNumber(IOrmLiteDialectProvider dialectProvider, Type toIntegerType, Object value)
   在 ServiceStack.OrmLite.Converters.IntegerConverter.FromDbValue(Type fieldType, Object value)
   在 ServiceStack.OrmLite.OrmLiteWriteCommandExtensions.PopulateWithSqlReader[T](T objWithProperties, IOrmLiteDialectProvider dialectProvider, IDataReader reader, Tuple`3[] indexCache, Object[] values)
2017-10-27 08:40:34,802 [6] ServiceStack.OrmLite.OrmLiteWriteCommandExtensions - System.FormatException: 输入字符串的格式不正确。
   在 System.Number.StringToNumber(String str, NumberStyles options, NumberBuffer& number, NumberFormatInfo info, Boolean parseDecimal)
   在 System.Number.ParseInt32(String s, NumberStyles style, NumberFormatInfo info)
   在 System.String.System.IConvertible.ToInt32(IFormatProvider provider)
   在 ServiceStack.OrmLite.OrmLiteConverterExtensions.ConvertNumber(IOrmLiteDialectProvider dialectProvider, Type toIntegerType, Object value)
   在 ServiceStack.OrmLite.Converters.IntegerConverter.FromDbValue(Type fieldType, Object value)
   在 ServiceStack.OrmLite.OrmLiteWriteCommandExtensions.PopulateWithSqlReader[T](T objWithProperties, IOrmLiteDialectProvider dialectProvider, IDataReader reader, Tuple`3[] indexCache, Object[] values)
2017-10-27 08:40:34,833 [6] ServiceStack.OrmLite.OrmLiteWriteCommandExtensions - System.FormatException: 输入字符串的格式不正确。
   在 System.Number.StringToNumber(String str, NumberStyles options, NumberBuffer& number, NumberFormatInfo info, Boolean parseDecimal)
   在 System.Number.ParseInt32(String s, NumberStyles style, NumberFormatInfo info)
   在 System.String.System.IConvertible.ToInt32(IFormatProvider provider)
   在 ServiceStack.OrmLite.OrmLiteConverterExtensions.ConvertNumber(IOrmLiteDialectProvider dialectProvider, Type toIntegerType, Object value)
   在 ServiceStack.OrmLite.Converters.IntegerConverter.FromDbValue(Type fieldType, Object value)
   在 ServiceStack.OrmLite.OrmLiteWriteCommandExtensions.PopulateWithSqlReader[T](T objWithProperties, IOrmLiteDialectProvider dialectProvider, IDataReader reader, Tuple`3[] indexCache, Object[] values)
2017-10-27 08:40:34,889 [6] ServiceStack.OrmLite.OrmLiteWriteCommandExtensions - System.FormatException: 输入字符串的格式不正确。
   在 System.Number.StringToNumber(String str, NumberStyles options, NumberBuffer& number, NumberFormatInfo info, Boolean parseDecimal)
   在 System.Number.ParseInt32(String s, NumberStyles style, NumberFormatInfo info)
   在 System.String.System.IConvertible.ToInt32(IFormatProvider provider)
   在 ServiceStack.OrmLite.OrmLiteConverterExtensions.ConvertNumber(IOrmLiteDialectProvider dialectProvider, Type toIntegerType, Object value)
   在 ServiceStack.OrmLite.Converters.IntegerConverter.FromDbValue(Type fieldType, Object value)
   在 ServiceStack.OrmLite.OrmLiteWriteCommandExtensions.PopulateWithSqlReader[T](T objWithProperties, IOrmLiteDialectProvider dialectProvider, IDataReader reader, Tuple`3[] indexCache, Object[] values)
2017-10-27 08:40:34,901 [6] ServiceStack.OrmLite.OrmLiteWriteCommandExtensions - System.FormatException: 输入字符串的格式不正确。
   在 System.Number.StringToNumber(String str, NumberStyles options, NumberBuffer& number, NumberFormatInfo info, Boolean parseDecimal)
   在 System.Number.ParseInt32(String s, NumberStyles style, NumberFormatInfo info)
   在 System.String.System.IConvertible.ToInt32(IFormatProvider provider)
   在 ServiceStack.OrmLite.OrmLiteConverterExtensions.ConvertNumber(IOrmLiteDialectProvider dialectProvider, Type toIntegerType, Object value)
   在 ServiceStack.OrmLite.Converters.IntegerConverter.FromDbValue(Type fieldType, Object value)
   在 ServiceStack.OrmLite.OrmLiteWriteCommandExtensions.PopulateWithSqlReader[T](T objWithProperties, IOrmLiteDialectProvider dialectProvider, IDataReader reader, Tuple`3[] indexCache, Object[] values)
2017-10-27 08:40:34,916 [6] ServiceStack.OrmLite.OrmLiteWriteCommandExtensions - System.FormatException: 输入字符串的格式不正确。
   在 System.Number.StringToNumber(String str, NumberStyles options, NumberBuffer& number, NumberFormatInfo info, Boolean parseDecimal)
   在 System.Number.ParseInt32(String s, NumberStyles style, NumberFormatInfo info)
   在 System.String.System.IConvertible.ToInt32(IFormatProvider provider)
   在 ServiceStack.OrmLite.OrmLiteConverterExtensions.ConvertNumber(IOrmLiteDialectProvider dialectProvider, Type toIntegerType, Object value)
   在 ServiceStack.OrmLite.Converters.IntegerConverter.FromDbValue(Type fieldType, Object value)
   在 ServiceStack.OrmLite.OrmLiteWriteCommandExtensions.PopulateWithSqlReader[T](T objWithProperties, IOrmLiteDialectProvider dialectProvider, IDataReader reader, Tuple`3[] indexCache, Object[] values)
2017-10-27 08:40:34,932 [6] ServiceStack.OrmLite.OrmLiteWriteCommandExtensions - System.FormatException: 输入字符串的格式不正确。
   在 System.Number.StringToNumber(String str, NumberStyles options, NumberBuffer& number, NumberFormatInfo info, Boolean parseDecimal)
   在 System.Number.ParseInt32(String s, NumberStyles style, NumberFormatInfo info)
   在 System.String.System.IConvertible.ToInt32(IFormatProvider provider)
   在 ServiceStack.OrmLite.OrmLiteConverterExtensions.ConvertNumber(IOrmLiteDialectProvider dialectProvider, Type toIntegerType, Object value)
   在 ServiceStack.OrmLite.Converters.IntegerConverter.FromDbValue(Type fieldType, Object value)
   在 ServiceStack.OrmLite.OrmLiteWriteCommandExtensions.PopulateWithSqlReader[T](T objWithProperties, IOrmLiteDialectProvider dialectProvider, IDataReader reader, Tuple`3[] indexCache, Object[] values)
2017-10-27 08:40:34,932 [6] ServiceStack.OrmLite.OrmLiteWriteCommandExtensions - System.FormatException: 输入字符串的格式不正确。
   在 System.Number.StringToNumber(String str, NumberStyles options, NumberBuffer& number, NumberFormatInfo info, Boolean parseDecimal)
   在 System.Number.ParseInt32(String s, NumberStyles style, NumberFormatInfo info)
   在 System.String.System.IConvertible.ToInt32(IFormatProvider provider)
   在 ServiceStack.OrmLite.OrmLiteConverterExtensions.ConvertNumber(IOrmLiteDialectProvider dialectProvider, Type toIntegerType, Object value)
   在 ServiceStack.OrmLite.Converters.IntegerConverter.FromDbValue(Type fieldType, Object value)
   在 ServiceStack.OrmLite.OrmLiteWriteCommandExtensions.PopulateWithSqlReader[T](T objWithProperties, IOrmLiteDialectProvider dialectProvider, IDataReader reader, Tuple`3[] indexCache, Object[] values)
2017-10-27 08:40:34,958 [6] ServiceStack.OrmLite.OrmLiteWriteCommandExtensions - System.FormatException: 输入字符串的格式不正确。
   在 System.Number.StringToNumber(String str, NumberStyles options, NumberBuffer& number, NumberFormatInfo info, Boolean parseDecimal)
   在 System.Number.ParseInt32(String s, NumberStyles style, NumberFormatInfo info)
   在 System.String.System.IConvertible.ToInt32(IFormatProvider provider)
   在 ServiceStack.OrmLite.OrmLiteConverterExtensions.ConvertNumber(IOrmLiteDialectProvider dialectProvider, Type toIntegerType, Object value)
   在 ServiceStack.OrmLite.Converters.IntegerConverter.FromDbValue(Type fieldType, Object value)
   在 ServiceStack.OrmLite.OrmLiteWriteCommandExtensions.PopulateWithSqlReader[T](T objWithProperties, IOrmLiteDialectProvider dialectProvider, IDataReader reader, Tuple`3[] indexCache, Object[] values)
2017-10-27 08:40:34,967 [6] ServiceStack.OrmLite.OrmLiteWriteCommandExtensions - System.FormatException: 输入字符串的格式不正确。
   在 System.Number.StringToNumber(String str, NumberStyles options, NumberBuffer& number, NumberFormatInfo info, Boolean parseDecimal)
   在 System.Number.ParseInt32(String s, NumberStyles style, NumberFormatInfo info)
   在 System.String.System.IConvertible.ToInt32(IFormatProvider provider)
   在 ServiceStack.OrmLite.OrmLiteConverterExtensions.ConvertNumber(IOrmLiteDialectProvider dialectProvider, Type toIntegerType, Object value)
   在 ServiceStack.OrmLite.Converters.IntegerConverter.FromDbValue(Type fieldType, Object value)
   在 ServiceStack.OrmLite.OrmLiteWriteCommandExtensions.PopulateWithSqlReader[T](T objWithProperties, IOrmLiteDialectProvider dialectProvider, IDataReader reader, Tuple`3[] indexCache, Object[] values)
2017-10-27 08:40:34,983 [6] ServiceStack.OrmLite.OrmLiteWriteCommandExtensions - System.FormatException: 输入字符串的格式不正确。
   在 System.Number.StringToNumber(String str, NumberStyles options, NumberBuffer& number, NumberFormatInfo info, Boolean parseDecimal)
   在 System.Number.ParseInt32(String s, NumberStyles style, NumberFormatInfo info)
   在 System.String.System.IConvertible.ToInt32(IFormatProvider provider)
   在 ServiceStack.OrmLite.OrmLiteConverterExtensions.ConvertNumber(IOrmLiteDialectProvider dialectProvider, Type toIntegerType, Object value)
   在 ServiceStack.OrmLite.Converters.IntegerConverter.FromDbValue(Type fieldType, Object value)
   在 ServiceStack.OrmLite.OrmLiteWriteCommandExtensions.PopulateWithSqlReader[T](T objWithProperties, IOrmLiteDialectProvider dialectProvider, IDataReader reader, Tuple`3[] indexCache, Object[] values)
2017-10-27 08:40:34,983 [6] ServiceStack.OrmLite.OrmLiteWriteCommandExtensions - System.FormatException: 输入字符串的格式不正确。
   在 System.Number.StringToNumber(String str, NumberStyles options, NumberBuffer& number, NumberFormatInfo info, Boolean parseDecimal)
   在 System.Number.ParseInt32(String s, NumberStyles style, NumberFormatInfo info)
   在 System.String.System.IConvertible.ToInt32(IFormatProvider provider)
   在 ServiceStack.OrmLite.OrmLiteConverterExtensions.ConvertNumber(IOrmLiteDialectProvider dialectProvider, Type toIntegerType, Object value)
   在 ServiceStack.OrmLite.Converters.IntegerConverter.FromDbValue(Type fieldType, Object value)
   在 ServiceStack.OrmLite.OrmLiteWriteCommandExtensions.PopulateWithSqlReader[T](T objWithProperties, IOrmLiteDialectProvider dialectProvider, IDataReader reader, Tuple`3[] indexCache, Object[] values)
2017-10-27 08:40:34,998 [6] ServiceStack.OrmLite.OrmLiteWriteCommandExtensions - System.FormatException: 输入字符串的格式不正确。
   在 System.Number.StringToNumber(String str, NumberStyles options, NumberBuffer& number, NumberFormatInfo info, Boolean parseDecimal)
   在 System.Number.ParseInt32(String s, NumberStyles style, NumberFormatInfo info)
   在 System.String.System.IConvertible.ToInt32(IFormatProvider provider)
   在 ServiceStack.OrmLite.OrmLiteConverterExtensions.ConvertNumber(IOrmLiteDialectProvider dialectProvider, Type toIntegerType, Object value)
   在 ServiceStack.OrmLite.Converters.IntegerConverter.FromDbValue(Type fieldType, Object value)
   在 ServiceStack.OrmLite.OrmLiteWriteCommandExtensions.PopulateWithSqlReader[T](T objWithProperties, IOrmLiteDialectProvider dialectProvider, IDataReader reader, Tuple`3[] indexCache, Object[] values)
2017-10-27 08:40:35,014 [6] ServiceStack.OrmLite.OrmLiteWriteCommandExtensions - System.FormatException: 输入字符串的格式不正确。
   在 System.Number.StringToNumber(String str, NumberStyles options, NumberBuffer& number, NumberFormatInfo info, Boolean parseDecimal)
   在 System.Number.ParseInt32(String s, NumberStyles style, NumberFormatInfo info)
   在 System.String.System.IConvertible.ToInt32(IFormatProvider provider)
   在 ServiceStack.OrmLite.OrmLiteConverterExtensions.ConvertNumber(IOrmLiteDialectProvider dialectProvider, Type toIntegerType, Object value)
   在 ServiceStack.OrmLite.Converters.IntegerConverter.FromDbValue(Type fieldType, Object value)
   在 ServiceStack.OrmLite.OrmLiteWriteCommandExtensions.PopulateWithSqlReader[T](T objWithProperties, IOrmLiteDialectProvider dialectProvider, IDataReader reader, Tuple`3[] indexCache, Object[] values)
2017-10-27 08:40:35,033 [6] ServiceStack.OrmLite.OrmLiteWriteCommandExtensions - System.FormatException: 输入字符串的格式不正确。
   在 System.Number.StringToNumber(String str, NumberStyles options, NumberBuffer& number, NumberFormatInfo info, Boolean parseDecimal)
   在 System.Number.ParseInt32(String s, NumberStyles style, NumberFormatInfo info)
   在 System.String.System.IConvertible.ToInt32(IFormatProvider provider)
   在 ServiceStack.OrmLite.OrmLiteConverterExtensions.ConvertNumber(IOrmLiteDialectProvider dialectProvider, Type toIntegerType, Object value)
   在 ServiceStack.OrmLite.Converters.IntegerConverter.FromDbValue(Type fieldType, Object value)
   在 ServiceStack.OrmLite.OrmLiteWriteCommandExtensions.PopulateWithSqlReader[T](T objWithProperties, IOrmLiteDialectProvider dialectProvider, IDataReader reader, Tuple`3[] indexCache, Object[] values)
2017-10-27 08:41:34,700 [23] ServiceStack.OrmLite.OrmLiteWriteCommandExtensions - System.FormatException: 输入字符串的格式不正确。
   在 System.Number.StringToNumber(String str, NumberStyles options, NumberBuffer& number, NumberFormatInfo info, Boolean parseDecimal)
   在 System.Number.ParseInt32(String s, NumberStyles style, NumberFormatInfo info)
   在 System.String.System.IConvertible.ToInt32(IFormatProvider provider)
   在 ServiceStack.OrmLite.OrmLiteConverterExtensions.ConvertNumber(IOrmLiteDialectProvider dialectProvider, Type toIntegerType, Object value)
   在 ServiceStack.OrmLite.Converters.IntegerConverter.FromDbValue(Type fieldType, Object value)
   在 ServiceStack.OrmLite.OrmLiteWriteCommandExtensions.PopulateWithSqlReader[T](T objWithProperties, IOrmLiteDialectProvider dialectProvider, IDataReader reader, Tuple`3[] indexCache, Object[] values)
2017-10-27 08:41:34,731 [23] ServiceStack.OrmLite.OrmLiteWriteCommandExtensions - System.FormatException: 输入字符串的格式不正确。
   在 System.Number.StringToNumber(String str, NumberStyles options, NumberBuffer& number, NumberFormatInfo info, Boolean parseDecimal)
   在 System.Number.ParseInt32(String s, NumberStyles style, NumberFormatInfo info)
   在 System.String.System.IConvertible.ToInt32(IFormatProvider provider)
   在 ServiceStack.OrmLite.OrmLiteConverterExtensions.ConvertNumber(IOrmLiteDialectProvider dialectProvider, Type toIntegerType, Object value)
   在 ServiceStack.OrmLite.Converters.IntegerConverter.FromDbValue(Type fieldType, Object value)
   在 ServiceStack.OrmLite.OrmLiteWriteCommandExtensions.PopulateWithSqlReader[T](T objWithProperties, IOrmLiteDialectProvider dialectProvider, IDataReader reader, Tuple`3[] indexCache, Object[] values)
2017-10-27 08:41:34,750 [23] ServiceStack.OrmLite.OrmLiteWriteCommandExtensions - System.FormatException: 输入字符串的格式不正确。
   在 System.Number.StringToNumber(String str, NumberStyles options, NumberBuffer& number, NumberFormatInfo info, Boolean parseDecimal)
   在 System.Number.ParseInt32(String s, NumberStyles style, NumberFormatInfo info)
   在 System.String.System.IConvertible.ToInt32(IFormatProvider provider)
   在 ServiceStack.OrmLite.OrmLiteConverterExtensions.ConvertNumber(IOrmLiteDialectProvider dialectProvider, Type toIntegerType, Object value)
   在 ServiceStack.OrmLite.Converters.IntegerConverter.FromDbValue(Type fieldType, Object value)
   在 ServiceStack.OrmLite.OrmLiteWriteCommandExtensions.PopulateWithSqlReader[T](T objWithProperties, IOrmLiteDialectProvider dialectProvider, IDataReader reader, Tuple`3[] indexCache, Object[] values)
2017-10-27 08:41:34,764 [23] ServiceStack.OrmLite.OrmLiteWriteCommandExtensions - System.FormatException: 输入字符串的格式不正确。
   在 System.Number.StringToNumber(String str, NumberStyles options, NumberBuffer& number, NumberFormatInfo info, Boolean parseDecimal)
   在 System.Number.ParseInt32(String s, NumberStyles style, NumberFormatInfo info)
   在 System.String.System.IConvertible.ToInt32(IFormatProvider provider)
   在 ServiceStack.OrmLite.OrmLiteConverterExtensions.ConvertNumber(IOrmLiteDialectProvider dialectProvider, Type toIntegerType, Object value)
   在 ServiceStack.OrmLite.Converters.IntegerConverter.FromDbValue(Type fieldType, Object value)
   在 ServiceStack.OrmLite.OrmLiteWriteCommandExtensions.PopulateWithSqlReader[T](T objWithProperties, IOrmLiteDialectProvider dialectProvider, IDataReader reader, Tuple`3[] indexCache, Object[] values)
2017-10-27 08:41:34,775 [23] ServiceStack.OrmLite.OrmLiteWriteCommandExtensions - System.FormatException: 输入字符串的格式不正确。
   在 System.Number.StringToNumber(String str, NumberStyles options, NumberBuffer& number, NumberFormatInfo info, Boolean parseDecimal)
   在 System.Number.ParseInt32(String s, NumberStyles style, NumberFormatInfo info)
   在 System.String.System.IConvertible.ToInt32(IFormatProvider provider)
   在 ServiceStack.OrmLite.OrmLiteConverterExtensions.ConvertNumber(IOrmLiteDialectProvider dialectProvider, Type toIntegerType, Object value)
   在 ServiceStack.OrmLite.Converters.IntegerConverter.FromDbValue(Type fieldType, Object value)
   在 ServiceStack.OrmLite.OrmLiteWriteCommandExtensions.PopulateWithSqlReader[T](T objWithProperties, IOrmLiteDialectProvider dialectProvider, IDataReader reader, Tuple`3[] indexCache, Object[] values)
2017-10-27 08:41:34,788 [23] ServiceStack.OrmLite.OrmLiteWriteCommandExtensions - System.FormatException: 输入字符串的格式不正确。
   在 System.Number.StringToNumber(String str, NumberStyles options, NumberBuffer& number, NumberFormatInfo info, Boolean parseDecimal)
   在 System.Number.ParseInt32(String s, NumberStyles style, NumberFormatInfo info)
   在 System.String.System.IConvertible.ToInt32(IFormatProvider provider)
   在 ServiceStack.OrmLite.OrmLiteConverterExtensions.ConvertNumber(IOrmLiteDialectProvider dialectProvider, Type toIntegerType, Object value)
   在 ServiceStack.OrmLite.Converters.IntegerConverter.FromDbValue(Type fieldType, Object value)
   在 ServiceStack.OrmLite.OrmLiteWriteCommandExtensions.PopulateWithSqlReader[T](T objWithProperties, IOrmLiteDialectProvider dialectProvider, IDataReader reader, Tuple`3[] indexCache, Object[] values)
2017-10-27 08:41:34,802 [23] ServiceStack.OrmLite.OrmLiteWriteCommandExtensions - System.FormatException: 输入字符串的格式不正确。
   在 System.Number.StringToNumber(String str, NumberStyles options, NumberBuffer& number, NumberFormatInfo info, Boolean parseDecimal)
   在 System.Number.ParseInt32(String s, NumberStyles style, NumberFormatInfo info)
   在 System.String.System.IConvertible.ToInt32(IFormatProvider provider)
   在 ServiceStack.OrmLite.OrmLiteConverterExtensions.ConvertNumber(IOrmLiteDialectProvider dialectProvider, Type toIntegerType, Object value)
   在 ServiceStack.OrmLite.Converters.IntegerConverter.FromDbValue(Type fieldType, Object value)
   在 ServiceStack.OrmLite.OrmLiteWriteCommandExtensions.PopulateWithSqlReader[T](T objWithProperties, IOrmLiteDialectProvider dialectProvider, IDataReader reader, Tuple`3[] indexCache, Object[] values)
2017-10-27 08:41:34,817 [23] ServiceStack.OrmLite.OrmLiteWriteCommandExtensions - System.FormatException: 输入字符串的格式不正确。
   在 System.Number.StringToNumber(String str, NumberStyles options, NumberBuffer& number, NumberFormatInfo info, Boolean parseDecimal)
   在 System.Number.ParseInt32(String s, NumberStyles style, NumberFormatInfo info)
   在 System.String.System.IConvertible.ToInt32(IFormatProvider provider)
   在 ServiceStack.OrmLite.OrmLiteConverterExtensions.ConvertNumber(IOrmLiteDialectProvider dialectProvider, Type toIntegerType, Object value)
   在 ServiceStack.OrmLite.Converters.IntegerConverter.FromDbValue(Type fieldType, Object value)
   在 ServiceStack.OrmLite.OrmLiteWriteCommandExtensions.PopulateWithSqlReader[T](T objWithProperties, IOrmLiteDialectProvider dialectProvider, IDataReader reader, Tuple`3[] indexCache, Object[] values)
2017-10-27 08:41:34,827 [23] ServiceStack.OrmLite.OrmLiteWriteCommandExtensions - System.FormatException: 输入字符串的格式不正确。
   在 System.Number.StringToNumber(String str, NumberStyles options, NumberBuffer& number, NumberFormatInfo info, Boolean parseDecimal)
   在 System.Number.ParseInt32(String s, NumberStyles style, NumberFormatInfo info)
   在 System.String.System.IConvertible.ToInt32(IFormatProvider provider)
   在 ServiceStack.OrmLite.OrmLiteConverterExtensions.ConvertNumber(IOrmLiteDialectProvider dialectProvider, Type toIntegerType, Object value)
   在 ServiceStack.OrmLite.Converters.IntegerConverter.FromDbValue(Type fieldType, Object value)
   在 ServiceStack.OrmLite.OrmLiteWriteCommandExtensions.PopulateWithSqlReader[T](T objWithProperties, IOrmLiteDialectProvider dialectProvider, IDataReader reader, Tuple`3[] indexCache, Object[] values)
2017-10-27 08:41:34,827 [23] ServiceStack.OrmLite.OrmLiteWriteCommandExtensions - System.FormatException: 输入字符串的格式不正确。
   在 System.Number.StringToNumber(String str, NumberStyles options, NumberBuffer& number, NumberFormatInfo info, Boolean parseDecimal)
   在 System.Number.ParseInt32(String s, NumberStyles style, NumberFormatInfo info)
   在 System.String.System.IConvertible.ToInt32(IFormatProvider provider)
   在 ServiceStack.OrmLite.OrmLiteConverterExtensions.ConvertNumber(IOrmLiteDialectProvider dialectProvider, Type toIntegerType, Object value)
   在 ServiceStack.OrmLite.Converters.IntegerConverter.FromDbValue(Type fieldType, Object value)
   在 ServiceStack.OrmLite.OrmLiteWriteCommandExtensions.PopulateWithSqlReader[T](T objWithProperties, IOrmLiteDialectProvider dialectProvider, IDataReader reader, Tuple`3[] indexCache, Object[] values)
2017-10-27 08:41:34,842 [23] ServiceStack.OrmLite.OrmLiteWriteCommandExtensions - System.FormatException: 输入字符串的格式不正确。
   在 System.Number.StringToNumber(String str, NumberStyles options, NumberBuffer& number, NumberFormatInfo info, Boolean parseDecimal)
   在 System.Number.ParseInt32(String s, NumberStyles style, NumberFormatInfo info)
   在 System.String.System.IConvertible.ToInt32(IFormatProvider provider)
   在 ServiceStack.OrmLite.OrmLiteConverterExtensions.ConvertNumber(IOrmLiteDialectProvider dialectProvider, Type toIntegerType, Object value)
   在 ServiceStack.OrmLite.Converters.IntegerConverter.FromDbValue(Type fieldType, Object value)
   在 ServiceStack.OrmLite.OrmLiteWriteCommandExtensions.PopulateWithSqlReader[T](T objWithProperties, IOrmLiteDialectProvider dialectProvider, IDataReader reader, Tuple`3[] indexCache, Object[] values)
2017-10-27 08:41:34,858 [23] ServiceStack.OrmLite.OrmLiteWriteCommandExtensions - System.FormatException: 输入字符串的格式不正确。
   在 System.Number.StringToNumber(String str, NumberStyles options, NumberBuffer& number, NumberFormatInfo info, Boolean parseDecimal)
   在 System.Number.ParseInt32(String s, NumberStyles style, NumberFormatInfo info)
   在 System.String.System.IConvertible.ToInt32(IFormatProvider provider)
   在 ServiceStack.OrmLite.OrmLiteConverterExtensions.ConvertNumber(IOrmLiteDialectProvider dialectProvider, Type toIntegerType, Object value)
   在 ServiceStack.OrmLite.Converters.IntegerConverter.FromDbValue(Type fieldType, Object value)
   在 ServiceStack.OrmLite.OrmLiteWriteCommandExtensions.PopulateWithSqlReader[T](T objWithProperties, IOrmLiteDialectProvider dialectProvider, IDataReader reader, Tuple`3[] indexCache, Object[] values)
2017-10-27 08:41:34,882 [23] ServiceStack.OrmLite.OrmLiteWriteCommandExtensions - System.FormatException: 输入字符串的格式不正确。
   在 System.Number.StringToNumber(String str, NumberStyles options, NumberBuffer& number, NumberFormatInfo info, Boolean parseDecimal)
   在 System.Number.ParseInt32(String s, NumberStyles style, NumberFormatInfo info)
   在 System.String.System.IConvertible.ToInt32(IFormatProvider provider)
   在 ServiceStack.OrmLite.OrmLiteConverterExtensions.ConvertNumber(IOrmLiteDialectProvider dialectProvider, Type toIntegerType, Object value)
   在 ServiceStack.OrmLite.Converters.IntegerConverter.FromDbValue(Type fieldType, Object value)
   在 ServiceStack.OrmLite.OrmLiteWriteCommandExtensions.PopulateWithSqlReader[T](T objWithProperties, IOrmLiteDialectProvider dialectProvider, IDataReader reader, Tuple`3[] indexCache, Object[] values)
2017-10-27 08:41:34,927 [23] ServiceStack.OrmLite.OrmLiteWriteCommandExtensions - System.FormatException: 输入字符串的格式不正确。
   在 System.Number.StringToNumber(String str, NumberStyles options, NumberBuffer& number, NumberFormatInfo info, Boolean parseDecimal)
   在 System.Number.ParseInt32(String s, NumberStyles style, NumberFormatInfo info)
   在 System.String.System.IConvertible.ToInt32(IFormatProvider provider)
   在 ServiceStack.OrmLite.OrmLiteConverterExtensions.ConvertNumber(IOrmLiteDialectProvider dialectProvider, Type toIntegerType, Object value)
   在 ServiceStack.OrmLite.Converters.IntegerConverter.FromDbValue(Type fieldType, Object value)
   在 ServiceStack.OrmLite.OrmLiteWriteCommandExtensions.PopulateWithSqlReader[T](T objWithProperties, IOrmLiteDialectProvider dialectProvider, IDataReader reader, Tuple`3[] indexCache, Object[] values)
2017-10-27 08:41:34,944 [23] ServiceStack.OrmLite.OrmLiteWriteCommandExtensions - System.FormatException: 输入字符串的格式不正确。
   在 System.Number.StringToNumber(String str, NumberStyles options, NumberBuffer& number, NumberFormatInfo info, Boolean parseDecimal)
   在 System.Number.ParseInt32(String s, NumberStyles style, NumberFormatInfo info)
   在 System.String.System.IConvertible.ToInt32(IFormatProvider provider)
   在 ServiceStack.OrmLite.OrmLiteConverterExtensions.ConvertNumber(IOrmLiteDialectProvider dialectProvider, Type toIntegerType, Object value)
   在 ServiceStack.OrmLite.Converters.IntegerConverter.FromDbValue(Type fieldType, Object value)
   在 ServiceStack.OrmLite.OrmLiteWriteCommandExtensions.PopulateWithSqlReader[T](T objWithProperties, IOrmLiteDialectProvider dialectProvider, IDataReader reader, Tuple`3[] indexCache, Object[] values)
2017-10-27 08:41:34,961 [23] ServiceStack.OrmLite.OrmLiteWriteCommandExtensions - System.FormatException: 输入字符串的格式不正确。
   在 System.Number.StringToNumber(String str, NumberStyles options, NumberBuffer& number, NumberFormatInfo info, Boolean parseDecimal)
   在 System.Number.ParseInt32(String s, NumberStyles style, NumberFormatInfo info)
   在 System.String.System.IConvertible.ToInt32(IFormatProvider provider)
   在 ServiceStack.OrmLite.OrmLiteConverterExtensions.ConvertNumber(IOrmLiteDialectProvider dialectProvider, Type toIntegerType, Object value)
   在 ServiceStack.OrmLite.Converters.IntegerConverter.FromDbValue(Type fieldType, Object value)
   在 ServiceStack.OrmLite.OrmLiteWriteCommandExtensions.PopulateWithSqlReader[T](T objWithProperties, IOrmLiteDialectProvider dialectProvider, IDataReader reader, Tuple`3[] indexCache, Object[] values)
2017-10-27 08:41:34,976 [23] ServiceStack.OrmLite.OrmLiteWriteCommandExtensions - System.FormatException: 输入字符串的格式不正确。
   在 System.Number.StringToNumber(String str, NumberStyles options, NumberBuffer& number, NumberFormatInfo info, Boolean parseDecimal)
   在 System.Number.ParseInt32(String s, NumberStyles style, NumberFormatInfo info)
   在 System.String.System.IConvertible.ToInt32(IFormatProvider provider)
   在 ServiceStack.OrmLite.OrmLiteConverterExtensions.ConvertNumber(IOrmLiteDialectProvider dialectProvider, Type toIntegerType, Object value)
   在 ServiceStack.OrmLite.Converters.IntegerConverter.FromDbValue(Type fieldType, Object value)
   在 ServiceStack.OrmLite.OrmLiteWriteCommandExtensions.PopulateWithSqlReader[T](T objWithProperties, IOrmLiteDialectProvider dialectProvider, IDataReader reader, Tuple`3[] indexCache, Object[] values)
2017-10-27 08:41:34,989 [23] ServiceStack.OrmLite.OrmLiteWriteCommandExtensions - System.FormatException: 输入字符串的格式不正确。
   在 System.Number.StringToNumber(String str, NumberStyles options, NumberBuffer& number, NumberFormatInfo info, Boolean parseDecimal)
   在 System.Number.ParseInt32(String s, NumberStyles style, NumberFormatInfo info)
   在 System.String.System.IConvertible.ToInt32(IFormatProvider provider)
   在 ServiceStack.OrmLite.OrmLiteConverterExtensions.ConvertNumber(IOrmLiteDialectProvider dialectProvider, Type toIntegerType, Object value)
   在 ServiceStack.OrmLite.Converters.IntegerConverter.FromDbValue(Type fieldType, Object value)
   在 ServiceStack.OrmLite.OrmLiteWriteCommandExtensions.PopulateWithSqlReader[T](T objWithProperties, IOrmLiteDialectProvider dialectProvider, IDataReader reader, Tuple`3[] indexCache, Object[] values)
2017-10-27 08:41:34,993 [23] ServiceStack.OrmLite.OrmLiteWriteCommandExtensions - System.FormatException: 输入字符串的格式不正确。
   在 System.Number.StringToNumber(String str, NumberStyles options, NumberBuffer& number, NumberFormatInfo info, Boolean parseDecimal)
   在 System.Number.ParseInt32(String s, NumberStyles style, NumberFormatInfo info)
   在 System.String.System.IConvertible.ToInt32(IFormatProvider provider)
   在 ServiceStack.OrmLite.OrmLiteConverterExtensions.ConvertNumber(IOrmLiteDialectProvider dialectProvider, Type toIntegerType, Object value)
   在 ServiceStack.OrmLite.Converters.IntegerConverter.FromDbValue(Type fieldType, Object value)
   在 ServiceStack.OrmLite.OrmLiteWriteCommandExtensions.PopulateWithSqlReader[T](T objWithProperties, IOrmLiteDialectProvider dialectProvider, IDataReader reader, Tuple`3[] indexCache, Object[] values)
2017-10-27 08:41:35,009 [23] ServiceStack.OrmLite.OrmLiteWriteCommandExtensions - System.FormatException: 输入字符串的格式不正确。
   在 System.Number.StringToNumber(String str, NumberStyles options, NumberBuffer& number, NumberFormatInfo info, Boolean parseDecimal)
   在 System.Number.ParseInt32(String s, NumberStyles style, NumberFormatInfo info)
   在 System.String.System.IConvertible.ToInt32(IFormatProvider provider)
   在 ServiceStack.OrmLite.OrmLiteConverterExtensions.ConvertNumber(IOrmLiteDialectProvider dialectProvider, Type toIntegerType, Object value)
   在 ServiceStack.OrmLite.Converters.IntegerConverter.FromDbValue(Type fieldType, Object value)
   在 ServiceStack.OrmLite.OrmLiteWriteCommandExtensions.PopulateWithSqlReader[T](T objWithProperties, IOrmLiteDialectProvider dialectProvider, IDataReader reader, Tuple`3[] indexCache, Object[] values)
2017-10-27 08:41:35,030 [23] ServiceStack.OrmLite.OrmLiteWriteCommandExtensions - System.FormatException: 输入字符串的格式不正确。
   在 System.Number.StringToNumber(String str, NumberStyles options, NumberBuffer& number, NumberFormatInfo info, Boolean parseDecimal)
   在 System.Number.ParseInt32(String s, NumberStyles style, NumberFormatInfo info)
   在 System.String.System.IConvertible.ToInt32(IFormatProvider provider)
   在 ServiceStack.OrmLite.OrmLiteConverterExtensions.ConvertNumber(IOrmLiteDialectProvider dialectProvider, Type toIntegerType, Object value)
   在 ServiceStack.OrmLite.Converters.IntegerConverter.FromDbValue(Type fieldType, Object value)
   在 ServiceStack.OrmLite.OrmLiteWriteCommandExtensions.PopulateWithSqlReader[T](T objWithProperties, IOrmLiteDialectProvider dialectProvider, IDataReader reader, Tuple`3[] indexCache, Object[] values)
2017-10-27 08:41:35,044 [23] ServiceStack.OrmLite.OrmLiteWriteCommandExtensions - System.FormatException: 输入字符串的格式不正确。
   在 System.Number.StringToNumber(String str, NumberStyles options, NumberBuffer& number, NumberFormatInfo info, Boolean parseDecimal)
   在 System.Number.ParseInt32(String s, NumberStyles style, NumberFormatInfo info)
   在 System.String.System.IConvertible.ToInt32(IFormatProvider provider)
   在 ServiceStack.OrmLite.OrmLiteConverterExtensions.ConvertNumber(IOrmLiteDialectProvider dialectProvider, Type toIntegerType, Object value)
   在 ServiceStack.OrmLite.Converters.IntegerConverter.FromDbValue(Type fieldType, Object value)
   在 ServiceStack.OrmLite.OrmLiteWriteCommandExtensions.PopulateWithSqlReader[T](T objWithProperties, IOrmLiteDialectProvider dialectProvider, IDataReader reader, Tuple`3[] indexCache, Object[] values)
2017-10-27 08:41:35,059 [23] ServiceStack.OrmLite.OrmLiteWriteCommandExtensions - System.FormatException: 输入字符串的格式不正确。
   在 System.Number.StringToNumber(String str, NumberStyles options, NumberBuffer& number, NumberFormatInfo info, Boolean parseDecimal)
   在 System.Number.ParseInt32(String s, NumberStyles style, NumberFormatInfo info)
   在 System.String.System.IConvertible.ToInt32(IFormatProvider provider)
   在 ServiceStack.OrmLite.OrmLiteConverterExtensions.ConvertNumber(IOrmLiteDialectProvider dialectProvider, Type toIntegerType, Object value)
   在 ServiceStack.OrmLite.Converters.IntegerConverter.FromDbValue(Type fieldType, Object value)
   在 ServiceStack.OrmLite.OrmLiteWriteCommandExtensions.PopulateWithSqlReader[T](T objWithProperties, IOrmLiteDialectProvider dialectProvider, IDataReader reader, Tuple`3[] indexCache, Object[] values)
2017-10-27 08:41:35,064 [23] ServiceStack.OrmLite.OrmLiteWriteCommandExtensions - System.FormatException: 输入字符串的格式不正确。
   在 System.Number.StringToNumber(String str, NumberStyles options, NumberBuffer& number, NumberFormatInfo info, Boolean parseDecimal)
   在 System.Number.ParseInt32(String s, NumberStyles style, NumberFormatInfo info)
   在 System.String.System.IConvertible.ToInt32(IFormatProvider provider)
   在 ServiceStack.OrmLite.OrmLiteConverterExtensions.ConvertNumber(IOrmLiteDialectProvider dialectProvider, Type toIntegerType, Object value)
   在 ServiceStack.OrmLite.Converters.IntegerConverter.FromDbValue(Type fieldType, Object value)
   在 ServiceStack.OrmLite.OrmLiteWriteCommandExtensions.PopulateWithSqlReader[T](T objWithProperties, IOrmLiteDialectProvider dialectProvider, IDataReader reader, Tuple`3[] indexCache, Object[] values)
2017-10-27 08:41:35,089 [23] ServiceStack.OrmLite.OrmLiteWriteCommandExtensions - System.FormatException: 输入字符串的格式不正确。
   在 System.Number.StringToNumber(String str, NumberStyles options, NumberBuffer& number, NumberFormatInfo info, Boolean parseDecimal)
   在 System.Number.ParseInt32(String s, NumberStyles style, NumberFormatInfo info)
   在 System.String.System.IConvertible.ToInt32(IFormatProvider provider)
   在 ServiceStack.OrmLite.OrmLiteConverterExtensions.ConvertNumber(IOrmLiteDialectProvider dialectProvider, Type toIntegerType, Object value)
   在 ServiceStack.OrmLite.Converters.IntegerConverter.FromDbValue(Type fieldType, Object value)
   在 ServiceStack.OrmLite.OrmLiteWriteCommandExtensions.PopulateWithSqlReader[T](T objWithProperties, IOrmLiteDialectProvider dialectProvider, IDataReader reader, Tuple`3[] indexCache, Object[] values)
2017-10-27 08:41:35,103 [23] ServiceStack.OrmLite.OrmLiteWriteCommandExtensions - System.FormatException: 输入字符串的格式不正确。
   在 System.Number.StringToNumber(String str, NumberStyles options, NumberBuffer& number, NumberFormatInfo info, Boolean parseDecimal)
   在 System.Number.ParseInt32(String s, NumberStyles style, NumberFormatInfo info)
   在 System.String.System.IConvertible.ToInt32(IFormatProvider provider)
   在 ServiceStack.OrmLite.OrmLiteConverterExtensions.ConvertNumber(IOrmLiteDialectProvider dialectProvider, Type toIntegerType, Object value)
   在 ServiceStack.OrmLite.Converters.IntegerConverter.FromDbValue(Type fieldType, Object value)
   在 ServiceStack.OrmLite.OrmLiteWriteCommandExtensions.PopulateWithSqlReader[T](T objWithProperties, IOrmLiteDialectProvider dialectProvider, IDataReader reader, Tuple`3[] indexCache, Object[] values)
