2017-09-21 16:56:31,455 [42] ServiceStack.OrmLite.OrmLiteWriteCommandExtensions - System.FormatException: 输入字符串的格式不正确。
   在 System.Number.StringToNumber(String str, NumberStyles options, NumberBuffer& number, NumberFormatInfo info, Boolean parseDecimal)
   在 System.Number.ParseInt32(String s, NumberStyles style, NumberFormatInfo info)
   在 System.String.System.IConvertible.ToInt32(IFormatProvider provider)
   在 ServiceStack.OrmLite.OrmLiteConverterExtensions.ConvertNumber(IOrmLiteDialectProvider dialectProvider, Type toIntegerType, Object value)
   在 ServiceStack.OrmLite.Converters.IntegerConverter.FromDbValue(Type fieldType, Object value)
   在 ServiceStack.OrmLite.OrmLiteWriteCommandExtensions.PopulateWithSqlReader[T](T objWithProperties, IOrmLiteDialectProvider dialectProvider, IDataReader reader, Tuple`3[] indexCache, Object[] values)
2017-09-21 16:56:31,474 [42] ServiceStack.OrmLite.OrmLiteWriteCommandExtensions - System.FormatException: 输入字符串的格式不正确。
   在 System.Number.StringToNumber(String str, NumberStyles options, NumberBuffer& number, NumberFormatInfo info, Boolean parseDecimal)
   在 System.Number.ParseInt32(String s, NumberStyles style, NumberFormatInfo info)
   在 System.String.System.IConvertible.ToInt32(IFormatProvider provider)
   在 ServiceStack.OrmLite.OrmLiteConverterExtensions.ConvertNumber(IOrmLiteDialectProvider dialectProvider, Type toIntegerType, Object value)
   在 ServiceStack.OrmLite.Converters.IntegerConverter.FromDbValue(Type fieldType, Object value)
   在 ServiceStack.OrmLite.OrmLiteWriteCommandExtensions.PopulateWithSqlReader[T](T objWithProperties, IOrmLiteDialectProvider dialectProvider, IDataReader reader, Tuple`3[] indexCache, Object[] values)
2017-09-21 16:56:31,487 [42] ServiceStack.OrmLite.OrmLiteWriteCommandExtensions - System.FormatException: 输入字符串的格式不正确。
   在 System.Number.StringToNumber(String str, NumberStyles options, NumberBuffer& number, NumberFormatInfo info, Boolean parseDecimal)
   在 System.Number.ParseInt32(String s, NumberStyles style, NumberFormatInfo info)
   在 System.String.System.IConvertible.ToInt32(IFormatProvider provider)
   在 ServiceStack.OrmLite.OrmLiteConverterExtensions.ConvertNumber(IOrmLiteDialectProvider dialectProvider, Type toIntegerType, Object value)
   在 ServiceStack.OrmLite.Converters.IntegerConverter.FromDbValue(Type fieldType, Object value)
   在 ServiceStack.OrmLite.OrmLiteWriteCommandExtensions.PopulateWithSqlReader[T](T objWithProperties, IOrmLiteDialectProvider dialectProvider, IDataReader reader, Tuple`3[] indexCache, Object[] values)
2017-09-21 16:56:31,504 [42] ServiceStack.OrmLite.OrmLiteWriteCommandExtensions - System.FormatException: 输入字符串的格式不正确。
   在 System.Number.StringToNumber(String str, NumberStyles options, NumberBuffer& number, NumberFormatInfo info, Boolean parseDecimal)
   在 System.Number.ParseInt32(String s, NumberStyles style, NumberFormatInfo info)
   在 System.String.System.IConvertible.ToInt32(IFormatProvider provider)
   在 ServiceStack.OrmLite.OrmLiteConverterExtensions.ConvertNumber(IOrmLiteDialectProvider dialectProvider, Type toIntegerType, Object value)
   在 ServiceStack.OrmLite.Converters.IntegerConverter.FromDbValue(Type fieldType, Object value)
   在 ServiceStack.OrmLite.OrmLiteWriteCommandExtensions.PopulateWithSqlReader[T](T objWithProperties, IOrmLiteDialectProvider dialectProvider, IDataReader reader, Tuple`3[] indexCache, Object[] values)
2017-09-21 16:56:31,523 [42] ServiceStack.OrmLite.OrmLiteWriteCommandExtensions - System.FormatException: 输入字符串的格式不正确。
   在 System.Number.StringToNumber(String str, NumberStyles options, NumberBuffer& number, NumberFormatInfo info, Boolean parseDecimal)
   在 System.Number.ParseInt32(String s, NumberStyles style, NumberFormatInfo info)
   在 System.String.System.IConvertible.ToInt32(IFormatProvider provider)
   在 ServiceStack.OrmLite.OrmLiteConverterExtensions.ConvertNumber(IOrmLiteDialectProvider dialectProvider, Type toIntegerType, Object value)
   在 ServiceStack.OrmLite.Converters.IntegerConverter.FromDbValue(Type fieldType, Object value)
   在 ServiceStack.OrmLite.OrmLiteWriteCommandExtensions.PopulateWithSqlReader[T](T objWithProperties, IOrmLiteDialectProvider dialectProvider, IDataReader reader, Tuple`3[] indexCache, Object[] values)
2017-09-21 16:56:31,538 [42] ServiceStack.OrmLite.OrmLiteWriteCommandExtensions - System.FormatException: 输入字符串的格式不正确。
   在 System.Number.StringToNumber(String str, NumberStyles options, NumberBuffer& number, NumberFormatInfo info, Boolean parseDecimal)
   在 System.Number.ParseInt32(String s, NumberStyles style, NumberFormatInfo info)
   在 System.String.System.IConvertible.ToInt32(IFormatProvider provider)
   在 ServiceStack.OrmLite.OrmLiteConverterExtensions.ConvertNumber(IOrmLiteDialectProvider dialectProvider, Type toIntegerType, Object value)
   在 ServiceStack.OrmLite.Converters.IntegerConverter.FromDbValue(Type fieldType, Object value)
   在 ServiceStack.OrmLite.OrmLiteWriteCommandExtensions.PopulateWithSqlReader[T](T objWithProperties, IOrmLiteDialectProvider dialectProvider, IDataReader reader, Tuple`3[] indexCache, Object[] values)
2017-09-21 16:56:31,550 [42] ServiceStack.OrmLite.OrmLiteWriteCommandExtensions - System.FormatException: 输入字符串的格式不正确。
   在 System.Number.StringToNumber(String str, NumberStyles options, NumberBuffer& number, NumberFormatInfo info, Boolean parseDecimal)
   在 System.Number.ParseInt32(String s, NumberStyles style, NumberFormatInfo info)
   在 System.String.System.IConvertible.ToInt32(IFormatProvider provider)
   在 ServiceStack.OrmLite.OrmLiteConverterExtensions.ConvertNumber(IOrmLiteDialectProvider dialectProvider, Type toIntegerType, Object value)
   在 ServiceStack.OrmLite.Converters.IntegerConverter.FromDbValue(Type fieldType, Object value)
   在 ServiceStack.OrmLite.OrmLiteWriteCommandExtensions.PopulateWithSqlReader[T](T objWithProperties, IOrmLiteDialectProvider dialectProvider, IDataReader reader, Tuple`3[] indexCache, Object[] values)
2017-09-21 16:56:31,562 [42] ServiceStack.OrmLite.OrmLiteWriteCommandExtensions - System.FormatException: 输入字符串的格式不正确。
   在 System.Number.StringToNumber(String str, NumberStyles options, NumberBuffer& number, NumberFormatInfo info, Boolean parseDecimal)
   在 System.Number.ParseInt32(String s, NumberStyles style, NumberFormatInfo info)
   在 System.String.System.IConvertible.ToInt32(IFormatProvider provider)
   在 ServiceStack.OrmLite.OrmLiteConverterExtensions.ConvertNumber(IOrmLiteDialectProvider dialectProvider, Type toIntegerType, Object value)
   在 ServiceStack.OrmLite.Converters.IntegerConverter.FromDbValue(Type fieldType, Object value)
   在 ServiceStack.OrmLite.OrmLiteWriteCommandExtensions.PopulateWithSqlReader[T](T objWithProperties, IOrmLiteDialectProvider dialectProvider, IDataReader reader, Tuple`3[] indexCache, Object[] values)
2017-09-21 16:56:31,573 [42] ServiceStack.OrmLite.OrmLiteWriteCommandExtensions - System.FormatException: 输入字符串的格式不正确。
   在 System.Number.StringToNumber(String str, NumberStyles options, NumberBuffer& number, NumberFormatInfo info, Boolean parseDecimal)
   在 System.Number.ParseInt32(String s, NumberStyles style, NumberFormatInfo info)
   在 System.String.System.IConvertible.ToInt32(IFormatProvider provider)
   在 ServiceStack.OrmLite.OrmLiteConverterExtensions.ConvertNumber(IOrmLiteDialectProvider dialectProvider, Type toIntegerType, Object value)
   在 ServiceStack.OrmLite.Converters.IntegerConverter.FromDbValue(Type fieldType, Object value)
   在 ServiceStack.OrmLite.OrmLiteWriteCommandExtensions.PopulateWithSqlReader[T](T objWithProperties, IOrmLiteDialectProvider dialectProvider, IDataReader reader, Tuple`3[] indexCache, Object[] values)
2017-09-21 16:56:31,587 [42] ServiceStack.OrmLite.OrmLiteWriteCommandExtensions - System.FormatException: 输入字符串的格式不正确。
   在 System.Number.StringToNumber(String str, NumberStyles options, NumberBuffer& number, NumberFormatInfo info, Boolean parseDecimal)
   在 System.Number.ParseInt32(String s, NumberStyles style, NumberFormatInfo info)
   在 System.String.System.IConvertible.ToInt32(IFormatProvider provider)
   在 ServiceStack.OrmLite.OrmLiteConverterExtensions.ConvertNumber(IOrmLiteDialectProvider dialectProvider, Type toIntegerType, Object value)
   在 ServiceStack.OrmLite.Converters.IntegerConverter.FromDbValue(Type fieldType, Object value)
   在 ServiceStack.OrmLite.OrmLiteWriteCommandExtensions.PopulateWithSqlReader[T](T objWithProperties, IOrmLiteDialectProvider dialectProvider, IDataReader reader, Tuple`3[] indexCache, Object[] values)
2017-09-21 16:56:31,638 [42] ServiceStack.OrmLite.OrmLiteWriteCommandExtensions - System.FormatException: 输入字符串的格式不正确。
   在 System.Number.StringToNumber(String str, NumberStyles options, NumberBuffer& number, NumberFormatInfo info, Boolean parseDecimal)
   在 System.Number.ParseInt32(String s, NumberStyles style, NumberFormatInfo info)
   在 System.String.System.IConvertible.ToInt32(IFormatProvider provider)
   在 ServiceStack.OrmLite.OrmLiteConverterExtensions.ConvertNumber(IOrmLiteDialectProvider dialectProvider, Type toIntegerType, Object value)
   在 ServiceStack.OrmLite.Converters.IntegerConverter.FromDbValue(Type fieldType, Object value)
   在 ServiceStack.OrmLite.OrmLiteWriteCommandExtensions.PopulateWithSqlReader[T](T objWithProperties, IOrmLiteDialectProvider dialectProvider, IDataReader reader, Tuple`3[] indexCache, Object[] values)
2017-09-21 16:56:31,657 [42] ServiceStack.OrmLite.OrmLiteWriteCommandExtensions - System.FormatException: 输入字符串的格式不正确。
   在 System.Number.StringToNumber(String str, NumberStyles options, NumberBuffer& number, NumberFormatInfo info, Boolean parseDecimal)
   在 System.Number.ParseInt32(String s, NumberStyles style, NumberFormatInfo info)
   在 System.String.System.IConvertible.ToInt32(IFormatProvider provider)
   在 ServiceStack.OrmLite.OrmLiteConverterExtensions.ConvertNumber(IOrmLiteDialectProvider dialectProvider, Type toIntegerType, Object value)
   在 ServiceStack.OrmLite.Converters.IntegerConverter.FromDbValue(Type fieldType, Object value)
   在 ServiceStack.OrmLite.OrmLiteWriteCommandExtensions.PopulateWithSqlReader[T](T objWithProperties, IOrmLiteDialectProvider dialectProvider, IDataReader reader, Tuple`3[] indexCache, Object[] values)
2017-09-21 16:56:31,674 [42] ServiceStack.OrmLite.OrmLiteWriteCommandExtensions - System.FormatException: 输入字符串的格式不正确。
   在 System.Number.StringToNumber(String str, NumberStyles options, NumberBuffer& number, NumberFormatInfo info, Boolean parseDecimal)
   在 System.Number.ParseInt32(String s, NumberStyles style, NumberFormatInfo info)
   在 System.String.System.IConvertible.ToInt32(IFormatProvider provider)
   在 ServiceStack.OrmLite.OrmLiteConverterExtensions.ConvertNumber(IOrmLiteDialectProvider dialectProvider, Type toIntegerType, Object value)
   在 ServiceStack.OrmLite.Converters.IntegerConverter.FromDbValue(Type fieldType, Object value)
   在 ServiceStack.OrmLite.OrmLiteWriteCommandExtensions.PopulateWithSqlReader[T](T objWithProperties, IOrmLiteDialectProvider dialectProvider, IDataReader reader, Tuple`3[] indexCache, Object[] values)
2017-09-21 16:56:31,688 [42] ServiceStack.OrmLite.OrmLiteWriteCommandExtensions - System.FormatException: 输入字符串的格式不正确。
   在 System.Number.StringToNumber(String str, NumberStyles options, NumberBuffer& number, NumberFormatInfo info, Boolean parseDecimal)
   在 System.Number.ParseInt32(String s, NumberStyles style, NumberFormatInfo info)
   在 System.String.System.IConvertible.ToInt32(IFormatProvider provider)
   在 ServiceStack.OrmLite.OrmLiteConverterExtensions.ConvertNumber(IOrmLiteDialectProvider dialectProvider, Type toIntegerType, Object value)
   在 ServiceStack.OrmLite.Converters.IntegerConverter.FromDbValue(Type fieldType, Object value)
   在 ServiceStack.OrmLite.OrmLiteWriteCommandExtensions.PopulateWithSqlReader[T](T objWithProperties, IOrmLiteDialectProvider dialectProvider, IDataReader reader, Tuple`3[] indexCache, Object[] values)
2017-09-21 16:56:31,701 [42] ServiceStack.OrmLite.OrmLiteWriteCommandExtensions - System.FormatException: 输入字符串的格式不正确。
   在 System.Number.StringToNumber(String str, NumberStyles options, NumberBuffer& number, NumberFormatInfo info, Boolean parseDecimal)
   在 System.Number.ParseInt32(String s, NumberStyles style, NumberFormatInfo info)
   在 System.String.System.IConvertible.ToInt32(IFormatProvider provider)
   在 ServiceStack.OrmLite.OrmLiteConverterExtensions.ConvertNumber(IOrmLiteDialectProvider dialectProvider, Type toIntegerType, Object value)
   在 ServiceStack.OrmLite.Converters.IntegerConverter.FromDbValue(Type fieldType, Object value)
   在 ServiceStack.OrmLite.OrmLiteWriteCommandExtensions.PopulateWithSqlReader[T](T objWithProperties, IOrmLiteDialectProvider dialectProvider, IDataReader reader, Tuple`3[] indexCache, Object[] values)
2017-09-21 16:56:31,715 [42] ServiceStack.OrmLite.OrmLiteWriteCommandExtensions - System.FormatException: 输入字符串的格式不正确。
   在 System.Number.StringToNumber(String str, NumberStyles options, NumberBuffer& number, NumberFormatInfo info, Boolean parseDecimal)
   在 System.Number.ParseInt32(String s, NumberStyles style, NumberFormatInfo info)
   在 System.String.System.IConvertible.ToInt32(IFormatProvider provider)
   在 ServiceStack.OrmLite.OrmLiteConverterExtensions.ConvertNumber(IOrmLiteDialectProvider dialectProvider, Type toIntegerType, Object value)
   在 ServiceStack.OrmLite.Converters.IntegerConverter.FromDbValue(Type fieldType, Object value)
   在 ServiceStack.OrmLite.OrmLiteWriteCommandExtensions.PopulateWithSqlReader[T](T objWithProperties, IOrmLiteDialectProvider dialectProvider, IDataReader reader, Tuple`3[] indexCache, Object[] values)
2017-09-21 16:56:31,731 [42] ServiceStack.OrmLite.OrmLiteWriteCommandExtensions - System.FormatException: 输入字符串的格式不正确。
   在 System.Number.StringToNumber(String str, NumberStyles options, NumberBuffer& number, NumberFormatInfo info, Boolean parseDecimal)
   在 System.Number.ParseInt32(String s, NumberStyles style, NumberFormatInfo info)
   在 System.String.System.IConvertible.ToInt32(IFormatProvider provider)
   在 ServiceStack.OrmLite.OrmLiteConverterExtensions.ConvertNumber(IOrmLiteDialectProvider dialectProvider, Type toIntegerType, Object value)
   在 ServiceStack.OrmLite.Converters.IntegerConverter.FromDbValue(Type fieldType, Object value)
   在 ServiceStack.OrmLite.OrmLiteWriteCommandExtensions.PopulateWithSqlReader[T](T objWithProperties, IOrmLiteDialectProvider dialectProvider, IDataReader reader, Tuple`3[] indexCache, Object[] values)
2017-09-21 16:56:31,742 [42] ServiceStack.OrmLite.OrmLiteWriteCommandExtensions - System.FormatException: 输入字符串的格式不正确。
   在 System.Number.StringToNumber(String str, NumberStyles options, NumberBuffer& number, NumberFormatInfo info, Boolean parseDecimal)
   在 System.Number.ParseInt32(String s, NumberStyles style, NumberFormatInfo info)
   在 System.String.System.IConvertible.ToInt32(IFormatProvider provider)
   在 ServiceStack.OrmLite.OrmLiteConverterExtensions.ConvertNumber(IOrmLiteDialectProvider dialectProvider, Type toIntegerType, Object value)
   在 ServiceStack.OrmLite.Converters.IntegerConverter.FromDbValue(Type fieldType, Object value)
   在 ServiceStack.OrmLite.OrmLiteWriteCommandExtensions.PopulateWithSqlReader[T](T objWithProperties, IOrmLiteDialectProvider dialectProvider, IDataReader reader, Tuple`3[] indexCache, Object[] values)
2017-09-21 16:56:31,754 [42] ServiceStack.OrmLite.OrmLiteWriteCommandExtensions - System.FormatException: 输入字符串的格式不正确。
   在 System.Number.StringToNumber(String str, NumberStyles options, NumberBuffer& number, NumberFormatInfo info, Boolean parseDecimal)
   在 System.Number.ParseInt32(String s, NumberStyles style, NumberFormatInfo info)
   在 System.String.System.IConvertible.ToInt32(IFormatProvider provider)
   在 ServiceStack.OrmLite.OrmLiteConverterExtensions.ConvertNumber(IOrmLiteDialectProvider dialectProvider, Type toIntegerType, Object value)
   在 ServiceStack.OrmLite.Converters.IntegerConverter.FromDbValue(Type fieldType, Object value)
   在 ServiceStack.OrmLite.OrmLiteWriteCommandExtensions.PopulateWithSqlReader[T](T objWithProperties, IOrmLiteDialectProvider dialectProvider, IDataReader reader, Tuple`3[] indexCache, Object[] values)
2017-09-21 16:56:31,765 [42] ServiceStack.OrmLite.OrmLiteWriteCommandExtensions - System.FormatException: 输入字符串的格式不正确。
   在 System.Number.StringToNumber(String str, NumberStyles options, NumberBuffer& number, NumberFormatInfo info, Boolean parseDecimal)
   在 System.Number.ParseInt32(String s, NumberStyles style, NumberFormatInfo info)
   在 System.String.System.IConvertible.ToInt32(IFormatProvider provider)
   在 ServiceStack.OrmLite.OrmLiteConverterExtensions.ConvertNumber(IOrmLiteDialectProvider dialectProvider, Type toIntegerType, Object value)
   在 ServiceStack.OrmLite.Converters.IntegerConverter.FromDbValue(Type fieldType, Object value)
   在 ServiceStack.OrmLite.OrmLiteWriteCommandExtensions.PopulateWithSqlReader[T](T objWithProperties, IOrmLiteDialectProvider dialectProvider, IDataReader reader, Tuple`3[] indexCache, Object[] values)
