2017-10-26 16:19:10,194 [85] ServiceStack.OrmLite.OrmLiteWriteCommandExtensions - System.FormatException: 输入字符串的格式不正确。
   在 System.Number.StringToNumber(String str, NumberStyles options, NumberBuffer& number, NumberFormatInfo info, Boolean parseDecimal)
   在 System.Number.ParseInt32(String s, NumberStyles style, NumberFormatInfo info)
   在 System.String.System.IConvertible.ToInt32(IFormatProvider provider)
   在 ServiceStack.OrmLite.OrmLiteConverterExtensions.ConvertNumber(IOrmLiteDialectProvider dialectProvider, Type toIntegerType, Object value)
   在 ServiceStack.OrmLite.Converters.IntegerConverter.FromDbValue(Type fieldType, Object value)
   在 ServiceStack.OrmLite.OrmLiteWriteCommandExtensions.PopulateWithSqlReader[T](T objWithProperties, IOrmLiteDialectProvider dialectProvider, IDataReader reader, Tuple`3[] indexCache, Object[] values)
2017-10-26 16:19:10,217 [85] ServiceStack.OrmLite.OrmLiteWriteCommandExtensions - System.FormatException: 输入字符串的格式不正确。
   在 System.Number.StringToNumber(String str, NumberStyles options, NumberBuffer& number, NumberFormatInfo info, Boolean parseDecimal)
   在 System.Number.ParseInt32(String s, NumberStyles style, NumberFormatInfo info)
   在 System.String.System.IConvertible.ToInt32(IFormatProvider provider)
   在 ServiceStack.OrmLite.OrmLiteConverterExtensions.ConvertNumber(IOrmLiteDialectProvider dialectProvider, Type toIntegerType, Object value)
   在 ServiceStack.OrmLite.Converters.IntegerConverter.FromDbValue(Type fieldType, Object value)
   在 ServiceStack.OrmLite.OrmLiteWriteCommandExtensions.PopulateWithSqlReader[T](T objWithProperties, IOrmLiteDialectProvider dialectProvider, IDataReader reader, Tuple`3[] indexCache, Object[] values)
2017-10-26 16:19:10,229 [85] ServiceStack.OrmLite.OrmLiteWriteCommandExtensions - System.FormatException: 输入字符串的格式不正确。
   在 System.Number.StringToNumber(String str, NumberStyles options, NumberBuffer& number, NumberFormatInfo info, Boolean parseDecimal)
   在 System.Number.ParseInt32(String s, NumberStyles style, NumberFormatInfo info)
   在 System.String.System.IConvertible.ToInt32(IFormatProvider provider)
   在 ServiceStack.OrmLite.OrmLiteConverterExtensions.ConvertNumber(IOrmLiteDialectProvider dialectProvider, Type toIntegerType, Object value)
   在 ServiceStack.OrmLite.Converters.IntegerConverter.FromDbValue(Type fieldType, Object value)
   在 ServiceStack.OrmLite.OrmLiteWriteCommandExtensions.PopulateWithSqlReader[T](T objWithProperties, IOrmLiteDialectProvider dialectProvider, IDataReader reader, Tuple`3[] indexCache, Object[] values)
2017-10-26 16:19:10,240 [85] ServiceStack.OrmLite.OrmLiteWriteCommandExtensions - System.FormatException: 输入字符串的格式不正确。
   在 System.Number.StringToNumber(String str, NumberStyles options, NumberBuffer& number, NumberFormatInfo info, Boolean parseDecimal)
   在 System.Number.ParseInt32(String s, NumberStyles style, NumberFormatInfo info)
   在 System.String.System.IConvertible.ToInt32(IFormatProvider provider)
   在 ServiceStack.OrmLite.OrmLiteConverterExtensions.ConvertNumber(IOrmLiteDialectProvider dialectProvider, Type toIntegerType, Object value)
   在 ServiceStack.OrmLite.Converters.IntegerConverter.FromDbValue(Type fieldType, Object value)
   在 ServiceStack.OrmLite.OrmLiteWriteCommandExtensions.PopulateWithSqlReader[T](T objWithProperties, IOrmLiteDialectProvider dialectProvider, IDataReader reader, Tuple`3[] indexCache, Object[] values)
2017-10-26 16:19:10,252 [85] ServiceStack.OrmLite.OrmLiteWriteCommandExtensions - System.FormatException: 输入字符串的格式不正确。
   在 System.Number.StringToNumber(String str, NumberStyles options, NumberBuffer& number, NumberFormatInfo info, Boolean parseDecimal)
   在 System.Number.ParseInt32(String s, NumberStyles style, NumberFormatInfo info)
   在 System.String.System.IConvertible.ToInt32(IFormatProvider provider)
   在 ServiceStack.OrmLite.OrmLiteConverterExtensions.ConvertNumber(IOrmLiteDialectProvider dialectProvider, Type toIntegerType, Object value)
   在 ServiceStack.OrmLite.Converters.IntegerConverter.FromDbValue(Type fieldType, Object value)
   在 ServiceStack.OrmLite.OrmLiteWriteCommandExtensions.PopulateWithSqlReader[T](T objWithProperties, IOrmLiteDialectProvider dialectProvider, IDataReader reader, Tuple`3[] indexCache, Object[] values)
2017-10-26 16:19:10,263 [85] ServiceStack.OrmLite.OrmLiteWriteCommandExtensions - System.FormatException: 输入字符串的格式不正确。
   在 System.Number.StringToNumber(String str, NumberStyles options, NumberBuffer& number, NumberFormatInfo info, Boolean parseDecimal)
   在 System.Number.ParseInt32(String s, NumberStyles style, NumberFormatInfo info)
   在 System.String.System.IConvertible.ToInt32(IFormatProvider provider)
   在 ServiceStack.OrmLite.OrmLiteConverterExtensions.ConvertNumber(IOrmLiteDialectProvider dialectProvider, Type toIntegerType, Object value)
   在 ServiceStack.OrmLite.Converters.IntegerConverter.FromDbValue(Type fieldType, Object value)
   在 ServiceStack.OrmLite.OrmLiteWriteCommandExtensions.PopulateWithSqlReader[T](T objWithProperties, IOrmLiteDialectProvider dialectProvider, IDataReader reader, Tuple`3[] indexCache, Object[] values)
2017-10-26 16:19:10,274 [85] ServiceStack.OrmLite.OrmLiteWriteCommandExtensions - System.FormatException: 输入字符串的格式不正确。
   在 System.Number.StringToNumber(String str, NumberStyles options, NumberBuffer& number, NumberFormatInfo info, Boolean parseDecimal)
   在 System.Number.ParseInt32(String s, NumberStyles style, NumberFormatInfo info)
   在 System.String.System.IConvertible.ToInt32(IFormatProvider provider)
   在 ServiceStack.OrmLite.OrmLiteConverterExtensions.ConvertNumber(IOrmLiteDialectProvider dialectProvider, Type toIntegerType, Object value)
   在 ServiceStack.OrmLite.Converters.IntegerConverter.FromDbValue(Type fieldType, Object value)
   在 ServiceStack.OrmLite.OrmLiteWriteCommandExtensions.PopulateWithSqlReader[T](T objWithProperties, IOrmLiteDialectProvider dialectProvider, IDataReader reader, Tuple`3[] indexCache, Object[] values)
2017-10-26 16:19:10,287 [85] ServiceStack.OrmLite.OrmLiteWriteCommandExtensions - System.FormatException: 输入字符串的格式不正确。
   在 System.Number.StringToNumber(String str, NumberStyles options, NumberBuffer& number, NumberFormatInfo info, Boolean parseDecimal)
   在 System.Number.ParseInt32(String s, NumberStyles style, NumberFormatInfo info)
   在 System.String.System.IConvertible.ToInt32(IFormatProvider provider)
   在 ServiceStack.OrmLite.OrmLiteConverterExtensions.ConvertNumber(IOrmLiteDialectProvider dialectProvider, Type toIntegerType, Object value)
   在 ServiceStack.OrmLite.Converters.IntegerConverter.FromDbValue(Type fieldType, Object value)
   在 ServiceStack.OrmLite.OrmLiteWriteCommandExtensions.PopulateWithSqlReader[T](T objWithProperties, IOrmLiteDialectProvider dialectProvider, IDataReader reader, Tuple`3[] indexCache, Object[] values)
2017-10-26 16:19:10,298 [85] ServiceStack.OrmLite.OrmLiteWriteCommandExtensions - System.FormatException: 输入字符串的格式不正确。
   在 System.Number.StringToNumber(String str, NumberStyles options, NumberBuffer& number, NumberFormatInfo info, Boolean parseDecimal)
   在 System.Number.ParseInt32(String s, NumberStyles style, NumberFormatInfo info)
   在 System.String.System.IConvertible.ToInt32(IFormatProvider provider)
   在 ServiceStack.OrmLite.OrmLiteConverterExtensions.ConvertNumber(IOrmLiteDialectProvider dialectProvider, Type toIntegerType, Object value)
   在 ServiceStack.OrmLite.Converters.IntegerConverter.FromDbValue(Type fieldType, Object value)
   在 ServiceStack.OrmLite.OrmLiteWriteCommandExtensions.PopulateWithSqlReader[T](T objWithProperties, IOrmLiteDialectProvider dialectProvider, IDataReader reader, Tuple`3[] indexCache, Object[] values)
2017-10-26 16:19:10,313 [85] ServiceStack.OrmLite.OrmLiteWriteCommandExtensions - System.FormatException: 输入字符串的格式不正确。
   在 System.Number.StringToNumber(String str, NumberStyles options, NumberBuffer& number, NumberFormatInfo info, Boolean parseDecimal)
   在 System.Number.ParseInt32(String s, NumberStyles style, NumberFormatInfo info)
   在 System.String.System.IConvertible.ToInt32(IFormatProvider provider)
   在 ServiceStack.OrmLite.OrmLiteConverterExtensions.ConvertNumber(IOrmLiteDialectProvider dialectProvider, Type toIntegerType, Object value)
   在 ServiceStack.OrmLite.Converters.IntegerConverter.FromDbValue(Type fieldType, Object value)
   在 ServiceStack.OrmLite.OrmLiteWriteCommandExtensions.PopulateWithSqlReader[T](T objWithProperties, IOrmLiteDialectProvider dialectProvider, IDataReader reader, Tuple`3[] indexCache, Object[] values)
2017-10-26 16:19:10,324 [85] ServiceStack.OrmLite.OrmLiteWriteCommandExtensions - System.FormatException: 输入字符串的格式不正确。
   在 System.Number.StringToNumber(String str, NumberStyles options, NumberBuffer& number, NumberFormatInfo info, Boolean parseDecimal)
   在 System.Number.ParseInt32(String s, NumberStyles style, NumberFormatInfo info)
   在 System.String.System.IConvertible.ToInt32(IFormatProvider provider)
   在 ServiceStack.OrmLite.OrmLiteConverterExtensions.ConvertNumber(IOrmLiteDialectProvider dialectProvider, Type toIntegerType, Object value)
   在 ServiceStack.OrmLite.Converters.IntegerConverter.FromDbValue(Type fieldType, Object value)
   在 ServiceStack.OrmLite.OrmLiteWriteCommandExtensions.PopulateWithSqlReader[T](T objWithProperties, IOrmLiteDialectProvider dialectProvider, IDataReader reader, Tuple`3[] indexCache, Object[] values)
2017-10-26 16:19:10,335 [85] ServiceStack.OrmLite.OrmLiteWriteCommandExtensions - System.FormatException: 输入字符串的格式不正确。
   在 System.Number.StringToNumber(String str, NumberStyles options, NumberBuffer& number, NumberFormatInfo info, Boolean parseDecimal)
   在 System.Number.ParseInt32(String s, NumberStyles style, NumberFormatInfo info)
   在 System.String.System.IConvertible.ToInt32(IFormatProvider provider)
   在 ServiceStack.OrmLite.OrmLiteConverterExtensions.ConvertNumber(IOrmLiteDialectProvider dialectProvider, Type toIntegerType, Object value)
   在 ServiceStack.OrmLite.Converters.IntegerConverter.FromDbValue(Type fieldType, Object value)
   在 ServiceStack.OrmLite.OrmLiteWriteCommandExtensions.PopulateWithSqlReader[T](T objWithProperties, IOrmLiteDialectProvider dialectProvider, IDataReader reader, Tuple`3[] indexCache, Object[] values)
2017-10-26 16:19:10,346 [85] ServiceStack.OrmLite.OrmLiteWriteCommandExtensions - System.FormatException: 输入字符串的格式不正确。
   在 System.Number.StringToNumber(String str, NumberStyles options, NumberBuffer& number, NumberFormatInfo info, Boolean parseDecimal)
   在 System.Number.ParseInt32(String s, NumberStyles style, NumberFormatInfo info)
   在 System.String.System.IConvertible.ToInt32(IFormatProvider provider)
   在 ServiceStack.OrmLite.OrmLiteConverterExtensions.ConvertNumber(IOrmLiteDialectProvider dialectProvider, Type toIntegerType, Object value)
   在 ServiceStack.OrmLite.Converters.IntegerConverter.FromDbValue(Type fieldType, Object value)
   在 ServiceStack.OrmLite.OrmLiteWriteCommandExtensions.PopulateWithSqlReader[T](T objWithProperties, IOrmLiteDialectProvider dialectProvider, IDataReader reader, Tuple`3[] indexCache, Object[] values)
2017-10-26 16:19:10,395 [85] ServiceStack.OrmLite.OrmLiteWriteCommandExtensions - System.FormatException: 输入字符串的格式不正确。
   在 System.Number.StringToNumber(String str, NumberStyles options, NumberBuffer& number, NumberFormatInfo info, Boolean parseDecimal)
   在 System.Number.ParseInt32(String s, NumberStyles style, NumberFormatInfo info)
   在 System.String.System.IConvertible.ToInt32(IFormatProvider provider)
   在 ServiceStack.OrmLite.OrmLiteConverterExtensions.ConvertNumber(IOrmLiteDialectProvider dialectProvider, Type toIntegerType, Object value)
   在 ServiceStack.OrmLite.Converters.IntegerConverter.FromDbValue(Type fieldType, Object value)
   在 ServiceStack.OrmLite.OrmLiteWriteCommandExtensions.PopulateWithSqlReader[T](T objWithProperties, IOrmLiteDialectProvider dialectProvider, IDataReader reader, Tuple`3[] indexCache, Object[] values)
2017-10-26 16:19:10,406 [85] ServiceStack.OrmLite.OrmLiteWriteCommandExtensions - System.FormatException: 输入字符串的格式不正确。
   在 System.Number.StringToNumber(String str, NumberStyles options, NumberBuffer& number, NumberFormatInfo info, Boolean parseDecimal)
   在 System.Number.ParseInt32(String s, NumberStyles style, NumberFormatInfo info)
   在 System.String.System.IConvertible.ToInt32(IFormatProvider provider)
   在 ServiceStack.OrmLite.OrmLiteConverterExtensions.ConvertNumber(IOrmLiteDialectProvider dialectProvider, Type toIntegerType, Object value)
   在 ServiceStack.OrmLite.Converters.IntegerConverter.FromDbValue(Type fieldType, Object value)
   在 ServiceStack.OrmLite.OrmLiteWriteCommandExtensions.PopulateWithSqlReader[T](T objWithProperties, IOrmLiteDialectProvider dialectProvider, IDataReader reader, Tuple`3[] indexCache, Object[] values)
2017-10-26 16:19:10,419 [85] ServiceStack.OrmLite.OrmLiteWriteCommandExtensions - System.FormatException: 输入字符串的格式不正确。
   在 System.Number.StringToNumber(String str, NumberStyles options, NumberBuffer& number, NumberFormatInfo info, Boolean parseDecimal)
   在 System.Number.ParseInt32(String s, NumberStyles style, NumberFormatInfo info)
   在 System.String.System.IConvertible.ToInt32(IFormatProvider provider)
   在 ServiceStack.OrmLite.OrmLiteConverterExtensions.ConvertNumber(IOrmLiteDialectProvider dialectProvider, Type toIntegerType, Object value)
   在 ServiceStack.OrmLite.Converters.IntegerConverter.FromDbValue(Type fieldType, Object value)
   在 ServiceStack.OrmLite.OrmLiteWriteCommandExtensions.PopulateWithSqlReader[T](T objWithProperties, IOrmLiteDialectProvider dialectProvider, IDataReader reader, Tuple`3[] indexCache, Object[] values)
2017-10-26 16:19:10,433 [85] ServiceStack.OrmLite.OrmLiteWriteCommandExtensions - System.FormatException: 输入字符串的格式不正确。
   在 System.Number.StringToNumber(String str, NumberStyles options, NumberBuffer& number, NumberFormatInfo info, Boolean parseDecimal)
   在 System.Number.ParseInt32(String s, NumberStyles style, NumberFormatInfo info)
   在 System.String.System.IConvertible.ToInt32(IFormatProvider provider)
   在 ServiceStack.OrmLite.OrmLiteConverterExtensions.ConvertNumber(IOrmLiteDialectProvider dialectProvider, Type toIntegerType, Object value)
   在 ServiceStack.OrmLite.Converters.IntegerConverter.FromDbValue(Type fieldType, Object value)
   在 ServiceStack.OrmLite.OrmLiteWriteCommandExtensions.PopulateWithSqlReader[T](T objWithProperties, IOrmLiteDialectProvider dialectProvider, IDataReader reader, Tuple`3[] indexCache, Object[] values)
2017-10-26 16:19:10,445 [85] ServiceStack.OrmLite.OrmLiteWriteCommandExtensions - System.FormatException: 输入字符串的格式不正确。
   在 System.Number.StringToNumber(String str, NumberStyles options, NumberBuffer& number, NumberFormatInfo info, Boolean parseDecimal)
   在 System.Number.ParseInt32(String s, NumberStyles style, NumberFormatInfo info)
   在 System.String.System.IConvertible.ToInt32(IFormatProvider provider)
   在 ServiceStack.OrmLite.OrmLiteConverterExtensions.ConvertNumber(IOrmLiteDialectProvider dialectProvider, Type toIntegerType, Object value)
   在 ServiceStack.OrmLite.Converters.IntegerConverter.FromDbValue(Type fieldType, Object value)
   在 ServiceStack.OrmLite.OrmLiteWriteCommandExtensions.PopulateWithSqlReader[T](T objWithProperties, IOrmLiteDialectProvider dialectProvider, IDataReader reader, Tuple`3[] indexCache, Object[] values)
2017-10-26 16:19:10,457 [85] ServiceStack.OrmLite.OrmLiteWriteCommandExtensions - System.FormatException: 输入字符串的格式不正确。
   在 System.Number.StringToNumber(String str, NumberStyles options, NumberBuffer& number, NumberFormatInfo info, Boolean parseDecimal)
   在 System.Number.ParseInt32(String s, NumberStyles style, NumberFormatInfo info)
   在 System.String.System.IConvertible.ToInt32(IFormatProvider provider)
   在 ServiceStack.OrmLite.OrmLiteConverterExtensions.ConvertNumber(IOrmLiteDialectProvider dialectProvider, Type toIntegerType, Object value)
   在 ServiceStack.OrmLite.Converters.IntegerConverter.FromDbValue(Type fieldType, Object value)
   在 ServiceStack.OrmLite.OrmLiteWriteCommandExtensions.PopulateWithSqlReader[T](T objWithProperties, IOrmLiteDialectProvider dialectProvider, IDataReader reader, Tuple`3[] indexCache, Object[] values)
2017-10-26 16:19:10,470 [85] ServiceStack.OrmLite.OrmLiteWriteCommandExtensions - System.FormatException: 输入字符串的格式不正确。
   在 System.Number.StringToNumber(String str, NumberStyles options, NumberBuffer& number, NumberFormatInfo info, Boolean parseDecimal)
   在 System.Number.ParseInt32(String s, NumberStyles style, NumberFormatInfo info)
   在 System.String.System.IConvertible.ToInt32(IFormatProvider provider)
   在 ServiceStack.OrmLite.OrmLiteConverterExtensions.ConvertNumber(IOrmLiteDialectProvider dialectProvider, Type toIntegerType, Object value)
   在 ServiceStack.OrmLite.Converters.IntegerConverter.FromDbValue(Type fieldType, Object value)
   在 ServiceStack.OrmLite.OrmLiteWriteCommandExtensions.PopulateWithSqlReader[T](T objWithProperties, IOrmLiteDialectProvider dialectProvider, IDataReader reader, Tuple`3[] indexCache, Object[] values)
2017-10-26 16:19:10,483 [85] ServiceStack.OrmLite.OrmLiteWriteCommandExtensions - System.FormatException: 输入字符串的格式不正确。
   在 System.Number.StringToNumber(String str, NumberStyles options, NumberBuffer& number, NumberFormatInfo info, Boolean parseDecimal)
   在 System.Number.ParseInt32(String s, NumberStyles style, NumberFormatInfo info)
   在 System.String.System.IConvertible.ToInt32(IFormatProvider provider)
   在 ServiceStack.OrmLite.OrmLiteConverterExtensions.ConvertNumber(IOrmLiteDialectProvider dialectProvider, Type toIntegerType, Object value)
   在 ServiceStack.OrmLite.Converters.IntegerConverter.FromDbValue(Type fieldType, Object value)
   在 ServiceStack.OrmLite.OrmLiteWriteCommandExtensions.PopulateWithSqlReader[T](T objWithProperties, IOrmLiteDialectProvider dialectProvider, IDataReader reader, Tuple`3[] indexCache, Object[] values)
2017-10-26 16:19:10,496 [85] ServiceStack.OrmLite.OrmLiteWriteCommandExtensions - System.FormatException: 输入字符串的格式不正确。
   在 System.Number.StringToNumber(String str, NumberStyles options, NumberBuffer& number, NumberFormatInfo info, Boolean parseDecimal)
   在 System.Number.ParseInt32(String s, NumberStyles style, NumberFormatInfo info)
   在 System.String.System.IConvertible.ToInt32(IFormatProvider provider)
   在 ServiceStack.OrmLite.OrmLiteConverterExtensions.ConvertNumber(IOrmLiteDialectProvider dialectProvider, Type toIntegerType, Object value)
   在 ServiceStack.OrmLite.Converters.IntegerConverter.FromDbValue(Type fieldType, Object value)
   在 ServiceStack.OrmLite.OrmLiteWriteCommandExtensions.PopulateWithSqlReader[T](T objWithProperties, IOrmLiteDialectProvider dialectProvider, IDataReader reader, Tuple`3[] indexCache, Object[] values)
2017-10-26 16:19:10,508 [85] ServiceStack.OrmLite.OrmLiteWriteCommandExtensions - System.FormatException: 输入字符串的格式不正确。
   在 System.Number.StringToNumber(String str, NumberStyles options, NumberBuffer& number, NumberFormatInfo info, Boolean parseDecimal)
   在 System.Number.ParseInt32(String s, NumberStyles style, NumberFormatInfo info)
   在 System.String.System.IConvertible.ToInt32(IFormatProvider provider)
   在 ServiceStack.OrmLite.OrmLiteConverterExtensions.ConvertNumber(IOrmLiteDialectProvider dialectProvider, Type toIntegerType, Object value)
   在 ServiceStack.OrmLite.Converters.IntegerConverter.FromDbValue(Type fieldType, Object value)
   在 ServiceStack.OrmLite.OrmLiteWriteCommandExtensions.PopulateWithSqlReader[T](T objWithProperties, IOrmLiteDialectProvider dialectProvider, IDataReader reader, Tuple`3[] indexCache, Object[] values)
2017-10-26 16:19:10,522 [85] ServiceStack.OrmLite.OrmLiteWriteCommandExtensions - System.FormatException: 输入字符串的格式不正确。
   在 System.Number.StringToNumber(String str, NumberStyles options, NumberBuffer& number, NumberFormatInfo info, Boolean parseDecimal)
   在 System.Number.ParseInt32(String s, NumberStyles style, NumberFormatInfo info)
   在 System.String.System.IConvertible.ToInt32(IFormatProvider provider)
   在 ServiceStack.OrmLite.OrmLiteConverterExtensions.ConvertNumber(IOrmLiteDialectProvider dialectProvider, Type toIntegerType, Object value)
   在 ServiceStack.OrmLite.Converters.IntegerConverter.FromDbValue(Type fieldType, Object value)
   在 ServiceStack.OrmLite.OrmLiteWriteCommandExtensions.PopulateWithSqlReader[T](T objWithProperties, IOrmLiteDialectProvider dialectProvider, IDataReader reader, Tuple`3[] indexCache, Object[] values)
2017-10-26 16:19:10,535 [85] ServiceStack.OrmLite.OrmLiteWriteCommandExtensions - System.FormatException: 输入字符串的格式不正确。
   在 System.Number.StringToNumber(String str, NumberStyles options, NumberBuffer& number, NumberFormatInfo info, Boolean parseDecimal)
   在 System.Number.ParseInt32(String s, NumberStyles style, NumberFormatInfo info)
   在 System.String.System.IConvertible.ToInt32(IFormatProvider provider)
   在 ServiceStack.OrmLite.OrmLiteConverterExtensions.ConvertNumber(IOrmLiteDialectProvider dialectProvider, Type toIntegerType, Object value)
   在 ServiceStack.OrmLite.Converters.IntegerConverter.FromDbValue(Type fieldType, Object value)
   在 ServiceStack.OrmLite.OrmLiteWriteCommandExtensions.PopulateWithSqlReader[T](T objWithProperties, IOrmLiteDialectProvider dialectProvider, IDataReader reader, Tuple`3[] indexCache, Object[] values)
2017-10-26 16:19:10,550 [85] ServiceStack.OrmLite.OrmLiteWriteCommandExtensions - System.FormatException: 输入字符串的格式不正确。
   在 System.Number.StringToNumber(String str, NumberStyles options, NumberBuffer& number, NumberFormatInfo info, Boolean parseDecimal)
   在 System.Number.ParseInt32(String s, NumberStyles style, NumberFormatInfo info)
   在 System.String.System.IConvertible.ToInt32(IFormatProvider provider)
   在 ServiceStack.OrmLite.OrmLiteConverterExtensions.ConvertNumber(IOrmLiteDialectProvider dialectProvider, Type toIntegerType, Object value)
   在 ServiceStack.OrmLite.Converters.IntegerConverter.FromDbValue(Type fieldType, Object value)
   在 ServiceStack.OrmLite.OrmLiteWriteCommandExtensions.PopulateWithSqlReader[T](T objWithProperties, IOrmLiteDialectProvider dialectProvider, IDataReader reader, Tuple`3[] indexCache, Object[] values)
2017-10-26 16:19:16,510 [87] ServiceStack.OrmLite.OrmLiteWriteCommandExtensions - System.FormatException: 输入字符串的格式不正确。
   在 System.Number.StringToNumber(String str, NumberStyles options, NumberBuffer& number, NumberFormatInfo info, Boolean parseDecimal)
   在 System.Number.ParseInt32(String s, NumberStyles style, NumberFormatInfo info)
   在 System.String.System.IConvertible.ToInt32(IFormatProvider provider)
   在 ServiceStack.OrmLite.OrmLiteConverterExtensions.ConvertNumber(IOrmLiteDialectProvider dialectProvider, Type toIntegerType, Object value)
   在 ServiceStack.OrmLite.Converters.IntegerConverter.FromDbValue(Type fieldType, Object value)
   在 ServiceStack.OrmLite.OrmLiteWriteCommandExtensions.PopulateWithSqlReader[T](T objWithProperties, IOrmLiteDialectProvider dialectProvider, IDataReader reader, Tuple`3[] indexCache, Object[] values)
2017-10-26 16:19:16,532 [87] ServiceStack.OrmLite.OrmLiteWriteCommandExtensions - System.FormatException: 输入字符串的格式不正确。
   在 System.Number.StringToNumber(String str, NumberStyles options, NumberBuffer& number, NumberFormatInfo info, Boolean parseDecimal)
   在 System.Number.ParseInt32(String s, NumberStyles style, NumberFormatInfo info)
   在 System.String.System.IConvertible.ToInt32(IFormatProvider provider)
   在 ServiceStack.OrmLite.OrmLiteConverterExtensions.ConvertNumber(IOrmLiteDialectProvider dialectProvider, Type toIntegerType, Object value)
   在 ServiceStack.OrmLite.Converters.IntegerConverter.FromDbValue(Type fieldType, Object value)
   在 ServiceStack.OrmLite.OrmLiteWriteCommandExtensions.PopulateWithSqlReader[T](T objWithProperties, IOrmLiteDialectProvider dialectProvider, IDataReader reader, Tuple`3[] indexCache, Object[] values)
2017-10-26 16:19:16,561 [87] ServiceStack.OrmLite.OrmLiteWriteCommandExtensions - System.FormatException: 输入字符串的格式不正确。
   在 System.Number.StringToNumber(String str, NumberStyles options, NumberBuffer& number, NumberFormatInfo info, Boolean parseDecimal)
   在 System.Number.ParseInt32(String s, NumberStyles style, NumberFormatInfo info)
   在 System.String.System.IConvertible.ToInt32(IFormatProvider provider)
   在 ServiceStack.OrmLite.OrmLiteConverterExtensions.ConvertNumber(IOrmLiteDialectProvider dialectProvider, Type toIntegerType, Object value)
   在 ServiceStack.OrmLite.Converters.IntegerConverter.FromDbValue(Type fieldType, Object value)
   在 ServiceStack.OrmLite.OrmLiteWriteCommandExtensions.PopulateWithSqlReader[T](T objWithProperties, IOrmLiteDialectProvider dialectProvider, IDataReader reader, Tuple`3[] indexCache, Object[] values)
2017-10-26 16:19:16,581 [87] ServiceStack.OrmLite.OrmLiteWriteCommandExtensions - System.FormatException: 输入字符串的格式不正确。
   在 System.Number.StringToNumber(String str, NumberStyles options, NumberBuffer& number, NumberFormatInfo info, Boolean parseDecimal)
   在 System.Number.ParseInt32(String s, NumberStyles style, NumberFormatInfo info)
   在 System.String.System.IConvertible.ToInt32(IFormatProvider provider)
   在 ServiceStack.OrmLite.OrmLiteConverterExtensions.ConvertNumber(IOrmLiteDialectProvider dialectProvider, Type toIntegerType, Object value)
   在 ServiceStack.OrmLite.Converters.IntegerConverter.FromDbValue(Type fieldType, Object value)
   在 ServiceStack.OrmLite.OrmLiteWriteCommandExtensions.PopulateWithSqlReader[T](T objWithProperties, IOrmLiteDialectProvider dialectProvider, IDataReader reader, Tuple`3[] indexCache, Object[] values)
2017-10-26 16:19:16,594 [87] ServiceStack.OrmLite.OrmLiteWriteCommandExtensions - System.FormatException: 输入字符串的格式不正确。
   在 System.Number.StringToNumber(String str, NumberStyles options, NumberBuffer& number, NumberFormatInfo info, Boolean parseDecimal)
   在 System.Number.ParseInt32(String s, NumberStyles style, NumberFormatInfo info)
   在 System.String.System.IConvertible.ToInt32(IFormatProvider provider)
   在 ServiceStack.OrmLite.OrmLiteConverterExtensions.ConvertNumber(IOrmLiteDialectProvider dialectProvider, Type toIntegerType, Object value)
   在 ServiceStack.OrmLite.Converters.IntegerConverter.FromDbValue(Type fieldType, Object value)
   在 ServiceStack.OrmLite.OrmLiteWriteCommandExtensions.PopulateWithSqlReader[T](T objWithProperties, IOrmLiteDialectProvider dialectProvider, IDataReader reader, Tuple`3[] indexCache, Object[] values)
2017-10-26 16:19:16,608 [87] ServiceStack.OrmLite.OrmLiteWriteCommandExtensions - System.FormatException: 输入字符串的格式不正确。
   在 System.Number.StringToNumber(String str, NumberStyles options, NumberBuffer& number, NumberFormatInfo info, Boolean parseDecimal)
   在 System.Number.ParseInt32(String s, NumberStyles style, NumberFormatInfo info)
   在 System.String.System.IConvertible.ToInt32(IFormatProvider provider)
   在 ServiceStack.OrmLite.OrmLiteConverterExtensions.ConvertNumber(IOrmLiteDialectProvider dialectProvider, Type toIntegerType, Object value)
   在 ServiceStack.OrmLite.Converters.IntegerConverter.FromDbValue(Type fieldType, Object value)
   在 ServiceStack.OrmLite.OrmLiteWriteCommandExtensions.PopulateWithSqlReader[T](T objWithProperties, IOrmLiteDialectProvider dialectProvider, IDataReader reader, Tuple`3[] indexCache, Object[] values)
2017-10-26 16:19:16,620 [87] ServiceStack.OrmLite.OrmLiteWriteCommandExtensions - System.FormatException: 输入字符串的格式不正确。
   在 System.Number.StringToNumber(String str, NumberStyles options, NumberBuffer& number, NumberFormatInfo info, Boolean parseDecimal)
   在 System.Number.ParseInt32(String s, NumberStyles style, NumberFormatInfo info)
   在 System.String.System.IConvertible.ToInt32(IFormatProvider provider)
   在 ServiceStack.OrmLite.OrmLiteConverterExtensions.ConvertNumber(IOrmLiteDialectProvider dialectProvider, Type toIntegerType, Object value)
   在 ServiceStack.OrmLite.Converters.IntegerConverter.FromDbValue(Type fieldType, Object value)
   在 ServiceStack.OrmLite.OrmLiteWriteCommandExtensions.PopulateWithSqlReader[T](T objWithProperties, IOrmLiteDialectProvider dialectProvider, IDataReader reader, Tuple`3[] indexCache, Object[] values)
2017-10-26 16:19:16,632 [87] ServiceStack.OrmLite.OrmLiteWriteCommandExtensions - System.FormatException: 输入字符串的格式不正确。
   在 System.Number.StringToNumber(String str, NumberStyles options, NumberBuffer& number, NumberFormatInfo info, Boolean parseDecimal)
   在 System.Number.ParseInt32(String s, NumberStyles style, NumberFormatInfo info)
   在 System.String.System.IConvertible.ToInt32(IFormatProvider provider)
   在 ServiceStack.OrmLite.OrmLiteConverterExtensions.ConvertNumber(IOrmLiteDialectProvider dialectProvider, Type toIntegerType, Object value)
   在 ServiceStack.OrmLite.Converters.IntegerConverter.FromDbValue(Type fieldType, Object value)
   在 ServiceStack.OrmLite.OrmLiteWriteCommandExtensions.PopulateWithSqlReader[T](T objWithProperties, IOrmLiteDialectProvider dialectProvider, IDataReader reader, Tuple`3[] indexCache, Object[] values)
2017-10-26 16:19:16,643 [87] ServiceStack.OrmLite.OrmLiteWriteCommandExtensions - System.FormatException: 输入字符串的格式不正确。
   在 System.Number.StringToNumber(String str, NumberStyles options, NumberBuffer& number, NumberFormatInfo info, Boolean parseDecimal)
   在 System.Number.ParseInt32(String s, NumberStyles style, NumberFormatInfo info)
   在 System.String.System.IConvertible.ToInt32(IFormatProvider provider)
   在 ServiceStack.OrmLite.OrmLiteConverterExtensions.ConvertNumber(IOrmLiteDialectProvider dialectProvider, Type toIntegerType, Object value)
   在 ServiceStack.OrmLite.Converters.IntegerConverter.FromDbValue(Type fieldType, Object value)
   在 ServiceStack.OrmLite.OrmLiteWriteCommandExtensions.PopulateWithSqlReader[T](T objWithProperties, IOrmLiteDialectProvider dialectProvider, IDataReader reader, Tuple`3[] indexCache, Object[] values)
2017-10-26 16:19:16,656 [87] ServiceStack.OrmLite.OrmLiteWriteCommandExtensions - System.FormatException: 输入字符串的格式不正确。
   在 System.Number.StringToNumber(String str, NumberStyles options, NumberBuffer& number, NumberFormatInfo info, Boolean parseDecimal)
   在 System.Number.ParseInt32(String s, NumberStyles style, NumberFormatInfo info)
   在 System.String.System.IConvertible.ToInt32(IFormatProvider provider)
   在 ServiceStack.OrmLite.OrmLiteConverterExtensions.ConvertNumber(IOrmLiteDialectProvider dialectProvider, Type toIntegerType, Object value)
   在 ServiceStack.OrmLite.Converters.IntegerConverter.FromDbValue(Type fieldType, Object value)
   在 ServiceStack.OrmLite.OrmLiteWriteCommandExtensions.PopulateWithSqlReader[T](T objWithProperties, IOrmLiteDialectProvider dialectProvider, IDataReader reader, Tuple`3[] indexCache, Object[] values)
2017-10-26 16:19:16,669 [87] ServiceStack.OrmLite.OrmLiteWriteCommandExtensions - System.FormatException: 输入字符串的格式不正确。
   在 System.Number.StringToNumber(String str, NumberStyles options, NumberBuffer& number, NumberFormatInfo info, Boolean parseDecimal)
   在 System.Number.ParseInt32(String s, NumberStyles style, NumberFormatInfo info)
   在 System.String.System.IConvertible.ToInt32(IFormatProvider provider)
   在 ServiceStack.OrmLite.OrmLiteConverterExtensions.ConvertNumber(IOrmLiteDialectProvider dialectProvider, Type toIntegerType, Object value)
   在 ServiceStack.OrmLite.Converters.IntegerConverter.FromDbValue(Type fieldType, Object value)
   在 ServiceStack.OrmLite.OrmLiteWriteCommandExtensions.PopulateWithSqlReader[T](T objWithProperties, IOrmLiteDialectProvider dialectProvider, IDataReader reader, Tuple`3[] indexCache, Object[] values)
2017-10-26 16:19:16,681 [87] ServiceStack.OrmLite.OrmLiteWriteCommandExtensions - System.FormatException: 输入字符串的格式不正确。
   在 System.Number.StringToNumber(String str, NumberStyles options, NumberBuffer& number, NumberFormatInfo info, Boolean parseDecimal)
   在 System.Number.ParseInt32(String s, NumberStyles style, NumberFormatInfo info)
   在 System.String.System.IConvertible.ToInt32(IFormatProvider provider)
   在 ServiceStack.OrmLite.OrmLiteConverterExtensions.ConvertNumber(IOrmLiteDialectProvider dialectProvider, Type toIntegerType, Object value)
   在 ServiceStack.OrmLite.Converters.IntegerConverter.FromDbValue(Type fieldType, Object value)
   在 ServiceStack.OrmLite.OrmLiteWriteCommandExtensions.PopulateWithSqlReader[T](T objWithProperties, IOrmLiteDialectProvider dialectProvider, IDataReader reader, Tuple`3[] indexCache, Object[] values)
2017-10-26 16:19:16,693 [87] ServiceStack.OrmLite.OrmLiteWriteCommandExtensions - System.FormatException: 输入字符串的格式不正确。
   在 System.Number.StringToNumber(String str, NumberStyles options, NumberBuffer& number, NumberFormatInfo info, Boolean parseDecimal)
   在 System.Number.ParseInt32(String s, NumberStyles style, NumberFormatInfo info)
   在 System.String.System.IConvertible.ToInt32(IFormatProvider provider)
   在 ServiceStack.OrmLite.OrmLiteConverterExtensions.ConvertNumber(IOrmLiteDialectProvider dialectProvider, Type toIntegerType, Object value)
   在 ServiceStack.OrmLite.Converters.IntegerConverter.FromDbValue(Type fieldType, Object value)
   在 ServiceStack.OrmLite.OrmLiteWriteCommandExtensions.PopulateWithSqlReader[T](T objWithProperties, IOrmLiteDialectProvider dialectProvider, IDataReader reader, Tuple`3[] indexCache, Object[] values)
2017-10-26 16:19:16,729 [87] ServiceStack.OrmLite.OrmLiteWriteCommandExtensions - System.FormatException: 输入字符串的格式不正确。
   在 System.Number.StringToNumber(String str, NumberStyles options, NumberBuffer& number, NumberFormatInfo info, Boolean parseDecimal)
   在 System.Number.ParseInt32(String s, NumberStyles style, NumberFormatInfo info)
   在 System.String.System.IConvertible.ToInt32(IFormatProvider provider)
   在 ServiceStack.OrmLite.OrmLiteConverterExtensions.ConvertNumber(IOrmLiteDialectProvider dialectProvider, Type toIntegerType, Object value)
   在 ServiceStack.OrmLite.Converters.IntegerConverter.FromDbValue(Type fieldType, Object value)
   在 ServiceStack.OrmLite.OrmLiteWriteCommandExtensions.PopulateWithSqlReader[T](T objWithProperties, IOrmLiteDialectProvider dialectProvider, IDataReader reader, Tuple`3[] indexCache, Object[] values)
2017-10-26 16:19:16,742 [87] ServiceStack.OrmLite.OrmLiteWriteCommandExtensions - System.FormatException: 输入字符串的格式不正确。
   在 System.Number.StringToNumber(String str, NumberStyles options, NumberBuffer& number, NumberFormatInfo info, Boolean parseDecimal)
   在 System.Number.ParseInt32(String s, NumberStyles style, NumberFormatInfo info)
   在 System.String.System.IConvertible.ToInt32(IFormatProvider provider)
   在 ServiceStack.OrmLite.OrmLiteConverterExtensions.ConvertNumber(IOrmLiteDialectProvider dialectProvider, Type toIntegerType, Object value)
   在 ServiceStack.OrmLite.Converters.IntegerConverter.FromDbValue(Type fieldType, Object value)
   在 ServiceStack.OrmLite.OrmLiteWriteCommandExtensions.PopulateWithSqlReader[T](T objWithProperties, IOrmLiteDialectProvider dialectProvider, IDataReader reader, Tuple`3[] indexCache, Object[] values)
2017-10-26 16:19:16,754 [87] ServiceStack.OrmLite.OrmLiteWriteCommandExtensions - System.FormatException: 输入字符串的格式不正确。
   在 System.Number.StringToNumber(String str, NumberStyles options, NumberBuffer& number, NumberFormatInfo info, Boolean parseDecimal)
   在 System.Number.ParseInt32(String s, NumberStyles style, NumberFormatInfo info)
   在 System.String.System.IConvertible.ToInt32(IFormatProvider provider)
   在 ServiceStack.OrmLite.OrmLiteConverterExtensions.ConvertNumber(IOrmLiteDialectProvider dialectProvider, Type toIntegerType, Object value)
   在 ServiceStack.OrmLite.Converters.IntegerConverter.FromDbValue(Type fieldType, Object value)
   在 ServiceStack.OrmLite.OrmLiteWriteCommandExtensions.PopulateWithSqlReader[T](T objWithProperties, IOrmLiteDialectProvider dialectProvider, IDataReader reader, Tuple`3[] indexCache, Object[] values)
2017-10-26 16:19:16,766 [87] ServiceStack.OrmLite.OrmLiteWriteCommandExtensions - System.FormatException: 输入字符串的格式不正确。
   在 System.Number.StringToNumber(String str, NumberStyles options, NumberBuffer& number, NumberFormatInfo info, Boolean parseDecimal)
   在 System.Number.ParseInt32(String s, NumberStyles style, NumberFormatInfo info)
   在 System.String.System.IConvertible.ToInt32(IFormatProvider provider)
   在 ServiceStack.OrmLite.OrmLiteConverterExtensions.ConvertNumber(IOrmLiteDialectProvider dialectProvider, Type toIntegerType, Object value)
   在 ServiceStack.OrmLite.Converters.IntegerConverter.FromDbValue(Type fieldType, Object value)
   在 ServiceStack.OrmLite.OrmLiteWriteCommandExtensions.PopulateWithSqlReader[T](T objWithProperties, IOrmLiteDialectProvider dialectProvider, IDataReader reader, Tuple`3[] indexCache, Object[] values)
2017-10-26 16:19:16,780 [87] ServiceStack.OrmLite.OrmLiteWriteCommandExtensions - System.FormatException: 输入字符串的格式不正确。
   在 System.Number.StringToNumber(String str, NumberStyles options, NumberBuffer& number, NumberFormatInfo info, Boolean parseDecimal)
   在 System.Number.ParseInt32(String s, NumberStyles style, NumberFormatInfo info)
   在 System.String.System.IConvertible.ToInt32(IFormatProvider provider)
   在 ServiceStack.OrmLite.OrmLiteConverterExtensions.ConvertNumber(IOrmLiteDialectProvider dialectProvider, Type toIntegerType, Object value)
   在 ServiceStack.OrmLite.Converters.IntegerConverter.FromDbValue(Type fieldType, Object value)
   在 ServiceStack.OrmLite.OrmLiteWriteCommandExtensions.PopulateWithSqlReader[T](T objWithProperties, IOrmLiteDialectProvider dialectProvider, IDataReader reader, Tuple`3[] indexCache, Object[] values)
2017-10-26 16:19:16,793 [87] ServiceStack.OrmLite.OrmLiteWriteCommandExtensions - System.FormatException: 输入字符串的格式不正确。
   在 System.Number.StringToNumber(String str, NumberStyles options, NumberBuffer& number, NumberFormatInfo info, Boolean parseDecimal)
   在 System.Number.ParseInt32(String s, NumberStyles style, NumberFormatInfo info)
   在 System.String.System.IConvertible.ToInt32(IFormatProvider provider)
   在 ServiceStack.OrmLite.OrmLiteConverterExtensions.ConvertNumber(IOrmLiteDialectProvider dialectProvider, Type toIntegerType, Object value)
   在 ServiceStack.OrmLite.Converters.IntegerConverter.FromDbValue(Type fieldType, Object value)
   在 ServiceStack.OrmLite.OrmLiteWriteCommandExtensions.PopulateWithSqlReader[T](T objWithProperties, IOrmLiteDialectProvider dialectProvider, IDataReader reader, Tuple`3[] indexCache, Object[] values)
2017-10-26 16:19:16,805 [87] ServiceStack.OrmLite.OrmLiteWriteCommandExtensions - System.FormatException: 输入字符串的格式不正确。
   在 System.Number.StringToNumber(String str, NumberStyles options, NumberBuffer& number, NumberFormatInfo info, Boolean parseDecimal)
   在 System.Number.ParseInt32(String s, NumberStyles style, NumberFormatInfo info)
   在 System.String.System.IConvertible.ToInt32(IFormatProvider provider)
   在 ServiceStack.OrmLite.OrmLiteConverterExtensions.ConvertNumber(IOrmLiteDialectProvider dialectProvider, Type toIntegerType, Object value)
   在 ServiceStack.OrmLite.Converters.IntegerConverter.FromDbValue(Type fieldType, Object value)
   在 ServiceStack.OrmLite.OrmLiteWriteCommandExtensions.PopulateWithSqlReader[T](T objWithProperties, IOrmLiteDialectProvider dialectProvider, IDataReader reader, Tuple`3[] indexCache, Object[] values)
2017-10-26 16:19:16,816 [87] ServiceStack.OrmLite.OrmLiteWriteCommandExtensions - System.FormatException: 输入字符串的格式不正确。
   在 System.Number.StringToNumber(String str, NumberStyles options, NumberBuffer& number, NumberFormatInfo info, Boolean parseDecimal)
   在 System.Number.ParseInt32(String s, NumberStyles style, NumberFormatInfo info)
   在 System.String.System.IConvertible.ToInt32(IFormatProvider provider)
   在 ServiceStack.OrmLite.OrmLiteConverterExtensions.ConvertNumber(IOrmLiteDialectProvider dialectProvider, Type toIntegerType, Object value)
   在 ServiceStack.OrmLite.Converters.IntegerConverter.FromDbValue(Type fieldType, Object value)
   在 ServiceStack.OrmLite.OrmLiteWriteCommandExtensions.PopulateWithSqlReader[T](T objWithProperties, IOrmLiteDialectProvider dialectProvider, IDataReader reader, Tuple`3[] indexCache, Object[] values)
2017-10-26 16:19:16,829 [87] ServiceStack.OrmLite.OrmLiteWriteCommandExtensions - System.FormatException: 输入字符串的格式不正确。
   在 System.Number.StringToNumber(String str, NumberStyles options, NumberBuffer& number, NumberFormatInfo info, Boolean parseDecimal)
   在 System.Number.ParseInt32(String s, NumberStyles style, NumberFormatInfo info)
   在 System.String.System.IConvertible.ToInt32(IFormatProvider provider)
   在 ServiceStack.OrmLite.OrmLiteConverterExtensions.ConvertNumber(IOrmLiteDialectProvider dialectProvider, Type toIntegerType, Object value)
   在 ServiceStack.OrmLite.Converters.IntegerConverter.FromDbValue(Type fieldType, Object value)
   在 ServiceStack.OrmLite.OrmLiteWriteCommandExtensions.PopulateWithSqlReader[T](T objWithProperties, IOrmLiteDialectProvider dialectProvider, IDataReader reader, Tuple`3[] indexCache, Object[] values)
2017-10-26 16:19:16,844 [87] ServiceStack.OrmLite.OrmLiteWriteCommandExtensions - System.FormatException: 输入字符串的格式不正确。
   在 System.Number.StringToNumber(String str, NumberStyles options, NumberBuffer& number, NumberFormatInfo info, Boolean parseDecimal)
   在 System.Number.ParseInt32(String s, NumberStyles style, NumberFormatInfo info)
   在 System.String.System.IConvertible.ToInt32(IFormatProvider provider)
   在 ServiceStack.OrmLite.OrmLiteConverterExtensions.ConvertNumber(IOrmLiteDialectProvider dialectProvider, Type toIntegerType, Object value)
   在 ServiceStack.OrmLite.Converters.IntegerConverter.FromDbValue(Type fieldType, Object value)
   在 ServiceStack.OrmLite.OrmLiteWriteCommandExtensions.PopulateWithSqlReader[T](T objWithProperties, IOrmLiteDialectProvider dialectProvider, IDataReader reader, Tuple`3[] indexCache, Object[] values)
2017-10-26 16:19:16,856 [87] ServiceStack.OrmLite.OrmLiteWriteCommandExtensions - System.FormatException: 输入字符串的格式不正确。
   在 System.Number.StringToNumber(String str, NumberStyles options, NumberBuffer& number, NumberFormatInfo info, Boolean parseDecimal)
   在 System.Number.ParseInt32(String s, NumberStyles style, NumberFormatInfo info)
   在 System.String.System.IConvertible.ToInt32(IFormatProvider provider)
   在 ServiceStack.OrmLite.OrmLiteConverterExtensions.ConvertNumber(IOrmLiteDialectProvider dialectProvider, Type toIntegerType, Object value)
   在 ServiceStack.OrmLite.Converters.IntegerConverter.FromDbValue(Type fieldType, Object value)
   在 ServiceStack.OrmLite.OrmLiteWriteCommandExtensions.PopulateWithSqlReader[T](T objWithProperties, IOrmLiteDialectProvider dialectProvider, IDataReader reader, Tuple`3[] indexCache, Object[] values)
2017-10-26 16:19:16,868 [87] ServiceStack.OrmLite.OrmLiteWriteCommandExtensions - System.FormatException: 输入字符串的格式不正确。
   在 System.Number.StringToNumber(String str, NumberStyles options, NumberBuffer& number, NumberFormatInfo info, Boolean parseDecimal)
   在 System.Number.ParseInt32(String s, NumberStyles style, NumberFormatInfo info)
   在 System.String.System.IConvertible.ToInt32(IFormatProvider provider)
   在 ServiceStack.OrmLite.OrmLiteConverterExtensions.ConvertNumber(IOrmLiteDialectProvider dialectProvider, Type toIntegerType, Object value)
   在 ServiceStack.OrmLite.Converters.IntegerConverter.FromDbValue(Type fieldType, Object value)
   在 ServiceStack.OrmLite.OrmLiteWriteCommandExtensions.PopulateWithSqlReader[T](T objWithProperties, IOrmLiteDialectProvider dialectProvider, IDataReader reader, Tuple`3[] indexCache, Object[] values)
2017-10-26 16:19:16,879 [87] ServiceStack.OrmLite.OrmLiteWriteCommandExtensions - System.FormatException: 输入字符串的格式不正确。
   在 System.Number.StringToNumber(String str, NumberStyles options, NumberBuffer& number, NumberFormatInfo info, Boolean parseDecimal)
   在 System.Number.ParseInt32(String s, NumberStyles style, NumberFormatInfo info)
   在 System.String.System.IConvertible.ToInt32(IFormatProvider provider)
   在 ServiceStack.OrmLite.OrmLiteConverterExtensions.ConvertNumber(IOrmLiteDialectProvider dialectProvider, Type toIntegerType, Object value)
   在 ServiceStack.OrmLite.Converters.IntegerConverter.FromDbValue(Type fieldType, Object value)
   在 ServiceStack.OrmLite.OrmLiteWriteCommandExtensions.PopulateWithSqlReader[T](T objWithProperties, IOrmLiteDialectProvider dialectProvider, IDataReader reader, Tuple`3[] indexCache, Object[] values)
2017-10-26 16:19:20,069 [88] ServiceStack.OrmLite.OrmLiteWriteCommandExtensions - System.FormatException: 输入字符串的格式不正确。
   在 System.Number.StringToNumber(String str, NumberStyles options, NumberBuffer& number, NumberFormatInfo info, Boolean parseDecimal)
   在 System.Number.ParseInt32(String s, NumberStyles style, NumberFormatInfo info)
   在 System.String.System.IConvertible.ToInt32(IFormatProvider provider)
   在 ServiceStack.OrmLite.OrmLiteConverterExtensions.ConvertNumber(IOrmLiteDialectProvider dialectProvider, Type toIntegerType, Object value)
   在 ServiceStack.OrmLite.Converters.IntegerConverter.FromDbValue(Type fieldType, Object value)
   在 ServiceStack.OrmLite.OrmLiteWriteCommandExtensions.PopulateWithSqlReader[T](T objWithProperties, IOrmLiteDialectProvider dialectProvider, IDataReader reader, Tuple`3[] indexCache, Object[] values)
2017-10-26 16:19:20,096 [88] ServiceStack.OrmLite.OrmLiteWriteCommandExtensions - System.FormatException: 输入字符串的格式不正确。
   在 System.Number.StringToNumber(String str, NumberStyles options, NumberBuffer& number, NumberFormatInfo info, Boolean parseDecimal)
   在 System.Number.ParseInt32(String s, NumberStyles style, NumberFormatInfo info)
   在 System.String.System.IConvertible.ToInt32(IFormatProvider provider)
   在 ServiceStack.OrmLite.OrmLiteConverterExtensions.ConvertNumber(IOrmLiteDialectProvider dialectProvider, Type toIntegerType, Object value)
   在 ServiceStack.OrmLite.Converters.IntegerConverter.FromDbValue(Type fieldType, Object value)
   在 ServiceStack.OrmLite.OrmLiteWriteCommandExtensions.PopulateWithSqlReader[T](T objWithProperties, IOrmLiteDialectProvider dialectProvider, IDataReader reader, Tuple`3[] indexCache, Object[] values)
2017-10-26 16:19:20,121 [88] ServiceStack.OrmLite.OrmLiteWriteCommandExtensions - System.FormatException: 输入字符串的格式不正确。
   在 System.Number.StringToNumber(String str, NumberStyles options, NumberBuffer& number, NumberFormatInfo info, Boolean parseDecimal)
   在 System.Number.ParseInt32(String s, NumberStyles style, NumberFormatInfo info)
   在 System.String.System.IConvertible.ToInt32(IFormatProvider provider)
   在 ServiceStack.OrmLite.OrmLiteConverterExtensions.ConvertNumber(IOrmLiteDialectProvider dialectProvider, Type toIntegerType, Object value)
   在 ServiceStack.OrmLite.Converters.IntegerConverter.FromDbValue(Type fieldType, Object value)
   在 ServiceStack.OrmLite.OrmLiteWriteCommandExtensions.PopulateWithSqlReader[T](T objWithProperties, IOrmLiteDialectProvider dialectProvider, IDataReader reader, Tuple`3[] indexCache, Object[] values)
2017-10-26 16:19:20,138 [88] ServiceStack.OrmLite.OrmLiteWriteCommandExtensions - System.FormatException: 输入字符串的格式不正确。
   在 System.Number.StringToNumber(String str, NumberStyles options, NumberBuffer& number, NumberFormatInfo info, Boolean parseDecimal)
   在 System.Number.ParseInt32(String s, NumberStyles style, NumberFormatInfo info)
   在 System.String.System.IConvertible.ToInt32(IFormatProvider provider)
   在 ServiceStack.OrmLite.OrmLiteConverterExtensions.ConvertNumber(IOrmLiteDialectProvider dialectProvider, Type toIntegerType, Object value)
   在 ServiceStack.OrmLite.Converters.IntegerConverter.FromDbValue(Type fieldType, Object value)
   在 ServiceStack.OrmLite.OrmLiteWriteCommandExtensions.PopulateWithSqlReader[T](T objWithProperties, IOrmLiteDialectProvider dialectProvider, IDataReader reader, Tuple`3[] indexCache, Object[] values)
2017-10-26 16:19:20,157 [88] ServiceStack.OrmLite.OrmLiteWriteCommandExtensions - System.FormatException: 输入字符串的格式不正确。
   在 System.Number.StringToNumber(String str, NumberStyles options, NumberBuffer& number, NumberFormatInfo info, Boolean parseDecimal)
   在 System.Number.ParseInt32(String s, NumberStyles style, NumberFormatInfo info)
   在 System.String.System.IConvertible.ToInt32(IFormatProvider provider)
   在 ServiceStack.OrmLite.OrmLiteConverterExtensions.ConvertNumber(IOrmLiteDialectProvider dialectProvider, Type toIntegerType, Object value)
   在 ServiceStack.OrmLite.Converters.IntegerConverter.FromDbValue(Type fieldType, Object value)
   在 ServiceStack.OrmLite.OrmLiteWriteCommandExtensions.PopulateWithSqlReader[T](T objWithProperties, IOrmLiteDialectProvider dialectProvider, IDataReader reader, Tuple`3[] indexCache, Object[] values)
2017-10-26 16:19:20,172 [88] ServiceStack.OrmLite.OrmLiteWriteCommandExtensions - System.FormatException: 输入字符串的格式不正确。
   在 System.Number.StringToNumber(String str, NumberStyles options, NumberBuffer& number, NumberFormatInfo info, Boolean parseDecimal)
   在 System.Number.ParseInt32(String s, NumberStyles style, NumberFormatInfo info)
   在 System.String.System.IConvertible.ToInt32(IFormatProvider provider)
   在 ServiceStack.OrmLite.OrmLiteConverterExtensions.ConvertNumber(IOrmLiteDialectProvider dialectProvider, Type toIntegerType, Object value)
   在 ServiceStack.OrmLite.Converters.IntegerConverter.FromDbValue(Type fieldType, Object value)
   在 ServiceStack.OrmLite.OrmLiteWriteCommandExtensions.PopulateWithSqlReader[T](T objWithProperties, IOrmLiteDialectProvider dialectProvider, IDataReader reader, Tuple`3[] indexCache, Object[] values)
2017-10-26 16:19:20,184 [88] ServiceStack.OrmLite.OrmLiteWriteCommandExtensions - System.FormatException: 输入字符串的格式不正确。
   在 System.Number.StringToNumber(String str, NumberStyles options, NumberBuffer& number, NumberFormatInfo info, Boolean parseDecimal)
   在 System.Number.ParseInt32(String s, NumberStyles style, NumberFormatInfo info)
   在 System.String.System.IConvertible.ToInt32(IFormatProvider provider)
   在 ServiceStack.OrmLite.OrmLiteConverterExtensions.ConvertNumber(IOrmLiteDialectProvider dialectProvider, Type toIntegerType, Object value)
   在 ServiceStack.OrmLite.Converters.IntegerConverter.FromDbValue(Type fieldType, Object value)
   在 ServiceStack.OrmLite.OrmLiteWriteCommandExtensions.PopulateWithSqlReader[T](T objWithProperties, IOrmLiteDialectProvider dialectProvider, IDataReader reader, Tuple`3[] indexCache, Object[] values)
2017-10-26 16:19:20,197 [88] ServiceStack.OrmLite.OrmLiteWriteCommandExtensions - System.FormatException: 输入字符串的格式不正确。
   在 System.Number.StringToNumber(String str, NumberStyles options, NumberBuffer& number, NumberFormatInfo info, Boolean parseDecimal)
   在 System.Number.ParseInt32(String s, NumberStyles style, NumberFormatInfo info)
   在 System.String.System.IConvertible.ToInt32(IFormatProvider provider)
   在 ServiceStack.OrmLite.OrmLiteConverterExtensions.ConvertNumber(IOrmLiteDialectProvider dialectProvider, Type toIntegerType, Object value)
   在 ServiceStack.OrmLite.Converters.IntegerConverter.FromDbValue(Type fieldType, Object value)
   在 ServiceStack.OrmLite.OrmLiteWriteCommandExtensions.PopulateWithSqlReader[T](T objWithProperties, IOrmLiteDialectProvider dialectProvider, IDataReader reader, Tuple`3[] indexCache, Object[] values)
2017-10-26 16:19:20,209 [88] ServiceStack.OrmLite.OrmLiteWriteCommandExtensions - System.FormatException: 输入字符串的格式不正确。
   在 System.Number.StringToNumber(String str, NumberStyles options, NumberBuffer& number, NumberFormatInfo info, Boolean parseDecimal)
   在 System.Number.ParseInt32(String s, NumberStyles style, NumberFormatInfo info)
   在 System.String.System.IConvertible.ToInt32(IFormatProvider provider)
   在 ServiceStack.OrmLite.OrmLiteConverterExtensions.ConvertNumber(IOrmLiteDialectProvider dialectProvider, Type toIntegerType, Object value)
   在 ServiceStack.OrmLite.Converters.IntegerConverter.FromDbValue(Type fieldType, Object value)
   在 ServiceStack.OrmLite.OrmLiteWriteCommandExtensions.PopulateWithSqlReader[T](T objWithProperties, IOrmLiteDialectProvider dialectProvider, IDataReader reader, Tuple`3[] indexCache, Object[] values)
2017-10-26 16:19:20,223 [88] ServiceStack.OrmLite.OrmLiteWriteCommandExtensions - System.FormatException: 输入字符串的格式不正确。
   在 System.Number.StringToNumber(String str, NumberStyles options, NumberBuffer& number, NumberFormatInfo info, Boolean parseDecimal)
   在 System.Number.ParseInt32(String s, NumberStyles style, NumberFormatInfo info)
   在 System.String.System.IConvertible.ToInt32(IFormatProvider provider)
   在 ServiceStack.OrmLite.OrmLiteConverterExtensions.ConvertNumber(IOrmLiteDialectProvider dialectProvider, Type toIntegerType, Object value)
   在 ServiceStack.OrmLite.Converters.IntegerConverter.FromDbValue(Type fieldType, Object value)
   在 ServiceStack.OrmLite.OrmLiteWriteCommandExtensions.PopulateWithSqlReader[T](T objWithProperties, IOrmLiteDialectProvider dialectProvider, IDataReader reader, Tuple`3[] indexCache, Object[] values)
2017-10-26 16:19:20,235 [88] ServiceStack.OrmLite.OrmLiteWriteCommandExtensions - System.FormatException: 输入字符串的格式不正确。
   在 System.Number.StringToNumber(String str, NumberStyles options, NumberBuffer& number, NumberFormatInfo info, Boolean parseDecimal)
   在 System.Number.ParseInt32(String s, NumberStyles style, NumberFormatInfo info)
   在 System.String.System.IConvertible.ToInt32(IFormatProvider provider)
   在 ServiceStack.OrmLite.OrmLiteConverterExtensions.ConvertNumber(IOrmLiteDialectProvider dialectProvider, Type toIntegerType, Object value)
   在 ServiceStack.OrmLite.Converters.IntegerConverter.FromDbValue(Type fieldType, Object value)
   在 ServiceStack.OrmLite.OrmLiteWriteCommandExtensions.PopulateWithSqlReader[T](T objWithProperties, IOrmLiteDialectProvider dialectProvider, IDataReader reader, Tuple`3[] indexCache, Object[] values)
2017-10-26 16:19:20,248 [88] ServiceStack.OrmLite.OrmLiteWriteCommandExtensions - System.FormatException: 输入字符串的格式不正确。
   在 System.Number.StringToNumber(String str, NumberStyles options, NumberBuffer& number, NumberFormatInfo info, Boolean parseDecimal)
   在 System.Number.ParseInt32(String s, NumberStyles style, NumberFormatInfo info)
   在 System.String.System.IConvertible.ToInt32(IFormatProvider provider)
   在 ServiceStack.OrmLite.OrmLiteConverterExtensions.ConvertNumber(IOrmLiteDialectProvider dialectProvider, Type toIntegerType, Object value)
   在 ServiceStack.OrmLite.Converters.IntegerConverter.FromDbValue(Type fieldType, Object value)
   在 ServiceStack.OrmLite.OrmLiteWriteCommandExtensions.PopulateWithSqlReader[T](T objWithProperties, IOrmLiteDialectProvider dialectProvider, IDataReader reader, Tuple`3[] indexCache, Object[] values)
2017-10-26 16:19:20,259 [88] ServiceStack.OrmLite.OrmLiteWriteCommandExtensions - System.FormatException: 输入字符串的格式不正确。
   在 System.Number.StringToNumber(String str, NumberStyles options, NumberBuffer& number, NumberFormatInfo info, Boolean parseDecimal)
   在 System.Number.ParseInt32(String s, NumberStyles style, NumberFormatInfo info)
   在 System.String.System.IConvertible.ToInt32(IFormatProvider provider)
   在 ServiceStack.OrmLite.OrmLiteConverterExtensions.ConvertNumber(IOrmLiteDialectProvider dialectProvider, Type toIntegerType, Object value)
   在 ServiceStack.OrmLite.Converters.IntegerConverter.FromDbValue(Type fieldType, Object value)
   在 ServiceStack.OrmLite.OrmLiteWriteCommandExtensions.PopulateWithSqlReader[T](T objWithProperties, IOrmLiteDialectProvider dialectProvider, IDataReader reader, Tuple`3[] indexCache, Object[] values)
2017-10-26 16:19:20,311 [88] ServiceStack.OrmLite.OrmLiteWriteCommandExtensions - System.FormatException: 输入字符串的格式不正确。
   在 System.Number.StringToNumber(String str, NumberStyles options, NumberBuffer& number, NumberFormatInfo info, Boolean parseDecimal)
   在 System.Number.ParseInt32(String s, NumberStyles style, NumberFormatInfo info)
   在 System.String.System.IConvertible.ToInt32(IFormatProvider provider)
   在 ServiceStack.OrmLite.OrmLiteConverterExtensions.ConvertNumber(IOrmLiteDialectProvider dialectProvider, Type toIntegerType, Object value)
   在 ServiceStack.OrmLite.Converters.IntegerConverter.FromDbValue(Type fieldType, Object value)
   在 ServiceStack.OrmLite.OrmLiteWriteCommandExtensions.PopulateWithSqlReader[T](T objWithProperties, IOrmLiteDialectProvider dialectProvider, IDataReader reader, Tuple`3[] indexCache, Object[] values)
2017-10-26 16:19:20,332 [88] ServiceStack.OrmLite.OrmLiteWriteCommandExtensions - System.FormatException: 输入字符串的格式不正确。
   在 System.Number.StringToNumber(String str, NumberStyles options, NumberBuffer& number, NumberFormatInfo info, Boolean parseDecimal)
   在 System.Number.ParseInt32(String s, NumberStyles style, NumberFormatInfo info)
   在 System.String.System.IConvertible.ToInt32(IFormatProvider provider)
   在 ServiceStack.OrmLite.OrmLiteConverterExtensions.ConvertNumber(IOrmLiteDialectProvider dialectProvider, Type toIntegerType, Object value)
   在 ServiceStack.OrmLite.Converters.IntegerConverter.FromDbValue(Type fieldType, Object value)
   在 ServiceStack.OrmLite.OrmLiteWriteCommandExtensions.PopulateWithSqlReader[T](T objWithProperties, IOrmLiteDialectProvider dialectProvider, IDataReader reader, Tuple`3[] indexCache, Object[] values)
2017-10-26 16:19:20,349 [88] ServiceStack.OrmLite.OrmLiteWriteCommandExtensions - System.FormatException: 输入字符串的格式不正确。
   在 System.Number.StringToNumber(String str, NumberStyles options, NumberBuffer& number, NumberFormatInfo info, Boolean parseDecimal)
   在 System.Number.ParseInt32(String s, NumberStyles style, NumberFormatInfo info)
   在 System.String.System.IConvertible.ToInt32(IFormatProvider provider)
   在 ServiceStack.OrmLite.OrmLiteConverterExtensions.ConvertNumber(IOrmLiteDialectProvider dialectProvider, Type toIntegerType, Object value)
   在 ServiceStack.OrmLite.Converters.IntegerConverter.FromDbValue(Type fieldType, Object value)
   在 ServiceStack.OrmLite.OrmLiteWriteCommandExtensions.PopulateWithSqlReader[T](T objWithProperties, IOrmLiteDialectProvider dialectProvider, IDataReader reader, Tuple`3[] indexCache, Object[] values)
2017-10-26 16:19:20,362 [88] ServiceStack.OrmLite.OrmLiteWriteCommandExtensions - System.FormatException: 输入字符串的格式不正确。
   在 System.Number.StringToNumber(String str, NumberStyles options, NumberBuffer& number, NumberFormatInfo info, Boolean parseDecimal)
   在 System.Number.ParseInt32(String s, NumberStyles style, NumberFormatInfo info)
   在 System.String.System.IConvertible.ToInt32(IFormatProvider provider)
   在 ServiceStack.OrmLite.OrmLiteConverterExtensions.ConvertNumber(IOrmLiteDialectProvider dialectProvider, Type toIntegerType, Object value)
   在 ServiceStack.OrmLite.Converters.IntegerConverter.FromDbValue(Type fieldType, Object value)
   在 ServiceStack.OrmLite.OrmLiteWriteCommandExtensions.PopulateWithSqlReader[T](T objWithProperties, IOrmLiteDialectProvider dialectProvider, IDataReader reader, Tuple`3[] indexCache, Object[] values)
2017-10-26 16:19:20,375 [88] ServiceStack.OrmLite.OrmLiteWriteCommandExtensions - System.FormatException: 输入字符串的格式不正确。
   在 System.Number.StringToNumber(String str, NumberStyles options, NumberBuffer& number, NumberFormatInfo info, Boolean parseDecimal)
   在 System.Number.ParseInt32(String s, NumberStyles style, NumberFormatInfo info)
   在 System.String.System.IConvertible.ToInt32(IFormatProvider provider)
   在 ServiceStack.OrmLite.OrmLiteConverterExtensions.ConvertNumber(IOrmLiteDialectProvider dialectProvider, Type toIntegerType, Object value)
   在 ServiceStack.OrmLite.Converters.IntegerConverter.FromDbValue(Type fieldType, Object value)
   在 ServiceStack.OrmLite.OrmLiteWriteCommandExtensions.PopulateWithSqlReader[T](T objWithProperties, IOrmLiteDialectProvider dialectProvider, IDataReader reader, Tuple`3[] indexCache, Object[] values)
2017-10-26 16:19:20,387 [88] ServiceStack.OrmLite.OrmLiteWriteCommandExtensions - System.FormatException: 输入字符串的格式不正确。
   在 System.Number.StringToNumber(String str, NumberStyles options, NumberBuffer& number, NumberFormatInfo info, Boolean parseDecimal)
   在 System.Number.ParseInt32(String s, NumberStyles style, NumberFormatInfo info)
   在 System.String.System.IConvertible.ToInt32(IFormatProvider provider)
   在 ServiceStack.OrmLite.OrmLiteConverterExtensions.ConvertNumber(IOrmLiteDialectProvider dialectProvider, Type toIntegerType, Object value)
   在 ServiceStack.OrmLite.Converters.IntegerConverter.FromDbValue(Type fieldType, Object value)
   在 ServiceStack.OrmLite.OrmLiteWriteCommandExtensions.PopulateWithSqlReader[T](T objWithProperties, IOrmLiteDialectProvider dialectProvider, IDataReader reader, Tuple`3[] indexCache, Object[] values)
2017-10-26 16:19:20,401 [88] ServiceStack.OrmLite.OrmLiteWriteCommandExtensions - System.FormatException: 输入字符串的格式不正确。
   在 System.Number.StringToNumber(String str, NumberStyles options, NumberBuffer& number, NumberFormatInfo info, Boolean parseDecimal)
   在 System.Number.ParseInt32(String s, NumberStyles style, NumberFormatInfo info)
   在 System.String.System.IConvertible.ToInt32(IFormatProvider provider)
   在 ServiceStack.OrmLite.OrmLiteConverterExtensions.ConvertNumber(IOrmLiteDialectProvider dialectProvider, Type toIntegerType, Object value)
   在 ServiceStack.OrmLite.Converters.IntegerConverter.FromDbValue(Type fieldType, Object value)
   在 ServiceStack.OrmLite.OrmLiteWriteCommandExtensions.PopulateWithSqlReader[T](T objWithProperties, IOrmLiteDialectProvider dialectProvider, IDataReader reader, Tuple`3[] indexCache, Object[] values)
2017-10-26 16:19:20,412 [88] ServiceStack.OrmLite.OrmLiteWriteCommandExtensions - System.FormatException: 输入字符串的格式不正确。
   在 System.Number.StringToNumber(String str, NumberStyles options, NumberBuffer& number, NumberFormatInfo info, Boolean parseDecimal)
   在 System.Number.ParseInt32(String s, NumberStyles style, NumberFormatInfo info)
   在 System.String.System.IConvertible.ToInt32(IFormatProvider provider)
   在 ServiceStack.OrmLite.OrmLiteConverterExtensions.ConvertNumber(IOrmLiteDialectProvider dialectProvider, Type toIntegerType, Object value)
   在 ServiceStack.OrmLite.Converters.IntegerConverter.FromDbValue(Type fieldType, Object value)
   在 ServiceStack.OrmLite.OrmLiteWriteCommandExtensions.PopulateWithSqlReader[T](T objWithProperties, IOrmLiteDialectProvider dialectProvider, IDataReader reader, Tuple`3[] indexCache, Object[] values)
2017-10-26 16:19:20,425 [88] ServiceStack.OrmLite.OrmLiteWriteCommandExtensions - System.FormatException: 输入字符串的格式不正确。
   在 System.Number.StringToNumber(String str, NumberStyles options, NumberBuffer& number, NumberFormatInfo info, Boolean parseDecimal)
   在 System.Number.ParseInt32(String s, NumberStyles style, NumberFormatInfo info)
   在 System.String.System.IConvertible.ToInt32(IFormatProvider provider)
   在 ServiceStack.OrmLite.OrmLiteConverterExtensions.ConvertNumber(IOrmLiteDialectProvider dialectProvider, Type toIntegerType, Object value)
   在 ServiceStack.OrmLite.Converters.IntegerConverter.FromDbValue(Type fieldType, Object value)
   在 ServiceStack.OrmLite.OrmLiteWriteCommandExtensions.PopulateWithSqlReader[T](T objWithProperties, IOrmLiteDialectProvider dialectProvider, IDataReader reader, Tuple`3[] indexCache, Object[] values)
2017-10-26 16:19:20,438 [88] ServiceStack.OrmLite.OrmLiteWriteCommandExtensions - System.FormatException: 输入字符串的格式不正确。
   在 System.Number.StringToNumber(String str, NumberStyles options, NumberBuffer& number, NumberFormatInfo info, Boolean parseDecimal)
   在 System.Number.ParseInt32(String s, NumberStyles style, NumberFormatInfo info)
   在 System.String.System.IConvertible.ToInt32(IFormatProvider provider)
   在 ServiceStack.OrmLite.OrmLiteConverterExtensions.ConvertNumber(IOrmLiteDialectProvider dialectProvider, Type toIntegerType, Object value)
   在 ServiceStack.OrmLite.Converters.IntegerConverter.FromDbValue(Type fieldType, Object value)
   在 ServiceStack.OrmLite.OrmLiteWriteCommandExtensions.PopulateWithSqlReader[T](T objWithProperties, IOrmLiteDialectProvider dialectProvider, IDataReader reader, Tuple`3[] indexCache, Object[] values)
2017-10-26 16:19:20,455 [88] ServiceStack.OrmLite.OrmLiteWriteCommandExtensions - System.FormatException: 输入字符串的格式不正确。
   在 System.Number.StringToNumber(String str, NumberStyles options, NumberBuffer& number, NumberFormatInfo info, Boolean parseDecimal)
   在 System.Number.ParseInt32(String s, NumberStyles style, NumberFormatInfo info)
   在 System.String.System.IConvertible.ToInt32(IFormatProvider provider)
   在 ServiceStack.OrmLite.OrmLiteConverterExtensions.ConvertNumber(IOrmLiteDialectProvider dialectProvider, Type toIntegerType, Object value)
   在 ServiceStack.OrmLite.Converters.IntegerConverter.FromDbValue(Type fieldType, Object value)
   在 ServiceStack.OrmLite.OrmLiteWriteCommandExtensions.PopulateWithSqlReader[T](T objWithProperties, IOrmLiteDialectProvider dialectProvider, IDataReader reader, Tuple`3[] indexCache, Object[] values)
2017-10-26 16:19:20,467 [88] ServiceStack.OrmLite.OrmLiteWriteCommandExtensions - System.FormatException: 输入字符串的格式不正确。
   在 System.Number.StringToNumber(String str, NumberStyles options, NumberBuffer& number, NumberFormatInfo info, Boolean parseDecimal)
   在 System.Number.ParseInt32(String s, NumberStyles style, NumberFormatInfo info)
   在 System.String.System.IConvertible.ToInt32(IFormatProvider provider)
   在 ServiceStack.OrmLite.OrmLiteConverterExtensions.ConvertNumber(IOrmLiteDialectProvider dialectProvider, Type toIntegerType, Object value)
   在 ServiceStack.OrmLite.Converters.IntegerConverter.FromDbValue(Type fieldType, Object value)
   在 ServiceStack.OrmLite.OrmLiteWriteCommandExtensions.PopulateWithSqlReader[T](T objWithProperties, IOrmLiteDialectProvider dialectProvider, IDataReader reader, Tuple`3[] indexCache, Object[] values)
2017-10-26 16:19:20,479 [88] ServiceStack.OrmLite.OrmLiteWriteCommandExtensions - System.FormatException: 输入字符串的格式不正确。
   在 System.Number.StringToNumber(String str, NumberStyles options, NumberBuffer& number, NumberFormatInfo info, Boolean parseDecimal)
   在 System.Number.ParseInt32(String s, NumberStyles style, NumberFormatInfo info)
   在 System.String.System.IConvertible.ToInt32(IFormatProvider provider)
   在 ServiceStack.OrmLite.OrmLiteConverterExtensions.ConvertNumber(IOrmLiteDialectProvider dialectProvider, Type toIntegerType, Object value)
   在 ServiceStack.OrmLite.Converters.IntegerConverter.FromDbValue(Type fieldType, Object value)
   在 ServiceStack.OrmLite.OrmLiteWriteCommandExtensions.PopulateWithSqlReader[T](T objWithProperties, IOrmLiteDialectProvider dialectProvider, IDataReader reader, Tuple`3[] indexCache, Object[] values)
