2017-09-30 15:02:34,068 [42] ServiceStack.OrmLite.OrmLiteWriteCommandExtensions - System.FormatException: 输入字符串的格式不正确。
   在 System.Number.StringToNumber(String str, NumberStyles options, NumberBuffer& number, NumberFormatInfo info, Boolean parseDecimal)
   在 System.Number.ParseInt32(String s, NumberStyles style, NumberFormatInfo info)
   在 System.String.System.IConvertible.ToInt32(IFormatProvider provider)
   在 ServiceStack.OrmLite.OrmLiteConverterExtensions.ConvertNumber(IOrmLiteDialectProvider dialectProvider, Type toIntegerType, Object value)
   在 ServiceStack.OrmLite.Converters.IntegerConverter.FromDbValue(Type fieldType, Object value)
   在 ServiceStack.OrmLite.OrmLiteWriteCommandExtensions.PopulateWithSqlReader[T](T objWithProperties, IOrmLiteDialectProvider dialectProvider, IDataReader reader, Tuple`3[] indexCache, Object[] values)
2017-09-30 15:02:34,080 [42] ServiceStack.OrmLite.OrmLiteWriteCommandExtensions - System.FormatException: 输入字符串的格式不正确。
   在 System.Number.StringToNumber(String str, NumberStyles options, NumberBuffer& number, NumberFormatInfo info, Boolean parseDecimal)
   在 System.Number.ParseInt32(String s, NumberStyles style, NumberFormatInfo info)
   在 System.String.System.IConvertible.ToInt32(IFormatProvider provider)
   在 ServiceStack.OrmLite.OrmLiteConverterExtensions.ConvertNumber(IOrmLiteDialectProvider dialectProvider, Type toIntegerType, Object value)
   在 ServiceStack.OrmLite.Converters.IntegerConverter.FromDbValue(Type fieldType, Object value)
   在 ServiceStack.OrmLite.OrmLiteWriteCommandExtensions.PopulateWithSqlReader[T](T objWithProperties, IOrmLiteDialectProvider dialectProvider, IDataReader reader, Tuple`3[] indexCache, Object[] values)
2017-09-30 15:02:34,091 [42] ServiceStack.OrmLite.OrmLiteWriteCommandExtensions - System.FormatException: 输入字符串的格式不正确。
   在 System.Number.StringToNumber(String str, NumberStyles options, NumberBuffer& number, NumberFormatInfo info, Boolean parseDecimal)
   在 System.Number.ParseInt32(String s, NumberStyles style, NumberFormatInfo info)
   在 System.String.System.IConvertible.ToInt32(IFormatProvider provider)
   在 ServiceStack.OrmLite.OrmLiteConverterExtensions.ConvertNumber(IOrmLiteDialectProvider dialectProvider, Type toIntegerType, Object value)
   在 ServiceStack.OrmLite.Converters.IntegerConverter.FromDbValue(Type fieldType, Object value)
   在 ServiceStack.OrmLite.OrmLiteWriteCommandExtensions.PopulateWithSqlReader[T](T objWithProperties, IOrmLiteDialectProvider dialectProvider, IDataReader reader, Tuple`3[] indexCache, Object[] values)
2017-09-30 15:02:34,104 [42] ServiceStack.OrmLite.OrmLiteWriteCommandExtensions - System.FormatException: 输入字符串的格式不正确。
   在 System.Number.StringToNumber(String str, NumberStyles options, NumberBuffer& number, NumberFormatInfo info, Boolean parseDecimal)
   在 System.Number.ParseInt32(String s, NumberStyles style, NumberFormatInfo info)
   在 System.String.System.IConvertible.ToInt32(IFormatProvider provider)
   在 ServiceStack.OrmLite.OrmLiteConverterExtensions.ConvertNumber(IOrmLiteDialectProvider dialectProvider, Type toIntegerType, Object value)
   在 ServiceStack.OrmLite.Converters.IntegerConverter.FromDbValue(Type fieldType, Object value)
   在 ServiceStack.OrmLite.OrmLiteWriteCommandExtensions.PopulateWithSqlReader[T](T objWithProperties, IOrmLiteDialectProvider dialectProvider, IDataReader reader, Tuple`3[] indexCache, Object[] values)
2017-09-30 15:02:34,115 [42] ServiceStack.OrmLite.OrmLiteWriteCommandExtensions - System.FormatException: 输入字符串的格式不正确。
   在 System.Number.StringToNumber(String str, NumberStyles options, NumberBuffer& number, NumberFormatInfo info, Boolean parseDecimal)
   在 System.Number.ParseInt32(String s, NumberStyles style, NumberFormatInfo info)
   在 System.String.System.IConvertible.ToInt32(IFormatProvider provider)
   在 ServiceStack.OrmLite.OrmLiteConverterExtensions.ConvertNumber(IOrmLiteDialectProvider dialectProvider, Type toIntegerType, Object value)
   在 ServiceStack.OrmLite.Converters.IntegerConverter.FromDbValue(Type fieldType, Object value)
   在 ServiceStack.OrmLite.OrmLiteWriteCommandExtensions.PopulateWithSqlReader[T](T objWithProperties, IOrmLiteDialectProvider dialectProvider, IDataReader reader, Tuple`3[] indexCache, Object[] values)
2017-09-30 15:02:34,125 [42] ServiceStack.OrmLite.OrmLiteWriteCommandExtensions - System.FormatException: 输入字符串的格式不正确。
   在 System.Number.StringToNumber(String str, NumberStyles options, NumberBuffer& number, NumberFormatInfo info, Boolean parseDecimal)
   在 System.Number.ParseInt32(String s, NumberStyles style, NumberFormatInfo info)
   在 System.String.System.IConvertible.ToInt32(IFormatProvider provider)
   在 ServiceStack.OrmLite.OrmLiteConverterExtensions.ConvertNumber(IOrmLiteDialectProvider dialectProvider, Type toIntegerType, Object value)
   在 ServiceStack.OrmLite.Converters.IntegerConverter.FromDbValue(Type fieldType, Object value)
   在 ServiceStack.OrmLite.OrmLiteWriteCommandExtensions.PopulateWithSqlReader[T](T objWithProperties, IOrmLiteDialectProvider dialectProvider, IDataReader reader, Tuple`3[] indexCache, Object[] values)
2017-09-30 15:02:34,154 [42] ServiceStack.OrmLite.OrmLiteWriteCommandExtensions - System.FormatException: 输入字符串的格式不正确。
   在 System.Number.StringToNumber(String str, NumberStyles options, NumberBuffer& number, NumberFormatInfo info, Boolean parseDecimal)
   在 System.Number.ParseInt32(String s, NumberStyles style, NumberFormatInfo info)
   在 System.String.System.IConvertible.ToInt32(IFormatProvider provider)
   在 ServiceStack.OrmLite.OrmLiteConverterExtensions.ConvertNumber(IOrmLiteDialectProvider dialectProvider, Type toIntegerType, Object value)
   在 ServiceStack.OrmLite.Converters.IntegerConverter.FromDbValue(Type fieldType, Object value)
   在 ServiceStack.OrmLite.OrmLiteWriteCommandExtensions.PopulateWithSqlReader[T](T objWithProperties, IOrmLiteDialectProvider dialectProvider, IDataReader reader, Tuple`3[] indexCache, Object[] values)
2017-09-30 15:02:34,172 [42] ServiceStack.OrmLite.OrmLiteWriteCommandExtensions - System.FormatException: 输入字符串的格式不正确。
   在 System.Number.StringToNumber(String str, NumberStyles options, NumberBuffer& number, NumberFormatInfo info, Boolean parseDecimal)
   在 System.Number.ParseInt32(String s, NumberStyles style, NumberFormatInfo info)
   在 System.String.System.IConvertible.ToInt32(IFormatProvider provider)
   在 ServiceStack.OrmLite.OrmLiteConverterExtensions.ConvertNumber(IOrmLiteDialectProvider dialectProvider, Type toIntegerType, Object value)
   在 ServiceStack.OrmLite.Converters.IntegerConverter.FromDbValue(Type fieldType, Object value)
   在 ServiceStack.OrmLite.OrmLiteWriteCommandExtensions.PopulateWithSqlReader[T](T objWithProperties, IOrmLiteDialectProvider dialectProvider, IDataReader reader, Tuple`3[] indexCache, Object[] values)
2017-09-30 15:02:34,182 [42] ServiceStack.OrmLite.OrmLiteWriteCommandExtensions - System.FormatException: 输入字符串的格式不正确。
   在 System.Number.StringToNumber(String str, NumberStyles options, NumberBuffer& number, NumberFormatInfo info, Boolean parseDecimal)
   在 System.Number.ParseInt32(String s, NumberStyles style, NumberFormatInfo info)
   在 System.String.System.IConvertible.ToInt32(IFormatProvider provider)
   在 ServiceStack.OrmLite.OrmLiteConverterExtensions.ConvertNumber(IOrmLiteDialectProvider dialectProvider, Type toIntegerType, Object value)
   在 ServiceStack.OrmLite.Converters.IntegerConverter.FromDbValue(Type fieldType, Object value)
   在 ServiceStack.OrmLite.OrmLiteWriteCommandExtensions.PopulateWithSqlReader[T](T objWithProperties, IOrmLiteDialectProvider dialectProvider, IDataReader reader, Tuple`3[] indexCache, Object[] values)
2017-09-30 15:02:34,192 [42] ServiceStack.OrmLite.OrmLiteWriteCommandExtensions - System.FormatException: 输入字符串的格式不正确。
   在 System.Number.StringToNumber(String str, NumberStyles options, NumberBuffer& number, NumberFormatInfo info, Boolean parseDecimal)
   在 System.Number.ParseInt32(String s, NumberStyles style, NumberFormatInfo info)
   在 System.String.System.IConvertible.ToInt32(IFormatProvider provider)
   在 ServiceStack.OrmLite.OrmLiteConverterExtensions.ConvertNumber(IOrmLiteDialectProvider dialectProvider, Type toIntegerType, Object value)
   在 ServiceStack.OrmLite.Converters.IntegerConverter.FromDbValue(Type fieldType, Object value)
   在 ServiceStack.OrmLite.OrmLiteWriteCommandExtensions.PopulateWithSqlReader[T](T objWithProperties, IOrmLiteDialectProvider dialectProvider, IDataReader reader, Tuple`3[] indexCache, Object[] values)
2017-09-30 15:02:34,202 [42] ServiceStack.OrmLite.OrmLiteWriteCommandExtensions - System.FormatException: 输入字符串的格式不正确。
   在 System.Number.StringToNumber(String str, NumberStyles options, NumberBuffer& number, NumberFormatInfo info, Boolean parseDecimal)
   在 System.Number.ParseInt32(String s, NumberStyles style, NumberFormatInfo info)
   在 System.String.System.IConvertible.ToInt32(IFormatProvider provider)
   在 ServiceStack.OrmLite.OrmLiteConverterExtensions.ConvertNumber(IOrmLiteDialectProvider dialectProvider, Type toIntegerType, Object value)
   在 ServiceStack.OrmLite.Converters.IntegerConverter.FromDbValue(Type fieldType, Object value)
   在 ServiceStack.OrmLite.OrmLiteWriteCommandExtensions.PopulateWithSqlReader[T](T objWithProperties, IOrmLiteDialectProvider dialectProvider, IDataReader reader, Tuple`3[] indexCache, Object[] values)
2017-09-30 15:02:34,216 [42] ServiceStack.OrmLite.OrmLiteWriteCommandExtensions - System.FormatException: 输入字符串的格式不正确。
   在 System.Number.StringToNumber(String str, NumberStyles options, NumberBuffer& number, NumberFormatInfo info, Boolean parseDecimal)
   在 System.Number.ParseInt32(String s, NumberStyles style, NumberFormatInfo info)
   在 System.String.System.IConvertible.ToInt32(IFormatProvider provider)
   在 ServiceStack.OrmLite.OrmLiteConverterExtensions.ConvertNumber(IOrmLiteDialectProvider dialectProvider, Type toIntegerType, Object value)
   在 ServiceStack.OrmLite.Converters.IntegerConverter.FromDbValue(Type fieldType, Object value)
   在 ServiceStack.OrmLite.OrmLiteWriteCommandExtensions.PopulateWithSqlReader[T](T objWithProperties, IOrmLiteDialectProvider dialectProvider, IDataReader reader, Tuple`3[] indexCache, Object[] values)
2017-09-30 16:03:56,435 [26] ServiceStack.OrmLite.OrmLiteWriteCommandExtensions - System.FormatException: 输入字符串的格式不正确。
   在 System.Number.StringToNumber(String str, NumberStyles options, NumberBuffer& number, NumberFormatInfo info, Boolean parseDecimal)
   在 System.Number.ParseInt32(String s, NumberStyles style, NumberFormatInfo info)
   在 System.String.System.IConvertible.ToInt32(IFormatProvider provider)
   在 ServiceStack.OrmLite.OrmLiteConverterExtensions.ConvertNumber(IOrmLiteDialectProvider dialectProvider, Type toIntegerType, Object value)
   在 ServiceStack.OrmLite.Converters.IntegerConverter.FromDbValue(Type fieldType, Object value)
   在 ServiceStack.OrmLite.OrmLiteWriteCommandExtensions.PopulateWithSqlReader[T](T objWithProperties, IOrmLiteDialectProvider dialectProvider, IDataReader reader, Tuple`3[] indexCache, Object[] values)
2017-09-30 16:03:56,454 [26] ServiceStack.OrmLite.OrmLiteWriteCommandExtensions - System.FormatException: 输入字符串的格式不正确。
   在 System.Number.StringToNumber(String str, NumberStyles options, NumberBuffer& number, NumberFormatInfo info, Boolean parseDecimal)
   在 System.Number.ParseInt32(String s, NumberStyles style, NumberFormatInfo info)
   在 System.String.System.IConvertible.ToInt32(IFormatProvider provider)
   在 ServiceStack.OrmLite.OrmLiteConverterExtensions.ConvertNumber(IOrmLiteDialectProvider dialectProvider, Type toIntegerType, Object value)
   在 ServiceStack.OrmLite.Converters.IntegerConverter.FromDbValue(Type fieldType, Object value)
   在 ServiceStack.OrmLite.OrmLiteWriteCommandExtensions.PopulateWithSqlReader[T](T objWithProperties, IOrmLiteDialectProvider dialectProvider, IDataReader reader, Tuple`3[] indexCache, Object[] values)
2017-09-30 16:03:56,467 [26] ServiceStack.OrmLite.OrmLiteWriteCommandExtensions - System.FormatException: 输入字符串的格式不正确。
   在 System.Number.StringToNumber(String str, NumberStyles options, NumberBuffer& number, NumberFormatInfo info, Boolean parseDecimal)
   在 System.Number.ParseInt32(String s, NumberStyles style, NumberFormatInfo info)
   在 System.String.System.IConvertible.ToInt32(IFormatProvider provider)
   在 ServiceStack.OrmLite.OrmLiteConverterExtensions.ConvertNumber(IOrmLiteDialectProvider dialectProvider, Type toIntegerType, Object value)
   在 ServiceStack.OrmLite.Converters.IntegerConverter.FromDbValue(Type fieldType, Object value)
   在 ServiceStack.OrmLite.OrmLiteWriteCommandExtensions.PopulateWithSqlReader[T](T objWithProperties, IOrmLiteDialectProvider dialectProvider, IDataReader reader, Tuple`3[] indexCache, Object[] values)
2017-09-30 16:03:56,481 [26] ServiceStack.OrmLite.OrmLiteWriteCommandExtensions - System.FormatException: 输入字符串的格式不正确。
   在 System.Number.StringToNumber(String str, NumberStyles options, NumberBuffer& number, NumberFormatInfo info, Boolean parseDecimal)
   在 System.Number.ParseInt32(String s, NumberStyles style, NumberFormatInfo info)
   在 System.String.System.IConvertible.ToInt32(IFormatProvider provider)
   在 ServiceStack.OrmLite.OrmLiteConverterExtensions.ConvertNumber(IOrmLiteDialectProvider dialectProvider, Type toIntegerType, Object value)
   在 ServiceStack.OrmLite.Converters.IntegerConverter.FromDbValue(Type fieldType, Object value)
   在 ServiceStack.OrmLite.OrmLiteWriteCommandExtensions.PopulateWithSqlReader[T](T objWithProperties, IOrmLiteDialectProvider dialectProvider, IDataReader reader, Tuple`3[] indexCache, Object[] values)
2017-09-30 16:03:56,493 [26] ServiceStack.OrmLite.OrmLiteWriteCommandExtensions - System.FormatException: 输入字符串的格式不正确。
   在 System.Number.StringToNumber(String str, NumberStyles options, NumberBuffer& number, NumberFormatInfo info, Boolean parseDecimal)
   在 System.Number.ParseInt32(String s, NumberStyles style, NumberFormatInfo info)
   在 System.String.System.IConvertible.ToInt32(IFormatProvider provider)
   在 ServiceStack.OrmLite.OrmLiteConverterExtensions.ConvertNumber(IOrmLiteDialectProvider dialectProvider, Type toIntegerType, Object value)
   在 ServiceStack.OrmLite.Converters.IntegerConverter.FromDbValue(Type fieldType, Object value)
   在 ServiceStack.OrmLite.OrmLiteWriteCommandExtensions.PopulateWithSqlReader[T](T objWithProperties, IOrmLiteDialectProvider dialectProvider, IDataReader reader, Tuple`3[] indexCache, Object[] values)
2017-09-30 16:03:56,518 [26] ServiceStack.OrmLite.OrmLiteWriteCommandExtensions - System.FormatException: 输入字符串的格式不正确。
   在 System.Number.StringToNumber(String str, NumberStyles options, NumberBuffer& number, NumberFormatInfo info, Boolean parseDecimal)
   在 System.Number.ParseInt32(String s, NumberStyles style, NumberFormatInfo info)
   在 System.String.System.IConvertible.ToInt32(IFormatProvider provider)
   在 ServiceStack.OrmLite.OrmLiteConverterExtensions.ConvertNumber(IOrmLiteDialectProvider dialectProvider, Type toIntegerType, Object value)
   在 ServiceStack.OrmLite.Converters.IntegerConverter.FromDbValue(Type fieldType, Object value)
   在 ServiceStack.OrmLite.OrmLiteWriteCommandExtensions.PopulateWithSqlReader[T](T objWithProperties, IOrmLiteDialectProvider dialectProvider, IDataReader reader, Tuple`3[] indexCache, Object[] values)
2017-09-30 16:03:56,533 [26] ServiceStack.OrmLite.OrmLiteWriteCommandExtensions - System.FormatException: 输入字符串的格式不正确。
   在 System.Number.StringToNumber(String str, NumberStyles options, NumberBuffer& number, NumberFormatInfo info, Boolean parseDecimal)
   在 System.Number.ParseInt32(String s, NumberStyles style, NumberFormatInfo info)
   在 System.String.System.IConvertible.ToInt32(IFormatProvider provider)
   在 ServiceStack.OrmLite.OrmLiteConverterExtensions.ConvertNumber(IOrmLiteDialectProvider dialectProvider, Type toIntegerType, Object value)
   在 ServiceStack.OrmLite.Converters.IntegerConverter.FromDbValue(Type fieldType, Object value)
   在 ServiceStack.OrmLite.OrmLiteWriteCommandExtensions.PopulateWithSqlReader[T](T objWithProperties, IOrmLiteDialectProvider dialectProvider, IDataReader reader, Tuple`3[] indexCache, Object[] values)
2017-09-30 16:03:56,546 [26] ServiceStack.OrmLite.OrmLiteWriteCommandExtensions - System.FormatException: 输入字符串的格式不正确。
   在 System.Number.StringToNumber(String str, NumberStyles options, NumberBuffer& number, NumberFormatInfo info, Boolean parseDecimal)
   在 System.Number.ParseInt32(String s, NumberStyles style, NumberFormatInfo info)
   在 System.String.System.IConvertible.ToInt32(IFormatProvider provider)
   在 ServiceStack.OrmLite.OrmLiteConverterExtensions.ConvertNumber(IOrmLiteDialectProvider dialectProvider, Type toIntegerType, Object value)
   在 ServiceStack.OrmLite.Converters.IntegerConverter.FromDbValue(Type fieldType, Object value)
   在 ServiceStack.OrmLite.OrmLiteWriteCommandExtensions.PopulateWithSqlReader[T](T objWithProperties, IOrmLiteDialectProvider dialectProvider, IDataReader reader, Tuple`3[] indexCache, Object[] values)
2017-09-30 16:03:56,559 [26] ServiceStack.OrmLite.OrmLiteWriteCommandExtensions - System.FormatException: 输入字符串的格式不正确。
   在 System.Number.StringToNumber(String str, NumberStyles options, NumberBuffer& number, NumberFormatInfo info, Boolean parseDecimal)
   在 System.Number.ParseInt32(String s, NumberStyles style, NumberFormatInfo info)
   在 System.String.System.IConvertible.ToInt32(IFormatProvider provider)
   在 ServiceStack.OrmLite.OrmLiteConverterExtensions.ConvertNumber(IOrmLiteDialectProvider dialectProvider, Type toIntegerType, Object value)
   在 ServiceStack.OrmLite.Converters.IntegerConverter.FromDbValue(Type fieldType, Object value)
   在 ServiceStack.OrmLite.OrmLiteWriteCommandExtensions.PopulateWithSqlReader[T](T objWithProperties, IOrmLiteDialectProvider dialectProvider, IDataReader reader, Tuple`3[] indexCache, Object[] values)
2017-09-30 16:03:56,569 [26] ServiceStack.OrmLite.OrmLiteWriteCommandExtensions - System.FormatException: 输入字符串的格式不正确。
   在 System.Number.StringToNumber(String str, NumberStyles options, NumberBuffer& number, NumberFormatInfo info, Boolean parseDecimal)
   在 System.Number.ParseInt32(String s, NumberStyles style, NumberFormatInfo info)
   在 System.String.System.IConvertible.ToInt32(IFormatProvider provider)
   在 ServiceStack.OrmLite.OrmLiteConverterExtensions.ConvertNumber(IOrmLiteDialectProvider dialectProvider, Type toIntegerType, Object value)
   在 ServiceStack.OrmLite.Converters.IntegerConverter.FromDbValue(Type fieldType, Object value)
   在 ServiceStack.OrmLite.OrmLiteWriteCommandExtensions.PopulateWithSqlReader[T](T objWithProperties, IOrmLiteDialectProvider dialectProvider, IDataReader reader, Tuple`3[] indexCache, Object[] values)
2017-09-30 16:03:56,585 [26] ServiceStack.OrmLite.OrmLiteWriteCommandExtensions - System.FormatException: 输入字符串的格式不正确。
   在 System.Number.StringToNumber(String str, NumberStyles options, NumberBuffer& number, NumberFormatInfo info, Boolean parseDecimal)
   在 System.Number.ParseInt32(String s, NumberStyles style, NumberFormatInfo info)
   在 System.String.System.IConvertible.ToInt32(IFormatProvider provider)
   在 ServiceStack.OrmLite.OrmLiteConverterExtensions.ConvertNumber(IOrmLiteDialectProvider dialectProvider, Type toIntegerType, Object value)
   在 ServiceStack.OrmLite.Converters.IntegerConverter.FromDbValue(Type fieldType, Object value)
   在 ServiceStack.OrmLite.OrmLiteWriteCommandExtensions.PopulateWithSqlReader[T](T objWithProperties, IOrmLiteDialectProvider dialectProvider, IDataReader reader, Tuple`3[] indexCache, Object[] values)
2017-09-30 16:03:56,597 [26] ServiceStack.OrmLite.OrmLiteWriteCommandExtensions - System.FormatException: 输入字符串的格式不正确。
   在 System.Number.StringToNumber(String str, NumberStyles options, NumberBuffer& number, NumberFormatInfo info, Boolean parseDecimal)
   在 System.Number.ParseInt32(String s, NumberStyles style, NumberFormatInfo info)
   在 System.String.System.IConvertible.ToInt32(IFormatProvider provider)
   在 ServiceStack.OrmLite.OrmLiteConverterExtensions.ConvertNumber(IOrmLiteDialectProvider dialectProvider, Type toIntegerType, Object value)
   在 ServiceStack.OrmLite.Converters.IntegerConverter.FromDbValue(Type fieldType, Object value)
   在 ServiceStack.OrmLite.OrmLiteWriteCommandExtensions.PopulateWithSqlReader[T](T objWithProperties, IOrmLiteDialectProvider dialectProvider, IDataReader reader, Tuple`3[] indexCache, Object[] values)
2017-09-30 16:03:56,611 [26] ServiceStack.OrmLite.OrmLiteWriteCommandExtensions - System.FormatException: 输入字符串的格式不正确。
   在 System.Number.StringToNumber(String str, NumberStyles options, NumberBuffer& number, NumberFormatInfo info, Boolean parseDecimal)
   在 System.Number.ParseInt32(String s, NumberStyles style, NumberFormatInfo info)
   在 System.String.System.IConvertible.ToInt32(IFormatProvider provider)
   在 ServiceStack.OrmLite.OrmLiteConverterExtensions.ConvertNumber(IOrmLiteDialectProvider dialectProvider, Type toIntegerType, Object value)
   在 ServiceStack.OrmLite.Converters.IntegerConverter.FromDbValue(Type fieldType, Object value)
   在 ServiceStack.OrmLite.OrmLiteWriteCommandExtensions.PopulateWithSqlReader[T](T objWithProperties, IOrmLiteDialectProvider dialectProvider, IDataReader reader, Tuple`3[] indexCache, Object[] values)
2017-09-30 16:03:56,629 [26] ServiceStack.OrmLite.OrmLiteWriteCommandExtensions - System.FormatException: 输入字符串的格式不正确。
   在 System.Number.StringToNumber(String str, NumberStyles options, NumberBuffer& number, NumberFormatInfo info, Boolean parseDecimal)
   在 System.Number.ParseInt32(String s, NumberStyles style, NumberFormatInfo info)
   在 System.String.System.IConvertible.ToInt32(IFormatProvider provider)
   在 ServiceStack.OrmLite.OrmLiteConverterExtensions.ConvertNumber(IOrmLiteDialectProvider dialectProvider, Type toIntegerType, Object value)
   在 ServiceStack.OrmLite.Converters.IntegerConverter.FromDbValue(Type fieldType, Object value)
   在 ServiceStack.OrmLite.OrmLiteWriteCommandExtensions.PopulateWithSqlReader[T](T objWithProperties, IOrmLiteDialectProvider dialectProvider, IDataReader reader, Tuple`3[] indexCache, Object[] values)
2017-09-30 16:03:56,645 [26] ServiceStack.OrmLite.OrmLiteWriteCommandExtensions - System.FormatException: 输入字符串的格式不正确。
   在 System.Number.StringToNumber(String str, NumberStyles options, NumberBuffer& number, NumberFormatInfo info, Boolean parseDecimal)
   在 System.Number.ParseInt32(String s, NumberStyles style, NumberFormatInfo info)
   在 System.String.System.IConvertible.ToInt32(IFormatProvider provider)
   在 ServiceStack.OrmLite.OrmLiteConverterExtensions.ConvertNumber(IOrmLiteDialectProvider dialectProvider, Type toIntegerType, Object value)
   在 ServiceStack.OrmLite.Converters.IntegerConverter.FromDbValue(Type fieldType, Object value)
   在 ServiceStack.OrmLite.OrmLiteWriteCommandExtensions.PopulateWithSqlReader[T](T objWithProperties, IOrmLiteDialectProvider dialectProvider, IDataReader reader, Tuple`3[] indexCache, Object[] values)
2017-09-30 16:03:56,656 [26] ServiceStack.OrmLite.OrmLiteWriteCommandExtensions - System.FormatException: 输入字符串的格式不正确。
   在 System.Number.StringToNumber(String str, NumberStyles options, NumberBuffer& number, NumberFormatInfo info, Boolean parseDecimal)
   在 System.Number.ParseInt32(String s, NumberStyles style, NumberFormatInfo info)
   在 System.String.System.IConvertible.ToInt32(IFormatProvider provider)
   在 ServiceStack.OrmLite.OrmLiteConverterExtensions.ConvertNumber(IOrmLiteDialectProvider dialectProvider, Type toIntegerType, Object value)
   在 ServiceStack.OrmLite.Converters.IntegerConverter.FromDbValue(Type fieldType, Object value)
   在 ServiceStack.OrmLite.OrmLiteWriteCommandExtensions.PopulateWithSqlReader[T](T objWithProperties, IOrmLiteDialectProvider dialectProvider, IDataReader reader, Tuple`3[] indexCache, Object[] values)
2017-09-30 16:03:56,667 [26] ServiceStack.OrmLite.OrmLiteWriteCommandExtensions - System.FormatException: 输入字符串的格式不正确。
   在 System.Number.StringToNumber(String str, NumberStyles options, NumberBuffer& number, NumberFormatInfo info, Boolean parseDecimal)
   在 System.Number.ParseInt32(String s, NumberStyles style, NumberFormatInfo info)
   在 System.String.System.IConvertible.ToInt32(IFormatProvider provider)
   在 ServiceStack.OrmLite.OrmLiteConverterExtensions.ConvertNumber(IOrmLiteDialectProvider dialectProvider, Type toIntegerType, Object value)
   在 ServiceStack.OrmLite.Converters.IntegerConverter.FromDbValue(Type fieldType, Object value)
   在 ServiceStack.OrmLite.OrmLiteWriteCommandExtensions.PopulateWithSqlReader[T](T objWithProperties, IOrmLiteDialectProvider dialectProvider, IDataReader reader, Tuple`3[] indexCache, Object[] values)
2017-09-30 16:03:56,678 [26] ServiceStack.OrmLite.OrmLiteWriteCommandExtensions - System.FormatException: 输入字符串的格式不正确。
   在 System.Number.StringToNumber(String str, NumberStyles options, NumberBuffer& number, NumberFormatInfo info, Boolean parseDecimal)
   在 System.Number.ParseInt32(String s, NumberStyles style, NumberFormatInfo info)
   在 System.String.System.IConvertible.ToInt32(IFormatProvider provider)
   在 ServiceStack.OrmLite.OrmLiteConverterExtensions.ConvertNumber(IOrmLiteDialectProvider dialectProvider, Type toIntegerType, Object value)
   在 ServiceStack.OrmLite.Converters.IntegerConverter.FromDbValue(Type fieldType, Object value)
   在 ServiceStack.OrmLite.OrmLiteWriteCommandExtensions.PopulateWithSqlReader[T](T objWithProperties, IOrmLiteDialectProvider dialectProvider, IDataReader reader, Tuple`3[] indexCache, Object[] values)
2017-09-30 16:03:56,688 [26] ServiceStack.OrmLite.OrmLiteWriteCommandExtensions - System.FormatException: 输入字符串的格式不正确。
   在 System.Number.StringToNumber(String str, NumberStyles options, NumberBuffer& number, NumberFormatInfo info, Boolean parseDecimal)
   在 System.Number.ParseInt32(String s, NumberStyles style, NumberFormatInfo info)
   在 System.String.System.IConvertible.ToInt32(IFormatProvider provider)
   在 ServiceStack.OrmLite.OrmLiteConverterExtensions.ConvertNumber(IOrmLiteDialectProvider dialectProvider, Type toIntegerType, Object value)
   在 ServiceStack.OrmLite.Converters.IntegerConverter.FromDbValue(Type fieldType, Object value)
   在 ServiceStack.OrmLite.OrmLiteWriteCommandExtensions.PopulateWithSqlReader[T](T objWithProperties, IOrmLiteDialectProvider dialectProvider, IDataReader reader, Tuple`3[] indexCache, Object[] values)
2017-09-30 16:03:56,701 [26] ServiceStack.OrmLite.OrmLiteWriteCommandExtensions - System.FormatException: 输入字符串的格式不正确。
   在 System.Number.StringToNumber(String str, NumberStyles options, NumberBuffer& number, NumberFormatInfo info, Boolean parseDecimal)
   在 System.Number.ParseInt32(String s, NumberStyles style, NumberFormatInfo info)
   在 System.String.System.IConvertible.ToInt32(IFormatProvider provider)
   在 ServiceStack.OrmLite.OrmLiteConverterExtensions.ConvertNumber(IOrmLiteDialectProvider dialectProvider, Type toIntegerType, Object value)
   在 ServiceStack.OrmLite.Converters.IntegerConverter.FromDbValue(Type fieldType, Object value)
   在 ServiceStack.OrmLite.OrmLiteWriteCommandExtensions.PopulateWithSqlReader[T](T objWithProperties, IOrmLiteDialectProvider dialectProvider, IDataReader reader, Tuple`3[] indexCache, Object[] values)
2017-09-30 16:04:44,511 [30] ServiceStack.OrmLite.OrmLiteWriteCommandExtensions - System.FormatException: 输入字符串的格式不正确。
   在 System.Number.StringToNumber(String str, NumberStyles options, NumberBuffer& number, NumberFormatInfo info, Boolean parseDecimal)
   在 System.Number.ParseInt32(String s, NumberStyles style, NumberFormatInfo info)
   在 System.String.System.IConvertible.ToInt32(IFormatProvider provider)
   在 ServiceStack.OrmLite.OrmLiteConverterExtensions.ConvertNumber(IOrmLiteDialectProvider dialectProvider, Type toIntegerType, Object value)
   在 ServiceStack.OrmLite.Converters.IntegerConverter.FromDbValue(Type fieldType, Object value)
   在 ServiceStack.OrmLite.OrmLiteWriteCommandExtensions.PopulateWithSqlReader[T](T objWithProperties, IOrmLiteDialectProvider dialectProvider, IDataReader reader, Tuple`3[] indexCache, Object[] values)
2017-09-30 16:04:44,526 [30] ServiceStack.OrmLite.OrmLiteWriteCommandExtensions - System.FormatException: 输入字符串的格式不正确。
   在 System.Number.StringToNumber(String str, NumberStyles options, NumberBuffer& number, NumberFormatInfo info, Boolean parseDecimal)
   在 System.Number.ParseInt32(String s, NumberStyles style, NumberFormatInfo info)
   在 System.String.System.IConvertible.ToInt32(IFormatProvider provider)
   在 ServiceStack.OrmLite.OrmLiteConverterExtensions.ConvertNumber(IOrmLiteDialectProvider dialectProvider, Type toIntegerType, Object value)
   在 ServiceStack.OrmLite.Converters.IntegerConverter.FromDbValue(Type fieldType, Object value)
   在 ServiceStack.OrmLite.OrmLiteWriteCommandExtensions.PopulateWithSqlReader[T](T objWithProperties, IOrmLiteDialectProvider dialectProvider, IDataReader reader, Tuple`3[] indexCache, Object[] values)
2017-09-30 16:04:44,539 [30] ServiceStack.OrmLite.OrmLiteWriteCommandExtensions - System.FormatException: 输入字符串的格式不正确。
   在 System.Number.StringToNumber(String str, NumberStyles options, NumberBuffer& number, NumberFormatInfo info, Boolean parseDecimal)
   在 System.Number.ParseInt32(String s, NumberStyles style, NumberFormatInfo info)
   在 System.String.System.IConvertible.ToInt32(IFormatProvider provider)
   在 ServiceStack.OrmLite.OrmLiteConverterExtensions.ConvertNumber(IOrmLiteDialectProvider dialectProvider, Type toIntegerType, Object value)
   在 ServiceStack.OrmLite.Converters.IntegerConverter.FromDbValue(Type fieldType, Object value)
   在 ServiceStack.OrmLite.OrmLiteWriteCommandExtensions.PopulateWithSqlReader[T](T objWithProperties, IOrmLiteDialectProvider dialectProvider, IDataReader reader, Tuple`3[] indexCache, Object[] values)
2017-09-30 16:04:44,554 [30] ServiceStack.OrmLite.OrmLiteWriteCommandExtensions - System.FormatException: 输入字符串的格式不正确。
   在 System.Number.StringToNumber(String str, NumberStyles options, NumberBuffer& number, NumberFormatInfo info, Boolean parseDecimal)
   在 System.Number.ParseInt32(String s, NumberStyles style, NumberFormatInfo info)
   在 System.String.System.IConvertible.ToInt32(IFormatProvider provider)
   在 ServiceStack.OrmLite.OrmLiteConverterExtensions.ConvertNumber(IOrmLiteDialectProvider dialectProvider, Type toIntegerType, Object value)
   在 ServiceStack.OrmLite.Converters.IntegerConverter.FromDbValue(Type fieldType, Object value)
   在 ServiceStack.OrmLite.OrmLiteWriteCommandExtensions.PopulateWithSqlReader[T](T objWithProperties, IOrmLiteDialectProvider dialectProvider, IDataReader reader, Tuple`3[] indexCache, Object[] values)
2017-09-30 16:04:44,568 [30] ServiceStack.OrmLite.OrmLiteWriteCommandExtensions - System.FormatException: 输入字符串的格式不正确。
   在 System.Number.StringToNumber(String str, NumberStyles options, NumberBuffer& number, NumberFormatInfo info, Boolean parseDecimal)
   在 System.Number.ParseInt32(String s, NumberStyles style, NumberFormatInfo info)
   在 System.String.System.IConvertible.ToInt32(IFormatProvider provider)
   在 ServiceStack.OrmLite.OrmLiteConverterExtensions.ConvertNumber(IOrmLiteDialectProvider dialectProvider, Type toIntegerType, Object value)
   在 ServiceStack.OrmLite.Converters.IntegerConverter.FromDbValue(Type fieldType, Object value)
   在 ServiceStack.OrmLite.OrmLiteWriteCommandExtensions.PopulateWithSqlReader[T](T objWithProperties, IOrmLiteDialectProvider dialectProvider, IDataReader reader, Tuple`3[] indexCache, Object[] values)
2017-09-30 16:04:44,593 [30] ServiceStack.OrmLite.OrmLiteWriteCommandExtensions - System.FormatException: 输入字符串的格式不正确。
   在 System.Number.StringToNumber(String str, NumberStyles options, NumberBuffer& number, NumberFormatInfo info, Boolean parseDecimal)
   在 System.Number.ParseInt32(String s, NumberStyles style, NumberFormatInfo info)
   在 System.String.System.IConvertible.ToInt32(IFormatProvider provider)
   在 ServiceStack.OrmLite.OrmLiteConverterExtensions.ConvertNumber(IOrmLiteDialectProvider dialectProvider, Type toIntegerType, Object value)
   在 ServiceStack.OrmLite.Converters.IntegerConverter.FromDbValue(Type fieldType, Object value)
   在 ServiceStack.OrmLite.OrmLiteWriteCommandExtensions.PopulateWithSqlReader[T](T objWithProperties, IOrmLiteDialectProvider dialectProvider, IDataReader reader, Tuple`3[] indexCache, Object[] values)
2017-09-30 16:04:44,607 [30] ServiceStack.OrmLite.OrmLiteWriteCommandExtensions - System.FormatException: 输入字符串的格式不正确。
   在 System.Number.StringToNumber(String str, NumberStyles options, NumberBuffer& number, NumberFormatInfo info, Boolean parseDecimal)
   在 System.Number.ParseInt32(String s, NumberStyles style, NumberFormatInfo info)
   在 System.String.System.IConvertible.ToInt32(IFormatProvider provider)
   在 ServiceStack.OrmLite.OrmLiteConverterExtensions.ConvertNumber(IOrmLiteDialectProvider dialectProvider, Type toIntegerType, Object value)
   在 ServiceStack.OrmLite.Converters.IntegerConverter.FromDbValue(Type fieldType, Object value)
   在 ServiceStack.OrmLite.OrmLiteWriteCommandExtensions.PopulateWithSqlReader[T](T objWithProperties, IOrmLiteDialectProvider dialectProvider, IDataReader reader, Tuple`3[] indexCache, Object[] values)
2017-09-30 16:04:44,618 [30] ServiceStack.OrmLite.OrmLiteWriteCommandExtensions - System.FormatException: 输入字符串的格式不正确。
   在 System.Number.StringToNumber(String str, NumberStyles options, NumberBuffer& number, NumberFormatInfo info, Boolean parseDecimal)
   在 System.Number.ParseInt32(String s, NumberStyles style, NumberFormatInfo info)
   在 System.String.System.IConvertible.ToInt32(IFormatProvider provider)
   在 ServiceStack.OrmLite.OrmLiteConverterExtensions.ConvertNumber(IOrmLiteDialectProvider dialectProvider, Type toIntegerType, Object value)
   在 ServiceStack.OrmLite.Converters.IntegerConverter.FromDbValue(Type fieldType, Object value)
   在 ServiceStack.OrmLite.OrmLiteWriteCommandExtensions.PopulateWithSqlReader[T](T objWithProperties, IOrmLiteDialectProvider dialectProvider, IDataReader reader, Tuple`3[] indexCache, Object[] values)
2017-09-30 16:04:44,631 [30] ServiceStack.OrmLite.OrmLiteWriteCommandExtensions - System.FormatException: 输入字符串的格式不正确。
   在 System.Number.StringToNumber(String str, NumberStyles options, NumberBuffer& number, NumberFormatInfo info, Boolean parseDecimal)
   在 System.Number.ParseInt32(String s, NumberStyles style, NumberFormatInfo info)
   在 System.String.System.IConvertible.ToInt32(IFormatProvider provider)
   在 ServiceStack.OrmLite.OrmLiteConverterExtensions.ConvertNumber(IOrmLiteDialectProvider dialectProvider, Type toIntegerType, Object value)
   在 ServiceStack.OrmLite.Converters.IntegerConverter.FromDbValue(Type fieldType, Object value)
   在 ServiceStack.OrmLite.OrmLiteWriteCommandExtensions.PopulateWithSqlReader[T](T objWithProperties, IOrmLiteDialectProvider dialectProvider, IDataReader reader, Tuple`3[] indexCache, Object[] values)
2017-09-30 16:04:44,643 [30] ServiceStack.OrmLite.OrmLiteWriteCommandExtensions - System.FormatException: 输入字符串的格式不正确。
   在 System.Number.StringToNumber(String str, NumberStyles options, NumberBuffer& number, NumberFormatInfo info, Boolean parseDecimal)
   在 System.Number.ParseInt32(String s, NumberStyles style, NumberFormatInfo info)
   在 System.String.System.IConvertible.ToInt32(IFormatProvider provider)
   在 ServiceStack.OrmLite.OrmLiteConverterExtensions.ConvertNumber(IOrmLiteDialectProvider dialectProvider, Type toIntegerType, Object value)
   在 ServiceStack.OrmLite.Converters.IntegerConverter.FromDbValue(Type fieldType, Object value)
   在 ServiceStack.OrmLite.OrmLiteWriteCommandExtensions.PopulateWithSqlReader[T](T objWithProperties, IOrmLiteDialectProvider dialectProvider, IDataReader reader, Tuple`3[] indexCache, Object[] values)
2017-09-30 16:04:44,661 [30] ServiceStack.OrmLite.OrmLiteWriteCommandExtensions - System.FormatException: 输入字符串的格式不正确。
   在 System.Number.StringToNumber(String str, NumberStyles options, NumberBuffer& number, NumberFormatInfo info, Boolean parseDecimal)
   在 System.Number.ParseInt32(String s, NumberStyles style, NumberFormatInfo info)
   在 System.String.System.IConvertible.ToInt32(IFormatProvider provider)
   在 ServiceStack.OrmLite.OrmLiteConverterExtensions.ConvertNumber(IOrmLiteDialectProvider dialectProvider, Type toIntegerType, Object value)
   在 ServiceStack.OrmLite.Converters.IntegerConverter.FromDbValue(Type fieldType, Object value)
   在 ServiceStack.OrmLite.OrmLiteWriteCommandExtensions.PopulateWithSqlReader[T](T objWithProperties, IOrmLiteDialectProvider dialectProvider, IDataReader reader, Tuple`3[] indexCache, Object[] values)
2017-09-30 16:04:44,673 [30] ServiceStack.OrmLite.OrmLiteWriteCommandExtensions - System.FormatException: 输入字符串的格式不正确。
   在 System.Number.StringToNumber(String str, NumberStyles options, NumberBuffer& number, NumberFormatInfo info, Boolean parseDecimal)
   在 System.Number.ParseInt32(String s, NumberStyles style, NumberFormatInfo info)
   在 System.String.System.IConvertible.ToInt32(IFormatProvider provider)
   在 ServiceStack.OrmLite.OrmLiteConverterExtensions.ConvertNumber(IOrmLiteDialectProvider dialectProvider, Type toIntegerType, Object value)
   在 ServiceStack.OrmLite.Converters.IntegerConverter.FromDbValue(Type fieldType, Object value)
   在 ServiceStack.OrmLite.OrmLiteWriteCommandExtensions.PopulateWithSqlReader[T](T objWithProperties, IOrmLiteDialectProvider dialectProvider, IDataReader reader, Tuple`3[] indexCache, Object[] values)
2017-09-30 16:04:44,688 [30] ServiceStack.OrmLite.OrmLiteWriteCommandExtensions - System.FormatException: 输入字符串的格式不正确。
   在 System.Number.StringToNumber(String str, NumberStyles options, NumberBuffer& number, NumberFormatInfo info, Boolean parseDecimal)
   在 System.Number.ParseInt32(String s, NumberStyles style, NumberFormatInfo info)
   在 System.String.System.IConvertible.ToInt32(IFormatProvider provider)
   在 ServiceStack.OrmLite.OrmLiteConverterExtensions.ConvertNumber(IOrmLiteDialectProvider dialectProvider, Type toIntegerType, Object value)
   在 ServiceStack.OrmLite.Converters.IntegerConverter.FromDbValue(Type fieldType, Object value)
   在 ServiceStack.OrmLite.OrmLiteWriteCommandExtensions.PopulateWithSqlReader[T](T objWithProperties, IOrmLiteDialectProvider dialectProvider, IDataReader reader, Tuple`3[] indexCache, Object[] values)
2017-09-30 16:04:44,699 [30] ServiceStack.OrmLite.OrmLiteWriteCommandExtensions - System.FormatException: 输入字符串的格式不正确。
   在 System.Number.StringToNumber(String str, NumberStyles options, NumberBuffer& number, NumberFormatInfo info, Boolean parseDecimal)
   在 System.Number.ParseInt32(String s, NumberStyles style, NumberFormatInfo info)
   在 System.String.System.IConvertible.ToInt32(IFormatProvider provider)
   在 ServiceStack.OrmLite.OrmLiteConverterExtensions.ConvertNumber(IOrmLiteDialectProvider dialectProvider, Type toIntegerType, Object value)
   在 ServiceStack.OrmLite.Converters.IntegerConverter.FromDbValue(Type fieldType, Object value)
   在 ServiceStack.OrmLite.OrmLiteWriteCommandExtensions.PopulateWithSqlReader[T](T objWithProperties, IOrmLiteDialectProvider dialectProvider, IDataReader reader, Tuple`3[] indexCache, Object[] values)
2017-09-30 16:04:44,712 [30] ServiceStack.OrmLite.OrmLiteWriteCommandExtensions - System.FormatException: 输入字符串的格式不正确。
   在 System.Number.StringToNumber(String str, NumberStyles options, NumberBuffer& number, NumberFormatInfo info, Boolean parseDecimal)
   在 System.Number.ParseInt32(String s, NumberStyles style, NumberFormatInfo info)
   在 System.String.System.IConvertible.ToInt32(IFormatProvider provider)
   在 ServiceStack.OrmLite.OrmLiteConverterExtensions.ConvertNumber(IOrmLiteDialectProvider dialectProvider, Type toIntegerType, Object value)
   在 ServiceStack.OrmLite.Converters.IntegerConverter.FromDbValue(Type fieldType, Object value)
   在 ServiceStack.OrmLite.OrmLiteWriteCommandExtensions.PopulateWithSqlReader[T](T objWithProperties, IOrmLiteDialectProvider dialectProvider, IDataReader reader, Tuple`3[] indexCache, Object[] values)
2017-09-30 16:04:44,726 [30] ServiceStack.OrmLite.OrmLiteWriteCommandExtensions - System.FormatException: 输入字符串的格式不正确。
   在 System.Number.StringToNumber(String str, NumberStyles options, NumberBuffer& number, NumberFormatInfo info, Boolean parseDecimal)
   在 System.Number.ParseInt32(String s, NumberStyles style, NumberFormatInfo info)
   在 System.String.System.IConvertible.ToInt32(IFormatProvider provider)
   在 ServiceStack.OrmLite.OrmLiteConverterExtensions.ConvertNumber(IOrmLiteDialectProvider dialectProvider, Type toIntegerType, Object value)
   在 ServiceStack.OrmLite.Converters.IntegerConverter.FromDbValue(Type fieldType, Object value)
   在 ServiceStack.OrmLite.OrmLiteWriteCommandExtensions.PopulateWithSqlReader[T](T objWithProperties, IOrmLiteDialectProvider dialectProvider, IDataReader reader, Tuple`3[] indexCache, Object[] values)
2017-09-30 16:04:44,736 [30] ServiceStack.OrmLite.OrmLiteWriteCommandExtensions - System.FormatException: 输入字符串的格式不正确。
   在 System.Number.StringToNumber(String str, NumberStyles options, NumberBuffer& number, NumberFormatInfo info, Boolean parseDecimal)
   在 System.Number.ParseInt32(String s, NumberStyles style, NumberFormatInfo info)
   在 System.String.System.IConvertible.ToInt32(IFormatProvider provider)
   在 ServiceStack.OrmLite.OrmLiteConverterExtensions.ConvertNumber(IOrmLiteDialectProvider dialectProvider, Type toIntegerType, Object value)
   在 ServiceStack.OrmLite.Converters.IntegerConverter.FromDbValue(Type fieldType, Object value)
   在 ServiceStack.OrmLite.OrmLiteWriteCommandExtensions.PopulateWithSqlReader[T](T objWithProperties, IOrmLiteDialectProvider dialectProvider, IDataReader reader, Tuple`3[] indexCache, Object[] values)
2017-09-30 16:04:44,748 [30] ServiceStack.OrmLite.OrmLiteWriteCommandExtensions - System.FormatException: 输入字符串的格式不正确。
   在 System.Number.StringToNumber(String str, NumberStyles options, NumberBuffer& number, NumberFormatInfo info, Boolean parseDecimal)
   在 System.Number.ParseInt32(String s, NumberStyles style, NumberFormatInfo info)
   在 System.String.System.IConvertible.ToInt32(IFormatProvider provider)
   在 ServiceStack.OrmLite.OrmLiteConverterExtensions.ConvertNumber(IOrmLiteDialectProvider dialectProvider, Type toIntegerType, Object value)
   在 ServiceStack.OrmLite.Converters.IntegerConverter.FromDbValue(Type fieldType, Object value)
   在 ServiceStack.OrmLite.OrmLiteWriteCommandExtensions.PopulateWithSqlReader[T](T objWithProperties, IOrmLiteDialectProvider dialectProvider, IDataReader reader, Tuple`3[] indexCache, Object[] values)
2017-09-30 16:04:44,759 [30] ServiceStack.OrmLite.OrmLiteWriteCommandExtensions - System.FormatException: 输入字符串的格式不正确。
   在 System.Number.StringToNumber(String str, NumberStyles options, NumberBuffer& number, NumberFormatInfo info, Boolean parseDecimal)
   在 System.Number.ParseInt32(String s, NumberStyles style, NumberFormatInfo info)
   在 System.String.System.IConvertible.ToInt32(IFormatProvider provider)
   在 ServiceStack.OrmLite.OrmLiteConverterExtensions.ConvertNumber(IOrmLiteDialectProvider dialectProvider, Type toIntegerType, Object value)
   在 ServiceStack.OrmLite.Converters.IntegerConverter.FromDbValue(Type fieldType, Object value)
   在 ServiceStack.OrmLite.OrmLiteWriteCommandExtensions.PopulateWithSqlReader[T](T objWithProperties, IOrmLiteDialectProvider dialectProvider, IDataReader reader, Tuple`3[] indexCache, Object[] values)
2017-09-30 16:04:44,769 [30] ServiceStack.OrmLite.OrmLiteWriteCommandExtensions - System.FormatException: 输入字符串的格式不正确。
   在 System.Number.StringToNumber(String str, NumberStyles options, NumberBuffer& number, NumberFormatInfo info, Boolean parseDecimal)
   在 System.Number.ParseInt32(String s, NumberStyles style, NumberFormatInfo info)
   在 System.String.System.IConvertible.ToInt32(IFormatProvider provider)
   在 ServiceStack.OrmLite.OrmLiteConverterExtensions.ConvertNumber(IOrmLiteDialectProvider dialectProvider, Type toIntegerType, Object value)
   在 ServiceStack.OrmLite.Converters.IntegerConverter.FromDbValue(Type fieldType, Object value)
   在 ServiceStack.OrmLite.OrmLiteWriteCommandExtensions.PopulateWithSqlReader[T](T objWithProperties, IOrmLiteDialectProvider dialectProvider, IDataReader reader, Tuple`3[] indexCache, Object[] values)
