2017-08-22 11:00:55,545 [22] ServiceStack.Host.Handlers.NotFoundHttpHandler - ::1 Request not found: /api/lib/jquery.slideto.min.js
2017-08-22 11:00:55,563 [6] ServiceStack.Host.Handlers.NotFoundHttpHandler - ::1 Request not found: /api/lib/shred.bundle.js
2017-08-22 11:00:55,589 [10] ServiceStack.Host.Handlers.NotFoundHttpHandler - ::1 Request not found: /api/lib/jquery-1.8.0.min.js
2017-08-22 11:00:55,605 [22] ServiceStack.Host.Handlers.NotFoundHttpHandler - ::1 Request not found: /api/lib/jquery.wiggle.min.js
2017-08-22 11:00:55,620 [10] ServiceStack.Host.Handlers.NotFoundHttpHandler - ::1 Request not found: /api/lib/jquery.ba-bbq.min.js
2017-08-22 11:00:55,627 [19] ServiceStack.Host.Handlers.NotFoundHttpHandler - ::1 Request not found: /api/lib/underscore-min.js
2017-08-22 11:00:55,633 [10] ServiceStack.Host.Handlers.NotFoundHttpHandler - ::1 Request not found: /api/lib/handlebars-2.0.0.js
2017-08-22 11:00:55,659 [6] ServiceStack.Host.Handlers.NotFoundHttpHandler - ::1 Request not found: /api/lib/swagger-client.js
2017-08-22 11:00:55,668 [10] ServiceStack.Host.Handlers.NotFoundHttpHandler - ::1 Request not found: /api/lib/backbone-min.js
2017-08-22 11:00:55,693 [6] ServiceStack.Host.Handlers.NotFoundHttpHandler - ::1 Request not found: /api/lib/marked.js
2017-08-22 11:00:55,694 [22] ServiceStack.Host.Handlers.NotFoundHttpHandler - ::1 Request not found: /api/lib/highlight.7.3.pack.js
2017-08-22 11:00:55,708 [10] ServiceStack.Host.Handlers.NotFoundHttpHandler - ::1 Request not found: /api/lib/swagger-oauth.js
2017-08-22 11:00:55,720 [22] ServiceStack.Host.Handlers.NotFoundHttpHandler - ::1 Request not found: /api/lib/jquery-1.8.0.min.js
2017-08-22 11:00:55,763 [10] ServiceStack.Host.Handlers.NotFoundHttpHandler - ::1 Request not found: /api/lib/jquery.slideto.min.js
2017-08-22 11:00:55,787 [22] ServiceStack.Host.Handlers.NotFoundHttpHandler - ::1 Request not found: /api/lib/jquery.wiggle.min.js
2017-08-22 11:00:55,808 [22] ServiceStack.Host.Handlers.NotFoundHttpHandler - ::1 Request not found: /api/lib/jquery.ba-bbq.min.js
2017-08-22 11:00:55,826 [6] ServiceStack.Host.Handlers.NotFoundHttpHandler - ::1 Request not found: /api/lib/handlebars-2.0.0.js
2017-08-22 11:00:55,853 [10] ServiceStack.Host.Handlers.NotFoundHttpHandler - ::1 Request not found: /api/lib/underscore-min.js
2017-08-22 11:00:55,868 [19] ServiceStack.Host.Handlers.NotFoundHttpHandler - ::1 Request not found: /api/lib/backbone-min.js
2017-08-22 11:00:55,882 [10] ServiceStack.Host.Handlers.NotFoundHttpHandler - ::1 Request not found: /api/lib/swagger-client.js
2017-08-22 11:00:55,906 [6] ServiceStack.Host.Handlers.NotFoundHttpHandler - ::1 Request not found: /api/lib/highlight.7.3.pack.js
2017-08-22 11:00:55,920 [19] ServiceStack.Host.Handlers.NotFoundHttpHandler - ::1 Request not found: /api/lib/marked.js
2017-08-22 11:00:55,933 [10] ServiceStack.Host.Handlers.NotFoundHttpHandler - ::1 Request not found: /api/lib/swagger-oauth.js
